#
# There is insufficient memory for the Java Runtime Environment to continue.
# Native memory allocation (mmap) failed to map 1048576 bytes for Failed to commit area from 0x000000008c500000 to 0x000000008c600000 of length 1048576.
# Possible reasons:
#   The system is out of physical RAM or swap space
#   The process is running with CompressedOops enabled, and the Java Heap may be blocking the growth of the native heap
# Possible solutions:
#   Reduce memory load on the system
#   Increase physical memory or swap space
#   Check if swap backing store is full
#   Decrease Java heap size (-Xmx/-Xms)
#   Decrease number of Java threads
#   Decrease Java thread stack sizes (-Xss)
#   Set larger code cache with -XX:ReservedCodeCacheSize=
#   JVM is running with Unscaled Compressed Oops mode in which the Java heap is
#     placed in the first 4GB address space. The Java Heap base address is the
#     maximum limit for the native heap growth. Please use -XX:HeapBaseMinAddress
#     to set the Java Heap base and to place the Java Heap above 4GB virtual address.
# This output file may be truncated or incomplete.
#
#  Out of Memory Error (t:/workspace/open/src/hotspot/os/windows/os_windows.cpp:3221), pid=20296, tid=20496
#
# JRE version: Java(TM) SE Runtime Environment (10.0.2+13) (build 10.0.2+13)
# Java VM: Java HotSpot(TM) 64-Bit Server VM (10.0.2+13, mixed mode, tiered, compressed oops, g1 gc, windows-amd64)
# No core dump will be written. Minidumps are not enabled by default on client versions of Windows
#

---------------  S U M M A R Y ------------

Command Line: -javaagent:C:\Program Files\JetBrains\IntelliJ IDEA 2018.1.4\lib\idea_rt.jar=52839:C:\Program Files\JetBrains\IntelliJ IDEA 2018.1.4\bin -Dfile.encoding=UTF-8 MateriasPrimasImagenes.inicioMpImagenes

Host: Intel(R) Core(TM) i5-6400 CPU @ 2.70GHz, 4 cores, 7G,  Windows 10 , 64 bit Build 17134 (10.0.17134.706)
Time: Wed May 01 19:00:46 2019 Hora de verano romance elapsed time: 180 seconds (0d 0h 3m 0s)

---------------  T H R E A D  ---------------

Current thread (0x00000249acdf7800):  GCTaskThread "GC Thread#2" [stack: 0x000000fd13600000,0x000000fd13700000] [id=20496]

Stack: [0x000000fd13600000,0x000000fd13700000]
[error occurred during error reporting (printing stack bounds), id 0xe0000002]

Native frames: (J=compiled Java code, j=interpreted, Vv=VM code, C=native code)
V  [jvm.dll+0x5a01a9]
V  [jvm.dll+0x6bcf31]
V  [jvm.dll+0x6be126]
V  [jvm.dll+0x6be715]
V  [jvm.dll+0x6be6cb]
V  [jvm.dll+0x59f993]
V  [jvm.dll+0x59fda8]
C  [ntdll.dll+0x9f7dd]
C  [ntdll.dll+0xd856]
C  [ntdll.dll+0x9e70e]
C  0x00000249b8160ead


---------------  P R O C E S S  ---------------

Threads class SMR info:
_java_thread_list=0x00000249d6e7f890, length=21, elements={
0x00000249acdda000, 0x00000249ce197800, 0x00000249ce1a2000, 0x00000249ceb32800,
0x00000249ceb33000, 0x00000249ce1b5800, 0x00000249ce1c3800, 0x00000249ceb80000,
0x00000249ceb95000, 0x00000249ceec7000, 0x00000249cedeb000, 0x00000249cedbe800,
0x00000249cf136000, 0x00000249cf1e1800, 0x00000249cf1e2800, 0x00000249cf2ed000,
0x00000249cefb4000, 0x00000249d64b1800, 0x00000249d9aca800, 0x00000249d9ad1800,
0x00000249d9acb000
}

Java Threads: ( => current thread )
  0x00000249acdda000 JavaThread "main" [_thread_blocked, id=4972, stack(0x000000fd13300000,0x000000fd13400000)]
  0x00000249ce197800 JavaThread "Reference Handler" daemon [_thread_blocked, id=10448, stack(0x000000fd14000000,0x000000fd14100000)]
  0x00000249ce1a2000 JavaThread "Finalizer" daemon [_thread_blocked, id=21128, stack(0x000000fd14100000,0x000000fd14200000)]
  0x00000249ceb32800 JavaThread "Signal Dispatcher" daemon [_thread_blocked, id=2044, stack(0x000000fd14200000,0x000000fd14300000)]
  0x00000249ceb33000 JavaThread "Attach Listener" daemon [_thread_blocked, id=20916, stack(0x000000fd14300000,0x000000fd14400000)]
  0x00000249ce1b5800 JavaThread "C2 CompilerThread0" daemon [_thread_blocked, id=18828, stack(0x000000fd14400000,0x000000fd14500000)]
  0x00000249ce1c3800 JavaThread "C2 CompilerThread1" daemon [_thread_blocked, id=20152, stack(0x000000fd14500000,0x000000fd14600000)]
  0x00000249ceb80000 JavaThread "C1 CompilerThread2" daemon [_thread_blocked, id=2960, stack(0x000000fd14600000,0x000000fd14700000)]
  0x00000249ceb95000 JavaThread "Sweeper thread" daemon [_thread_blocked, id=11244, stack(0x000000fd14700000,0x000000fd14800000)]
  0x00000249ceec7000 JavaThread "Common-Cleaner" daemon [_thread_blocked, id=20732, stack(0x000000fd14800000,0x000000fd14900000)]
  0x00000249cedeb000 JavaThread "Monitor Ctrl-Break" daemon [_thread_in_native, id=15536, stack(0x000000fd14900000,0x000000fd14a00000)]
  0x00000249cedbe800 JavaThread "Service Thread" daemon [_thread_blocked, id=10264, stack(0x000000fd14a00000,0x000000fd14b00000)]
  0x00000249cf136000 JavaThread "QuantumRenderer-0" daemon [_thread_blocked, id=6976, stack(0x000000fd14c00000,0x000000fd14d00000)]
  0x00000249cf1e1800 JavaThread "InvokeLaterDispatcher" daemon [_thread_blocked, id=10660, stack(0x000000fd14d00000,0x000000fd14e00000)]
  0x00000249cf1e2800 JavaThread "JavaFX Application Thread" [_thread_blocked, id=20136, stack(0x000000fd14e00000,0x000000fd14f00000)]
  0x00000249cf2ed000 JavaThread "JavaFX-Launcher" [_thread_blocked, id=5876, stack(0x000000fd15300000,0x000000fd15400000)]
  0x00000249cefb4000 JavaThread "Thread-2" daemon [_thread_blocked, id=12932, stack(0x000000fd15200000,0x000000fd15300000)]
  0x00000249d64b1800 JavaThread "Java2D Disposer" daemon [_thread_blocked, id=17920, stack(0x000000fd15400000,0x000000fd15500000)]
  0x00000249d9aca800 JavaThread "Prism Font Disposer" daemon [_thread_blocked, id=2196, stack(0x000000fd15800000,0x000000fd15900000)]
  0x00000249d9ad1800 JavaThread "Cleaner-0" daemon [_thread_blocked, id=13692, stack(0x000000fd15900000,0x000000fd15a00000)]
  0x00000249d9acb000 JavaThread "AWT-Windows" daemon [_thread_in_native, id=18036, stack(0x000000fd16a00000,0x000000fd16b00000)]

Other Threads:
  0x00000249ce193000 VMThread "VM Thread" [stack: 0x000000fd13f00000,0x000000fd14000000] [id=20852]
  0x00000249cee38000 WatcherThread [stack: 0x000000fd14b00000,0x000000fd14c00000] [id=18692]
  0x00000249acdf3000 GCTaskThread "GC Thread#0" [stack: 0x000000fd13400000,0x000000fd13500000] [id=20992]
  0x00000249acdf6000 GCTaskThread "GC Thread#1" [stack: 0x000000fd13500000,0x000000fd13600000] [id=7132]
=>0x00000249acdf7800 GCTaskThread "GC Thread#2" [stack: 0x000000fd13600000,0x000000fd13700000] [id=20496]
  0x00000249acdfc000 GCTaskThread "GC Thread#3" [stack: 0x000000fd13700000,0x000000fd13800000] [id=18228]
  0x00000249ace6b000 ConcurrentGCThread "G1 Main Marker" [stack: 0x000000fd13800000,0x000000fd13900000] [id=16524]
  0x00000249ace6e000 ConcurrentGCThread "G1 Conc#0" [stack: 0x000000fd13900000,0x000000fd13a00000] [id=11740]
  0x00000249ce015800 ConcurrentGCThread "G1 Refine#0" [stack: 0x000000fd13a00000,0x000000fd13b00000] [id=2688]
  0x00000249ce016000 ConcurrentGCThread "G1 Refine#1" [stack: 0x000000fd13b00000,0x000000fd13c00000] [id=21016]
  0x00000249ce018000 ConcurrentGCThread "G1 Refine#2" [stack: 0x000000fd13c00000,0x000000fd13d00000] [id=7872]
  0x00000249ce019800 ConcurrentGCThread "G1 Refine#3" [stack: 0x000000fd13d00000,0x000000fd13e00000] [id=15568]
  0x00000249ce01d800 ConcurrentGCThread "G1 Young RemSet Sampling" [stack: 0x000000fd13e00000,0x000000fd13f00000] [id=20748]

Threads with active compile tasks:

VM state:at safepoint (normal execution)

VM Mutex/Monitor currently owned by a thread:  ([mutex/lock_event])
[0x00000249acdd6ea0] FreeList_lock - owner thread: 0x00000249acdf7800
[0x00000249acdd8a40] Threads_lock - owner thread: 0x00000249ce193000
[0x00000249acdd86e0] Heap_lock - owner thread: 0x00000249cf1e2800

Heap address: 0x0000000081800000, size: 2024 MB, Compressed Oops mode: 32-bit
Narrow klass base: 0x0000000000000000, Narrow klass shift: 3
Compressed class space size: 1073741824 Address: 0x0000000100000000

Heap:
 garbage-first heap   total 178176K, used 169984K [0x0000000081800000, 0x0000000100000000)
  region size 1024K, 8 young (8192K), 1 survivors (1024K)
 Metaspace       used 41444K, capacity 42681K, committed 43212K, reserved 1087488K
  class space    used 4696K, capacity 5304K, committed 5324K, reserved 1048576K
Heap Regions: E=young(eden), S=young(survivor), O=old, HS=humongous(starts), HC=humongous(continues), CS=collection set, F=free, A=archive, TS=gc time stamp, AC=allocation context, TAMS=top-at-mark-start (previous, next)
|   0|0x0000000081800000, 0x0000000081900000, 0x0000000081900000|100%| O|  |TS  0|AC  0|TAMS 0x0000000081900000, 0x0000000081900000|
|   1|0x0000000081900000, 0x0000000081a00000, 0x0000000081a00000|100%| O|  |TS  0|AC  0|TAMS 0x0000000081a00000, 0x0000000081a00000|
|   2|0x0000000081a00000, 0x0000000081b00000, 0x0000000081b00000|100%| O|  |TS  0|AC  0|TAMS 0x0000000081b00000, 0x0000000081b00000|
|   3|0x0000000081b00000, 0x0000000081c00000, 0x0000000081c00000|100%| O|  |TS  0|AC  0|TAMS 0x0000000081c00000, 0x0000000081c00000|
|   4|0x0000000081c00000, 0x0000000081d00000, 0x0000000081d00000|100%|HS|  |TS  0|AC  0|TAMS 0x0000000081d00000, 0x0000000081d00000|
|   5|0x0000000081d00000, 0x0000000081e00000, 0x0000000081e00000|100%| O|  |TS  0|AC  0|TAMS 0x0000000081e00000, 0x0000000081e00000|
|   6|0x0000000081e00000, 0x0000000081f00000, 0x0000000081f00000|100%| O|  |TS  0|AC  0|TAMS 0x0000000081f00000, 0x0000000081f00000|
|   7|0x0000000081f00000, 0x0000000082000000, 0x0000000082000000|100%|HS|  |TS  0|AC  0|TAMS 0x0000000082000000, 0x0000000082000000|
|   8|0x0000000082000000, 0x0000000082100000, 0x0000000082100000|100%|HC|  |TS  0|AC  0|TAMS 0x0000000082100000, 0x0000000082100000|
|   9|0x0000000082100000, 0x0000000082200000, 0x0000000082200000|100%|HC|  |TS  0|AC  0|TAMS 0x0000000082200000, 0x0000000082200000|
|  10|0x0000000082200000, 0x0000000082300000, 0x0000000082300000|100%|HC|  |TS  0|AC  0|TAMS 0x0000000082300000, 0x0000000082300000|
|  11|0x0000000082300000, 0x0000000082400000, 0x0000000082400000|100%|HC|  |TS  0|AC  0|TAMS 0x0000000082400000, 0x0000000082400000|
|  12|0x0000000082400000, 0x0000000082500000, 0x0000000082500000|100%|HC|  |TS  0|AC  0|TAMS 0x0000000082500000, 0x0000000082500000|
|  13|0x0000000082500000, 0x0000000082600000, 0x0000000082600000|100%|HS|  |TS  0|AC  0|TAMS 0x0000000082600000, 0x0000000082600000|
|  14|0x0000000082600000, 0x0000000082700000, 0x0000000082700000|100%| O|  |TS  0|AC  0|TAMS 0x0000000082700000, 0x0000000082700000|
|  15|0x0000000082700000, 0x0000000082800000, 0x0000000082800000|100%|HS|  |TS  0|AC  0|TAMS 0x0000000082800000, 0x0000000082800000|
|  16|0x0000000082800000, 0x0000000082900000, 0x0000000082900000|100%|HC|  |TS  0|AC  0|TAMS 0x0000000082900000, 0x0000000082900000|
|  17|0x0000000082900000, 0x0000000082a00000, 0x0000000082a00000|100%| O|  |TS  0|AC  0|TAMS 0x0000000082a00000, 0x0000000082a00000|
|  18|0x0000000082a00000, 0x0000000082b00000, 0x0000000082b00000|100%| O|  |TS  0|AC  0|TAMS 0x0000000082b00000, 0x0000000082b00000|
|  19|0x0000000082b00000, 0x0000000082c00000, 0x0000000082c00000|100%| O|  |TS  0|AC  0|TAMS 0x0000000082c00000, 0x0000000082c00000|
|  20|0x0000000082c00000, 0x0000000082d00000, 0x0000000082d00000|100%| O|  |TS  0|AC  0|TAMS 0x0000000082d00000, 0x0000000082d00000|
|  21|0x0000000082d00000, 0x0000000082e00000, 0x0000000082e00000|100%| O|  |TS  0|AC  0|TAMS 0x0000000082e00000, 0x0000000082e00000|
|  22|0x0000000082e00000, 0x0000000082f00000, 0x0000000082f00000|100%| O|  |TS  0|AC  0|TAMS 0x0000000082f00000, 0x0000000082f00000|
|  23|0x0000000082f00000, 0x0000000083000000, 0x0000000083000000|100%| O|  |TS  0|AC  0|TAMS 0x0000000083000000, 0x0000000083000000|
|  24|0x0000000083000000, 0x0000000083100000, 0x0000000083100000|100%| O|  |TS  0|AC  0|TAMS 0x0000000083100000, 0x0000000083100000|
|  25|0x0000000083100000, 0x0000000083200000, 0x0000000083200000|100%| O|  |TS  0|AC  0|TAMS 0x0000000083200000, 0x0000000083200000|
|  26|0x0000000083200000, 0x0000000083300000, 0x0000000083300000|100%| O|  |TS  0|AC  0|TAMS 0x0000000083300000, 0x0000000083300000|
|  27|0x0000000083300000, 0x0000000083400000, 0x0000000083400000|100%| O|  |TS  0|AC  0|TAMS 0x0000000083400000, 0x0000000083400000|
|  28|0x0000000083400000, 0x0000000083500000, 0x0000000083500000|100%| O|  |TS  0|AC  0|TAMS 0x0000000083500000, 0x0000000083500000|
|  29|0x0000000083500000, 0x0000000083600000, 0x0000000083600000|100%| O|  |TS  0|AC  0|TAMS 0x0000000083600000, 0x0000000083600000|
|  30|0x0000000083600000, 0x0000000083700000, 0x0000000083700000|100%| O|  |TS  0|AC  0|TAMS 0x0000000083700000, 0x0000000083700000|
|  31|0x0000000083700000, 0x0000000083800000, 0x0000000083800000|100%| O|  |TS  0|AC  0|TAMS 0x0000000083800000, 0x0000000083800000|
|  32|0x0000000083800000, 0x0000000083900000, 0x0000000083900000|100%|HS|  |TS  0|AC  0|TAMS 0x0000000083900000, 0x0000000083900000|
|  33|0x0000000083900000, 0x0000000083a00000, 0x0000000083a00000|100%|HC|  |TS  0|AC  0|TAMS 0x0000000083a00000, 0x0000000083a00000|
|  34|0x0000000083a00000, 0x0000000083b00000, 0x0000000083b00000|100%|HC|  |TS  0|AC  0|TAMS 0x0000000083b00000, 0x0000000083b00000|
|  35|0x0000000083b00000, 0x0000000083c00000, 0x0000000083c00000|100%|HC|  |TS  0|AC  0|TAMS 0x0000000083c00000, 0x0000000083c00000|
|  36|0x0000000083c00000, 0x0000000083d00000, 0x0000000083d00000|100%|HC|  |TS  0|AC  0|TAMS 0x0000000083d00000, 0x0000000083d00000|
|  37|0x0000000083d00000, 0x0000000083e00000, 0x0000000083e00000|100%|HC|  |TS  0|AC  0|TAMS 0x0000000083e00000, 0x0000000083e00000|
|  38|0x0000000083e00000, 0x0000000083f00000, 0x0000000083f00000|100%|HS|  |TS  0|AC  0|TAMS 0x0000000083f00000, 0x0000000083f00000|
|  39|0x0000000083f00000, 0x0000000084000000, 0x0000000084000000|100%|HC|  |TS  0|AC  0|TAMS 0x0000000084000000, 0x0000000084000000|
|  40|0x0000000084000000, 0x0000000084100000, 0x0000000084100000|100%|HC|  |TS  0|AC  0|TAMS 0x0000000084100000, 0x0000000084100000|
|  41|0x0000000084100000, 0x0000000084200000, 0x0000000084200000|100%|HC|  |TS  0|AC  0|TAMS 0x0000000084200000, 0x0000000084200000|
|  42|0x0000000084200000, 0x0000000084300000, 0x0000000084300000|100%|HC|  |TS  0|AC  0|TAMS 0x0000000084300000, 0x0000000084300000|
|  43|0x0000000084300000, 0x0000000084400000, 0x0000000084400000|100%|HC|  |TS  0|AC  0|TAMS 0x0000000084400000, 0x0000000084400000|
|  44|0x0000000084400000, 0x0000000084500000, 0x0000000084500000|100%|HS|  |TS  0|AC  0|TAMS 0x0000000084500000, 0x0000000084500000|
|  45|0x0000000084500000, 0x0000000084600000, 0x0000000084600000|100%|HC|  |TS  0|AC  0|TAMS 0x0000000084600000, 0x0000000084600000|
|  46|0x0000000084600000, 0x0000000084700000, 0x0000000084700000|100%|HC|  |TS  0|AC  0|TAMS 0x0000000084700000, 0x0000000084700000|
|  47|0x0000000084700000, 0x0000000084800000, 0x0000000084800000|100%|HC|  |TS  0|AC  0|TAMS 0x0000000084800000, 0x0000000084800000|
|  48|0x0000000084800000, 0x0000000084900000, 0x0000000084900000|100%|HC|  |TS  0|AC  0|TAMS 0x0000000084900000, 0x0000000084900000|
|  49|0x0000000084900000, 0x0000000084a00000, 0x0000000084a00000|100%|HC|  |TS  0|AC  0|TAMS 0x0000000084a00000, 0x0000000084a00000|
|  50|0x0000000084a00000, 0x0000000084b00000, 0x0000000084b00000|100%| O|  |TS  0|AC  0|TAMS 0x0000000084b00000, 0x0000000084b00000|
|  51|0x0000000084b00000, 0x0000000084c00000, 0x0000000084c00000|100%| O|  |TS  0|AC  0|TAMS 0x0000000084c00000, 0x0000000084c00000|
|  52|0x0000000084c00000, 0x0000000084d00000, 0x0000000084d00000|100%| O|  |TS  0|AC  0|TAMS 0x0000000084d00000, 0x0000000084d00000|
|  53|0x0000000084d00000, 0x0000000084e00000, 0x0000000084e00000|100%| O|  |TS  0|AC  0|TAMS 0x0000000084e00000, 0x0000000084e00000|
|  54|0x0000000084e00000, 0x0000000084f00000, 0x0000000084f00000|100%| O|  |TS  0|AC  0|TAMS 0x0000000084f00000, 0x0000000084f00000|
|  55|0x0000000084f00000, 0x0000000085000000, 0x0000000085000000|100%| O|  |TS  0|AC  0|TAMS 0x0000000085000000, 0x0000000085000000|
|  56|0x0000000085000000, 0x0000000085100000, 0x0000000085100000|100%| O|  |TS  0|AC  0|TAMS 0x0000000085100000, 0x0000000085100000|
|  57|0x0000000085100000, 0x0000000085200000, 0x0000000085200000|100%| O|  |TS  0|AC  0|TAMS 0x0000000085200000, 0x0000000085200000|
|  58|0x0000000085200000, 0x0000000085300000, 0x0000000085300000|100%| O|  |TS  0|AC  0|TAMS 0x0000000085300000, 0x0000000085300000|
|  59|0x0000000085300000, 0x0000000085400000, 0x0000000085400000|100%| O|  |TS  0|AC  0|TAMS 0x0000000085400000, 0x0000000085400000|
|  60|0x0000000085400000, 0x0000000085500000, 0x0000000085500000|100%| O|  |TS  0|AC  0|TAMS 0x0000000085500000, 0x0000000085500000|
|  61|0x0000000085500000, 0x0000000085600000, 0x0000000085600000|100%| O|  |TS  0|AC  0|TAMS 0x0000000085600000, 0x0000000085600000|
|  62|0x0000000085600000, 0x0000000085700000, 0x0000000085700000|100%| O|  |TS  0|AC  0|TAMS 0x0000000085700000, 0x0000000085700000|
|  63|0x0000000085700000, 0x0000000085800000, 0x0000000085800000|100%| O|  |TS  0|AC  0|TAMS 0x0000000085800000, 0x0000000085800000|
|  64|0x0000000085800000, 0x0000000085900000, 0x0000000085900000|100%| O|  |TS  0|AC  0|TAMS 0x0000000085900000, 0x0000000085900000|
|  65|0x0000000085900000, 0x0000000085a00000, 0x0000000085a00000|100%| O|  |TS  0|AC  0|TAMS 0x0000000085a00000, 0x0000000085a00000|
|  66|0x0000000085a00000, 0x0000000085b00000, 0x0000000085b00000|100%| O|  |TS  0|AC  0|TAMS 0x0000000085b00000, 0x0000000085b00000|
|  67|0x0000000085b00000, 0x0000000085c00000, 0x0000000085c00000|100%| O|  |TS  0|AC  0|TAMS 0x0000000085c00000, 0x0000000085c00000|
|  68|0x0000000085c00000, 0x0000000085d00000, 0x0000000085d00000|100%| O|  |TS  0|AC  0|TAMS 0x0000000085d00000, 0x0000000085d00000|
|  69|0x0000000085d00000, 0x0000000085e00000, 0x0000000085e00000|100%| O|  |TS  0|AC  0|TAMS 0x0000000085e00000, 0x0000000085e00000|
|  70|0x0000000085e00000, 0x0000000085f00000, 0x0000000085f00000|100%| O|  |TS  0|AC  0|TAMS 0x0000000085f00000, 0x0000000085f00000|
|  71|0x0000000085f00000, 0x0000000086000000, 0x0000000086000000|100%| O|  |TS  0|AC  0|TAMS 0x0000000086000000, 0x0000000086000000|
|  72|0x0000000086000000, 0x0000000086100000, 0x0000000086100000|100%| O|  |TS  0|AC  0|TAMS 0x0000000086100000, 0x0000000086100000|
|  73|0x0000000086100000, 0x0000000086200000, 0x0000000086200000|100%| O|  |TS  0|AC  0|TAMS 0x0000000086200000, 0x0000000086200000|
|  74|0x0000000086200000, 0x0000000086300000, 0x0000000086300000|100%| O|  |TS  0|AC  0|TAMS 0x0000000086300000, 0x0000000086300000|
|  75|0x0000000086300000, 0x0000000086400000, 0x0000000086400000|100%| O|  |TS  0|AC  0|TAMS 0x0000000086400000, 0x0000000086400000|
|  76|0x0000000086400000, 0x0000000086500000, 0x0000000086500000|100%| O|  |TS  0|AC  0|TAMS 0x0000000086500000, 0x0000000086500000|
|  77|0x0000000086500000, 0x0000000086600000, 0x0000000086600000|100%| O|  |TS  0|AC  0|TAMS 0x0000000086600000, 0x0000000086600000|
|  78|0x0000000086600000, 0x0000000086700000, 0x0000000086700000|100%| O|  |TS  0|AC  0|TAMS 0x0000000086700000, 0x0000000086700000|
|  79|0x0000000086700000, 0x0000000086800000, 0x0000000086800000|100%| O|  |TS  0|AC  0|TAMS 0x0000000086800000, 0x0000000086800000|
|  80|0x0000000086800000, 0x0000000086900000, 0x0000000086900000|100%| O|  |TS  0|AC  0|TAMS 0x0000000086900000, 0x0000000086900000|
|  81|0x0000000086900000, 0x0000000086a00000, 0x0000000086a00000|100%|HS|  |TS  0|AC  0|TAMS 0x0000000086a00000, 0x0000000086a00000|
|  82|0x0000000086a00000, 0x0000000086b00000, 0x0000000086b00000|100%|HC|  |TS  0|AC  0|TAMS 0x0000000086b00000, 0x0000000086b00000|
|  83|0x0000000086b00000, 0x0000000086c00000, 0x0000000086c00000|100%|HC|  |TS  0|AC  0|TAMS 0x0000000086c00000, 0x0000000086c00000|
|  84|0x0000000086c00000, 0x0000000086d00000, 0x0000000086d00000|100%|HC|  |TS  0|AC  0|TAMS 0x0000000086d00000, 0x0000000086d00000|
|  85|0x0000000086d00000, 0x0000000086e00000, 0x0000000086e00000|100%|HC|  |TS  0|AC  0|TAMS 0x0000000086e00000, 0x0000000086e00000|
|  86|0x0000000086e00000, 0x0000000086f00000, 0x0000000086f00000|100%|HC|  |TS  0|AC  0|TAMS 0x0000000086f00000, 0x0000000086f00000|
|  87|0x0000000086f00000, 0x0000000087000000, 0x0000000087000000|100%|HS|  |TS  0|AC  0|TAMS 0x0000000087000000, 0x0000000087000000|
|  88|0x0000000087000000, 0x0000000087100000, 0x0000000087100000|100%|HC|  |TS  0|AC  0|TAMS 0x0000000087100000, 0x0000000087100000|
|  89|0x0000000087100000, 0x0000000087200000, 0x0000000087200000|100%|HC|  |TS  0|AC  0|TAMS 0x0000000087200000, 0x0000000087200000|
|  90|0x0000000087200000, 0x0000000087300000, 0x0000000087300000|100%|HC|  |TS  0|AC  0|TAMS 0x0000000087300000, 0x0000000087300000|
|  91|0x0000000087300000, 0x0000000087400000, 0x0000000087400000|100%|HC|  |TS  0|AC  0|TAMS 0x0000000087400000, 0x0000000087400000|
|  92|0x0000000087400000, 0x0000000087500000, 0x0000000087500000|100%|HC|  |TS  0|AC  0|TAMS 0x0000000087500000, 0x0000000087500000|
|  93|0x0000000087500000, 0x0000000087600000, 0x0000000087600000|100%| O|  |TS  0|AC  0|TAMS 0x0000000087600000, 0x0000000087600000|
|  94|0x0000000087600000, 0x0000000087700000, 0x0000000087700000|100%| O|  |TS  0|AC  0|TAMS 0x0000000087700000, 0x0000000087700000|
|  95|0x0000000087700000, 0x0000000087800000, 0x0000000087800000|100%| O|  |TS  0|AC  0|TAMS 0x0000000087800000, 0x0000000087800000|
|  96|0x0000000087800000, 0x0000000087900000, 0x0000000087900000|100%| O|  |TS  0|AC  0|TAMS 0x0000000087900000, 0x0000000087900000|
|  97|0x0000000087900000, 0x0000000087a00000, 0x0000000087a00000|100%| O|  |TS  0|AC  0|TAMS 0x0000000087a00000, 0x0000000087a00000|
|  98|0x0000000087a00000, 0x0000000087b00000, 0x0000000087b00000|100%| O|  |TS  0|AC  0|TAMS 0x0000000087b00000, 0x0000000087b00000|
|  99|0x0000000087b00000, 0x0000000087c00000, 0x0000000087c00000|100%| O|  |TS  0|AC  0|TAMS 0x0000000087c00000, 0x0000000087c00000|
| 100|0x0000000087c00000, 0x0000000087d00000, 0x0000000087d00000|100%| O|  |TS  0|AC  0|TAMS 0x0000000087d00000, 0x0000000087d00000|
| 101|0x0000000087d00000, 0x0000000087e00000, 0x0000000087e00000|100%| O|  |TS  0|AC  0|TAMS 0x0000000087e00000, 0x0000000087e00000|
| 102|0x0000000087e00000, 0x0000000087f00000, 0x0000000087f00000|100%| O|  |TS  0|AC  0|TAMS 0x0000000087f00000, 0x0000000087f00000|
| 103|0x0000000087f00000, 0x0000000088000000, 0x0000000088000000|100%| O|  |TS  0|AC  0|TAMS 0x0000000088000000, 0x0000000088000000|
| 104|0x0000000088000000, 0x0000000088100000, 0x0000000088100000|100%| O|  |TS  0|AC  0|TAMS 0x0000000088100000, 0x0000000088100000|
| 105|0x0000000088100000, 0x0000000088200000, 0x0000000088200000|100%| O|  |TS  0|AC  0|TAMS 0x0000000088200000, 0x0000000088200000|
| 106|0x0000000088200000, 0x0000000088300000, 0x0000000088300000|100%| O|  |TS  0|AC  0|TAMS 0x0000000088300000, 0x0000000088300000|
| 107|0x0000000088300000, 0x0000000088400000, 0x0000000088400000|100%| O|  |TS  0|AC  0|TAMS 0x0000000088400000, 0x0000000088400000|
| 108|0x0000000088400000, 0x0000000088500000, 0x0000000088500000|100%| O|  |TS  0|AC  0|TAMS 0x0000000088500000, 0x0000000088500000|
| 109|0x0000000088500000, 0x0000000088600000, 0x0000000088600000|100%| O|  |TS  0|AC  0|TAMS 0x0000000088600000, 0x0000000088600000|
| 110|0x0000000088600000, 0x0000000088700000, 0x0000000088700000|100%| O|  |TS  0|AC  0|TAMS 0x0000000088700000, 0x0000000088700000|
| 111|0x0000000088700000, 0x0000000088800000, 0x0000000088800000|100%| O|  |TS  0|AC  0|TAMS 0x0000000088800000, 0x0000000088800000|
| 112|0x0000000088800000, 0x0000000088900000, 0x0000000088900000|100%| O|  |TS  0|AC  0|TAMS 0x0000000088900000, 0x0000000088900000|
| 113|0x0000000088900000, 0x0000000088a00000, 0x0000000088a00000|100%| O|  |TS  0|AC  0|TAMS 0x0000000088a00000, 0x0000000088a00000|
| 114|0x0000000088a00000, 0x0000000088b00000, 0x0000000088b00000|100%| O|  |TS  0|AC  0|TAMS 0x0000000088b00000, 0x0000000088b00000|
| 115|0x0000000088b00000, 0x0000000088c00000, 0x0000000088c00000|100%| O|  |TS  0|AC  0|TAMS 0x0000000088c00000, 0x0000000088c00000|
| 116|0x0000000088c00000, 0x0000000088d00000, 0x0000000088d00000|100%| O|  |TS  0|AC  0|TAMS 0x0000000088d00000, 0x0000000088d00000|
| 117|0x0000000088d00000, 0x0000000088e00000, 0x0000000088e00000|100%| O|  |TS  0|AC  0|TAMS 0x0000000088e00000, 0x0000000088e00000|
| 118|0x0000000088e00000, 0x0000000088f00000, 0x0000000088f00000|100%| O|  |TS  0|AC  0|TAMS 0x0000000088f00000, 0x0000000088f00000|
| 119|0x0000000088f00000, 0x0000000089000000, 0x0000000089000000|100%| O|  |TS  0|AC  0|TAMS 0x0000000089000000, 0x0000000089000000|
| 120|0x0000000089000000, 0x0000000089100000, 0x0000000089100000|100%| O|  |TS  0|AC  0|TAMS 0x0000000089100000, 0x0000000089100000|
| 121|0x0000000089100000, 0x0000000089200000, 0x0000000089200000|100%| E|CS|TS  0|AC  0|TAMS 0x0000000089100000, 0x0000000089100000|
| 122|0x0000000089200000, 0x0000000089300000, 0x0000000089300000|100%| O|  |TS  0|AC  0|TAMS 0x0000000089300000, 0x0000000089300000|
| 123|0x0000000089300000, 0x0000000089400000, 0x0000000089400000|100%| O|  |TS  0|AC  0|TAMS 0x0000000089400000, 0x0000000089400000|
| 124|0x0000000089400000, 0x0000000089500000, 0x0000000089500000|100%| E|CS|TS  0|AC  0|TAMS 0x0000000089400000, 0x0000000089400000|
| 125|0x0000000089500000, 0x0000000089600000, 0x0000000089600000|100%| E|CS|TS  0|AC  0|TAMS 0x0000000089500000, 0x0000000089500000|
| 126|0x0000000089600000, 0x0000000089700000, 0x0000000089700000|100%| E|CS|TS  0|AC  0|TAMS 0x0000000089600000, 0x0000000089600000|
| 127|0x0000000089700000, 0x0000000089800000, 0x0000000089800000|100%| E|CS|TS  0|AC  0|TAMS 0x0000000089700000, 0x0000000089700000|
| 128|0x0000000089800000, 0x0000000089900000, 0x0000000089900000|100%| O|  |TS  0|AC  0|TAMS 0x0000000089900000, 0x0000000089900000|
| 129|0x0000000089900000, 0x0000000089a00000, 0x0000000089a00000|100%| O|  |TS  0|AC  0|TAMS 0x0000000089a00000, 0x0000000089a00000|
| 130|0x0000000089a00000, 0x0000000089b00000, 0x0000000089b00000|100%| O|  |TS  0|AC  0|TAMS 0x0000000089b00000, 0x0000000089b00000|
| 131|0x0000000089b00000, 0x0000000089c00000, 0x0000000089c00000|100%| O|  |TS  0|AC  0|TAMS 0x0000000089c00000, 0x0000000089c00000|
| 132|0x0000000089c00000, 0x0000000089d00000, 0x0000000089d00000|100%| O|  |TS  0|AC  0|TAMS 0x0000000089d00000, 0x0000000089d00000|
| 133|0x0000000089d00000, 0x0000000089e00000, 0x0000000089e00000|100%| O|  |TS  0|AC  0|TAMS 0x0000000089e00000, 0x0000000089e00000|
| 134|0x0000000089e00000, 0x0000000089f00000, 0x0000000089f00000|100%| O|  |TS  0|AC  0|TAMS 0x0000000089f00000, 0x0000000089f00000|
| 135|0x0000000089f00000, 0x000000008a000000, 0x000000008a000000|100%| O|  |TS  0|AC  0|TAMS 0x000000008a000000, 0x000000008a000000|
| 136|0x000000008a000000, 0x000000008a100000, 0x000000008a100000|100%| O|  |TS  0|AC  0|TAMS 0x000000008a100000, 0x000000008a100000|
| 137|0x000000008a100000, 0x000000008a200000, 0x000000008a200000|100%| O|  |TS  0|AC  0|TAMS 0x000000008a200000, 0x000000008a200000|
| 138|0x000000008a200000, 0x000000008a300000, 0x000000008a300000|100%| O|  |TS  0|AC  0|TAMS 0x000000008a300000, 0x000000008a300000|
| 139|0x000000008a300000, 0x000000008a400000, 0x000000008a400000|100%| O|  |TS  0|AC  0|TAMS 0x000000008a400000, 0x000000008a400000|
| 140|0x000000008a400000, 0x000000008a500000, 0x000000008a500000|100%| O|  |TS  0|AC  0|TAMS 0x000000008a500000, 0x000000008a500000|
| 141|0x000000008a500000, 0x000000008a600000, 0x000000008a600000|100%| E|CS|TS  0|AC  0|TAMS 0x000000008a500000, 0x000000008a500000|
| 142|0x000000008a600000, 0x000000008a700000, 0x000000008a700000|100%| O|  |TS  0|AC  0|TAMS 0x000000008a700000, 0x000000008a700000|
| 143|0x000000008a700000, 0x000000008a800000, 0x000000008a800000|100%| O|  |TS  0|AC  0|TAMS 0x000000008a800000, 0x000000008a800000|
| 144|0x000000008a800000, 0x000000008a900000, 0x000000008a900000|100%| O|  |TS  0|AC  0|TAMS 0x000000008a900000, 0x000000008a900000|
| 145|0x000000008a900000, 0x000000008aa00000, 0x000000008aa00000|100%| O|  |TS  0|AC  0|TAMS 0x000000008aa00000, 0x000000008aa00000|
| 146|0x000000008aa00000, 0x000000008ab00000, 0x000000008ab00000|100%| O|  |TS  0|AC  0|TAMS 0x000000008ab00000, 0x000000008ab00000|
| 147|0x000000008ab00000, 0x000000008ac00000, 0x000000008ac00000|100%| O|  |TS  0|AC  0|TAMS 0x000000008ac00000, 0x000000008ac00000|
| 148|0x000000008ac00000, 0x000000008ad00000, 0x000000008ad00000|100%| E|CS|TS  0|AC  0|TAMS 0x000000008ac00000, 0x000000008ac00000|
| 149|0x000000008ad00000, 0x000000008ae00000, 0x000000008ae00000|100%| O|  |TS  0|AC  0|TAMS 0x000000008ae00000, 0x000000008ae00000|
| 150|0x000000008ae00000, 0x000000008af00000, 0x000000008af00000|100%| O|  |TS  1|AC  0|TAMS 0x000000008ae00000, 0x000000008ae00000|
| 151|0x000000008af00000, 0x000000008b000000, 0x000000008b000000|100%| O|  |TS  1|AC  0|TAMS 0x000000008af00000, 0x000000008af00000|
| 152|0x000000008b000000, 0x000000008b100000, 0x000000008b100000|100%| O|  |TS  1|AC  0|TAMS 0x000000008b000000, 0x000000008b000000|
| 153|0x000000008b100000, 0x000000008b200000, 0x000000008b200000|100%| O|  |TS  0|AC  0|TAMS 0x000000008b200000, 0x000000008b200000|
| 154|0x000000008b200000, 0x000000008b300000, 0x000000008b300000|100%| O|  |TS  0|AC  0|TAMS 0x000000008b300000, 0x000000008b300000|
| 155|0x000000008b300000, 0x000000008b400000, 0x000000008b400000|100%| O|  |TS  1|AC  0|TAMS 0x000000008b300000, 0x000000008b300000|
| 156|0x000000008b400000, 0x000000008b500000, 0x000000008b500000|100%| O|  |TS  1|AC  0|TAMS 0x000000008b400000, 0x000000008b400000|
| 157|0x000000008b500000, 0x000000008b600000, 0x000000008b600000|100%| O|  |TS  1|AC  0|TAMS 0x000000008b500000, 0x000000008b500000|
| 158|0x000000008b600000, 0x000000008b700000, 0x000000008b700000|100%| S|  |TS  1|AC  0|TAMS 0x000000008b600000, 0x000000008b600000|
| 159|0x000000008b700000, 0x000000008b800000, 0x000000008b800000|100%| O|  |TS  0|AC  0|TAMS 0x000000008b800000, 0x000000008b800000|
| 160|0x000000008b800000, 0x000000008b900000, 0x000000008b900000|100%| O|  |TS  0|AC  0|TAMS 0x000000008b900000, 0x000000008b900000|
| 161|0x000000008b900000, 0x000000008ba00000, 0x000000008ba00000|100%| O|  |TS  0|AC  0|TAMS 0x000000008ba00000, 0x000000008ba00000|
| 162|0x000000008ba00000, 0x000000008bb00000, 0x000000008bb00000|100%| O|  |TS  0|AC  0|TAMS 0x000000008bb00000, 0x000000008bb00000|
| 163|0x000000008bb00000, 0x000000008bc00000, 0x000000008bc00000|100%| O|  |TS  0|AC  0|TAMS 0x000000008bc00000, 0x000000008bc00000|
| 164|0x000000008bc00000, 0x000000008bd00000, 0x000000008bd00000|100%| O|  |TS  0|AC  0|TAMS 0x000000008bd00000, 0x000000008bd00000|
| 165|0x000000008bd00000, 0x000000008be00000, 0x000000008be00000|100%| E|CS|TS  0|AC  0|TAMS 0x000000008bd00000, 0x000000008bd00000|
| 166|0x000000008be00000, 0x000000008bf00000, 0x000000008bf00000|100%| O|  |TS  0|AC  0|TAMS 0x000000008bf00000, 0x000000008bf00000|
| 167|0x000000008bf00000, 0x000000008c000000, 0x000000008c000000|100%|HS|  |TS  0|AC  0|TAMS 0x000000008bf00000, 0x000000008bf00000|
| 168|0x000000008c000000, 0x000000008c100000, 0x000000008c100000|100%|HC|  |TS  0|AC  0|TAMS 0x000000008c000000, 0x000000008c000000|
| 169|0x000000008c100000, 0x000000008c200000, 0x000000008c200000|100%|HC|  |TS  0|AC  0|TAMS 0x000000008c100000, 0x000000008c100000|
| 170|0x000000008c200000, 0x000000008c300000, 0x000000008c300000|100%|HC|  |TS  0|AC  0|TAMS 0x000000008c200000, 0x000000008c200000|
| 171|0x000000008c300000, 0x000000008c400000, 0x000000008c400000|100%|HC|  |TS  0|AC  0|TAMS 0x000000008c300000, 0x000000008c300000|
| 172|0x000000008c400000, 0x000000008c500000, 0x000000008c500000|100%|HC|  |TS  0|AC  0|TAMS 0x000000008c400000, 0x000000008c400000|

Card table byte_map: [0x00000249c7560000,0x00000249c7960000] byte_map_base: 0x00000249c7154000

Marking Bits (Prev, Next): (CMBitMap*) 0x00000249ace6a138, (CMBitMap*) 0x00000249ace6a100
 Prev Bits: [0x00000249c9d00000, 0x00000249cbca0000)
 Next Bits: [0x00000249c7d60000, 0x00000249c9d00000)

Polling page: 0x00000249aac20000

CodeHeap 'non-profiled nmethods': size=120064Kb used=2522Kb max_used=2522Kb free=117541Kb
 bounds [0x00000249bfc20000, 0x00000249bfea0000, 0x00000249c7160000]
CodeHeap 'profiled nmethods': size=120000Kb used=10586Kb max_used=10586Kb free=109413Kb
 bounds [0x00000249b86f0000, 0x00000249b9160000, 0x00000249bfc20000]
CodeHeap 'non-nmethods': size=5696Kb used=1477Kb max_used=1510Kb free=4218Kb
 bounds [0x00000249b8160000, 0x00000249b83d0000, 0x00000249b86f0000]
 total_blobs=7958 nmethods=5131 adapters=885
 compilation: enabled

Compilation events (10 events):
Event: 180.197 Thread 0x00000249ce1c3800 nmethod 5791 0x00000249bfe95290 code [0x00000249bfe95460, 0x00000249bfe95598]
Event: 180.197 Thread 0x00000249ceb80000 nmethod 5787 0x00000249b914cc10 code [0x00000249b914cea0, 0x00000249b914dc30]
Event: 180.198 Thread 0x00000249ce1b5800 5792       4       java.util.HashSet::contains (9 bytes)
Event: 180.198 Thread 0x00000249ce1c3800 5793       4       java.nio.Buffer::hasRemaining (17 bytes)
Event: 180.198 Thread 0x00000249ce1c3800 nmethod 5793 0x00000249bfe95790 code [0x00000249bfe95920, 0x00000249bfe95998]
Event: 180.198 Thread 0x00000249ceb80000 5794       3       sun.nio.cs.UTF_8$Encoder::encodeArrayLoop (489 bytes)
Event: 180.201 Thread 0x00000249ceb80000 nmethod 5794 0x00000249b914e090 code [0x00000249b914e680, 0x00000249b9151a10]
Event: 180.204 Thread 0x00000249ce1b5800 nmethod 5792 0x00000249bfe95a10 code [0x00000249bfe95be0, 0x00000249bfe960f8]
Event: 180.348 Thread 0x00000249ce1c3800 5795   !   4       java.util.concurrent.locks.AbstractQueuedSynchronizer::acquireQueued (74 bytes)
Event: 180.369 Thread 0x00000249ce1c3800 nmethod 5795 0x00000249bfe96490 code [0x00000249bfe96660, 0x00000249bfe96c30]

GC Heap History (10 events):
Event: 168.312 GC heap after
{Heap after GC invocations=27 (full 0):
 garbage-first heap   total 152576K, used 143761K [0x0000000081800000, 0x0000000100000000)
  region size 1024K, 1 young (1024K), 1 survivors (1024K)
 Metaspace       used 41347K, capacity 42517K, committed 42956K, reserved 1087488K
  class space    used 4694K, capacity 5272K, committed 5324K, reserved 1048576K
}
Event: 176.300 GC heap before
{Heap before GC invocations=27 (full 0):
 garbage-first heap   total 152576K, used 149905K [0x0000000081800000, 0x0000000100000000)
  region size 1024K, 7 young (7168K), 1 survivors (1024K)
 Metaspace       used 41408K, capacity 42581K, committed 42956K, reserved 1087488K
  class space    used 4694K, capacity 5272K, committed 5324K, reserved 1048576K
}
Event: 176.303 GC heap after
{Heap after GC invocations=28 (full 0):
 garbage-first heap   total 157696K, used 149794K [0x0000000081800000, 0x0000000100000000)
  region size 1024K, 1 young (1024K), 1 survivors (1024K)
 Metaspace       used 41408K, capacity 42581K, committed 42956K, reserved 1087488K
  class space    used 4694K, capacity 5272K, committed 5324K, reserved 1048576K
}
Event: 178.699 GC heap before
{Heap before GC invocations=29 (full 0):
 garbage-first heap   total 157696K, used 155938K [0x0000000081800000, 0x0000000100000000)
  region size 1024K, 7 young (7168K), 1 survivors (1024K)
 Metaspace       used 41413K, capacity 42581K, committed 42956K, reserved 1087488K
  class space    used 4694K, capacity 5272K, committed 5324K, reserved 1048576K
}
Event: 178.702 GC heap after
{Heap after GC invocations=30 (full 0):
 garbage-first heap   total 162816K, used 155648K [0x0000000081800000, 0x0000000100000000)
  region size 1024K, 1 young (1024K), 1 survivors (1024K)
 Metaspace       used 41413K, capacity 42581K, committed 42956K, reserved 1087488K
  class space    used 4694K, capacity 5272K, committed 5324K, reserved 1048576K
}
Event: 180.125 GC heap before
{Heap before GC invocations=30 (full 0):
 garbage-first heap   total 162816K, used 161792K [0x0000000081800000, 0x0000000100000000)
  region size 1024K, 7 young (7168K), 1 survivors (1024K)
 Metaspace       used 41418K, capacity 42581K, committed 42956K, reserved 1087488K
  class space    used 4694K, capacity 5272K, committed 5324K, reserved 1048576K
}
Event: 180.129 GC heap after
{Heap after GC invocations=31 (full 0):
 garbage-first heap   total 169984K, used 159744K [0x0000000081800000, 0x0000000100000000)
  region size 1024K, 1 young (1024K), 1 survivors (1024K)
 Metaspace       used 41418K, capacity 42581K, committed 42956K, reserved 1087488K
  class space    used 4694K, capacity 5272K, committed 5324K, reserved 1048576K
}
Event: 180.158 GC heap before
{Heap before GC invocations=31 (full 0):
 garbage-first heap   total 169984K, used 163840K [0x0000000081800000, 0x0000000100000000)
  region size 1024K, 6 young (6144K), 1 survivors (1024K)
 Metaspace       used 41421K, capacity 42645K, committed 43212K, reserved 1087488K
  class space    used 4694K, capacity 5272K, committed 5324K, reserved 1048576K
}
Event: 180.160 GC heap after
{Heap after GC invocations=32 (full 0):
 garbage-first heap   total 171008K, used 164864K [0x0000000081800000, 0x0000000100000000)
  region size 1024K, 1 young (1024K), 1 survivors (1024K)
 Metaspace       used 41421K, capacity 42645K, committed 43212K, reserved 1087488K
  class space    used 4694K, capacity 5272K, committed 5324K, reserved 1048576K
}
Event: 180.936 GC heap before
{Heap before GC invocations=33 (full 0):
 garbage-first heap   total 177152K, used 169984K [0x0000000081800000, 0x0000000100000000)
  region size 1024K, 8 young (8192K), 1 survivors (1024K)
 Metaspace       used 41444K, capacity 42681K, committed 43212K, reserved 1087488K
  class space    used 4696K, capacity 5304K, committed 5324K, reserved 1048576K
}

Deoptimization events (10 events):
Event: 23.084 Thread 0x00000249cf1e2800 Uncommon trap: reason=unstable_if action=reinterpret pc=0x00000249bfd51cb8 method=java.util.WeakHashMap.expungeStaleEntries()V @ 9 c2
Event: 23.758 Thread 0x00000249cf136000 Uncommon trap: reason=predicate action=maybe_recompile pc=0x00000249bfdbaaa8 method=java.util.Arrays.binarySearch0([Ljava/lang/Object;IILjava/lang/Object;Ljava/util/Comparator;)I @ 28 c2
Event: 32.018 Thread 0x00000249cf1e2800 Uncommon trap: reason=speculate_null_check action=make_not_entrant pc=0x00000249bfdf0700 method=javafx.scene.CssStyleHelper.getStyleHelper(Ljavafx/scene/Node;)Ljavafx/scene/CssStyleHelper; @ 1 c2
Event: 33.901 Thread 0x00000249cf1e2800 Uncommon trap: reason=bimorphic_or_optimized_type_check action=maybe_recompile pc=0x00000249bfdfbfc8 method=java.util.Collections$UnmodifiableList.get(I)Ljava/lang/Object; @ 5 c2
Event: 33.902 Thread 0x00000249cf1e2800 Uncommon trap: reason=bimorphic_or_optimized_type_check action=maybe_recompile pc=0x00000249bfdfbfc8 method=java.util.Collections$UnmodifiableList.get(I)Ljava/lang/Object; @ 5 c2
Event: 34.029 Thread 0x00000249cf1e2800 Uncommon trap: reason=bimorphic_or_optimized_type_check action=maybe_recompile pc=0x00000249bfdfbfc8 method=java.util.Collections$UnmodifiableList.get(I)Ljava/lang/Object; @ 5 c2
Event: 34.029 Thread 0x00000249cf1e2800 Uncommon trap: reason=bimorphic_or_optimized_type_check action=maybe_recompile pc=0x00000249bfdfbfc8 method=java.util.Collections$UnmodifiableList.get(I)Ljava/lang/Object; @ 5 c2
Event: 43.645 Thread 0x00000249cf1e2800 Uncommon trap: reason=unstable_if action=reinterpret pc=0x00000249bfde35e4 method=javafx.scene.Node.intersectsBounds(Lcom/sun/javafx/geom/PickRay;)D @ 902 c2
Event: 45.662 Thread 0x00000249cf136000 Uncommon trap: reason=unstable_if action=reinterpret pc=0x00000249bfe27bec method=com.sun.marlin.DRenderer._endRendering(IILcom/sun/marlin/MarlinAlphaConsumer;)V @ 2015 c2
Event: 129.726 Thread 0x00000249cf136000 Uncommon trap: reason=unstable_if action=reinterpret pc=0x00000249bfe5cf30 method=com.sun.javafx.sg.prism.NGGroup.computeRenderRoot(Lcom/sun/javafx/sg/prism/NodePath;Lcom/sun/javafx/geom/RectBounds;ILcom/sun/javafx/geom/transform/BaseTransform;Lcom/sun/ja

Classes redefined (0 events):
No events

Internal exceptions (10 events):
Event: 20.887 Thread 0x00000249cf1e2800 Exception <a 'java/lang/ClassNotFoundException'{0x00000000896a9fc8}: com/sun/swing/internal/plaf/basic/resources/spi/basicProvider> (0x00000000896a9fc8) thrown at [t:/workspace/open/src/hotspot/share/classfile/systemDictionary.cpp, line 233]
Event: 20.900 Thread 0x00000249d9ad0000 Exception <a 'java/lang/NoSuchMethodError'{0x0000000089507518}: method resolution failed> (0x0000000089507518) thrown at [t:/workspace/open/src/hotspot/share/prims/methodHandles.cpp, line 1226]
Event: 20.900 Thread 0x00000249d9ad0000 Exception <a 'java/lang/NoSuchMethodError'{0x000000008950f128}: method resolution failed> (0x000000008950f128) thrown at [t:/workspace/open/src/hotspot/share/prims/methodHandles.cpp, line 1226]
Event: 23.108 Thread 0x00000249cf1e2800 Exception <a 'java/lang/NoSuchMethodError'{0x00000000894d8878}: java.lang.invoke.DirectMethodHandle$Holder.invokeSpecial(Ljava/lang/Object;Ljava/lang/Object;IIIIILjava/lang/Object;)Ljava/lang/Object;> (0x00000000894d8878) thrown at [t:/workspace/open/src/
Event: 23.109 Thread 0x00000249cf1e2800 Exception <a 'java/lang/NoSuchMethodError'{0x00000000894df8a8}: java.lang.invoke.DirectMethodHandle$Holder.invokeStatic(Ljava/lang/Object;Ljava/lang/Object;IIIIILjava/lang/Object;)Ljava/lang/Object;> (0x00000000894df8a8) thrown at [t:/workspace/open/src/h
Event: 23.109 Thread 0x00000249cf1e2800 Exception <a 'java/lang/NoSuchMethodError'{0x00000000894e3048}: method resolution failed> (0x00000000894e3048) thrown at [t:/workspace/open/src/hotspot/share/prims/methodHandles.cpp, line 1226]
Event: 23.110 Thread 0x00000249cf1e2800 Exception <a 'java/lang/NoSuchMethodError'{0x00000000894e9640}: java.lang.invoke.DirectMethodHandle$Holder.invokeSpecial(Ljava/lang/Object;Ljava/lang/Object;Ljava/lang/Object;IIIII)Ljava/lang/Object;> (0x00000000894e9640) thrown at [t:/workspace/open/src/
Event: 32.018 Thread 0x00000249cf1e2800 Implicit null exception at 0x00000249bfdebdb5 to 0x00000249bfdf06f2
Event: 180.197 Thread 0x00000249cf136000 Implicit null exception at 0x00000249b8efbf1d to 0x00000249b8efc89d
Event: 180.197 Thread 0x00000249cf136000 Exception <a 'java/lang/NullPointerException'{0x000000008ac23ac8}> (0x000000008ac23ac8) thrown at [t:/workspace/open/src/hotspot/share/runtime/sharedRuntime.cpp, line 600]

Events (10 events):
Event: 180.191 Executing VM operation: CGC_Operation done
Event: 180.197 loading class java/lang/Throwable$WrappedPrintStream
Event: 180.197 loading class java/lang/Throwable$PrintStreamOrWriter
Event: 180.197 loading class java/lang/Throwable$PrintStreamOrWriter done
Event: 180.197 loading class java/lang/Throwable$WrappedPrintStream done
Event: 180.197 loading class java/lang/StackTraceElement$HashedModules
Event: 180.197 loading class java/lang/StackTraceElement$HashedModules done
Event: 180.198 Executing VM operation: CGC_Operation
Event: 180.199 Executing VM operation: CGC_Operation done
Event: 180.936 Executing VM operation: G1IncCollectionPause


Dynamic libraries:
0x00007ff64be20000 - 0x00007ff64be5e000 	C:\Program Files\Java\jdk-10.0.2\bin\java.exe
0x00007ffd7aa50000 - 0x00007ffd7ac31000 	C:\WINDOWS\SYSTEM32\ntdll.dll
0x00007ffd65dc0000 - 0x00007ffd65dd2000 	C:\Program Files\AVAST Software\Avast\aswhook.dll
0x00007ffd78130000 - 0x00007ffd781e1000 	C:\WINDOWS\System32\KERNEL32.DLL
0x00007ffd77090000 - 0x00007ffd77303000 	C:\WINDOWS\System32\KERNELBASE.dll
0x00007ffd77ee0000 - 0x00007ffd77f81000 	C:\WINDOWS\System32\ADVAPI32.dll
0x00007ffd7a800000 - 0x00007ffd7a89e000 	C:\WINDOWS\System32\msvcrt.dll
0x00007ffd78060000 - 0x00007ffd780bb000 	C:\WINDOWS\System32\sechost.dll
0x00007ffd78d10000 - 0x00007ffd78e34000 	C:\WINDOWS\System32\RPCRT4.dll
0x00007ffd7a670000 - 0x00007ffd7a800000 	C:\WINDOWS\System32\USER32.dll
0x00007ffd77360000 - 0x00007ffd77380000 	C:\WINDOWS\System32\win32u.dll
0x00007ffd78380000 - 0x00007ffd783a8000 	C:\WINDOWS\System32\GDI32.dll
0x00007ffd775d0000 - 0x00007ffd77762000 	C:\WINDOWS\System32\gdi32full.dll
0x00007ffd77480000 - 0x00007ffd7751f000 	C:\WINDOWS\System32\msvcp_win.dll
0x00007ffd77380000 - 0x00007ffd77478000 	C:\WINDOWS\System32\ucrtbase.dll
0x00007ffd68390000 - 0x00007ffd685f9000 	C:\WINDOWS\WinSxS\amd64_microsoft.windows.common-controls_6595b64144ccf1df_6.0.17134.706_none_fb43a2cb30647007\COMCTL32.dll
0x00007ffd7a2a0000 - 0x00007ffd7a5c2000 	C:\WINDOWS\System32\combase.dll
0x00007ffd76e20000 - 0x00007ffd76e9a000 	C:\WINDOWS\System32\bcryptPrimitives.dll
0x00007ffd65db0000 - 0x00007ffd65dba000 	C:\WINDOWS\SYSTEM32\VERSION.dll
0x00007ffd781f0000 - 0x00007ffd7821d000 	C:\WINDOWS\System32\IMM32.DLL
0x00007ffd48c90000 - 0x00007ffd48d7f000 	C:\Program Files\Java\jdk-10.0.2\bin\msvcr120.dll
0x00007ffd411c0000 - 0x00007ffd41266000 	C:\Program Files\Java\jdk-10.0.2\bin\msvcp120.dll
0x000000006c9f0000 - 0x000000006d460000 	C:\Program Files\Java\jdk-10.0.2\bin\server\jvm.dll
0x00007ffd7a8a0000 - 0x00007ffd7a8a8000 	C:\WINDOWS\System32\PSAPI.DLL
0x00007ffd68a50000 - 0x00007ffd68a59000 	C:\WINDOWS\SYSTEM32\WSOCK32.dll
0x00007ffd78460000 - 0x00007ffd784cc000 	C:\WINDOWS\System32\WS2_32.dll
0x00007ffd74fb0000 - 0x00007ffd74fd3000 	C:\WINDOWS\SYSTEM32\WINMM.dll
0x00007ffd74f80000 - 0x00007ffd74faa000 	C:\WINDOWS\SYSTEM32\WINMMBASE.dll
0x00007ffd77310000 - 0x00007ffd77359000 	C:\WINDOWS\System32\cfgmgr32.dll
0x00007ffd73770000 - 0x00007ffd7377f000 	C:\Program Files\Java\jdk-10.0.2\bin\verify.dll
0x00007ffd64810000 - 0x00007ffd649d9000 	C:\WINDOWS\SYSTEM32\DBGHELP.DLL
0x00007ffd64720000 - 0x00007ffd64749000 	C:\WINDOWS\SYSTEM32\dbgcore.DLL
0x00007ffd70a70000 - 0x00007ffd70a97000 	C:\Program Files\Java\jdk-10.0.2\bin\java.dll
0x00007ffd71450000 - 0x00007ffd7147a000 	C:\Program Files\Java\jdk-10.0.2\bin\instrument.dll
0x00007ffd6d0a0000 - 0x00007ffd6d0b6000 	C:\Program Files\Java\jdk-10.0.2\bin\zip.dll
0x00007ffd736e0000 - 0x00007ffd736ea000 	C:\Program Files\Java\jdk-10.0.2\bin\jimage.dll
0x00007ffd78e60000 - 0x00007ffd7a2a0000 	C:\WINDOWS\System32\SHELL32.dll
0x00007ffd783b0000 - 0x00007ffd78459000 	C:\WINDOWS\System32\shcore.dll
0x00007ffd77770000 - 0x00007ffd77e7d000 	C:\WINDOWS\System32\windows.storage.dll
0x00007ffd786c0000 - 0x00007ffd78711000 	C:\WINDOWS\System32\shlwapi.dll
0x00007ffd76e00000 - 0x00007ffd76e11000 	C:\WINDOWS\System32\kernel.appcore.dll
0x00007ffd76de0000 - 0x00007ffd76dff000 	C:\WINDOWS\System32\profapi.dll
0x00007ffd76d60000 - 0x00007ffd76dac000 	C:\WINDOWS\System32\powrprof.dll
0x00007ffd76db0000 - 0x00007ffd76dba000 	C:\WINDOWS\System32\FLTLIB.DLL
0x00007ffd6d040000 - 0x00007ffd6d05a000 	C:\Program Files\Java\jdk-10.0.2\bin\net.dll
0x00007ffd71e50000 - 0x00007ffd71f2d000 	C:\WINDOWS\SYSTEM32\WINHTTP.dll
0x00007ffd76530000 - 0x00007ffd76596000 	C:\WINDOWS\system32\mswsock.dll
0x00007ffd6ab70000 - 0x00007ffd6ab81000 	C:\Program Files\Java\jdk-10.0.2\bin\nio.dll
0x00007ffd75070000 - 0x00007ffd7508a000 	C:\Program Files\JetBrains\IntelliJ IDEA 2018.1.4\bin\breakgen64.dll
0x00000249accf0000 - 0x00000249accf3000 	C:\Program Files\Java\jdk-10.0.2\bin\api-ms-win-core-console-l1-1-0.dll
0x00000249acd00000 - 0x00000249acd03000 	C:\Program Files\Java\jdk-10.0.2\bin\api-ms-win-core-datetime-l1-1-0.dll
0x00000249acd10000 - 0x00000249acd13000 	C:\Program Files\Java\jdk-10.0.2\bin\api-ms-win-core-debug-l1-1-0.dll
0x00000249acd20000 - 0x00000249acd23000 	C:\Program Files\Java\jdk-10.0.2\bin\api-ms-win-core-errorhandling-l1-1-0.dll
0x00000249acd30000 - 0x00000249acd34000 	C:\Program Files\Java\jdk-10.0.2\bin\api-ms-win-core-file-l1-1-0.dll
0x00000249acd40000 - 0x00000249acd43000 	C:\Program Files\Java\jdk-10.0.2\bin\api-ms-win-core-file-l1-2-0.dll
0x00000249acd50000 - 0x00000249acd53000 	C:\Program Files\Java\jdk-10.0.2\bin\api-ms-win-core-file-l2-1-0.dll
0x00000249acd60000 - 0x00000249acd63000 	C:\Program Files\Java\jdk-10.0.2\bin\api-ms-win-core-handle-l1-1-0.dll
0x00000249acd70000 - 0x00000249acd73000 	C:\Program Files\Java\jdk-10.0.2\bin\api-ms-win-core-heap-l1-1-0.dll
0x00000249acd80000 - 0x00000249acd83000 	C:\Program Files\Java\jdk-10.0.2\bin\api-ms-win-core-interlocked-l1-1-0.dll
0x00000249acd90000 - 0x00000249acd93000 	C:\Program Files\Java\jdk-10.0.2\bin\api-ms-win-core-libraryloader-l1-1-0.dll
0x00000249acda0000 - 0x00000249acda3000 	C:\Program Files\Java\jdk-10.0.2\bin\api-ms-win-core-localization-l1-2-0.dll
0x00000249cf6f0000 - 0x00000249cf6f3000 	C:\Program Files\Java\jdk-10.0.2\bin\api-ms-win-core-memory-l1-1-0.dll
0x00000249cf700000 - 0x00000249cf703000 	C:\Program Files\Java\jdk-10.0.2\bin\api-ms-win-core-namedpipe-l1-1-0.dll
0x00000249cf710000 - 0x00000249cf713000 	C:\Program Files\Java\jdk-10.0.2\bin\api-ms-win-core-processenvironment-l1-1-0.dll
0x00000249cf720000 - 0x00000249cf723000 	C:\Program Files\Java\jdk-10.0.2\bin\api-ms-win-core-processthreads-l1-1-0.dll
0x00000249cf730000 - 0x00000249cf733000 	C:\Program Files\Java\jdk-10.0.2\bin\api-ms-win-core-processthreads-l1-1-1.dll
0x00000249cf740000 - 0x00000249cf743000 	C:\Program Files\Java\jdk-10.0.2\bin\api-ms-win-core-profile-l1-1-0.dll
0x00000249cf750000 - 0x00000249cf753000 	C:\Program Files\Java\jdk-10.0.2\bin\api-ms-win-core-rtlsupport-l1-1-0.dll
0x00000249cf760000 - 0x00000249cf763000 	C:\Program Files\Java\jdk-10.0.2\bin\api-ms-win-core-string-l1-1-0.dll
0x00000249cf770000 - 0x00000249cf773000 	C:\Program Files\Java\jdk-10.0.2\bin\api-ms-win-core-synch-l1-1-0.dll
0x00000249cf780000 - 0x00000249cf783000 	C:\Program Files\Java\jdk-10.0.2\bin\api-ms-win-core-synch-l1-2-0.dll
0x00000249cf790000 - 0x00000249cf793000 	C:\Program Files\Java\jdk-10.0.2\bin\api-ms-win-core-sysinfo-l1-1-0.dll
0x00000249cf7a0000 - 0x00000249cf7a3000 	C:\Program Files\Java\jdk-10.0.2\bin\api-ms-win-core-timezone-l1-1-0.dll
0x00000249cf7b0000 - 0x00000249cf7b3000 	C:\Program Files\Java\jdk-10.0.2\bin\api-ms-win-core-util-l1-1-0.dll
0x00000249cf7c0000 - 0x00000249cf7c3000 	C:\Program Files\Java\jdk-10.0.2\bin\api-ms-win-crt-conio-l1-1-0.dll
0x00000249cf7d0000 - 0x00000249cf7d4000 	C:\Program Files\Java\jdk-10.0.2\bin\api-ms-win-crt-convert-l1-1-0.dll
0x00000249cf7e0000 - 0x00000249cf7e3000 	C:\Program Files\Java\jdk-10.0.2\bin\api-ms-win-crt-environment-l1-1-0.dll
0x00000249cf7f0000 - 0x00000249cf7f3000 	C:\Program Files\Java\jdk-10.0.2\bin\api-ms-win-crt-filesystem-l1-1-0.dll
0x00000249cf800000 - 0x00000249cf803000 	C:\Program Files\Java\jdk-10.0.2\bin\api-ms-win-crt-heap-l1-1-0.dll
0x00000249cf810000 - 0x00000249cf813000 	C:\Program Files\Java\jdk-10.0.2\bin\api-ms-win-crt-locale-l1-1-0.dll
0x00000249cf820000 - 0x00000249cf825000 	C:\Program Files\Java\jdk-10.0.2\bin\api-ms-win-crt-math-l1-1-0.dll
0x00000249cf830000 - 0x00000249cf835000 	C:\Program Files\Java\jdk-10.0.2\bin\api-ms-win-crt-multibyte-l1-1-0.dll
0x00000249cf840000 - 0x00000249cf850000 	C:\Program Files\Java\jdk-10.0.2\bin\api-ms-win-crt-private-l1-1-0.dll
0x00000249cf850000 - 0x00000249cf853000 	C:\Program Files\Java\jdk-10.0.2\bin\api-ms-win-crt-process-l1-1-0.dll
0x00000249cf860000 - 0x00000249cf864000 	C:\Program Files\Java\jdk-10.0.2\bin\api-ms-win-crt-runtime-l1-1-0.dll
0x00000249cf870000 - 0x00000249cf874000 	C:\Program Files\Java\jdk-10.0.2\bin\api-ms-win-crt-stdio-l1-1-0.dll
0x00000249cf880000 - 0x00000249cf884000 	C:\Program Files\Java\jdk-10.0.2\bin\api-ms-win-crt-string-l1-1-0.dll
0x00000249cf890000 - 0x00000249cf893000 	C:\Program Files\Java\jdk-10.0.2\bin\api-ms-win-crt-time-l1-1-0.dll
0x00000249cf8a0000 - 0x00000249cf8a3000 	C:\Program Files\Java\jdk-10.0.2\bin\api-ms-win-crt-utility-l1-1-0.dll
0x00007ffd68dd0000 - 0x00007ffd68ec6000 	C:\Program Files\Java\jdk-10.0.2\bin\ucrtbase.dll
0x00007ffd73710000 - 0x00007ffd73726000 	C:\Program Files\Java\jdk-10.0.2\bin\vcruntime140.dll
0x00007ffd68d30000 - 0x00007ffd68dcc000 	C:\Program Files\Java\jdk-10.0.2\bin\msvcp140.dll
0x00007ffd68cd0000 - 0x00007ffd68d21000 	C:\Program Files\Java\jdk-10.0.2\bin\concrt140.dll
0x00007ffd6a9a0000 - 0x00007ffd6a9c3000 	C:\Program Files\Java\jdk-10.0.2\bin\prism_d3d.dll
0x00007ffd2f290000 - 0x00007ffd2f427000 	C:\WINDOWS\system32\d3d9.dll
0x00007ffd754b0000 - 0x00007ffd754d9000 	C:\WINDOWS\SYSTEM32\dwmapi.dll
0x00007ffd75260000 - 0x00007ffd752f8000 	C:\WINDOWS\system32\uxtheme.dll
0x00007ffd24c10000 - 0x00007ffd24de7000 	C:\WINDOWS\System32\DriverStore\FileRepository\igdlh64.inf_amd64_250db833a1cd577e\igdumdim64.dll
0x00007ffd0ad10000 - 0x00007ffd0dd0d000 	C:\WINDOWS\System32\DriverStore\FileRepository\igdlh64.inf_amd64_250db833a1cd577e\igd9dxva64.dll
0x00007ffd78220000 - 0x00007ffd78371000 	C:\WINDOWS\System32\ole32.dll
0x00007ffd77f90000 - 0x00007ffd78052000 	C:\WINDOWS\System32\OLEAUT32.dll
0x00007ffd68c80000 - 0x00007ffd68cca000 	C:\Program Files\Java\jdk-10.0.2\bin\glass.dll
0x00007ffd7a8b0000 - 0x00007ffd7a99d000 	C:\WINDOWS\System32\COMDLG32.dll
0x00007ffd784e0000 - 0x00007ffd78653000 	C:\WINDOWS\System32\MSCTF.dll
0x00007ffd6dcc0000 - 0x00007ffd6fa55000 	C:\WINDOWS\System32\DriverStore\FileRepository\igdlh64.inf_amd64_250db833a1cd577e\igc64.dll
0x00007ffd6d170000 - 0x00007ffd6d184000 	C:\Program Files\Java\jdk-10.0.2\bin\javafx_font.dll
0x00007ffd4bd40000 - 0x00007ffd4bedb000 	C:\Program Files\Java\jdk-10.0.2\bin\awt.dll
0x00007ffd74170000 - 0x00007ffd74737000 	C:\WINDOWS\SYSTEM32\d2d1.dll
0x00007ffd750b0000 - 0x00007ffd7513b000 	C:\WINDOWS\SYSTEM32\apphelp.dll
0x00007ffd68c10000 - 0x00007ffd68c75000 	C:\Program Files\Java\jdk-10.0.2\bin\fontmanager.dll
0x00007ffd6b9f0000 - 0x00007ffd6bd0c000 	C:\WINDOWS\SYSTEM32\dwrite.dll
0x00007ffd68640000 - 0x00007ffd68656000 	C:\WINDOWS\system32\napinsp.dll
0x00007ffd68600000 - 0x00007ffd6861a000 	C:\WINDOWS\system32\pnrpnsp.dll
0x00007ffd73540000 - 0x00007ffd73559000 	C:\WINDOWS\system32\NLAapi.dll
0x00007ffd76310000 - 0x00007ffd763ce000 	C:\WINDOWS\SYSTEM32\DNSAPI.dll
0x00007ffd78120000 - 0x00007ffd78128000 	C:\WINDOWS\System32\NSI.dll
0x00007ffd762c0000 - 0x00007ffd762f8000 	C:\WINDOWS\SYSTEM32\IPHLPAPI.DLL
0x00007ffd68b00000 - 0x00007ffd68b0e000 	C:\WINDOWS\System32\winrnr.dll
0x00007ffd6a360000 - 0x00007ffd6a36a000 	C:\Windows\System32\rasadhlp.dll
0x00007ffd6b630000 - 0x00007ffd6b6a2000 	C:\WINDOWS\System32\fwpuclnt.dll
0x00007ffd76ab0000 - 0x00007ffd76ad5000 	C:\WINDOWS\SYSTEM32\bcrypt.dll
0x00007ffd76a90000 - 0x00007ffd76aa7000 	C:\WINDOWS\SYSTEM32\CRYPTSP.dll
0x00007ffd76120000 - 0x00007ffd76153000 	C:\WINDOWS\system32\rsaenh.dll
0x00007ffd76c60000 - 0x00007ffd76c88000 	C:\WINDOWS\SYSTEM32\USERENV.dll
0x00007ffd76690000 - 0x00007ffd7669b000 	C:\WINDOWS\SYSTEM32\CRYPTBASE.dll
0x00007ffd6fd10000 - 0x00007ffd6fd26000 	C:\WINDOWS\SYSTEM32\dhcpcsvc6.DLL
0x00007ffd6fc80000 - 0x00007ffd6fc9a000 	C:\WINDOWS\SYSTEM32\dhcpcsvc.DLL
0x00007ffd67ec0000 - 0x00007ffd67ee3000 	C:\Program Files\Java\jdk-10.0.2\bin\sunec.dll

dbghelp: loaded successfully - version: 4.0.5 - missing functions: none
symbol engine: initialized successfully - sym options: 0x614 - pdb path: .;C:\Program Files\Java\jdk-10.0.2\bin;C:\WINDOWS\SYSTEM32;C:\Program Files\AVAST Software\Avast;C:\WINDOWS\WinSxS\amd64_microsoft.windows.common-controls_6595b64144ccf1df_6.0.17134.706_none_fb43a2cb30647007;C:\Program Files\Java\jdk-10.0.2\bin\server;C:\Program Files\JetBrains\IntelliJ IDEA 2018.1.4\bin;C:\WINDOWS\System32\DriverStore\FileRepository\igdlh64.inf_amd64_250db833a1cd577e;C:\Program Files\Common Files\Microsoft Shared\Ink;C:\WINDOWS\WinSxS\amd64_microsoft.windows.gdiplus_6595b64144ccf1df_1.1.17134.706_none_2c2e95b08af6e9d5;C:\Program Files\Google\Drive File Stream\30.1.36.2348;C:\Program Files (x86)\Dropbox\Client;C:\Users\izquierda\AppData\Local\Microsoft\OneDrive\19.043.0304.0007\amd64

VM Arguments:
jvm_args: -javaagent:C:\Program Files\JetBrains\IntelliJ IDEA 2018.1.4\lib\idea_rt.jar=52839:C:\Program Files\JetBrains\IntelliJ IDEA 2018.1.4\bin -Dfile.encoding=UTF-8 
java_command: MateriasPrimasImagenes.inicioMpImagenes
java_class_path (initial): N:\Marzo\out\production\Marzo;C:\Users\izquierda\.IntelliJIdea2018.1\config\plugins\Kotlin\kotlinc\lib\kotlin-stdlib.jar;C:\Users\izquierda\.IntelliJIdea2018.1\config\plugins\Kotlin\kotlinc\lib\kotlin-reflect.jar;C:\Users\izquierda\.IntelliJIdea2018.1\config\plugins\Kotlin\kotlinc\lib\kotlin-test.jar;C:\Users\izquierda\.IntelliJIdea2018.1\config\plugins\Kotlin\kotlinc\lib\kotlin-stdlib-jdk7.jar;C:\Users\izquierda\.IntelliJIdea2018.1\config\plugins\Kotlin\kotlinc\lib\kotlin-stdlib-jdk8.jar;N:\Marzo\lib\mssql-jdbc-7.0.0.jre8.jar;N:\Marzo\lib\commons-beanutils-1.9.0.jar;N:\Marzo\lib\commons-collections-3.2.1.jar;N:\Marzo\lib\commons-digester-2.1.jar;N:\Marzo\lib\commons-logging-1.1.1.jar;N:\Marzo\lib\groovy-all-2.0.1.jar;N:\Marzo\lib\gson-2.8.5.jar;N:\Marzo\lib\itext-1.4.7.jar;N:\Marzo\lib\itext-pdfa-5.5.0.jar;N:\Marzo\lib\itextpdf-5.5.0.jar;N:\Marzo\lib\jasperreports-6.0.0.jar
Launcher Type: SUN_STANDARD

Logging:
Log output configuration:
#0: stdout all=warning uptime,level,tags
#1: stderr all=off uptime,level,tags

Environment Variables:
JAVA_HOME=C:\Program Files\Java\jdk1.8.0_131
CLASSPATH=J:\Basededatos\driver7\sqljdbc_7.0\esn\mssql-jdbc-7.0.0.jre8.jar
PATH=C:\ProgramData\DockerDesktop\version-bin;C:\Program Files\Docker\Docker\Resources\bin;C:\Program Files (x86)\Common Files\Oracle\Java\javapath;C:\ProgramData\Oracle\Java\javapath;C:\Program Files\Microsoft MPI\Bin\;C:\Program Files (x86)\Intel\iCLS Client\;C:\Program Files\Intel\iCLS Client\;C:\WINDOWS\system32;C:\WINDOWS;C:\WINDOWS\System32\Wbem;C:\WINDOWS\System32\WindowsPowerShell\v1.0\;C:\Program Files (x86)\Intel\Intel(R) Management Engine Components\DAL;C:\Program Files\Intel\Intel(R) Management Engine Components\DAL;C:\Program Files (x86)\Intel\Intel(R) Management Engine Components\IPT;C:\Program Files\Intel\Intel(R) Management Engine Components\IPT;C:\Program Files\nodejs\;C:\Program Files\AutoFirma\AutoFirma;E:\Trabajo2017\xampp\php;C:\Program Files\dotnet\;C:\Program Files\Microsoft SQL Server\130\Tools\Binn\;C:\Program Files\Git\cmd;C:\Program Files (x86)\GtkSharp\2.12\bin;C:\Program Files (x86)\Microsoft SQL Server\Client SDK\ODBC\130\Tools\Binn\;C:\Program Files (x86)\Microsoft SQL Server\140\Tools\Binn\;C:\Program Files (x86)\Microsoft SQL Server\140\DTS\Binn\;C:\Program Files (x86)\Microsoft SQL Server\140\Tools\Binn\ManagementStudio\;C:\WINDOWS\System32\OpenSSH\;C:\Program Files (x86)\Microsoft Emulator Manager\1.0\;C:\Program Files (x86)\Windows Kits\10\Windows Performance Toolkit\;C:\Program Files (x86)\Windows Kits\10\Microsoft Application Virtualization\Sequencer\;C:\Users\izquierda\AppData\Roaming\npm;C:\Program Files (x86)\Microsoft VS Code\bin;C:\Users\izquierda\AppData\Local\Microsoft\WindowsApps;C:\Program Files\Java\jdk1.8.0_131\bin;C:\gradle\gradle-4.6\bin
USERNAME=izquierda
OS=Windows_NT
PROCESSOR_IDENTIFIER=Intel64 Family 6 Model 94 Stepping 3, GenuineIntel



---------------  S Y S T E M  ---------------

OS: Windows 10 , 64 bit Build 17134 (10.0.17134.706)

CPU:total 4 (initial active 4) (4 cores per cpu, 1 threads per core) family 6 model 94 stepping 3, cmov, cx8, fxsr, mmx, sse, sse2, sse3, ssse3, sse4.1, sse4.2, popcnt, avx, avx2, aes, clmul, erms, 3dnowpref, lzcnt, tsc, tscinvbit, bmi1, bmi2, adx, fma

Memory: 4k page, physical 8285588k(1072116k free), swap 12479892k(5600k free)

vm_info: Java HotSpot(TM) 64-Bit Server VM (10.0.2+13) for windows-amd64 JRE (10.0.2+13), built on Jun 28 2018 01:57:56 by "mach5one" with MS VC++ 12.0 (VS2013)

END.
