#
# There is insufficient memory for the Java Runtime Environment to continue.
# Native memory allocation (malloc) failed to allocate 747936 bytes for Chunk::new
# Possible reasons:
#   The system is out of physical RAM or swap space
#   The process is running with CompressedOops enabled, and the Java Heap may be blocking the growth of the native heap
# Possible solutions:
#   Reduce memory load on the system
#   Increase physical memory or swap space
#   Check if swap backing store is full
#   Decrease Java heap size (-Xmx/-Xms)
#   Decrease number of Java threads
#   Decrease Java thread stack sizes (-Xss)
#   Set larger code cache with -XX:ReservedCodeCacheSize=
#   JVM is running with Unscaled Compressed Oops mode in which the Java heap is
#     placed in the first 4GB address space. The Java Heap base address is the
#     maximum limit for the native heap growth. Please use -XX:HeapBaseMinAddress
#     to set the Java Heap base and to place the Java Heap above 4GB virtual address.
# This output file may be truncated or incomplete.
#
#  Out of Memory Error (t:/workspace/open/src/hotspot/share/memory/arena.cpp:198), pid=11108, tid=15136
#
# JRE version: Java(TM) SE Runtime Environment (10.0.2+13) (build 10.0.2+13)
# Java VM: Java HotSpot(TM) 64-Bit Server VM (10.0.2+13, mixed mode, tiered, compressed oops, g1 gc, windows-amd64)
# No core dump will be written. Minidumps are not enabled by default on client versions of Windows
#

---------------  S U M M A R Y ------------

Command Line: -javaagent:C:\Program Files\JetBrains\IntelliJ IDEA 2018.1.4\lib\idea_rt.jar=59146:C:\Program Files\JetBrains\IntelliJ IDEA 2018.1.4\bin -Dfile.encoding=UTF-8 inicio

Host: Intel(R) Core(TM) i5-6400 CPU @ 2.70GHz, 4 cores, 7G,  Windows 10 , 64 bit Build 17134 (10.0.17134.648)
Time: Mon Mar 25 18:43:00 2019 Hora estándar romance elapsed time: 2 seconds (0d 0h 0m 2s)

---------------  T H R E A D  ---------------

Current thread (0x000001f5ec26f000):  JavaThread "C2 CompilerThread0" daemon [_thread_in_native, id=15136, stack(0x000000f0a4d00000,0x000000f0a4e00000)]


Current CompileTask:
C2:   2978 1053   !   4       com.sun.javafx.css.ParsedValueImpl::readBinary (688 bytes)

Stack: [0x000000f0a4d00000,0x000000f0a4e00000]
Native frames: (J=compiled Java code, j=interpreted, Vv=VM code, C=native code)
V  [jvm.dll+0x5a01a9]
V  [jvm.dll+0x6bcf31]
V  [jvm.dll+0x6be126]
V  [jvm.dll+0x6be7b3]
V  [jvm.dll+0x234978]
V  [jvm.dll+0xbb69c]
V  [jvm.dll+0xbbbac]
V  [jvm.dll+0x2a68e4]
V  [jvm.dll+0x4bf92a]
V  [jvm.dll+0x2011b0]
V  [jvm.dll+0x1ff0a1]
V  [jvm.dll+0x17c94b]
V  [jvm.dll+0x20c8dd]
V  [jvm.dll+0x20b6a6]
V  [jvm.dll+0x68b7ff]
V  [jvm.dll+0x59f4b0]
C  [msvcr120.dll+0x24f7f]
C  [msvcr120.dll+0x25126]
C  [KERNEL32.DLL+0x13dc4]
C  [ntdll.dll+0x73691]


---------------  P R O C E S S  ---------------

Threads class SMR info:
_java_thread_list=0x000001f5ee550610, length=18, elements={
0x000001f5caea0000, 0x000001f5ec243800, 0x000001f5ec245800, 0x000001f5ecbf3800,
0x000001f5ec26c000, 0x000001f5ec26f000, 0x000001f5ecc35000, 0x000001f5ecc39800,
0x000001f5ecc5e800, 0x000001f5ecf63800, 0x000001f5ecf60800, 0x000001f5ecfbc800,
0x000001f5ed169800, 0x000001f5ed2c0800, 0x000001f5ed7ae800, 0x000001f5ee4b1800,
0x000001f5ee434800, 0x000001f5ed46e000
}

Java Threads: ( => current thread )
  0x000001f5caea0000 JavaThread "main" [_thread_blocked, id=8976, stack(0x000000f0a3c00000,0x000000f0a3d00000)]
  0x000001f5ec243800 JavaThread "Reference Handler" daemon [_thread_blocked, id=6980, stack(0x000000f0a4900000,0x000000f0a4a00000)]
  0x000001f5ec245800 JavaThread "Finalizer" daemon [_thread_blocked, id=4652, stack(0x000000f0a4a00000,0x000000f0a4b00000)]
  0x000001f5ecbf3800 JavaThread "Signal Dispatcher" daemon [_thread_blocked, id=16304, stack(0x000000f0a4b00000,0x000000f0a4c00000)]
  0x000001f5ec26c000 JavaThread "Attach Listener" daemon [_thread_blocked, id=11800, stack(0x000000f0a4c00000,0x000000f0a4d00000)]
=>0x000001f5ec26f000 JavaThread "C2 CompilerThread0" daemon [_thread_in_native, id=15136, stack(0x000000f0a4d00000,0x000000f0a4e00000)]
  0x000001f5ecc35000 JavaThread "C2 CompilerThread1" daemon [_thread_in_native, id=1176, stack(0x000000f0a4e00000,0x000000f0a4f00000)]
  0x000001f5ecc39800 JavaThread "C1 CompilerThread2" daemon [_thread_blocked, id=1428, stack(0x000000f0a4f00000,0x000000f0a5000000)]
  0x000001f5ecc5e800 JavaThread "Sweeper thread" daemon [_thread_blocked, id=10464, stack(0x000000f0a5000000,0x000000f0a5100000)]
  0x000001f5ecf63800 JavaThread "Common-Cleaner" daemon [_thread_blocked, id=6840, stack(0x000000f0a5100000,0x000000f0a5200000)]
  0x000001f5ecf60800 JavaThread "Monitor Ctrl-Break" daemon [_thread_in_native, id=7476, stack(0x000000f0a5200000,0x000000f0a5300000)]
  0x000001f5ecfbc800 JavaThread "Service Thread" daemon [_thread_blocked, id=11728, stack(0x000000f0a5300000,0x000000f0a5400000)]
  0x000001f5ed169800 JavaThread "QuantumRenderer-0" daemon [_thread_blocked, id=15200, stack(0x000000f0a5500000,0x000000f0a5600000)]
  0x000001f5ed2c0800 JavaThread "InvokeLaterDispatcher" daemon [_thread_blocked, id=12516, stack(0x000000f0a5600000,0x000000f0a5700000)]
  0x000001f5ed7ae800 JavaThread "JavaFX Application Thread" [_thread_blocked, id=16160, stack(0x000000f0a5700000,0x000000f0a5800000)]
  0x000001f5ee4b1800 JavaThread "JavaFX-Launcher" [_thread_blocked, id=16292, stack(0x000000f0a5b00000,0x000000f0a5c00000)]
  0x000001f5ee434800 JavaThread "Thread-2" daemon [_thread_blocked, id=6056, stack(0x000000f0a5a00000,0x000000f0a5b00000)]
  0x000001f5ed46e000 JavaThread "Java2D Disposer" daemon [_thread_blocked, id=3644, stack(0x000000f0a5d00000,0x000000f0a5e00000)]

Other Threads:
  0x000001f5ec23d800 VMThread "VM Thread" [stack: 0x000000f0a4800000,0x000000f0a4900000] [id=1972]
  0x000001f5ecf66000 WatcherThread [stack: 0x000000f0a5400000,0x000000f0a5500000] [id=844]
  0x000001f5caeb9800 GCTaskThread "GC Thread#0" [stack: 0x000000f0a3d00000,0x000000f0a3e00000] [id=15884]
  0x000001f5caebb000 GCTaskThread "GC Thread#1" [stack: 0x000000f0a3e00000,0x000000f0a3f00000] [id=1456]
  0x000001f5caebc800 GCTaskThread "GC Thread#2" [stack: 0x000000f0a3f00000,0x000000f0a4000000] [id=1728]
  0x000001f5caebe800 GCTaskThread "GC Thread#3" [stack: 0x000000f0a4000000,0x000000f0a4100000] [id=12524]
  0x000001f5caf24000 ConcurrentGCThread "G1 Main Marker" [stack: 0x000000f0a4100000,0x000000f0a4200000] [id=14412]
  0x000001f5caf27800 ConcurrentGCThread "G1 Conc#0" [stack: 0x000000f0a4200000,0x000000f0a4300000] [id=1008]
  0x000001f5ec0c9800 ConcurrentGCThread "G1 Refine#0" [stack: 0x000000f0a4300000,0x000000f0a4400000] [id=10640]
  0x000001f5ec0ca800 ConcurrentGCThread "G1 Refine#1" [stack: 0x000000f0a4400000,0x000000f0a4500000] [id=2928]
  0x000001f5ec0cb800 ConcurrentGCThread "G1 Refine#2" [stack: 0x000000f0a4500000,0x000000f0a4600000] [id=4888]
  0x000001f5ec0cd000 ConcurrentGCThread "G1 Refine#3" [stack: 0x000000f0a4600000,0x000000f0a4700000] [id=2284]
  0x000001f5ec0d0800 ConcurrentGCThread "G1 Young RemSet Sampling" [stack: 0x000000f0a4700000,0x000000f0a4800000] [id=3252]

Threads with active compile tasks:
C2 CompilerThread01053   !   4       com.sun.javafx.css.ParsedValueImpl::readBinary (688 bytes)
C2 CompilerThread11079       4       java.lang.invoke.InvokerBytecodeGenerator::isStaticallyNameable (116 bytes)
C1 CompilerThread21103       3       java.lang.reflect.ProxyGenerator$ConstantPool::getValue (87 bytes)

VM state:at safepoint (normal execution)

VM Mutex/Monitor currently owned by a thread:  ([mutex/lock_event])
[0x000001f5cae9eb90] Threads_lock - owner thread: 0x000001f5ec23d800
[0x000001f5cae9f370] Heap_lock - owner thread: 0x000001f5ed7ae800

Heap address: 0x0000000081800000, size: 2024 MB, Compressed Oops mode: 32-bit
Narrow klass base: 0x0000000000000000, Narrow klass shift: 3
Compressed class space size: 1073741824 Address: 0x0000000100000000

Heap:
 garbage-first heap   total 131072K, used 4961K [0x0000000081800000, 0x0000000100000000)
  region size 1024K, 1 young (1024K), 1 survivors (1024K)
 Metaspace       used 15108K, capacity 15468K, committed 15616K, reserved 1067008K
  class space    used 1630K, capacity 1787K, committed 1792K, reserved 1048576K
Heap Regions: E=young(eden), S=young(survivor), O=old, HS=humongous(starts), HC=humongous(continues), CS=collection set, F=free, A=archive, TS=gc time stamp, AC=allocation context, TAMS=top-at-mark-start (previous, next)
|   0|0x0000000081800000, 0x0000000081900000, 0x0000000081900000|100%| O|  |TS  1|AC  0|TAMS 0x0000000081800000, 0x0000000081900000|
|   1|0x0000000081900000, 0x0000000081a00000, 0x0000000081a00000|100%| O|  |TS  1|AC  0|TAMS 0x0000000081900000, 0x0000000081a00000|
|   2|0x0000000081a00000, 0x0000000081b00000, 0x0000000081b00000|100%| O|  |TS  2|AC  0|TAMS 0x0000000081a00000, 0x0000000081b00000|
|   3|0x0000000081b00000, 0x0000000081bf0000, 0x0000000081c00000| 93%| O|  |TS  2|AC  0|TAMS 0x0000000081b00000, 0x0000000081bf0000|
|   4|0x0000000081c00000, 0x0000000081c00000, 0x0000000081d00000|  0%| F|  |TS  0|AC  0|TAMS 0x0000000081c00000, 0x0000000081c00000|
|   5|0x0000000081d00000, 0x0000000081d00000, 0x0000000081e00000|  0%| F|  |TS  0|AC  0|TAMS 0x0000000081d00000, 0x0000000081d00000|
|   6|0x0000000081e00000, 0x0000000081e00000, 0x0000000081f00000|  0%| F|  |TS  0|AC  0|TAMS 0x0000000081e00000, 0x0000000081e00000|
|   7|0x0000000081f00000, 0x0000000081f00000, 0x0000000082000000|  0%| F|  |TS  0|AC  0|TAMS 0x0000000081f00000, 0x0000000081f00000|
|   8|0x0000000082000000, 0x0000000082000000, 0x0000000082100000|  0%| F|  |TS  0|AC  0|TAMS 0x0000000082000000, 0x0000000082000000|
|   9|0x0000000082100000, 0x0000000082100000, 0x0000000082200000|  0%| F|  |TS  0|AC  0|TAMS 0x0000000082100000, 0x0000000082100000|
|  10|0x0000000082200000, 0x0000000082200000, 0x0000000082300000|  0%| F|  |TS  0|AC  0|TAMS 0x0000000082200000, 0x0000000082200000|
|  11|0x0000000082300000, 0x0000000082300000, 0x0000000082400000|  0%| F|  |TS  0|AC  0|TAMS 0x0000000082300000, 0x0000000082300000|
|  12|0x0000000082400000, 0x0000000082400000, 0x0000000082500000|  0%| F|  |TS  0|AC  0|TAMS 0x0000000082400000, 0x0000000082400000|
|  13|0x0000000082500000, 0x0000000082500000, 0x0000000082600000|  0%| F|  |TS  0|AC  0|TAMS 0x0000000082500000, 0x0000000082500000|
|  14|0x0000000082600000, 0x0000000082600000, 0x0000000082700000|  0%| F|  |TS  0|AC  0|TAMS 0x0000000082600000, 0x0000000082600000|
|  15|0x0000000082700000, 0x0000000082700000, 0x0000000082800000|  0%| F|  |TS  0|AC  0|TAMS 0x0000000082700000, 0x0000000082700000|
|  16|0x0000000082800000, 0x0000000082800000, 0x0000000082900000|  0%| F|  |TS  0|AC  0|TAMS 0x0000000082800000, 0x0000000082800000|
|  17|0x0000000082900000, 0x0000000082900000, 0x0000000082a00000|  0%| F|  |TS  0|AC  0|TAMS 0x0000000082900000, 0x0000000082900000|
|  18|0x0000000082a00000, 0x0000000082a00000, 0x0000000082b00000|  0%| F|  |TS  0|AC  0|TAMS 0x0000000082a00000, 0x0000000082a00000|
|  19|0x0000000082b00000, 0x0000000082b00000, 0x0000000082c00000|  0%| F|  |TS  0|AC  0|TAMS 0x0000000082b00000, 0x0000000082b00000|
|  20|0x0000000082c00000, 0x0000000082c00000, 0x0000000082d00000|  0%| F|  |TS  0|AC  0|TAMS 0x0000000082c00000, 0x0000000082c00000|
|  21|0x0000000082d00000, 0x0000000082d00000, 0x0000000082e00000|  0%| F|  |TS  0|AC  0|TAMS 0x0000000082d00000, 0x0000000082d00000|
|  22|0x0000000082e00000, 0x0000000082e00000, 0x0000000082f00000|  0%| F|  |TS  0|AC  0|TAMS 0x0000000082e00000, 0x0000000082e00000|
|  23|0x0000000082f00000, 0x0000000082f00000, 0x0000000083000000|  0%| F|  |TS  0|AC  0|TAMS 0x0000000082f00000, 0x0000000082f00000|
|  24|0x0000000083000000, 0x0000000083000000, 0x0000000083100000|  0%| F|  |TS  0|AC  0|TAMS 0x0000000083000000, 0x0000000083000000|
|  25|0x0000000083100000, 0x0000000083100000, 0x0000000083200000|  0%| F|  |TS  0|AC  0|TAMS 0x0000000083100000, 0x0000000083100000|
|  26|0x0000000083200000, 0x0000000083200000, 0x0000000083300000|  0%| F|  |TS  0|AC  0|TAMS 0x0000000083200000, 0x0000000083200000|
|  27|0x0000000083300000, 0x0000000083300000, 0x0000000083400000|  0%| F|  |TS  0|AC  0|TAMS 0x0000000083300000, 0x0000000083300000|
|  28|0x0000000083400000, 0x0000000083400000, 0x0000000083500000|  0%| F|  |TS  0|AC  0|TAMS 0x0000000083400000, 0x0000000083400000|
|  29|0x0000000083500000, 0x0000000083500000, 0x0000000083600000|  0%| F|  |TS  0|AC  0|TAMS 0x0000000083500000, 0x0000000083500000|
|  30|0x0000000083600000, 0x0000000083600000, 0x0000000083700000|  0%| F|  |TS  0|AC  0|TAMS 0x0000000083600000, 0x0000000083600000|
|  31|0x0000000083700000, 0x0000000083700000, 0x0000000083800000|  0%| F|  |TS  0|AC  0|TAMS 0x0000000083700000, 0x0000000083700000|
|  32|0x0000000083800000, 0x0000000083800000, 0x0000000083900000|  0%| F|  |TS  0|AC  0|TAMS 0x0000000083800000, 0x0000000083800000|
|  33|0x0000000083900000, 0x0000000083900000, 0x0000000083a00000|  0%| F|  |TS  0|AC  0|TAMS 0x0000000083900000, 0x0000000083900000|
|  34|0x0000000083a00000, 0x0000000083a00000, 0x0000000083b00000|  0%| F|  |TS  0|AC  0|TAMS 0x0000000083a00000, 0x0000000083a00000|
|  35|0x0000000083b00000, 0x0000000083b00000, 0x0000000083c00000|  0%| F|  |TS  0|AC  0|TAMS 0x0000000083b00000, 0x0000000083b00000|
|  36|0x0000000083c00000, 0x0000000083c00000, 0x0000000083d00000|  0%| F|  |TS  0|AC  0|TAMS 0x0000000083c00000, 0x0000000083c00000|
|  37|0x0000000083d00000, 0x0000000083d00000, 0x0000000083e00000|  0%| F|  |TS  0|AC  0|TAMS 0x0000000083d00000, 0x0000000083d00000|
|  38|0x0000000083e00000, 0x0000000083e00000, 0x0000000083f00000|  0%| F|  |TS  0|AC  0|TAMS 0x0000000083e00000, 0x0000000083e00000|
|  39|0x0000000083f00000, 0x0000000083f00000, 0x0000000084000000|  0%| F|  |TS  0|AC  0|TAMS 0x0000000083f00000, 0x0000000083f00000|
|  40|0x0000000084000000, 0x0000000084000000, 0x0000000084100000|  0%| F|  |TS  0|AC  0|TAMS 0x0000000084000000, 0x0000000084000000|
|  41|0x0000000084100000, 0x0000000084100000, 0x0000000084200000|  0%| F|  |TS  0|AC  0|TAMS 0x0000000084100000, 0x0000000084100000|
|  42|0x0000000084200000, 0x0000000084200000, 0x0000000084300000|  0%| F|  |TS  0|AC  0|TAMS 0x0000000084200000, 0x0000000084200000|
|  43|0x0000000084300000, 0x0000000084300000, 0x0000000084400000|  0%| F|  |TS  0|AC  0|TAMS 0x0000000084300000, 0x0000000084300000|
|  44|0x0000000084400000, 0x0000000084400000, 0x0000000084500000|  0%| F|  |TS  0|AC  0|TAMS 0x0000000084400000, 0x0000000084400000|
|  45|0x0000000084500000, 0x0000000084500000, 0x0000000084600000|  0%| F|  |TS  0|AC  0|TAMS 0x0000000084500000, 0x0000000084500000|
|  46|0x0000000084600000, 0x0000000084600000, 0x0000000084700000|  0%| F|  |TS  0|AC  0|TAMS 0x0000000084600000, 0x0000000084600000|
|  47|0x0000000084700000, 0x0000000084700000, 0x0000000084800000|  0%| F|  |TS  0|AC  0|TAMS 0x0000000084700000, 0x0000000084700000|
|  48|0x0000000084800000, 0x0000000084800000, 0x0000000084900000|  0%| F|  |TS  0|AC  0|TAMS 0x0000000084800000, 0x0000000084800000|
|  49|0x0000000084900000, 0x0000000084900000, 0x0000000084a00000|  0%| F|  |TS  0|AC  0|TAMS 0x0000000084900000, 0x0000000084900000|
|  50|0x0000000084a00000, 0x0000000084a00000, 0x0000000084b00000|  0%| F|  |TS  0|AC  0|TAMS 0x0000000084a00000, 0x0000000084a00000|
|  51|0x0000000084b00000, 0x0000000084b00000, 0x0000000084c00000|  0%| F|  |TS  0|AC  0|TAMS 0x0000000084b00000, 0x0000000084b00000|
|  52|0x0000000084c00000, 0x0000000084c00000, 0x0000000084d00000|  0%| F|  |TS  0|AC  0|TAMS 0x0000000084c00000, 0x0000000084c00000|
|  53|0x0000000084d00000, 0x0000000084d00000, 0x0000000084e00000|  0%| F|  |TS  0|AC  0|TAMS 0x0000000084d00000, 0x0000000084d00000|
|  54|0x0000000084e00000, 0x0000000084e00000, 0x0000000084f00000|  0%| F|  |TS  0|AC  0|TAMS 0x0000000084e00000, 0x0000000084e00000|
|  55|0x0000000084f00000, 0x0000000084f00000, 0x0000000085000000|  0%| F|  |TS  0|AC  0|TAMS 0x0000000084f00000, 0x0000000084f00000|
|  56|0x0000000085000000, 0x0000000085000000, 0x0000000085100000|  0%| F|  |TS  0|AC  0|TAMS 0x0000000085000000, 0x0000000085000000|
|  57|0x0000000085100000, 0x0000000085100000, 0x0000000085200000|  0%| F|  |TS  0|AC  0|TAMS 0x0000000085100000, 0x0000000085100000|
|  58|0x0000000085200000, 0x0000000085200000, 0x0000000085300000|  0%| F|  |TS  0|AC  0|TAMS 0x0000000085200000, 0x0000000085200000|
|  59|0x0000000085300000, 0x0000000085300000, 0x0000000085400000|  0%| F|  |TS  0|AC  0|TAMS 0x0000000085300000, 0x0000000085300000|
|  60|0x0000000085400000, 0x0000000085400000, 0x0000000085500000|  0%| F|  |TS  0|AC  0|TAMS 0x0000000085400000, 0x0000000085400000|
|  61|0x0000000085500000, 0x0000000085500000, 0x0000000085600000|  0%| F|  |TS  0|AC  0|TAMS 0x0000000085500000, 0x0000000085500000|
|  62|0x0000000085600000, 0x0000000085600000, 0x0000000085700000|  0%| F|  |TS  0|AC  0|TAMS 0x0000000085600000, 0x0000000085600000|
|  63|0x0000000085700000, 0x0000000085700000, 0x0000000085800000|  0%| F|  |TS  0|AC  0|TAMS 0x0000000085700000, 0x0000000085700000|
|  64|0x0000000085800000, 0x0000000085800000, 0x0000000085900000|  0%| F|  |TS  0|AC  0|TAMS 0x0000000085800000, 0x0000000085800000|
|  65|0x0000000085900000, 0x0000000085900000, 0x0000000085a00000|  0%| F|  |TS  0|AC  0|TAMS 0x0000000085900000, 0x0000000085900000|
|  66|0x0000000085a00000, 0x0000000085a00000, 0x0000000085b00000|  0%| F|  |TS  0|AC  0|TAMS 0x0000000085a00000, 0x0000000085a00000|
|  67|0x0000000085b00000, 0x0000000085b00000, 0x0000000085c00000|  0%| F|  |TS  0|AC  0|TAMS 0x0000000085b00000, 0x0000000085b00000|
|  68|0x0000000085c00000, 0x0000000085c00000, 0x0000000085d00000|  0%| F|  |TS  0|AC  0|TAMS 0x0000000085c00000, 0x0000000085c00000|
|  69|0x0000000085d00000, 0x0000000085d00000, 0x0000000085e00000|  0%| F|  |TS  0|AC  0|TAMS 0x0000000085d00000, 0x0000000085d00000|
|  70|0x0000000085e00000, 0x0000000085e00000, 0x0000000085f00000|  0%| F|  |TS  0|AC  0|TAMS 0x0000000085e00000, 0x0000000085e00000|
|  71|0x0000000085f00000, 0x0000000085f00000, 0x0000000086000000|  0%| F|  |TS  0|AC  0|TAMS 0x0000000085f00000, 0x0000000085f00000|
|  72|0x0000000086000000, 0x0000000086000000, 0x0000000086100000|  0%| F|  |TS  0|AC  0|TAMS 0x0000000086000000, 0x0000000086000000|
|  73|0x0000000086100000, 0x0000000086100000, 0x0000000086200000|  0%| F|  |TS  0|AC  0|TAMS 0x0000000086100000, 0x0000000086100000|
|  74|0x0000000086200000, 0x0000000086200000, 0x0000000086300000|  0%| F|  |TS  0|AC  0|TAMS 0x0000000086200000, 0x0000000086200000|
|  75|0x0000000086300000, 0x0000000086300000, 0x0000000086400000|  0%| F|  |TS  0|AC  0|TAMS 0x0000000086300000, 0x0000000086300000|
|  76|0x0000000086400000, 0x0000000086400000, 0x0000000086500000|  0%| F|  |TS  0|AC  0|TAMS 0x0000000086400000, 0x0000000086400000|
|  77|0x0000000086500000, 0x0000000086500000, 0x0000000086600000|  0%| F|  |TS  0|AC  0|TAMS 0x0000000086500000, 0x0000000086500000|
|  78|0x0000000086600000, 0x0000000086600000, 0x0000000086700000|  0%| F|  |TS  0|AC  0|TAMS 0x0000000086600000, 0x0000000086600000|
|  79|0x0000000086700000, 0x0000000086700000, 0x0000000086800000|  0%| F|  |TS  0|AC  0|TAMS 0x0000000086700000, 0x0000000086700000|
|  80|0x0000000086800000, 0x0000000086800000, 0x0000000086900000|  0%| F|  |TS  0|AC  0|TAMS 0x0000000086800000, 0x0000000086800000|
|  81|0x0000000086900000, 0x0000000086900000, 0x0000000086a00000|  0%| F|  |TS  0|AC  0|TAMS 0x0000000086900000, 0x0000000086900000|
|  82|0x0000000086a00000, 0x0000000086a00000, 0x0000000086b00000|  0%| F|  |TS  0|AC  0|TAMS 0x0000000086a00000, 0x0000000086a00000|
|  83|0x0000000086b00000, 0x0000000086b00000, 0x0000000086c00000|  0%| F|  |TS  0|AC  0|TAMS 0x0000000086b00000, 0x0000000086b00000|
|  84|0x0000000086c00000, 0x0000000086c00000, 0x0000000086d00000|  0%| F|  |TS  0|AC  0|TAMS 0x0000000086c00000, 0x0000000086c00000|
|  85|0x0000000086d00000, 0x0000000086d00000, 0x0000000086e00000|  0%| F|  |TS  0|AC  0|TAMS 0x0000000086d00000, 0x0000000086d00000|
|  86|0x0000000086e00000, 0x0000000086e00000, 0x0000000086f00000|  0%| F|  |TS  0|AC  0|TAMS 0x0000000086e00000, 0x0000000086e00000|
|  87|0x0000000086f00000, 0x0000000086f00000, 0x0000000087000000|  0%| F|  |TS  0|AC  0|TAMS 0x0000000086f00000, 0x0000000086f00000|
|  88|0x0000000087000000, 0x0000000087000000, 0x0000000087100000|  0%| F|  |TS  0|AC  0|TAMS 0x0000000087000000, 0x0000000087000000|
|  89|0x0000000087100000, 0x0000000087100000, 0x0000000087200000|  0%| F|  |TS  0|AC  0|TAMS 0x0000000087100000, 0x0000000087100000|
|  90|0x0000000087200000, 0x0000000087200000, 0x0000000087300000|  0%| F|  |TS  0|AC  0|TAMS 0x0000000087200000, 0x0000000087200000|
|  91|0x0000000087300000, 0x0000000087300000, 0x0000000087400000|  0%| F|  |TS  0|AC  0|TAMS 0x0000000087300000, 0x0000000087300000|
|  92|0x0000000087400000, 0x0000000087400000, 0x0000000087500000|  0%| F|  |TS  0|AC  0|TAMS 0x0000000087400000, 0x0000000087400000|
|  93|0x0000000087500000, 0x0000000087500000, 0x0000000087600000|  0%| F|  |TS  0|AC  0|TAMS 0x0000000087500000, 0x0000000087500000|
|  94|0x0000000087600000, 0x0000000087600000, 0x0000000087700000|  0%| F|  |TS  0|AC  0|TAMS 0x0000000087600000, 0x0000000087600000|
|  95|0x0000000087700000, 0x0000000087700000, 0x0000000087800000|  0%| F|  |TS  0|AC  0|TAMS 0x0000000087700000, 0x0000000087700000|
|  96|0x0000000087800000, 0x0000000087800000, 0x0000000087900000|  0%| F|  |TS  0|AC  0|TAMS 0x0000000087800000, 0x0000000087800000|
|  97|0x0000000087900000, 0x0000000087900000, 0x0000000087a00000|  0%| F|  |TS  0|AC  0|TAMS 0x0000000087900000, 0x0000000087900000|
|  98|0x0000000087a00000, 0x0000000087a00000, 0x0000000087b00000|  0%| F|  |TS  0|AC  0|TAMS 0x0000000087a00000, 0x0000000087a00000|
|  99|0x0000000087b00000, 0x0000000087b00000, 0x0000000087c00000|  0%| F|  |TS  0|AC  0|TAMS 0x0000000087b00000, 0x0000000087b00000|
| 100|0x0000000087c00000, 0x0000000087c00000, 0x0000000087d00000|  0%| F|  |TS  0|AC  0|TAMS 0x0000000087c00000, 0x0000000087c00000|
| 101|0x0000000087d00000, 0x0000000087d00000, 0x0000000087e00000|  0%| F|  |TS  0|AC  0|TAMS 0x0000000087d00000, 0x0000000087d00000|
| 102|0x0000000087e00000, 0x0000000087e00000, 0x0000000087f00000|  0%| F|  |TS  0|AC  0|TAMS 0x0000000087e00000, 0x0000000087e00000|
| 103|0x0000000087f00000, 0x0000000087f00000, 0x0000000088000000|  0%| F|  |TS  0|AC  0|TAMS 0x0000000087f00000, 0x0000000087f00000|
| 104|0x0000000088000000, 0x0000000088000000, 0x0000000088100000|  0%| F|  |TS  0|AC  0|TAMS 0x0000000088000000, 0x0000000088000000|
| 105|0x0000000088100000, 0x0000000088100000, 0x0000000088200000|  0%| F|  |TS  0|AC  0|TAMS 0x0000000088100000, 0x0000000088100000|
| 106|0x0000000088200000, 0x0000000088200000, 0x0000000088300000|  0%| F|  |TS  0|AC  0|TAMS 0x0000000088200000, 0x0000000088200000|
| 107|0x0000000088300000, 0x0000000088300000, 0x0000000088400000|  0%| F|  |TS  0|AC  0|TAMS 0x0000000088300000, 0x0000000088300000|
| 108|0x0000000088400000, 0x0000000088400000, 0x0000000088500000|  0%| F|  |TS  0|AC  0|TAMS 0x0000000088400000, 0x0000000088400000|
| 109|0x0000000088500000, 0x0000000088500000, 0x0000000088600000|  0%| F|  |TS  0|AC  0|TAMS 0x0000000088500000, 0x0000000088500000|
| 110|0x0000000088600000, 0x0000000088600000, 0x0000000088700000|  0%| F|  |TS  0|AC  0|TAMS 0x0000000088600000, 0x0000000088600000|
| 111|0x0000000088700000, 0x0000000088700000, 0x0000000088800000|  0%| F|  |TS  0|AC  0|TAMS 0x0000000088700000, 0x0000000088700000|
| 112|0x0000000088800000, 0x0000000088800000, 0x0000000088900000|  0%| F|  |TS  2|AC  0|TAMS 0x0000000088800000, 0x0000000088800000|
| 113|0x0000000088900000, 0x0000000088900000, 0x0000000088a00000|  0%| F|  |TS  2|AC  0|TAMS 0x0000000088900000, 0x0000000088900000|
| 114|0x0000000088a00000, 0x0000000088a00000, 0x0000000088b00000|  0%| F|  |TS  1|AC  0|TAMS 0x0000000088a00000, 0x0000000088a00000|
| 115|0x0000000088b00000, 0x0000000088b00000, 0x0000000088c00000|  0%| F|  |TS  1|AC  0|TAMS 0x0000000088b00000, 0x0000000088b00000|
| 116|0x0000000088c00000, 0x0000000088c00000, 0x0000000088d00000|  0%| F|  |TS  1|AC  0|TAMS 0x0000000088c00000, 0x0000000088c00000|
| 117|0x0000000088d00000, 0x0000000088d00000, 0x0000000088e00000|  0%| F|  |TS  1|AC  0|TAMS 0x0000000088d00000, 0x0000000088d00000|
| 118|0x0000000088e00000, 0x0000000088e00000, 0x0000000088f00000|  0%| F|  |TS  1|AC  0|TAMS 0x0000000088e00000, 0x0000000088e00000|
| 119|0x0000000088f00000, 0x0000000088f00000, 0x0000000089000000|  0%| F|  |TS  1|AC  0|TAMS 0x0000000088f00000, 0x0000000088f00000|
| 120|0x0000000089000000, 0x0000000089000000, 0x0000000089100000|  0%| F|  |TS  1|AC  0|TAMS 0x0000000089000000, 0x0000000089000000|
| 121|0x0000000089100000, 0x0000000089100000, 0x0000000089200000|  0%| F|  |TS  1|AC  0|TAMS 0x0000000089100000, 0x0000000089100000|
| 122|0x0000000089200000, 0x0000000089200000, 0x0000000089300000|  0%| F|  |TS  1|AC  0|TAMS 0x0000000089200000, 0x0000000089200000|
| 123|0x0000000089300000, 0x0000000089300000, 0x0000000089400000|  0%| F|  |TS  1|AC  0|TAMS 0x0000000089300000, 0x0000000089300000|
| 124|0x0000000089400000, 0x00000000894e84b8, 0x0000000089500000| 90%| S|CS|TS  2|AC  0|TAMS 0x0000000089400000, 0x0000000089400000|
| 125|0x0000000089500000, 0x0000000089500000, 0x0000000089600000|  0%| F|  |TS  2|AC  0|TAMS 0x0000000089500000, 0x0000000089500000|
| 126|0x0000000089600000, 0x0000000089600000, 0x0000000089700000|  0%| F|  |TS  2|AC  0|TAMS 0x0000000089600000, 0x0000000089600000|
| 127|0x0000000089700000, 0x0000000089700000, 0x0000000089800000|  0%| F|  |TS  2|AC  0|TAMS 0x0000000089700000, 0x0000000089700000|

Card table byte_map: [0x000001f5e5620000,0x000001f5e5a20000] byte_map_base: 0x000001f5e5214000

Marking Bits (Prev, Next): (CMBitMap*) 0x000001f5caf23380, (CMBitMap*) 0x000001f5caf233b8
 Prev Bits: [0x000001f5e5e20000, 0x000001f5e7dc0000)
 Next Bits: [0x000001f5e7dc0000, 0x000001f5e9d60000)

Polling page: 0x000001f5c8cd0000

CodeHeap 'non-profiled nmethods': size=120064Kb used=412Kb max_used=412Kb free=119651Kb
 bounds [0x000001f5ddce0000, 0x000001f5ddf50000, 0x000001f5e5220000]
CodeHeap 'profiled nmethods': size=120000Kb used=1958Kb max_used=1958Kb free=118041Kb
 bounds [0x000001f5d67b0000, 0x000001f5d6a20000, 0x000001f5ddce0000]
CodeHeap 'non-nmethods': size=5696Kb used=1180Kb max_used=1190Kb free=4515Kb
 bounds [0x000001f5d6220000, 0x000001f5d6490000, 0x000001f5d67b0000]
 total_blobs=1879 nmethods=1100 adapters=446
 compilation: enabled

Compilation events (10 events):
Event: 1.297 Thread 0x000001f5ec26f000 1053   !   4       com.sun.javafx.css.ParsedValueImpl::readBinary (688 bytes)
Event: 1.298 Thread 0x000001f5ecc35000 nmethod 1050 0x000001f5ddd44510 code [0x000001f5ddd446a0, 0x000001f5ddd448f8]
Event: 1.300 Thread 0x000001f5ecc39800 1065       3       java.lang.invoke.MethodHandles$Lookup::in (168 bytes)
Event: 1.300 Thread 0x000001f5ecc39800 nmethod 1065 0x000001f5d698c790 code [0x000001f5d698ca60, 0x000001f5d698d9d0]
Event: 1.301 Thread 0x000001f5ecc39800 1066       3       java.lang.invoke.MethodHandleNatives::refKindIsMethod (19 bytes)
Event: 1.301 Thread 0x000001f5ecc39800 nmethod 1066 0x000001f5d698de90 code [0x000001f5d698e060, 0x000001f5d698e2f8]
Event: 1.301 Thread 0x000001f5ecc39800 1067       3       java.lang.invoke.DirectMethodHandle::preparedLambdaForm (31 bytes)
Event: 1.302 Thread 0x000001f5ecc39800 nmethod 1067 0x000001f5d698e390 code [0x000001f5d698e580, 0x000001f5d698e810]
Event: 1.304 Thread 0x000001f5ecc35000 1068       4       java.lang.String::replace (42 bytes)
Event: 1.313 Thread 0x000001f5ecc35000 nmethod 1068 0x000001f5ddd44a90 code [0x000001f5ddd44c40, 0x000001f5ddd451b8]

GC Heap History (2 events):
Event: 1.281 GC heap before
{Heap before GC invocations=0 (full 0):
 garbage-first heap   total 131072K, used 14336K [0x0000000081800000, 0x0000000100000000)
  region size 1024K, 14 young (14336K), 0 survivors (0K)
 Metaspace       used 14049K, capacity 14468K, committed 14720K, reserved 1062912K
  class space    used 1477K, capacity 1641K, committed 1664K, reserved 1048576K
}
Event: 1.286 GC heap after
{Heap after GC invocations=1 (full 0):
 garbage-first heap   total 131072K, used 4270K [0x0000000081800000, 0x0000000100000000)
  region size 1024K, 2 young (2048K), 2 survivors (2048K)
 Metaspace       used 14049K, capacity 14468K, committed 14720K, reserved 1062912K
  class space    used 1477K, capacity 1641K, committed 1664K, reserved 1048576K
}

Deoptimization events (10 events):
Event: 0.980 Thread 0x000001f5caea0000 Uncommon trap: reason=unstable_if action=reinterpret pc=0x000001f5ddd159ac method=jdk.internal.org.objectweb.asm.Type.getArgumentsAndReturnSizes(Ljava/lang/String;)I @ 88 c2
Event: 1.079 Thread 0x000001f5ed7ae800 Uncommon trap: reason=unstable_if action=reinterpret pc=0x000001f5ddcec874 method=java.util.HashMap.putVal(ILjava/lang/Object;Ljava/lang/Object;ZZ)Ljava/lang/Object; @ 69 c2
Event: 1.225 Thread 0x000001f5ed7ae800 Uncommon trap: reason=unstable_if action=reinterpret pc=0x000001f5ddd396d4 method=java.io.BufferedInputStream.read()I @ 8 c2
Event: 1.245 Thread 0x000001f5ed7ae800 Uncommon trap: reason=class_check action=maybe_recompile pc=0x000001f5ddd3ad24 method=java.io.DataInputStream.readShort()S @ 4 c2
Event: 1.246 Thread 0x000001f5ed7ae800 Uncommon trap: reason=class_check action=maybe_recompile pc=0x000001f5ddd3ad24 method=java.io.DataInputStream.readShort()S @ 4 c2
Event: 1.253 Thread 0x000001f5ed7ae800 Uncommon trap: reason=class_check action=maybe_recompile pc=0x000001f5ddd3ad24 method=java.io.DataInputStream.readShort()S @ 4 c2
Event: 1.253 Thread 0x000001f5ed7ae800 Uncommon trap: reason=class_check action=maybe_recompile pc=0x000001f5ddd3ad24 method=java.io.DataInputStream.readShort()S @ 4 c2
Event: 1.263 Thread 0x000001f5ed7ae800 Uncommon trap: reason=unstable_if action=reinterpret pc=0x000001f5ddd3a538 method=java.util.HashMap.getNode(ILjava/lang/Object;)Ljava/util/HashMap$Node; @ 84 c2
Event: 1.266 Thread 0x000001f5ed7ae800 Uncommon trap: reason=unstable_if action=reinterpret pc=0x000001f5ddcef188 method=java.util.HashMap.resize()[Ljava/util/HashMap$Node; @ 203 c2
Event: 1.280 Thread 0x000001f5ed7ae800 Uncommon trap: reason=unstable_if action=reinterpret pc=0x000001f5ddd40af4 method=java.lang.String.startsWith(Ljava/lang/String;I)Z @ 14 c2

Classes redefined (0 events):
No events

Internal exceptions (10 events):
Event: 1.049 Thread 0x000001f5ed7ae800 Exception <a 'java/lang/NoSuchMethodError'{0x0000000088eabfe0}: java.lang.invoke.DirectMethodHandle$Holder.invokeStatic(Ljava/lang/Object;Ljava/lang/Object;Ljava/lang/Object;Ljava/lang/Object;I)Ljava/lang/Object;> (0x0000000088eabfe0) thrown at [t:/worksp
Event: 1.053 Thread 0x000001f5ed7ae800 Exception <a 'java/lang/NoSuchMethodError'{0x0000000088ec17b8}: method resolution failed> (0x0000000088ec17b8) thrown at [t:/workspace/open/src/hotspot/share/prims/methodHandles.cpp, line 1226]
Event: 1.055 Thread 0x000001f5ed7ae800 Exception <a 'java/lang/NoSuchMethodError'{0x0000000088ed7df0}: method resolution failed> (0x0000000088ed7df0) thrown at [t:/workspace/open/src/hotspot/share/prims/methodHandles.cpp, line 1226]
Event: 1.057 Thread 0x000001f5ed7ae800 Exception <a 'java/lang/NoSuchMethodError'{0x0000000088eefb90}: method resolution failed> (0x0000000088eefb90) thrown at [t:/workspace/open/src/hotspot/share/prims/methodHandles.cpp, line 1226]
Event: 1.058 Thread 0x000001f5ed7ae800 Exception <a 'java/lang/NoSuchMethodError'{0x0000000088d09738}: method resolution failed> (0x0000000088d09738) thrown at [t:/workspace/open/src/hotspot/share/prims/methodHandles.cpp, line 1226]
Event: 1.136 Thread 0x000001f5ed7ae800 Exception <a 'java/lang/NoSuchMethodError'{0x0000000088df6310}: java.lang.invoke.DirectMethodHandle$Holder.invokeStaticInit(Ljava/lang/Object;Ljava/lang/Object;Ljava/lang/Object;Ljava/lang/Object;)Ljava/lang/Object;> (0x0000000088df6310) thrown at [t:/wor
Event: 1.137 Thread 0x000001f5ed7ae800 Exception <a 'java/lang/NullPointerException'{0x0000000088dfeee8}> (0x0000000088dfeee8) thrown at [t:/workspace/open/src/hotspot/share/interpreter/linkResolver.cpp, line 1324]
Event: 1.137 Thread 0x000001f5ed7ae800 Exception <a 'java/lang/NullPointerException'{0x0000000088dfeee8}> (0x0000000088dfeee8) thrown at [t:/workspace/open/src/hotspot/share/prims/jvm.cpp, line 1349]
Event: 1.158 Thread 0x000001f5ed7ae800 Exception <a 'java/lang/NoSuchMethodError'{0x0000000088c2c1d0}: java.lang.invoke.DirectMethodHandle$Holder.invokeSpecial(Ljava/lang/Object;Ljava/lang/Object;Ljava/lang/Object;Ljava/lang/Object;Ljava/lang/Object;)V> (0x0000000088c2c1d0) thrown at [t:/works
Event: 1.294 Thread 0x000001f5ed7ae800 Exception <a 'java/lang/NoSuchMethodError'{0x0000000089614e68}: java.lang.invoke.DirectMethodHandle$Holder.invokeStaticInit(Ljava/lang/Object;Ljava/lang/Object;)V> (0x0000000089614e68) thrown at [t:/workspace/open/src/hotspot/share/interpreter/linkResolve

Events (10 events):
Event: 1.319 loading class java/util/regex/Pattern$Loop done
Event: 1.319 loading class java/util/regex/Pattern$Prolog
Event: 1.319 loading class java/util/regex/Pattern$Prolog done
Event: 1.319 loading class java/util/regex/Matcher
Event: 1.320 loading class java/util/regex/MatchResult
Event: 1.320 loading class java/util/regex/MatchResult done
Event: 1.320 loading class java/util/regex/Matcher done
Event: 1.320 loading class java/util/regex/IntHashSet
Event: 1.320 loading class java/util/regex/IntHashSet done
Event: 1.320 loading class java/util/regex/ASCII


Dynamic libraries:
0x00007ff71e4d0000 - 0x00007ff71e50e000 	C:\Program Files\Java\jdk-10.0.2\bin\java.exe
0x00007ff951ac0000 - 0x00007ff951ca1000 	C:\WINDOWS\SYSTEM32\ntdll.dll
0x00007ff9162d0000 - 0x00007ff9162e2000 	C:\Program Files\AVAST Software\Avast\aswhook.dll
0x00007ff951630000 - 0x00007ff9516e2000 	C:\WINDOWS\System32\KERNEL32.DLL
0x00007ff94ecb0000 - 0x00007ff94ef23000 	C:\WINDOWS\System32\KERNELBASE.dll
0x00007ff94f7b0000 - 0x00007ff94f851000 	C:\WINDOWS\System32\ADVAPI32.dll
0x00007ff94f260000 - 0x00007ff94f2fe000 	C:\WINDOWS\System32\msvcrt.dll
0x00007ff9515d0000 - 0x00007ff95162b000 	C:\WINDOWS\System32\sechost.dll
0x00007ff94ef50000 - 0x00007ff94f074000 	C:\WINDOWS\System32\RPCRT4.dll
0x00007ff951880000 - 0x00007ff951a10000 	C:\WINDOWS\System32\USER32.dll
0x00007ff94ef30000 - 0x00007ff94ef50000 	C:\WINDOWS\System32\win32u.dll
0x00007ff94f140000 - 0x00007ff94f168000 	C:\WINDOWS\System32\GDI32.dll
0x00007ff94de90000 - 0x00007ff94e022000 	C:\WINDOWS\System32\gdi32full.dll
0x00007ff94e0e0000 - 0x00007ff94e17f000 	C:\WINDOWS\System32\msvcp_win.dll
0x00007ff94e8e0000 - 0x00007ff94e9d8000 	C:\WINDOWS\System32\ucrtbase.dll
0x00007ff931e30000 - 0x00007ff932099000 	C:\WINDOWS\WinSxS\amd64_microsoft.windows.common-controls_6595b64144ccf1df_6.0.17134.648_none_fb45a0e93062a6d2\COMCTL32.dll
0x00007ff950db0000 - 0x00007ff9510d2000 	C:\WINDOWS\System32\combase.dll
0x00007ff94ec30000 - 0x00007ff94ecaa000 	C:\WINDOWS\System32\bcryptPrimitives.dll
0x00007ff9421c0000 - 0x00007ff9421ca000 	C:\WINDOWS\SYSTEM32\VERSION.dll
0x00007ff9517f0000 - 0x00007ff95181d000 	C:\WINDOWS\System32\IMM32.DLL
0x00007ff91b260000 - 0x00007ff91b34f000 	C:\Program Files\Java\jdk-10.0.2\bin\msvcr120.dll
0x00007ff924dc0000 - 0x00007ff924e66000 	C:\Program Files\Java\jdk-10.0.2\bin\msvcp120.dll
0x0000000062f90000 - 0x0000000063a00000 	C:\Program Files\Java\jdk-10.0.2\bin\server\jvm.dll
0x00007ff94f130000 - 0x00007ff94f138000 	C:\WINDOWS\System32\PSAPI.DLL
0x00007ff942720000 - 0x00007ff942729000 	C:\WINDOWS\SYSTEM32\WSOCK32.dll
0x00007ff9510e0000 - 0x00007ff95114c000 	C:\WINDOWS\System32\WS2_32.dll
0x00007ff94c020000 - 0x00007ff94c043000 	C:\WINDOWS\SYSTEM32\WINMM.dll
0x00007ff94bff0000 - 0x00007ff94c01a000 	C:\WINDOWS\SYSTEM32\WINMMBASE.dll
0x00007ff94e180000 - 0x00007ff94e1c9000 	C:\WINDOWS\System32\cfgmgr32.dll
0x00007ff94a730000 - 0x00007ff94a73f000 	C:\Program Files\Java\jdk-10.0.2\bin\verify.dll
0x00007ff93dba0000 - 0x00007ff93dd69000 	C:\WINDOWS\SYSTEM32\DBGHELP.DLL
0x00007ff93ca20000 - 0x00007ff93ca49000 	C:\WINDOWS\SYSTEM32\dbgcore.DLL
0x00007ff92ac80000 - 0x00007ff92aca7000 	C:\Program Files\Java\jdk-10.0.2\bin\java.dll
0x00007ff9436c0000 - 0x00007ff9436ea000 	C:\Program Files\Java\jdk-10.0.2\bin\instrument.dll
0x00007ff93c090000 - 0x00007ff93c0a6000 	C:\Program Files\Java\jdk-10.0.2\bin\zip.dll
0x00007ff947f00000 - 0x00007ff947f0a000 	C:\Program Files\Java\jdk-10.0.2\bin\jimage.dll
0x00007ff94f970000 - 0x00007ff950db0000 	C:\WINDOWS\System32\SHELL32.dll
0x00007ff94f080000 - 0x00007ff94f129000 	C:\WINDOWS\System32\shcore.dll
0x00007ff94e1d0000 - 0x00007ff94e8dd000 	C:\WINDOWS\System32\windows.storage.dll
0x00007ff94f300000 - 0x00007ff94f351000 	C:\WINDOWS\System32\shlwapi.dll
0x00007ff94de30000 - 0x00007ff94de41000 	C:\WINDOWS\System32\kernel.appcore.dll
0x00007ff94de70000 - 0x00007ff94de8f000 	C:\WINDOWS\System32\profapi.dll
0x00007ff94ddd0000 - 0x00007ff94de1c000 	C:\WINDOWS\System32\powrprof.dll
0x00007ff94de20000 - 0x00007ff94de2a000 	C:\WINDOWS\System32\FLTLIB.DLL
0x00007ff939080000 - 0x00007ff93909a000 	C:\Program Files\Java\jdk-10.0.2\bin\net.dll
0x00007ff948f10000 - 0x00007ff948fed000 	C:\WINDOWS\SYSTEM32\WINHTTP.dll
0x00007ff94d5a0000 - 0x00007ff94d606000 	C:\WINDOWS\system32\mswsock.dll
0x00007ff92ac60000 - 0x00007ff92ac71000 	C:\Program Files\Java\jdk-10.0.2\bin\nio.dll
0x00007ff92abc0000 - 0x00007ff92abda000 	C:\Program Files\JetBrains\IntelliJ IDEA 2018.1.4\bin\breakgen64.dll
0x000001f5cadb0000 - 0x000001f5cadb3000 	C:\Program Files\Java\jdk-10.0.2\bin\api-ms-win-core-console-l1-1-0.dll
0x000001f5cadc0000 - 0x000001f5cadc3000 	C:\Program Files\Java\jdk-10.0.2\bin\api-ms-win-core-datetime-l1-1-0.dll
0x000001f5cadd0000 - 0x000001f5cadd3000 	C:\Program Files\Java\jdk-10.0.2\bin\api-ms-win-core-debug-l1-1-0.dll
0x000001f5cade0000 - 0x000001f5cade3000 	C:\Program Files\Java\jdk-10.0.2\bin\api-ms-win-core-errorhandling-l1-1-0.dll
0x000001f5cadf0000 - 0x000001f5cadf4000 	C:\Program Files\Java\jdk-10.0.2\bin\api-ms-win-core-file-l1-1-0.dll
0x000001f5cae00000 - 0x000001f5cae03000 	C:\Program Files\Java\jdk-10.0.2\bin\api-ms-win-core-file-l1-2-0.dll
0x000001f5cae10000 - 0x000001f5cae13000 	C:\Program Files\Java\jdk-10.0.2\bin\api-ms-win-core-file-l2-1-0.dll
0x000001f5cae20000 - 0x000001f5cae23000 	C:\Program Files\Java\jdk-10.0.2\bin\api-ms-win-core-handle-l1-1-0.dll
0x000001f5cae30000 - 0x000001f5cae33000 	C:\Program Files\Java\jdk-10.0.2\bin\api-ms-win-core-heap-l1-1-0.dll
0x000001f5cae40000 - 0x000001f5cae43000 	C:\Program Files\Java\jdk-10.0.2\bin\api-ms-win-core-interlocked-l1-1-0.dll
0x000001f5cae50000 - 0x000001f5cae53000 	C:\Program Files\Java\jdk-10.0.2\bin\api-ms-win-core-libraryloader-l1-1-0.dll
0x000001f5cae60000 - 0x000001f5cae63000 	C:\Program Files\Java\jdk-10.0.2\bin\api-ms-win-core-localization-l1-2-0.dll
0x000001f5ed7b0000 - 0x000001f5ed7b3000 	C:\Program Files\Java\jdk-10.0.2\bin\api-ms-win-core-memory-l1-1-0.dll
0x000001f5ed7c0000 - 0x000001f5ed7c3000 	C:\Program Files\Java\jdk-10.0.2\bin\api-ms-win-core-namedpipe-l1-1-0.dll
0x000001f5ed7d0000 - 0x000001f5ed7d3000 	C:\Program Files\Java\jdk-10.0.2\bin\api-ms-win-core-processenvironment-l1-1-0.dll
0x000001f5ed7e0000 - 0x000001f5ed7e3000 	C:\Program Files\Java\jdk-10.0.2\bin\api-ms-win-core-processthreads-l1-1-0.dll
0x000001f5ed7f0000 - 0x000001f5ed7f3000 	C:\Program Files\Java\jdk-10.0.2\bin\api-ms-win-core-processthreads-l1-1-1.dll
0x000001f5ed800000 - 0x000001f5ed803000 	C:\Program Files\Java\jdk-10.0.2\bin\api-ms-win-core-profile-l1-1-0.dll
0x000001f5ed810000 - 0x000001f5ed813000 	C:\Program Files\Java\jdk-10.0.2\bin\api-ms-win-core-rtlsupport-l1-1-0.dll
0x000001f5ed820000 - 0x000001f5ed823000 	C:\Program Files\Java\jdk-10.0.2\bin\api-ms-win-core-string-l1-1-0.dll
0x000001f5ed830000 - 0x000001f5ed833000 	C:\Program Files\Java\jdk-10.0.2\bin\api-ms-win-core-synch-l1-1-0.dll
0x000001f5ed840000 - 0x000001f5ed843000 	C:\Program Files\Java\jdk-10.0.2\bin\api-ms-win-core-synch-l1-2-0.dll
0x000001f5ed850000 - 0x000001f5ed853000 	C:\Program Files\Java\jdk-10.0.2\bin\api-ms-win-core-sysinfo-l1-1-0.dll
0x000001f5ed860000 - 0x000001f5ed863000 	C:\Program Files\Java\jdk-10.0.2\bin\api-ms-win-core-timezone-l1-1-0.dll
0x000001f5ed870000 - 0x000001f5ed873000 	C:\Program Files\Java\jdk-10.0.2\bin\api-ms-win-core-util-l1-1-0.dll
0x000001f5ed880000 - 0x000001f5ed883000 	C:\Program Files\Java\jdk-10.0.2\bin\api-ms-win-crt-conio-l1-1-0.dll
0x000001f5ed890000 - 0x000001f5ed894000 	C:\Program Files\Java\jdk-10.0.2\bin\api-ms-win-crt-convert-l1-1-0.dll
0x000001f5ed8a0000 - 0x000001f5ed8a3000 	C:\Program Files\Java\jdk-10.0.2\bin\api-ms-win-crt-environment-l1-1-0.dll
0x000001f5ed8b0000 - 0x000001f5ed8b3000 	C:\Program Files\Java\jdk-10.0.2\bin\api-ms-win-crt-filesystem-l1-1-0.dll
0x000001f5ed8c0000 - 0x000001f5ed8c3000 	C:\Program Files\Java\jdk-10.0.2\bin\api-ms-win-crt-heap-l1-1-0.dll
0x000001f5ed8d0000 - 0x000001f5ed8d3000 	C:\Program Files\Java\jdk-10.0.2\bin\api-ms-win-crt-locale-l1-1-0.dll
0x000001f5ed8e0000 - 0x000001f5ed8e5000 	C:\Program Files\Java\jdk-10.0.2\bin\api-ms-win-crt-math-l1-1-0.dll
0x000001f5ed8f0000 - 0x000001f5ed8f5000 	C:\Program Files\Java\jdk-10.0.2\bin\api-ms-win-crt-multibyte-l1-1-0.dll
0x000001f5ed900000 - 0x000001f5ed910000 	C:\Program Files\Java\jdk-10.0.2\bin\api-ms-win-crt-private-l1-1-0.dll
0x000001f5ed910000 - 0x000001f5ed913000 	C:\Program Files\Java\jdk-10.0.2\bin\api-ms-win-crt-process-l1-1-0.dll
0x000001f5ed920000 - 0x000001f5ed924000 	C:\Program Files\Java\jdk-10.0.2\bin\api-ms-win-crt-runtime-l1-1-0.dll
0x000001f5ed930000 - 0x000001f5ed934000 	C:\Program Files\Java\jdk-10.0.2\bin\api-ms-win-crt-stdio-l1-1-0.dll
0x000001f5ed940000 - 0x000001f5ed944000 	C:\Program Files\Java\jdk-10.0.2\bin\api-ms-win-crt-string-l1-1-0.dll
0x000001f5ed950000 - 0x000001f5ed953000 	C:\Program Files\Java\jdk-10.0.2\bin\api-ms-win-crt-time-l1-1-0.dll
0x000001f5ed960000 - 0x000001f5ed963000 	C:\Program Files\Java\jdk-10.0.2\bin\api-ms-win-crt-utility-l1-1-0.dll
0x00007ff91b350000 - 0x00007ff91b446000 	C:\Program Files\Java\jdk-10.0.2\bin\ucrtbase.dll
0x00007ff92ab80000 - 0x00007ff92ab96000 	C:\Program Files\Java\jdk-10.0.2\bin\vcruntime140.dll
0x00007ff91db70000 - 0x00007ff91dc0c000 	C:\Program Files\Java\jdk-10.0.2\bin\msvcp140.dll
0x00007ff92a3b0000 - 0x00007ff92a401000 	C:\Program Files\Java\jdk-10.0.2\bin\concrt140.dll
0x00007ff92ab50000 - 0x00007ff92ab73000 	C:\Program Files\Java\jdk-10.0.2\bin\prism_d3d.dll
0x00007ff8ffc70000 - 0x00007ff8ffe07000 	C:\WINDOWS\system32\d3d9.dll
0x00007ff94c520000 - 0x00007ff94c549000 	C:\WINDOWS\SYSTEM32\dwmapi.dll
0x00007ff94c3a0000 - 0x00007ff94c438000 	C:\WINDOWS\system32\uxtheme.dll
0x00007ff9466c0000 - 0x00007ff946897000 	C:\WINDOWS\System32\DriverStore\FileRepository\igdlh64.inf_amd64_250db833a1cd577e\igdumdim64.dll
0x00007ff8eded0000 - 0x00007ff8f0ecd000 	C:\WINDOWS\System32\DriverStore\FileRepository\igdlh64.inf_amd64_250db833a1cd577e\igd9dxva64.dll
0x00007ff9512d0000 - 0x00007ff951421000 	C:\WINDOWS\System32\ole32.dll
0x00007ff94f190000 - 0x00007ff94f253000 	C:\WINDOWS\System32\OLEAUT32.dll
0x00007ff924b40000 - 0x00007ff924b8a000 	C:\Program Files\Java\jdk-10.0.2\bin\glass.dll
0x00007ff951700000 - 0x00007ff9517ed000 	C:\WINDOWS\System32\COMDLG32.dll
0x00007ff951150000 - 0x00007ff9512c3000 	C:\WINDOWS\System32\MSCTF.dll
0x00007ff943bb0000 - 0x00007ff945945000 	C:\WINDOWS\System32\DriverStore\FileRepository\igdlh64.inf_amd64_250db833a1cd577e\igc64.dll
0x00007ff946520000 - 0x00007ff946534000 	C:\Program Files\Java\jdk-10.0.2\bin\javafx_font.dll
0x00007ff918780000 - 0x00007ff91891b000 	C:\Program Files\Java\jdk-10.0.2\bin\awt.dll
0x00007ff94b1e0000 - 0x00007ff94b7a7000 	C:\WINDOWS\SYSTEM32\d2d1.dll
0x00007ff94c140000 - 0x00007ff94c1cb000 	C:\WINDOWS\SYSTEM32\apphelp.dll
0x00007ff920950000 - 0x00007ff9209b5000 	C:\Program Files\Java\jdk-10.0.2\bin\fontmanager.dll

dbghelp: loaded successfully - version: 4.0.5 - missing functions: none
symbol engine: initialized successfully - sym options: 0x614 - pdb path: .;C:\Program Files\Java\jdk-10.0.2\bin;C:\WINDOWS\SYSTEM32;C:\Program Files\AVAST Software\Avast;C:\WINDOWS\WinSxS\amd64_microsoft.windows.common-controls_6595b64144ccf1df_6.0.17134.648_none_fb45a0e93062a6d2;C:\Program Files\Java\jdk-10.0.2\bin\server;C:\Program Files\JetBrains\IntelliJ IDEA 2018.1.4\bin;C:\WINDOWS\System32\DriverStore\FileRepository\igdlh64.inf_amd64_250db833a1cd577e

VM Arguments:
jvm_args: -javaagent:C:\Program Files\JetBrains\IntelliJ IDEA 2018.1.4\lib\idea_rt.jar=59146:C:\Program Files\JetBrains\IntelliJ IDEA 2018.1.4\bin -Dfile.encoding=UTF-8 
java_command: inicio
java_class_path (initial): J:\Marzo\out\production\Marzo;C:\Users\izquierda\.IntelliJIdea2018.1\config\plugins\Kotlin\kotlinc\lib\kotlin-stdlib.jar;C:\Users\izquierda\.IntelliJIdea2018.1\config\plugins\Kotlin\kotlinc\lib\kotlin-reflect.jar;C:\Users\izquierda\.IntelliJIdea2018.1\config\plugins\Kotlin\kotlinc\lib\kotlin-test.jar;C:\Users\izquierda\.IntelliJIdea2018.1\config\plugins\Kotlin\kotlinc\lib\kotlin-stdlib-jdk7.jar;C:\Users\izquierda\.IntelliJIdea2018.1\config\plugins\Kotlin\kotlinc\lib\kotlin-stdlib-jdk8.jar;J:\Marzo\lib\mssql-jdbc-7.0.0.jre8.jar
Launcher Type: SUN_STANDARD

Logging:
Log output configuration:
#0: stdout all=warning uptime,level,tags
#1: stderr all=off uptime,level,tags

Environment Variables:
JAVA_HOME=C:\Program Files\Java\jdk1.8.0_131
CLASSPATH=J:\Basededatos\driver7\sqljdbc_7.0\esn\mssql-jdbc-7.0.0.jre8.jar
PATH=C:\ProgramData\DockerDesktop\version-bin;C:\Program Files\Docker\Docker\Resources\bin;C:\Program Files (x86)\Common Files\Oracle\Java\javapath;C:\ProgramData\Oracle\Java\javapath;C:\Program Files\Microsoft MPI\Bin\;C:\Program Files (x86)\Intel\iCLS Client\;C:\Program Files\Intel\iCLS Client\;C:\WINDOWS\system32;C:\WINDOWS;C:\WINDOWS\System32\Wbem;C:\WINDOWS\System32\WindowsPowerShell\v1.0\;C:\Program Files (x86)\Intel\Intel(R) Management Engine Components\DAL;C:\Program Files\Intel\Intel(R) Management Engine Components\DAL;C:\Program Files (x86)\Intel\Intel(R) Management Engine Components\IPT;C:\Program Files\Intel\Intel(R) Management Engine Components\IPT;C:\Program Files\nodejs\;C:\Program Files\AutoFirma\AutoFirma;E:\Trabajo2017\xampp\php;C:\Program Files\dotnet\;C:\Program Files\Microsoft SQL Server\130\Tools\Binn\;C:\Program Files\Git\cmd;C:\Program Files (x86)\GtkSharp\2.12\bin;C:\Program Files (x86)\Microsoft SQL Server\Client SDK\ODBC\130\Tools\Binn\;C:\Program Files (x86)\Microsoft SQL Server\140\Tools\Binn\;C:\Program Files (x86)\Microsoft SQL Server\140\DTS\Binn\;C:\Program Files (x86)\Microsoft SQL Server\140\Tools\Binn\ManagementStudio\;C:\WINDOWS\System32\OpenSSH\;C:\Program Files (x86)\Microsoft Emulator Manager\1.0\;C:\Program Files (x86)\Windows Kits\10\Windows Performance Toolkit\;C:\Program Files (x86)\Windows Kits\10\Microsoft Application Virtualization\Sequencer\;C:\Users\izquierda\AppData\Roaming\npm;C:\Program Files (x86)\Microsoft VS Code\bin;C:\Users\izquierda\AppData\Local\Microsoft\WindowsApps;C:\Program Files\Java\jdk1.8.0_131\bin;C:\gradle\gradle-4.6\bin
USERNAME=izquierda
OS=Windows_NT
PROCESSOR_IDENTIFIER=Intel64 Family 6 Model 94 Stepping 3, GenuineIntel



---------------  S Y S T E M  ---------------

OS: Windows 10 , 64 bit Build 17134 (10.0.17134.648)

CPU:total 4 (initial active 4) (4 cores per cpu, 1 threads per core) family 6 model 94 stepping 3, cmov, cx8, fxsr, mmx, sse, sse2, sse3, ssse3, sse4.1, sse4.2, popcnt, avx, avx2, aes, clmul, erms, 3dnowpref, lzcnt, tsc, tscinvbit, bmi1, bmi2, adx, fma

Memory: 4k page, physical 8285588k(925300k free), swap 12479892k(242344k free)

vm_info: Java HotSpot(TM) 64-Bit Server VM (10.0.2+13) for windows-amd64 JRE (10.0.2+13), built on Jun 28 2018 01:57:56 by "mach5one" with MS VC++ 12.0 (VS2013)

END.
