#
# There is insufficient memory for the Java Runtime Environment to continue.
# Native memory allocation (malloc) failed to allocate 32744 bytes for ChunkPool::allocate
# Possible reasons:
#   The system is out of physical RAM or swap space
#   The process is running with CompressedOops enabled, and the Java Heap may be blocking the growth of the native heap
# Possible solutions:
#   Reduce memory load on the system
#   Increase physical memory or swap space
#   Check if swap backing store is full
#   Decrease Java heap size (-Xmx/-Xms)
#   Decrease number of Java threads
#   Decrease Java thread stack sizes (-Xss)
#   Set larger code cache with -XX:ReservedCodeCacheSize=
#   JVM is running with Unscaled Compressed Oops mode in which the Java heap is
#     placed in the first 4GB address space. The Java Heap base address is the
#     maximum limit for the native heap growth. Please use -XX:HeapBaseMinAddress
#     to set the Java Heap base and to place the Java Heap above 4GB virtual address.
# This output file may be truncated or incomplete.
#
#  Out of Memory Error (t:/workspace/open/src/hotspot/share/memory/arena.cpp:82), pid=14948, tid=12356
#
# JRE version: Java(TM) SE Runtime Environment (10.0.2+13) (build 10.0.2+13)
# Java VM: Java HotSpot(TM) 64-Bit Server VM (10.0.2+13, mixed mode, tiered, compressed oops, g1 gc, windows-amd64)
# No core dump will be written. Minidumps are not enabled by default on client versions of Windows
#

---------------  S U M M A R Y ------------

Command Line: -javaagent:C:\Program Files\JetBrains\IntelliJ IDEA 2018.1.4\lib\idea_rt.jar=59162:C:\Program Files\JetBrains\IntelliJ IDEA 2018.1.4\bin -Dfile.encoding=UTF-8 inicio

Host: Intel(R) Core(TM) i5-6400 CPU @ 2.70GHz, 4 cores, 7G,  Windows 10 , 64 bit Build 17134 (10.0.17134.648)
Time: Mon Mar 25 18:43:46 2019 Hora estándar romance elapsed time: 3 seconds (0d 0h 0m 3s)

---------------  T H R E A D  ---------------

Current thread (0x0000029042762800):  JavaThread "C2 CompilerThread0" daemon [_thread_in_native, id=12356, stack(0x000000dd16300000,0x000000dd16400000)]


Current CompileTask:
C2:   3347 1037   !   4       com.sun.javafx.css.ParsedValueImpl::readBinary (688 bytes)

Stack: [0x000000dd16300000,0x000000dd16400000]
Native frames: (J=compiled Java code, j=interpreted, Vv=VM code, C=native code)
V  [jvm.dll+0x5a01a9]
V  [jvm.dll+0x6bcf31]
V  [jvm.dll+0x6be126]
V  [jvm.dll+0x6be7b3]
V  [jvm.dll+0x234978]
V  [jvm.dll+0xbb8fb]
V  [jvm.dll+0xbb6ea]
V  [jvm.dll+0xbbbac]
V  [jvm.dll+0x35128f]
V  [jvm.dll+0x34bf0f]
V  [jvm.dll+0x3110aa]
V  [jvm.dll+0x31063a]
V  [jvm.dll+0x1ffe91]
V  [jvm.dll+0x1ff116]
V  [jvm.dll+0x17c94b]
V  [jvm.dll+0x20c8dd]
V  [jvm.dll+0x20b6a6]
V  [jvm.dll+0x68b7ff]
V  [jvm.dll+0x59f4b0]
C  [msvcr120.dll+0x24f7f]
C  [msvcr120.dll+0x25126]
C  [KERNEL32.DLL+0x13dc4]
C  [ntdll.dll+0x73691]


---------------  P R O C E S S  ---------------

Threads class SMR info:
_java_thread_list=0x000002904b4266f0, length=18, elements={
0x000002901f3fa000, 0x0000029042746800, 0x0000029042750800, 0x00000290430e2800,
0x00000290430e3800, 0x0000029042762800, 0x0000029042765000, 0x0000029042779800,
0x000002904277e000, 0x0000029043467000, 0x00000290434a8800, 0x0000029043351000,
0x000002904368d800, 0x000002904370a000, 0x000002904370b800, 0x0000029043886000,
0x0000029043861000, 0x0000029043c51000
}

Java Threads: ( => current thread )
  0x000002901f3fa000 JavaThread "main" [_thread_blocked, id=9768, stack(0x000000dd15200000,0x000000dd15300000)]
  0x0000029042746800 JavaThread "Reference Handler" daemon [_thread_blocked, id=1292, stack(0x000000dd15f00000,0x000000dd16000000)]
  0x0000029042750800 JavaThread "Finalizer" daemon [_thread_blocked, id=16320, stack(0x000000dd16000000,0x000000dd16100000)]
  0x00000290430e2800 JavaThread "Signal Dispatcher" daemon [_thread_blocked, id=4592, stack(0x000000dd16100000,0x000000dd16200000)]
  0x00000290430e3800 JavaThread "Attach Listener" daemon [_thread_blocked, id=4556, stack(0x000000dd16200000,0x000000dd16300000)]
=>0x0000029042762800 JavaThread "C2 CompilerThread0" daemon [_thread_in_native, id=12356, stack(0x000000dd16300000,0x000000dd16400000)]
  0x0000029042765000 JavaThread "C2 CompilerThread1" daemon [_thread_in_native, id=10652, stack(0x000000dd16400000,0x000000dd16500000)]
  0x0000029042779800 JavaThread "C1 CompilerThread2" daemon [_thread_in_vm, id=5748, stack(0x000000dd16500000,0x000000dd16600000)]
  0x000002904277e000 JavaThread "Sweeper thread" daemon [_thread_blocked, id=9396, stack(0x000000dd16600000,0x000000dd16700000)]
  0x0000029043467000 JavaThread "Common-Cleaner" daemon [_thread_blocked, id=15492, stack(0x000000dd16700000,0x000000dd16800000)]
  0x00000290434a8800 JavaThread "Monitor Ctrl-Break" daemon [_thread_in_native, id=7384, stack(0x000000dd16800000,0x000000dd16900000)]
  0x0000029043351000 JavaThread "Service Thread" daemon [_thread_blocked, id=9512, stack(0x000000dd16900000,0x000000dd16a00000)]
  0x000002904368d800 JavaThread "QuantumRenderer-0" daemon [_thread_blocked, id=15144, stack(0x000000dd16b00000,0x000000dd16c00000)]
  0x000002904370a000 JavaThread "InvokeLaterDispatcher" daemon [_thread_blocked, id=9840, stack(0x000000dd16c00000,0x000000dd16d00000)]
  0x000002904370b800 JavaThread "JavaFX Application Thread" [_thread_blocked, id=12116, stack(0x000000dd16d00000,0x000000dd16e00000)]
  0x0000029043886000 JavaThread "JavaFX-Launcher" [_thread_blocked, id=11276, stack(0x000000dd17200000,0x000000dd17300000)]
  0x0000029043861000 JavaThread "Thread-2" daemon [_thread_blocked, id=4344, stack(0x000000dd17100000,0x000000dd17200000)]
  0x0000029043c51000 JavaThread "Java2D Disposer" daemon [_thread_blocked, id=10204, stack(0x000000dd17300000,0x000000dd17400000)]

Other Threads:
  0x0000029042742800 VMThread "VM Thread" [stack: 0x000000dd15e00000,0x000000dd15f00000] [id=9252]
  0x0000029043431000 WatcherThread [stack: 0x000000dd16a00000,0x000000dd16b00000] [id=15820]
  0x000002901f414800 GCTaskThread "GC Thread#0" [stack: 0x000000dd15300000,0x000000dd15400000] [id=14140]
  0x000002901f416000 GCTaskThread "GC Thread#1" [stack: 0x000000dd15400000,0x000000dd15500000] [id=6660]
  0x000002901f417800 GCTaskThread "GC Thread#2" [stack: 0x000000dd15500000,0x000000dd15600000] [id=14116]
  0x000002901f41a000 GCTaskThread "GC Thread#3" [stack: 0x000000dd15600000,0x000000dd15700000] [id=16072]
  0x000002901f485800 ConcurrentGCThread "G1 Main Marker" [stack: 0x000000dd15700000,0x000000dd15800000] [id=5976]
  0x000002901f488800 ConcurrentGCThread "G1 Conc#0" [stack: 0x000000dd15800000,0x000000dd15900000] [id=6968]
  0x00000290425c4800 ConcurrentGCThread "G1 Refine#0" [stack: 0x000000dd15900000,0x000000dd15a00000] [id=14528]
  0x00000290425c5800 ConcurrentGCThread "G1 Refine#1" [stack: 0x000000dd15a00000,0x000000dd15b00000] [id=6064]
  0x00000290425c8800 ConcurrentGCThread "G1 Refine#2" [stack: 0x000000dd15b00000,0x000000dd15c00000] [id=940]
  0x00000290425c9800 ConcurrentGCThread "G1 Refine#3" [stack: 0x000000dd15c00000,0x000000dd15d00000] [id=2876]
  0x00000290425d9000 ConcurrentGCThread "G1 Young RemSet Sampling" [stack: 0x000000dd15d00000,0x000000dd15e00000] [id=2724]

Threads with active compile tasks:
C2 CompilerThread01037   !   4       com.sun.javafx.css.ParsedValueImpl::readBinary (688 bytes)
C2 CompilerThread11171       4       java.lang.invoke.InvokerBytecodeGenerator::isStaticallyNameable (116 bytes)
C1 CompilerThread21192       3       com.sun.javafx.font.FontFileReader$Buffer::skip (11 bytes)

VM state:synchronizing (normal execution)

VM Mutex/Monitor currently owned by a thread:  ([mutex/lock_event])
[0x000002901f3f7b60] Threads_lock - owner thread: 0x0000029042742800

Heap address: 0x0000000081800000, size: 2024 MB, Compressed Oops mode: 32-bit
Narrow klass base: 0x0000000000000000, Narrow klass shift: 3
Compressed class space size: 1073741824 Address: 0x0000000100000000

Heap:
 garbage-first heap   total 131072K, used 9104K [0x0000000081800000, 0x0000000100000000)
  region size 1024K, 8 young (8192K), 2 survivors (2048K)
 Metaspace       used 16529K, capacity 17039K, committed 17280K, reserved 1064960K
  class space    used 1855K, capacity 2071K, committed 2176K, reserved 1048576K
Heap Regions: E=young(eden), S=young(survivor), O=old, HS=humongous(starts), HC=humongous(continues), CS=collection set, F=free, A=archive, TS=gc time stamp, AC=allocation context, TAMS=top-at-mark-start (previous, next)
|   0|0x0000000081800000, 0x0000000081900000, 0x0000000081900000|100%| O|  |TS  1|AC  0|TAMS 0x0000000081800000, 0x0000000081800000|
|   1|0x0000000081900000, 0x00000000819e4200, 0x0000000081a00000| 89%| O|  |TS  1|AC  0|TAMS 0x0000000081900000, 0x0000000081900000|
|   2|0x0000000081a00000, 0x0000000081a00000, 0x0000000081b00000|  0%| F|  |TS  0|AC  0|TAMS 0x0000000081a00000, 0x0000000081a00000|
|   3|0x0000000081b00000, 0x0000000081b00000, 0x0000000081c00000|  0%| F|  |TS  0|AC  0|TAMS 0x0000000081b00000, 0x0000000081b00000|
|   4|0x0000000081c00000, 0x0000000081c00000, 0x0000000081d00000|  0%| F|  |TS  0|AC  0|TAMS 0x0000000081c00000, 0x0000000081c00000|
|   5|0x0000000081d00000, 0x0000000081d00000, 0x0000000081e00000|  0%| F|  |TS  0|AC  0|TAMS 0x0000000081d00000, 0x0000000081d00000|
|   6|0x0000000081e00000, 0x0000000081e00000, 0x0000000081f00000|  0%| F|  |TS  0|AC  0|TAMS 0x0000000081e00000, 0x0000000081e00000|
|   7|0x0000000081f00000, 0x0000000081f00000, 0x0000000082000000|  0%| F|  |TS  0|AC  0|TAMS 0x0000000081f00000, 0x0000000081f00000|
|   8|0x0000000082000000, 0x0000000082000000, 0x0000000082100000|  0%| F|  |TS  0|AC  0|TAMS 0x0000000082000000, 0x0000000082000000|
|   9|0x0000000082100000, 0x0000000082100000, 0x0000000082200000|  0%| F|  |TS  0|AC  0|TAMS 0x0000000082100000, 0x0000000082100000|
|  10|0x0000000082200000, 0x0000000082200000, 0x0000000082300000|  0%| F|  |TS  0|AC  0|TAMS 0x0000000082200000, 0x0000000082200000|
|  11|0x0000000082300000, 0x0000000082300000, 0x0000000082400000|  0%| F|  |TS  0|AC  0|TAMS 0x0000000082300000, 0x0000000082300000|
|  12|0x0000000082400000, 0x0000000082400000, 0x0000000082500000|  0%| F|  |TS  0|AC  0|TAMS 0x0000000082400000, 0x0000000082400000|
|  13|0x0000000082500000, 0x0000000082500000, 0x0000000082600000|  0%| F|  |TS  0|AC  0|TAMS 0x0000000082500000, 0x0000000082500000|
|  14|0x0000000082600000, 0x0000000082600000, 0x0000000082700000|  0%| F|  |TS  0|AC  0|TAMS 0x0000000082600000, 0x0000000082600000|
|  15|0x0000000082700000, 0x0000000082700000, 0x0000000082800000|  0%| F|  |TS  0|AC  0|TAMS 0x0000000082700000, 0x0000000082700000|
|  16|0x0000000082800000, 0x0000000082800000, 0x0000000082900000|  0%| F|  |TS  0|AC  0|TAMS 0x0000000082800000, 0x0000000082800000|
|  17|0x0000000082900000, 0x0000000082900000, 0x0000000082a00000|  0%| F|  |TS  0|AC  0|TAMS 0x0000000082900000, 0x0000000082900000|
|  18|0x0000000082a00000, 0x0000000082a00000, 0x0000000082b00000|  0%| F|  |TS  0|AC  0|TAMS 0x0000000082a00000, 0x0000000082a00000|
|  19|0x0000000082b00000, 0x0000000082b00000, 0x0000000082c00000|  0%| F|  |TS  0|AC  0|TAMS 0x0000000082b00000, 0x0000000082b00000|
|  20|0x0000000082c00000, 0x0000000082c00000, 0x0000000082d00000|  0%| F|  |TS  0|AC  0|TAMS 0x0000000082c00000, 0x0000000082c00000|
|  21|0x0000000082d00000, 0x0000000082d00000, 0x0000000082e00000|  0%| F|  |TS  0|AC  0|TAMS 0x0000000082d00000, 0x0000000082d00000|
|  22|0x0000000082e00000, 0x0000000082e00000, 0x0000000082f00000|  0%| F|  |TS  0|AC  0|TAMS 0x0000000082e00000, 0x0000000082e00000|
|  23|0x0000000082f00000, 0x0000000082f00000, 0x0000000083000000|  0%| F|  |TS  0|AC  0|TAMS 0x0000000082f00000, 0x0000000082f00000|
|  24|0x0000000083000000, 0x0000000083000000, 0x0000000083100000|  0%| F|  |TS  0|AC  0|TAMS 0x0000000083000000, 0x0000000083000000|
|  25|0x0000000083100000, 0x0000000083100000, 0x0000000083200000|  0%| F|  |TS  0|AC  0|TAMS 0x0000000083100000, 0x0000000083100000|
|  26|0x0000000083200000, 0x0000000083200000, 0x0000000083300000|  0%| F|  |TS  0|AC  0|TAMS 0x0000000083200000, 0x0000000083200000|
|  27|0x0000000083300000, 0x0000000083300000, 0x0000000083400000|  0%| F|  |TS  0|AC  0|TAMS 0x0000000083300000, 0x0000000083300000|
|  28|0x0000000083400000, 0x0000000083400000, 0x0000000083500000|  0%| F|  |TS  0|AC  0|TAMS 0x0000000083400000, 0x0000000083400000|
|  29|0x0000000083500000, 0x0000000083500000, 0x0000000083600000|  0%| F|  |TS  0|AC  0|TAMS 0x0000000083500000, 0x0000000083500000|
|  30|0x0000000083600000, 0x0000000083600000, 0x0000000083700000|  0%| F|  |TS  0|AC  0|TAMS 0x0000000083600000, 0x0000000083600000|
|  31|0x0000000083700000, 0x0000000083700000, 0x0000000083800000|  0%| F|  |TS  0|AC  0|TAMS 0x0000000083700000, 0x0000000083700000|
|  32|0x0000000083800000, 0x0000000083800000, 0x0000000083900000|  0%| F|  |TS  0|AC  0|TAMS 0x0000000083800000, 0x0000000083800000|
|  33|0x0000000083900000, 0x0000000083900000, 0x0000000083a00000|  0%| F|  |TS  0|AC  0|TAMS 0x0000000083900000, 0x0000000083900000|
|  34|0x0000000083a00000, 0x0000000083a00000, 0x0000000083b00000|  0%| F|  |TS  0|AC  0|TAMS 0x0000000083a00000, 0x0000000083a00000|
|  35|0x0000000083b00000, 0x0000000083b00000, 0x0000000083c00000|  0%| F|  |TS  0|AC  0|TAMS 0x0000000083b00000, 0x0000000083b00000|
|  36|0x0000000083c00000, 0x0000000083c00000, 0x0000000083d00000|  0%| F|  |TS  0|AC  0|TAMS 0x0000000083c00000, 0x0000000083c00000|
|  37|0x0000000083d00000, 0x0000000083d00000, 0x0000000083e00000|  0%| F|  |TS  0|AC  0|TAMS 0x0000000083d00000, 0x0000000083d00000|
|  38|0x0000000083e00000, 0x0000000083e00000, 0x0000000083f00000|  0%| F|  |TS  0|AC  0|TAMS 0x0000000083e00000, 0x0000000083e00000|
|  39|0x0000000083f00000, 0x0000000083f00000, 0x0000000084000000|  0%| F|  |TS  0|AC  0|TAMS 0x0000000083f00000, 0x0000000083f00000|
|  40|0x0000000084000000, 0x0000000084000000, 0x0000000084100000|  0%| F|  |TS  0|AC  0|TAMS 0x0000000084000000, 0x0000000084000000|
|  41|0x0000000084100000, 0x0000000084100000, 0x0000000084200000|  0%| F|  |TS  0|AC  0|TAMS 0x0000000084100000, 0x0000000084100000|
|  42|0x0000000084200000, 0x0000000084200000, 0x0000000084300000|  0%| F|  |TS  0|AC  0|TAMS 0x0000000084200000, 0x0000000084200000|
|  43|0x0000000084300000, 0x0000000084300000, 0x0000000084400000|  0%| F|  |TS  0|AC  0|TAMS 0x0000000084300000, 0x0000000084300000|
|  44|0x0000000084400000, 0x0000000084400000, 0x0000000084500000|  0%| F|  |TS  0|AC  0|TAMS 0x0000000084400000, 0x0000000084400000|
|  45|0x0000000084500000, 0x0000000084500000, 0x0000000084600000|  0%| F|  |TS  0|AC  0|TAMS 0x0000000084500000, 0x0000000084500000|
|  46|0x0000000084600000, 0x0000000084600000, 0x0000000084700000|  0%| F|  |TS  0|AC  0|TAMS 0x0000000084600000, 0x0000000084600000|
|  47|0x0000000084700000, 0x0000000084700000, 0x0000000084800000|  0%| F|  |TS  0|AC  0|TAMS 0x0000000084700000, 0x0000000084700000|
|  48|0x0000000084800000, 0x0000000084800000, 0x0000000084900000|  0%| F|  |TS  0|AC  0|TAMS 0x0000000084800000, 0x0000000084800000|
|  49|0x0000000084900000, 0x0000000084900000, 0x0000000084a00000|  0%| F|  |TS  0|AC  0|TAMS 0x0000000084900000, 0x0000000084900000|
|  50|0x0000000084a00000, 0x0000000084a00000, 0x0000000084b00000|  0%| F|  |TS  0|AC  0|TAMS 0x0000000084a00000, 0x0000000084a00000|
|  51|0x0000000084b00000, 0x0000000084b00000, 0x0000000084c00000|  0%| F|  |TS  0|AC  0|TAMS 0x0000000084b00000, 0x0000000084b00000|
|  52|0x0000000084c00000, 0x0000000084c00000, 0x0000000084d00000|  0%| F|  |TS  0|AC  0|TAMS 0x0000000084c00000, 0x0000000084c00000|
|  53|0x0000000084d00000, 0x0000000084d00000, 0x0000000084e00000|  0%| F|  |TS  0|AC  0|TAMS 0x0000000084d00000, 0x0000000084d00000|
|  54|0x0000000084e00000, 0x0000000084e00000, 0x0000000084f00000|  0%| F|  |TS  0|AC  0|TAMS 0x0000000084e00000, 0x0000000084e00000|
|  55|0x0000000084f00000, 0x0000000084f00000, 0x0000000085000000|  0%| F|  |TS  0|AC  0|TAMS 0x0000000084f00000, 0x0000000084f00000|
|  56|0x0000000085000000, 0x0000000085000000, 0x0000000085100000|  0%| F|  |TS  0|AC  0|TAMS 0x0000000085000000, 0x0000000085000000|
|  57|0x0000000085100000, 0x0000000085100000, 0x0000000085200000|  0%| F|  |TS  0|AC  0|TAMS 0x0000000085100000, 0x0000000085100000|
|  58|0x0000000085200000, 0x0000000085200000, 0x0000000085300000|  0%| F|  |TS  0|AC  0|TAMS 0x0000000085200000, 0x0000000085200000|
|  59|0x0000000085300000, 0x0000000085300000, 0x0000000085400000|  0%| F|  |TS  0|AC  0|TAMS 0x0000000085300000, 0x0000000085300000|
|  60|0x0000000085400000, 0x0000000085400000, 0x0000000085500000|  0%| F|  |TS  0|AC  0|TAMS 0x0000000085400000, 0x0000000085400000|
|  61|0x0000000085500000, 0x0000000085500000, 0x0000000085600000|  0%| F|  |TS  0|AC  0|TAMS 0x0000000085500000, 0x0000000085500000|
|  62|0x0000000085600000, 0x0000000085600000, 0x0000000085700000|  0%| F|  |TS  0|AC  0|TAMS 0x0000000085600000, 0x0000000085600000|
|  63|0x0000000085700000, 0x0000000085700000, 0x0000000085800000|  0%| F|  |TS  0|AC  0|TAMS 0x0000000085700000, 0x0000000085700000|
|  64|0x0000000085800000, 0x0000000085800000, 0x0000000085900000|  0%| F|  |TS  0|AC  0|TAMS 0x0000000085800000, 0x0000000085800000|
|  65|0x0000000085900000, 0x0000000085900000, 0x0000000085a00000|  0%| F|  |TS  0|AC  0|TAMS 0x0000000085900000, 0x0000000085900000|
|  66|0x0000000085a00000, 0x0000000085a00000, 0x0000000085b00000|  0%| F|  |TS  0|AC  0|TAMS 0x0000000085a00000, 0x0000000085a00000|
|  67|0x0000000085b00000, 0x0000000085b00000, 0x0000000085c00000|  0%| F|  |TS  0|AC  0|TAMS 0x0000000085b00000, 0x0000000085b00000|
|  68|0x0000000085c00000, 0x0000000085c00000, 0x0000000085d00000|  0%| F|  |TS  0|AC  0|TAMS 0x0000000085c00000, 0x0000000085c00000|
|  69|0x0000000085d00000, 0x0000000085d00000, 0x0000000085e00000|  0%| F|  |TS  0|AC  0|TAMS 0x0000000085d00000, 0x0000000085d00000|
|  70|0x0000000085e00000, 0x0000000085e00000, 0x0000000085f00000|  0%| F|  |TS  0|AC  0|TAMS 0x0000000085e00000, 0x0000000085e00000|
|  71|0x0000000085f00000, 0x0000000085f00000, 0x0000000086000000|  0%| F|  |TS  0|AC  0|TAMS 0x0000000085f00000, 0x0000000085f00000|
|  72|0x0000000086000000, 0x0000000086000000, 0x0000000086100000|  0%| F|  |TS  0|AC  0|TAMS 0x0000000086000000, 0x0000000086000000|
|  73|0x0000000086100000, 0x0000000086100000, 0x0000000086200000|  0%| F|  |TS  0|AC  0|TAMS 0x0000000086100000, 0x0000000086100000|
|  74|0x0000000086200000, 0x0000000086200000, 0x0000000086300000|  0%| F|  |TS  0|AC  0|TAMS 0x0000000086200000, 0x0000000086200000|
|  75|0x0000000086300000, 0x0000000086300000, 0x0000000086400000|  0%| F|  |TS  0|AC  0|TAMS 0x0000000086300000, 0x0000000086300000|
|  76|0x0000000086400000, 0x0000000086400000, 0x0000000086500000|  0%| F|  |TS  0|AC  0|TAMS 0x0000000086400000, 0x0000000086400000|
|  77|0x0000000086500000, 0x0000000086500000, 0x0000000086600000|  0%| F|  |TS  0|AC  0|TAMS 0x0000000086500000, 0x0000000086500000|
|  78|0x0000000086600000, 0x0000000086600000, 0x0000000086700000|  0%| F|  |TS  0|AC  0|TAMS 0x0000000086600000, 0x0000000086600000|
|  79|0x0000000086700000, 0x0000000086700000, 0x0000000086800000|  0%| F|  |TS  0|AC  0|TAMS 0x0000000086700000, 0x0000000086700000|
|  80|0x0000000086800000, 0x0000000086800000, 0x0000000086900000|  0%| F|  |TS  0|AC  0|TAMS 0x0000000086800000, 0x0000000086800000|
|  81|0x0000000086900000, 0x0000000086900000, 0x0000000086a00000|  0%| F|  |TS  0|AC  0|TAMS 0x0000000086900000, 0x0000000086900000|
|  82|0x0000000086a00000, 0x0000000086a00000, 0x0000000086b00000|  0%| F|  |TS  0|AC  0|TAMS 0x0000000086a00000, 0x0000000086a00000|
|  83|0x0000000086b00000, 0x0000000086b00000, 0x0000000086c00000|  0%| F|  |TS  0|AC  0|TAMS 0x0000000086b00000, 0x0000000086b00000|
|  84|0x0000000086c00000, 0x0000000086c00000, 0x0000000086d00000|  0%| F|  |TS  0|AC  0|TAMS 0x0000000086c00000, 0x0000000086c00000|
|  85|0x0000000086d00000, 0x0000000086d00000, 0x0000000086e00000|  0%| F|  |TS  0|AC  0|TAMS 0x0000000086d00000, 0x0000000086d00000|
|  86|0x0000000086e00000, 0x0000000086e00000, 0x0000000086f00000|  0%| F|  |TS  0|AC  0|TAMS 0x0000000086e00000, 0x0000000086e00000|
|  87|0x0000000086f00000, 0x0000000086f00000, 0x0000000087000000|  0%| F|  |TS  0|AC  0|TAMS 0x0000000086f00000, 0x0000000086f00000|
|  88|0x0000000087000000, 0x0000000087000000, 0x0000000087100000|  0%| F|  |TS  0|AC  0|TAMS 0x0000000087000000, 0x0000000087000000|
|  89|0x0000000087100000, 0x0000000087100000, 0x0000000087200000|  0%| F|  |TS  0|AC  0|TAMS 0x0000000087100000, 0x0000000087100000|
|  90|0x0000000087200000, 0x0000000087200000, 0x0000000087300000|  0%| F|  |TS  0|AC  0|TAMS 0x0000000087200000, 0x0000000087200000|
|  91|0x0000000087300000, 0x0000000087300000, 0x0000000087400000|  0%| F|  |TS  0|AC  0|TAMS 0x0000000087300000, 0x0000000087300000|
|  92|0x0000000087400000, 0x0000000087400000, 0x0000000087500000|  0%| F|  |TS  0|AC  0|TAMS 0x0000000087400000, 0x0000000087400000|
|  93|0x0000000087500000, 0x0000000087500000, 0x0000000087600000|  0%| F|  |TS  0|AC  0|TAMS 0x0000000087500000, 0x0000000087500000|
|  94|0x0000000087600000, 0x0000000087600000, 0x0000000087700000|  0%| F|  |TS  0|AC  0|TAMS 0x0000000087600000, 0x0000000087600000|
|  95|0x0000000087700000, 0x0000000087700000, 0x0000000087800000|  0%| F|  |TS  0|AC  0|TAMS 0x0000000087700000, 0x0000000087700000|
|  96|0x0000000087800000, 0x0000000087800000, 0x0000000087900000|  0%| F|  |TS  0|AC  0|TAMS 0x0000000087800000, 0x0000000087800000|
|  97|0x0000000087900000, 0x0000000087900000, 0x0000000087a00000|  0%| F|  |TS  0|AC  0|TAMS 0x0000000087900000, 0x0000000087900000|
|  98|0x0000000087a00000, 0x0000000087a00000, 0x0000000087b00000|  0%| F|  |TS  0|AC  0|TAMS 0x0000000087a00000, 0x0000000087a00000|
|  99|0x0000000087b00000, 0x0000000087b00000, 0x0000000087c00000|  0%| F|  |TS  0|AC  0|TAMS 0x0000000087b00000, 0x0000000087b00000|
| 100|0x0000000087c00000, 0x0000000087c00000, 0x0000000087d00000|  0%| F|  |TS  0|AC  0|TAMS 0x0000000087c00000, 0x0000000087c00000|
| 101|0x0000000087d00000, 0x0000000087d00000, 0x0000000087e00000|  0%| F|  |TS  0|AC  0|TAMS 0x0000000087d00000, 0x0000000087d00000|
| 102|0x0000000087e00000, 0x0000000087e00000, 0x0000000087f00000|  0%| F|  |TS  0|AC  0|TAMS 0x0000000087e00000, 0x0000000087e00000|
| 103|0x0000000087f00000, 0x0000000087f00000, 0x0000000088000000|  0%| F|  |TS  0|AC  0|TAMS 0x0000000087f00000, 0x0000000087f00000|
| 104|0x0000000088000000, 0x0000000088000000, 0x0000000088100000|  0%| F|  |TS  0|AC  0|TAMS 0x0000000088000000, 0x0000000088000000|
| 105|0x0000000088100000, 0x0000000088100000, 0x0000000088200000|  0%| F|  |TS  0|AC  0|TAMS 0x0000000088100000, 0x0000000088100000|
| 106|0x0000000088200000, 0x0000000088200000, 0x0000000088300000|  0%| F|  |TS  0|AC  0|TAMS 0x0000000088200000, 0x0000000088200000|
| 107|0x0000000088300000, 0x0000000088300000, 0x0000000088400000|  0%| F|  |TS  0|AC  0|TAMS 0x0000000088300000, 0x0000000088300000|
| 108|0x0000000088400000, 0x0000000088400000, 0x0000000088500000|  0%| F|  |TS  0|AC  0|TAMS 0x0000000088400000, 0x0000000088400000|
| 109|0x0000000088500000, 0x0000000088500000, 0x0000000088600000|  0%| F|  |TS  0|AC  0|TAMS 0x0000000088500000, 0x0000000088500000|
| 110|0x0000000088600000, 0x0000000088600000, 0x0000000088700000|  0%| F|  |TS  0|AC  0|TAMS 0x0000000088600000, 0x0000000088600000|
| 111|0x0000000088700000, 0x0000000088700000, 0x0000000088800000|  0%| F|  |TS  0|AC  0|TAMS 0x0000000088700000, 0x0000000088700000|
| 112|0x0000000088800000, 0x0000000088900000, 0x0000000088900000|100%| S|CS|TS  1|AC  0|TAMS 0x0000000088800000, 0x0000000088800000|
| 113|0x0000000088900000, 0x0000000088a00000, 0x0000000088a00000|100%| S|CS|TS  1|AC  0|TAMS 0x0000000088900000, 0x0000000088900000|
| 114|0x0000000088a00000, 0x0000000088a00000, 0x0000000088b00000|  0%| F|  |TS  1|AC  0|TAMS 0x0000000088a00000, 0x0000000088a00000|
| 115|0x0000000088b00000, 0x0000000088b00000, 0x0000000088c00000|  0%| F|  |TS  1|AC  0|TAMS 0x0000000088b00000, 0x0000000088b00000|
| 116|0x0000000088c00000, 0x0000000088c00000, 0x0000000088d00000|  0%| F|  |TS  1|AC  0|TAMS 0x0000000088c00000, 0x0000000088c00000|
| 117|0x0000000088d00000, 0x0000000088d00000, 0x0000000088e00000|  0%| F|  |TS  1|AC  0|TAMS 0x0000000088d00000, 0x0000000088d00000|
| 118|0x0000000088e00000, 0x0000000088e00000, 0x0000000088f00000|  0%| F|  |TS  1|AC  0|TAMS 0x0000000088e00000, 0x0000000088e00000|
| 119|0x0000000088f00000, 0x0000000088f00000, 0x0000000089000000|  0%| F|  |TS  1|AC  0|TAMS 0x0000000088f00000, 0x0000000088f00000|
| 120|0x0000000089000000, 0x0000000089000000, 0x0000000089100000|  0%| F|  |TS  1|AC  0|TAMS 0x0000000089000000, 0x0000000089000000|
| 121|0x0000000089100000, 0x0000000089100000, 0x0000000089200000|  0%| F|  |TS  1|AC  0|TAMS 0x0000000089100000, 0x0000000089100000|
| 122|0x0000000089200000, 0x0000000089280800, 0x0000000089300000| 50%| E|  |TS  1|AC  0|TAMS 0x0000000089200000, 0x0000000089200000|
| 123|0x0000000089300000, 0x0000000089400000, 0x0000000089400000|100%| E|CS|TS  1|AC  0|TAMS 0x0000000089300000, 0x0000000089300000|
| 124|0x0000000089400000, 0x0000000089500000, 0x0000000089500000|100%| E|CS|TS  1|AC  0|TAMS 0x0000000089400000, 0x0000000089400000|
| 125|0x0000000089500000, 0x0000000089600000, 0x0000000089600000|100%| E|CS|TS  1|AC  0|TAMS 0x0000000089500000, 0x0000000089500000|
| 126|0x0000000089600000, 0x0000000089700000, 0x0000000089700000|100%| E|CS|TS  1|AC  0|TAMS 0x0000000089600000, 0x0000000089600000|
| 127|0x0000000089700000, 0x0000000089800000, 0x0000000089800000|100%| E|CS|TS  1|AC  0|TAMS 0x0000000089700000, 0x0000000089700000|

Card table byte_map: [0x000002903b980000,0x000002903bd80000] byte_map_base: 0x000002903b574000

Marking Bits (Prev, Next): (CMBitMap*) 0x000002901f4848e0, (CMBitMap*) 0x000002901f484918
 Prev Bits: [0x000002903c180000, 0x000002903e120000)
 Next Bits: [0x000002903e120000, 0x00000290400c0000)

Polling page: 0x000002901f2a0000

CodeHeap 'non-profiled nmethods': size=120064Kb used=459Kb max_used=459Kb free=119605Kb
 bounds [0x0000029033a20000, 0x0000029033c90000, 0x000002903af60000]
CodeHeap 'profiled nmethods': size=120000Kb used=2061Kb max_used=2061Kb free=117938Kb
 bounds [0x000002902c4f0000, 0x000002902c760000, 0x0000029033a20000]
CodeHeap 'non-nmethods': size=5696Kb used=1203Kb max_used=1212Kb free=4492Kb
 bounds [0x000002902bf60000, 0x000002902c1d0000, 0x000002902c4f0000]
 total_blobs=2027 nmethods=1185 adapters=481
 compilation: enabled

Compilation events (10 events):
Event: 0.952 Thread 0x0000029042779800 1187       3       java.nio.HeapCharBuffer::put (16 bytes)
Event: 0.952 Thread 0x0000029042779800 nmethod 1187 0x000002902c6f2790 code [0x000002902c6f2960, 0x000002902c6f2c90]
Event: 0.952 Thread 0x0000029042779800 1188       3       java.nio.HeapCharBuffer::ix (7 bytes)
Event: 0.952 Thread 0x0000029042779800 nmethod 1188 0x000002902c6f2e10 code [0x000002902c6f2fc0, 0x000002902c6f3118]
Event: 0.952 Thread 0x0000029042779800 1189       3       java.io.WinNTFileSystem::isLetter (30 bytes)
Event: 0.952 Thread 0x0000029042779800 nmethod 1189 0x000002902c6f3190 code [0x000002902c6f3340, 0x000002902c6f35b8]
Event: 0.953 Thread 0x0000029042779800 1190       1       java.lang.ThreadLocal::access$400 (5 bytes)
Event: 0.953 Thread 0x0000029042779800 nmethod 1190 0x0000029033a92510 code [0x0000029033a926c0, 0x0000029033a927b8]
Event: 0.953 Thread 0x0000029042779800 1191       1       java.nio.Buffer::remaining (10 bytes)
Event: 0.953 Thread 0x0000029042779800 nmethod 1191 0x0000029033a92890 code [0x0000029033a92a40, 0x0000029033a92b58]

GC Heap History (2 events):
Event: 0.817 GC heap before
{Heap before GC invocations=0 (full 0):
 garbage-first heap   total 131072K, used 14336K [0x0000000081800000, 0x0000000100000000)
  region size 1024K, 14 young (14336K), 0 survivors (0K)
 Metaspace       used 14040K, capacity 14420K, committed 14464K, reserved 1062912K
  class space    used 1483K, capacity 1641K, committed 1664K, reserved 1048576K
}
Event: 0.821 GC heap after
{Heap after GC invocations=1 (full 0):
 garbage-first heap   total 131072K, used 3984K [0x0000000081800000, 0x0000000100000000)
  region size 1024K, 2 young (2048K), 2 survivors (2048K)
 Metaspace       used 14040K, capacity 14420K, committed 14464K, reserved 1062912K
  class space    used 1483K, capacity 1641K, committed 1664K, reserved 1048576K
}

Deoptimization events (10 events):
Event: 0.875 Thread 0x000002904370b800 Uncommon trap: reason=unstable_if action=reinterpret pc=0x0000029033a6f830 method=jdk.internal.org.objectweb.asm.Frame.execute(IILjdk/internal/org/objectweb/asm/ClassWriter;Ljdk/internal/org/objectweb/asm/Item;)V @ 2219 c2
Event: 0.878 Thread 0x000002904370b800 Uncommon trap: reason=class_check action=maybe_recompile pc=0x0000029033a84b68 method=java.util.HashMap.putVal(ILjava/lang/Object;Ljava/lang/Object;ZZ)Ljava/lang/Object; @ 91 c2
Event: 0.878 Thread 0x000002904370b800 Uncommon trap: reason=class_check action=maybe_recompile pc=0x0000029033a84b68 method=java.util.HashMap.putVal(ILjava/lang/Object;Ljava/lang/Object;ZZ)Ljava/lang/Object; @ 91 c2
Event: 0.879 Thread 0x000002904370b800 Uncommon trap: reason=class_check action=maybe_recompile pc=0x0000029033a84b68 method=java.util.HashMap.putVal(ILjava/lang/Object;Ljava/lang/Object;ZZ)Ljava/lang/Object; @ 91 c2
Event: 0.879 Thread 0x000002904370b800 Uncommon trap: reason=class_check action=maybe_recompile pc=0x0000029033a84b68 method=java.util.HashMap.putVal(ILjava/lang/Object;Ljava/lang/Object;ZZ)Ljava/lang/Object; @ 91 c2
Event: 0.903 Thread 0x000002904370b800 Uncommon trap: reason=intrinsic_or_type_checked_inlining action=make_not_entrant pc=0x0000029033a7bd68 method=java.util.Arrays.copyOf([Ljava/lang/Object;ILjava/lang/Class;)[Ljava/lang/Object; @ 35 c2
Event: 0.903 Thread 0x000002904370b800 Uncommon trap: reason=unstable_if action=reinterpret pc=0x0000029033a8b7c8 method=java.util.HashMap.putVal(ILjava/lang/Object;Ljava/lang/Object;ZZ)Ljava/lang/Object; @ 94 c2
Event: 0.926 Thread 0x000002904370b800 Uncommon trap: reason=unstable_if action=reinterpret pc=0x0000029033a6a938 method=java.lang.String.regionMatches(ILjava/lang/String;II)Z @ 111 c2
Event: 0.946 Thread 0x000002904370b800 Uncommon trap: reason=unstable_if action=reinterpret pc=0x0000029033a386fc method=java.nio.Buffer.hasRemaining()Z @ 8 c2
Event: 0.951 Thread 0x000002904370b800 Uncommon trap: reason=unstable_if action=reinterpret pc=0x0000029033a5b70c method=java.lang.StringUTF16.compress([CI[BII)I @ 20 c2

Classes redefined (0 events):
No events

Internal exceptions (10 events):
Event: 0.605 Thread 0x000002904370b800 Exception <a 'java/lang/NoSuchMethodError'{0x0000000088d0a580}: method resolution failed> (0x0000000088d0a580) thrown at [t:/workspace/open/src/hotspot/share/prims/methodHandles.cpp, line 1226]
Event: 0.723 Thread 0x000002904370b800 Exception <a 'java/lang/NoSuchMethodError'{0x0000000088df6170}: java.lang.invoke.DirectMethodHandle$Holder.invokeStaticInit(Ljava/lang/Object;Ljava/lang/Object;Ljava/lang/Object;Ljava/lang/Object;)Ljava/lang/Object;> (0x0000000088df6170) thrown at [t:/wor
Event: 0.724 Thread 0x000002904370b800 Exception <a 'java/lang/NullPointerException'{0x0000000088dfed48}> (0x0000000088dfed48) thrown at [t:/workspace/open/src/hotspot/share/interpreter/linkResolver.cpp, line 1324]
Event: 0.724 Thread 0x000002904370b800 Exception <a 'java/lang/NullPointerException'{0x0000000088dfed48}> (0x0000000088dfed48) thrown at [t:/workspace/open/src/hotspot/share/prims/jvm.cpp, line 1349]
Event: 0.739 Thread 0x000002904370b800 Exception <a 'java/lang/NoSuchMethodError'{0x0000000088c2c408}: java.lang.invoke.DirectMethodHandle$Holder.invokeSpecial(Ljava/lang/Object;Ljava/lang/Object;Ljava/lang/Object;Ljava/lang/Object;Ljava/lang/Object;)V> (0x0000000088c2c408) thrown at [t:/works
Event: 0.828 Thread 0x000002904370b800 Exception <a 'java/lang/NoSuchMethodError'{0x00000000896147c0}: java.lang.invoke.DirectMethodHandle$Holder.invokeStaticInit(Ljava/lang/Object;Ljava/lang/Object;)V> (0x00000000896147c0) thrown at [t:/workspace/open/src/hotspot/share/interpreter/linkResolve
Event: 0.848 Thread 0x000002904370b800 Exception <a 'java/lang/NoSuchMethodError'{0x000000008956fc90}: java.lang.invoke.DelegatingMethodHandle$Holder.reinvoke_L(Ljava/lang/Object;Ljava/lang/Object;ILjava/lang/Object;)Ljava/lang/Object;> (0x000000008956fc90) thrown at [t:/workspace/open/src/hot
Event: 0.869 Thread 0x000002904370b800 Exception <a 'java/lang/NoSuchMethodError'{0x00000000895b9180}: java.lang.invoke.DirectMethodHandle$Holder.invokeInterface(Ljava/lang/Object;Ljava/lang/Object;Ljava/lang/Object;)I> (0x00000000895b9180) thrown at [t:/workspace/open/src/hotspot/share/interp
Event: 0.872 Thread 0x000002904370b800 Exception <a 'java/lang/NoSuchMethodError'{0x00000000895c4900}: java.lang.invoke.DirectMethodHandle$Holder.invokeStatic(Ljava/lang/Object;Ljava/lang/Object;)I> (0x00000000895c4900) thrown at [t:/workspace/open/src/hotspot/share/interpreter/linkResolver.cp
Event: 0.875 Thread 0x000002904370b800 Exception <a 'java/lang/NoSuchMethodError'{0x00000000895d1bd8}: java.lang.Object.of([Ljava/lang/Object;)Ljava/util/stream/Stream;> (0x00000000895d1bd8) thrown at [t:/workspace/open/src/hotspot/share/interpreter/linkResolver.cpp, line 741]

Events (10 events):
Event: 0.946 loading class sun/nio/cs/UnicodeDecoder done
Event: 0.946 loading class sun/nio/cs/UTF_16BE$Decoder done
Event: 0.946 Thread 0x000002904370b800 Uncommon trap: trap_request=0xffffff55 fr.pc=0x0000029033a386fc relative=0x000000000000005c
Event: 0.946 Thread 0x000002904370b800 DEOPT PACKING pc=0x0000029033a386fc sp=0x000000dd16dfb970
Event: 0.946 Thread 0x000002904370b800 DEOPT UNPACKING pc=0x000002902bf88a2f sp=0x000000dd16dfb908 mode 2
Event: 0.947 loading class java/io/RandomAccessFile$1
Event: 0.947 loading class java/io/RandomAccessFile$1 done
Event: 0.951 Thread 0x000002904370b800 Uncommon trap: trap_request=0xffffff55 fr.pc=0x0000029033a5b70c relative=0x000000000000026c
Event: 0.951 Thread 0x000002904370b800 DEOPT PACKING pc=0x0000029033a5b70c sp=0x000000dd16dfb8f0
Event: 0.951 Thread 0x000002904370b800 DEOPT UNPACKING pc=0x000002902bf88a2f sp=0x000000dd16dfb870 mode 2


Dynamic libraries:
0x00007ff71e4d0000 - 0x00007ff71e50e000 	C:\Program Files\Java\jdk-10.0.2\bin\java.exe
0x00007ff951ac0000 - 0x00007ff951ca1000 	C:\WINDOWS\SYSTEM32\ntdll.dll
0x00007ff9162d0000 - 0x00007ff9162e2000 	C:\Program Files\AVAST Software\Avast\aswhook.dll
0x00007ff951630000 - 0x00007ff9516e2000 	C:\WINDOWS\System32\KERNEL32.DLL
0x00007ff94ecb0000 - 0x00007ff94ef23000 	C:\WINDOWS\System32\KERNELBASE.dll
0x00007ff94f7b0000 - 0x00007ff94f851000 	C:\WINDOWS\System32\ADVAPI32.dll
0x00007ff94f260000 - 0x00007ff94f2fe000 	C:\WINDOWS\System32\msvcrt.dll
0x00007ff9515d0000 - 0x00007ff95162b000 	C:\WINDOWS\System32\sechost.dll
0x00007ff94ef50000 - 0x00007ff94f074000 	C:\WINDOWS\System32\RPCRT4.dll
0x00007ff951880000 - 0x00007ff951a10000 	C:\WINDOWS\System32\USER32.dll
0x00007ff94ef30000 - 0x00007ff94ef50000 	C:\WINDOWS\System32\win32u.dll
0x00007ff94f140000 - 0x00007ff94f168000 	C:\WINDOWS\System32\GDI32.dll
0x00007ff94de90000 - 0x00007ff94e022000 	C:\WINDOWS\System32\gdi32full.dll
0x00007ff94e0e0000 - 0x00007ff94e17f000 	C:\WINDOWS\System32\msvcp_win.dll
0x00007ff94e8e0000 - 0x00007ff94e9d8000 	C:\WINDOWS\System32\ucrtbase.dll
0x00007ff931e30000 - 0x00007ff932099000 	C:\WINDOWS\WinSxS\amd64_microsoft.windows.common-controls_6595b64144ccf1df_6.0.17134.648_none_fb45a0e93062a6d2\COMCTL32.dll
0x00007ff950db0000 - 0x00007ff9510d2000 	C:\WINDOWS\System32\combase.dll
0x00007ff94ec30000 - 0x00007ff94ecaa000 	C:\WINDOWS\System32\bcryptPrimitives.dll
0x00007ff9421c0000 - 0x00007ff9421ca000 	C:\WINDOWS\SYSTEM32\VERSION.dll
0x00007ff9517f0000 - 0x00007ff95181d000 	C:\WINDOWS\System32\IMM32.DLL
0x00007ff91b260000 - 0x00007ff91b34f000 	C:\Program Files\Java\jdk-10.0.2\bin\msvcr120.dll
0x00007ff924dc0000 - 0x00007ff924e66000 	C:\Program Files\Java\jdk-10.0.2\bin\msvcp120.dll
0x0000000062f90000 - 0x0000000063a00000 	C:\Program Files\Java\jdk-10.0.2\bin\server\jvm.dll
0x00007ff94f130000 - 0x00007ff94f138000 	C:\WINDOWS\System32\PSAPI.DLL
0x00007ff942720000 - 0x00007ff942729000 	C:\WINDOWS\SYSTEM32\WSOCK32.dll
0x00007ff9510e0000 - 0x00007ff95114c000 	C:\WINDOWS\System32\WS2_32.dll
0x00007ff94c020000 - 0x00007ff94c043000 	C:\WINDOWS\SYSTEM32\WINMM.dll
0x00007ff94bff0000 - 0x00007ff94c01a000 	C:\WINDOWS\SYSTEM32\WINMMBASE.dll
0x00007ff94e180000 - 0x00007ff94e1c9000 	C:\WINDOWS\System32\cfgmgr32.dll
0x00007ff94a730000 - 0x00007ff94a73f000 	C:\Program Files\Java\jdk-10.0.2\bin\verify.dll
0x00007ff93dba0000 - 0x00007ff93dd69000 	C:\WINDOWS\SYSTEM32\DBGHELP.DLL
0x00007ff93ca20000 - 0x00007ff93ca49000 	C:\WINDOWS\SYSTEM32\dbgcore.DLL
0x00007ff92ac80000 - 0x00007ff92aca7000 	C:\Program Files\Java\jdk-10.0.2\bin\java.dll
0x00007ff9436c0000 - 0x00007ff9436ea000 	C:\Program Files\Java\jdk-10.0.2\bin\instrument.dll
0x00007ff93c090000 - 0x00007ff93c0a6000 	C:\Program Files\Java\jdk-10.0.2\bin\zip.dll
0x00007ff947f00000 - 0x00007ff947f0a000 	C:\Program Files\Java\jdk-10.0.2\bin\jimage.dll
0x00007ff94f970000 - 0x00007ff950db0000 	C:\WINDOWS\System32\SHELL32.dll
0x00007ff94f080000 - 0x00007ff94f129000 	C:\WINDOWS\System32\shcore.dll
0x00007ff94e1d0000 - 0x00007ff94e8dd000 	C:\WINDOWS\System32\windows.storage.dll
0x00007ff94f300000 - 0x00007ff94f351000 	C:\WINDOWS\System32\shlwapi.dll
0x00007ff94de30000 - 0x00007ff94de41000 	C:\WINDOWS\System32\kernel.appcore.dll
0x00007ff94de70000 - 0x00007ff94de8f000 	C:\WINDOWS\System32\profapi.dll
0x00007ff94ddd0000 - 0x00007ff94de1c000 	C:\WINDOWS\System32\powrprof.dll
0x00007ff94de20000 - 0x00007ff94de2a000 	C:\WINDOWS\System32\FLTLIB.DLL
0x00007ff939080000 - 0x00007ff93909a000 	C:\Program Files\Java\jdk-10.0.2\bin\net.dll
0x00007ff948f10000 - 0x00007ff948fed000 	C:\WINDOWS\SYSTEM32\WINHTTP.dll
0x00007ff94d5a0000 - 0x00007ff94d606000 	C:\WINDOWS\system32\mswsock.dll
0x00007ff92ac60000 - 0x00007ff92ac71000 	C:\Program Files\Java\jdk-10.0.2\bin\nio.dll
0x00007ff92abc0000 - 0x00007ff92abda000 	C:\Program Files\JetBrains\IntelliJ IDEA 2018.1.4\bin\breakgen64.dll
0x0000029043cb0000 - 0x0000029043cb3000 	C:\Program Files\Java\jdk-10.0.2\bin\api-ms-win-core-console-l1-1-0.dll
0x0000029043cc0000 - 0x0000029043cc3000 	C:\Program Files\Java\jdk-10.0.2\bin\api-ms-win-core-datetime-l1-1-0.dll
0x0000029043cd0000 - 0x0000029043cd3000 	C:\Program Files\Java\jdk-10.0.2\bin\api-ms-win-core-debug-l1-1-0.dll
0x0000029043ce0000 - 0x0000029043ce3000 	C:\Program Files\Java\jdk-10.0.2\bin\api-ms-win-core-errorhandling-l1-1-0.dll
0x0000029043cf0000 - 0x0000029043cf4000 	C:\Program Files\Java\jdk-10.0.2\bin\api-ms-win-core-file-l1-1-0.dll
0x0000029043d00000 - 0x0000029043d03000 	C:\Program Files\Java\jdk-10.0.2\bin\api-ms-win-core-file-l1-2-0.dll
0x0000029043d10000 - 0x0000029043d13000 	C:\Program Files\Java\jdk-10.0.2\bin\api-ms-win-core-file-l2-1-0.dll
0x0000029043d20000 - 0x0000029043d23000 	C:\Program Files\Java\jdk-10.0.2\bin\api-ms-win-core-handle-l1-1-0.dll
0x0000029043d30000 - 0x0000029043d33000 	C:\Program Files\Java\jdk-10.0.2\bin\api-ms-win-core-heap-l1-1-0.dll
0x0000029043d40000 - 0x0000029043d43000 	C:\Program Files\Java\jdk-10.0.2\bin\api-ms-win-core-interlocked-l1-1-0.dll
0x0000029043d50000 - 0x0000029043d53000 	C:\Program Files\Java\jdk-10.0.2\bin\api-ms-win-core-libraryloader-l1-1-0.dll
0x0000029043d60000 - 0x0000029043d63000 	C:\Program Files\Java\jdk-10.0.2\bin\api-ms-win-core-localization-l1-2-0.dll
0x0000029043d70000 - 0x0000029043d73000 	C:\Program Files\Java\jdk-10.0.2\bin\api-ms-win-core-memory-l1-1-0.dll
0x0000029043d80000 - 0x0000029043d83000 	C:\Program Files\Java\jdk-10.0.2\bin\api-ms-win-core-namedpipe-l1-1-0.dll
0x0000029043d90000 - 0x0000029043d93000 	C:\Program Files\Java\jdk-10.0.2\bin\api-ms-win-core-processenvironment-l1-1-0.dll
0x0000029043da0000 - 0x0000029043da3000 	C:\Program Files\Java\jdk-10.0.2\bin\api-ms-win-core-processthreads-l1-1-0.dll
0x0000029043db0000 - 0x0000029043db3000 	C:\Program Files\Java\jdk-10.0.2\bin\api-ms-win-core-processthreads-l1-1-1.dll
0x0000029043dc0000 - 0x0000029043dc3000 	C:\Program Files\Java\jdk-10.0.2\bin\api-ms-win-core-profile-l1-1-0.dll
0x0000029043dd0000 - 0x0000029043dd3000 	C:\Program Files\Java\jdk-10.0.2\bin\api-ms-win-core-rtlsupport-l1-1-0.dll
0x0000029043de0000 - 0x0000029043de3000 	C:\Program Files\Java\jdk-10.0.2\bin\api-ms-win-core-string-l1-1-0.dll
0x0000029043df0000 - 0x0000029043df3000 	C:\Program Files\Java\jdk-10.0.2\bin\api-ms-win-core-synch-l1-1-0.dll
0x0000029043e00000 - 0x0000029043e03000 	C:\Program Files\Java\jdk-10.0.2\bin\api-ms-win-core-synch-l1-2-0.dll
0x0000029043e10000 - 0x0000029043e13000 	C:\Program Files\Java\jdk-10.0.2\bin\api-ms-win-core-sysinfo-l1-1-0.dll
0x0000029043e20000 - 0x0000029043e23000 	C:\Program Files\Java\jdk-10.0.2\bin\api-ms-win-core-timezone-l1-1-0.dll
0x0000029043e30000 - 0x0000029043e33000 	C:\Program Files\Java\jdk-10.0.2\bin\api-ms-win-core-util-l1-1-0.dll
0x0000029043e40000 - 0x0000029043e43000 	C:\Program Files\Java\jdk-10.0.2\bin\api-ms-win-crt-conio-l1-1-0.dll
0x0000029043e50000 - 0x0000029043e54000 	C:\Program Files\Java\jdk-10.0.2\bin\api-ms-win-crt-convert-l1-1-0.dll
0x0000029043e60000 - 0x0000029043e63000 	C:\Program Files\Java\jdk-10.0.2\bin\api-ms-win-crt-environment-l1-1-0.dll
0x0000029043e70000 - 0x0000029043e73000 	C:\Program Files\Java\jdk-10.0.2\bin\api-ms-win-crt-filesystem-l1-1-0.dll
0x0000029043e80000 - 0x0000029043e83000 	C:\Program Files\Java\jdk-10.0.2\bin\api-ms-win-crt-heap-l1-1-0.dll
0x0000029043e90000 - 0x0000029043e93000 	C:\Program Files\Java\jdk-10.0.2\bin\api-ms-win-crt-locale-l1-1-0.dll
0x0000029043ea0000 - 0x0000029043ea5000 	C:\Program Files\Java\jdk-10.0.2\bin\api-ms-win-crt-math-l1-1-0.dll
0x0000029043eb0000 - 0x0000029043eb5000 	C:\Program Files\Java\jdk-10.0.2\bin\api-ms-win-crt-multibyte-l1-1-0.dll
0x0000029043ec0000 - 0x0000029043ed0000 	C:\Program Files\Java\jdk-10.0.2\bin\api-ms-win-crt-private-l1-1-0.dll
0x0000029043ed0000 - 0x0000029043ed3000 	C:\Program Files\Java\jdk-10.0.2\bin\api-ms-win-crt-process-l1-1-0.dll
0x0000029043ee0000 - 0x0000029043ee4000 	C:\Program Files\Java\jdk-10.0.2\bin\api-ms-win-crt-runtime-l1-1-0.dll
0x0000029043ef0000 - 0x0000029043ef4000 	C:\Program Files\Java\jdk-10.0.2\bin\api-ms-win-crt-stdio-l1-1-0.dll
0x0000029043f00000 - 0x0000029043f04000 	C:\Program Files\Java\jdk-10.0.2\bin\api-ms-win-crt-string-l1-1-0.dll
0x0000029043f10000 - 0x0000029043f13000 	C:\Program Files\Java\jdk-10.0.2\bin\api-ms-win-crt-time-l1-1-0.dll
0x0000029043f20000 - 0x0000029043f23000 	C:\Program Files\Java\jdk-10.0.2\bin\api-ms-win-crt-utility-l1-1-0.dll
0x00007ff91b350000 - 0x00007ff91b446000 	C:\Program Files\Java\jdk-10.0.2\bin\ucrtbase.dll
0x00007ff92ab80000 - 0x00007ff92ab96000 	C:\Program Files\Java\jdk-10.0.2\bin\vcruntime140.dll
0x00007ff91db70000 - 0x00007ff91dc0c000 	C:\Program Files\Java\jdk-10.0.2\bin\msvcp140.dll
0x00007ff92a3b0000 - 0x00007ff92a401000 	C:\Program Files\Java\jdk-10.0.2\bin\concrt140.dll
0x00007ff92ab50000 - 0x00007ff92ab73000 	C:\Program Files\Java\jdk-10.0.2\bin\prism_d3d.dll
0x00007ff8ffc70000 - 0x00007ff8ffe07000 	C:\WINDOWS\system32\d3d9.dll
0x00007ff94c520000 - 0x00007ff94c549000 	C:\WINDOWS\SYSTEM32\dwmapi.dll
0x00007ff94c3a0000 - 0x00007ff94c438000 	C:\WINDOWS\system32\uxtheme.dll
0x00007ff9466c0000 - 0x00007ff946897000 	C:\WINDOWS\System32\DriverStore\FileRepository\igdlh64.inf_amd64_250db833a1cd577e\igdumdim64.dll
0x00007ff8eded0000 - 0x00007ff8f0ecd000 	C:\WINDOWS\System32\DriverStore\FileRepository\igdlh64.inf_amd64_250db833a1cd577e\igd9dxva64.dll
0x00007ff9512d0000 - 0x00007ff951421000 	C:\WINDOWS\System32\ole32.dll
0x00007ff94f190000 - 0x00007ff94f253000 	C:\WINDOWS\System32\OLEAUT32.dll
0x00007ff924b40000 - 0x00007ff924b8a000 	C:\Program Files\Java\jdk-10.0.2\bin\glass.dll
0x00007ff951700000 - 0x00007ff9517ed000 	C:\WINDOWS\System32\COMDLG32.dll
0x00007ff951150000 - 0x00007ff9512c3000 	C:\WINDOWS\System32\MSCTF.dll
0x00007ff943bb0000 - 0x00007ff945945000 	C:\WINDOWS\System32\DriverStore\FileRepository\igdlh64.inf_amd64_250db833a1cd577e\igc64.dll
0x00007ff946520000 - 0x00007ff946534000 	C:\Program Files\Java\jdk-10.0.2\bin\javafx_font.dll
0x00007ff918780000 - 0x00007ff91891b000 	C:\Program Files\Java\jdk-10.0.2\bin\awt.dll
0x00007ff94b1e0000 - 0x00007ff94b7a7000 	C:\WINDOWS\SYSTEM32\d2d1.dll
0x00007ff94c140000 - 0x00007ff94c1cb000 	C:\WINDOWS\SYSTEM32\apphelp.dll
0x00007ff924c80000 - 0x00007ff924ce5000 	C:\Program Files\Java\jdk-10.0.2\bin\fontmanager.dll
0x00007ff92e750000 - 0x00007ff92ea6c000 	C:\WINDOWS\SYSTEM32\dwrite.dll

dbghelp: loaded successfully - version: 4.0.5 - missing functions: none
symbol engine: initialized successfully - sym options: 0x614 - pdb path: .;C:\Program Files\Java\jdk-10.0.2\bin;C:\WINDOWS\SYSTEM32;C:\Program Files\AVAST Software\Avast;C:\WINDOWS\WinSxS\amd64_microsoft.windows.common-controls_6595b64144ccf1df_6.0.17134.648_none_fb45a0e93062a6d2;C:\Program Files\Java\jdk-10.0.2\bin\server;C:\Program Files\JetBrains\IntelliJ IDEA 2018.1.4\bin;C:\WINDOWS\System32\DriverStore\FileRepository\igdlh64.inf_amd64_250db833a1cd577e

VM Arguments:
jvm_args: -javaagent:C:\Program Files\JetBrains\IntelliJ IDEA 2018.1.4\lib\idea_rt.jar=59162:C:\Program Files\JetBrains\IntelliJ IDEA 2018.1.4\bin -Dfile.encoding=UTF-8 
java_command: inicio
java_class_path (initial): J:\Marzo\out\production\Marzo;C:\Users\izquierda\.IntelliJIdea2018.1\config\plugins\Kotlin\kotlinc\lib\kotlin-stdlib.jar;C:\Users\izquierda\.IntelliJIdea2018.1\config\plugins\Kotlin\kotlinc\lib\kotlin-reflect.jar;C:\Users\izquierda\.IntelliJIdea2018.1\config\plugins\Kotlin\kotlinc\lib\kotlin-test.jar;C:\Users\izquierda\.IntelliJIdea2018.1\config\plugins\Kotlin\kotlinc\lib\kotlin-stdlib-jdk7.jar;C:\Users\izquierda\.IntelliJIdea2018.1\config\plugins\Kotlin\kotlinc\lib\kotlin-stdlib-jdk8.jar;J:\Marzo\lib\mssql-jdbc-7.0.0.jre8.jar
Launcher Type: SUN_STANDARD

Logging:
Log output configuration:
#0: stdout all=warning uptime,level,tags
#1: stderr all=off uptime,level,tags

Environment Variables:
JAVA_HOME=C:\Program Files\Java\jdk1.8.0_131
CLASSPATH=J:\Basededatos\driver7\sqljdbc_7.0\esn\mssql-jdbc-7.0.0.jre8.jar
PATH=C:\ProgramData\DockerDesktop\version-bin;C:\Program Files\Docker\Docker\Resources\bin;C:\Program Files (x86)\Common Files\Oracle\Java\javapath;C:\ProgramData\Oracle\Java\javapath;C:\Program Files\Microsoft MPI\Bin\;C:\Program Files (x86)\Intel\iCLS Client\;C:\Program Files\Intel\iCLS Client\;C:\WINDOWS\system32;C:\WINDOWS;C:\WINDOWS\System32\Wbem;C:\WINDOWS\System32\WindowsPowerShell\v1.0\;C:\Program Files (x86)\Intel\Intel(R) Management Engine Components\DAL;C:\Program Files\Intel\Intel(R) Management Engine Components\DAL;C:\Program Files (x86)\Intel\Intel(R) Management Engine Components\IPT;C:\Program Files\Intel\Intel(R) Management Engine Components\IPT;C:\Program Files\nodejs\;C:\Program Files\AutoFirma\AutoFirma;E:\Trabajo2017\xampp\php;C:\Program Files\dotnet\;C:\Program Files\Microsoft SQL Server\130\Tools\Binn\;C:\Program Files\Git\cmd;C:\Program Files (x86)\GtkSharp\2.12\bin;C:\Program Files (x86)\Microsoft SQL Server\Client SDK\ODBC\130\Tools\Binn\;C:\Program Files (x86)\Microsoft SQL Server\140\Tools\Binn\;C:\Program Files (x86)\Microsoft SQL Server\140\DTS\Binn\;C:\Program Files (x86)\Microsoft SQL Server\140\Tools\Binn\ManagementStudio\;C:\WINDOWS\System32\OpenSSH\;C:\Program Files (x86)\Microsoft Emulator Manager\1.0\;C:\Program Files (x86)\Windows Kits\10\Windows Performance Toolkit\;C:\Program Files (x86)\Windows Kits\10\Microsoft Application Virtualization\Sequencer\;C:\Users\izquierda\AppData\Roaming\npm;C:\Program Files (x86)\Microsoft VS Code\bin;C:\Users\izquierda\AppData\Local\Microsoft\WindowsApps;C:\Program Files\Java\jdk1.8.0_131\bin;C:\gradle\gradle-4.6\bin
USERNAME=izquierda
OS=Windows_NT
PROCESSOR_IDENTIFIER=Intel64 Family 6 Model 94 Stepping 3, GenuineIntel



---------------  S Y S T E M  ---------------

OS: Windows 10 , 64 bit Build 17134 (10.0.17134.648)

CPU:total 4 (initial active 4) (4 cores per cpu, 1 threads per core) family 6 model 94 stepping 3, cmov, cx8, fxsr, mmx, sse, sse2, sse3, ssse3, sse4.1, sse4.2, popcnt, avx, avx2, aes, clmul, erms, 3dnowpref, lzcnt, tsc, tscinvbit, bmi1, bmi2, adx, fma

Memory: 4k page, physical 8285588k(878980k free), swap 12479892k(459032k free)

vm_info: Java HotSpot(TM) 64-Bit Server VM (10.0.2+13) for windows-amd64 JRE (10.0.2+13), built on Jun 28 2018 01:57:56 by "mach5one" with MS VC++ 12.0 (VS2013)

END.
