#
# There is insufficient memory for the Java Runtime Environment to continue.
# Native memory allocation (malloc) failed to allocate 991456 bytes for Chunk::new
# Possible reasons:
#   The system is out of physical RAM or swap space
#   The process is running with CompressedOops enabled, and the Java Heap may be blocking the growth of the native heap
# Possible solutions:
#   Reduce memory load on the system
#   Increase physical memory or swap space
#   Check if swap backing store is full
#   Decrease Java heap size (-Xmx/-Xms)
#   Decrease number of Java threads
#   Decrease Java thread stack sizes (-Xss)
#   Set larger code cache with -XX:ReservedCodeCacheSize=
#   JVM is running with Unscaled Compressed Oops mode in which the Java heap is
#     placed in the first 4GB address space. The Java Heap base address is the
#     maximum limit for the native heap growth. Please use -XX:HeapBaseMinAddress
#     to set the Java Heap base and to place the Java Heap above 4GB virtual address.
# This output file may be truncated or incomplete.
#
#  Out of Memory Error (t:/workspace/open/src/hotspot/share/memory/arena.cpp:198), pid=5040, tid=11820
#
# JRE version: Java(TM) SE Runtime Environment (10.0.2+13) (build 10.0.2+13)
# Java VM: Java HotSpot(TM) 64-Bit Server VM (10.0.2+13, mixed mode, tiered, compressed oops, g1 gc, windows-amd64)
# No core dump will be written. Minidumps are not enabled by default on client versions of Windows
#

---------------  S U M M A R Y ------------

Command Line: -javaagent:C:\Program Files\JetBrains\IntelliJ IDEA 2018.1.4\lib\idea_rt.jar=50488:C:\Program Files\JetBrains\IntelliJ IDEA 2018.1.4\bin -Dfile.encoding=UTF-8 inicio

Host: Intel(R) Core(TM) i5-6400 CPU @ 2.70GHz, 4 cores, 7G,  Windows 10 , 64 bit Build 17134 (10.0.17134.648)
Time: Fri Mar 29 19:49:54 2019 Hora estándar romance elapsed time: 1 seconds (0d 0h 0m 1s)

---------------  T H R E A D  ---------------

Current thread (0x000001a095644800):  JavaThread "C2 CompilerThread1" daemon [_thread_in_native, id=11820, stack(0x00000076e8500000,0x00000076e8600000)]


Current CompileTask:
C2:   1597 1053   !   4       com.sun.javafx.css.ParsedValueImpl::readBinary (688 bytes)

Stack: [0x00000076e8500000,0x00000076e8600000]
Native frames: (J=compiled Java code, j=interpreted, Vv=VM code, C=native code)
V  [jvm.dll+0x5a01a9]
V  [jvm.dll+0x6bcf31]
V  [jvm.dll+0x6be126]
V  [jvm.dll+0x6be7b3]
V  [jvm.dll+0x234978]
V  [jvm.dll+0xbb69c]
V  [jvm.dll+0xbbbac]
V  [jvm.dll+0x2a68e4]
V  [jvm.dll+0x4bf92a]
V  [jvm.dll+0x201949]
V  [jvm.dll+0x1ff0a1]
V  [jvm.dll+0x17c94b]
V  [jvm.dll+0x20c8dd]
V  [jvm.dll+0x20b6a6]
V  [jvm.dll+0x68b7ff]
V  [jvm.dll+0x59f4b0]
C  [msvcr120.dll+0x24f7f]
C  [msvcr120.dll+0x25126]
C  [KERNEL32.DLL+0x13dc4]
C  [ntdll.dll+0x73691]


---------------  P R O C E S S  ---------------

Threads class SMR info:
_java_thread_list=0x000001a096605df0, length=18, elements={
0x000001a0f41da800, 0x000001a095624000, 0x000001a095625000, 0x000001a095fb2800,
0x000001a09563b800, 0x000001a09563f800, 0x000001a095644800, 0x000001a09600c000,
0x000001a096029000, 0x000001a09622b000, 0x000001a0961bf000, 0x000001a09627b800,
0x000001a096581000, 0x000001a0965db800, 0x000001a09669b800, 0x000001a0965b2000,
0x000001a09645d000, 0x000001a0966e9000
}

Java Threads: ( => current thread )
  0x000001a0f41da800 JavaThread "main" [_thread_blocked, id=6452, stack(0x00000076e7300000,0x00000076e7400000)]
  0x000001a095624000 JavaThread "Reference Handler" daemon [_thread_blocked, id=4380, stack(0x00000076e8000000,0x00000076e8100000)]
  0x000001a095625000 JavaThread "Finalizer" daemon [_thread_blocked, id=7000, stack(0x00000076e8100000,0x00000076e8200000)]
  0x000001a095fb2800 JavaThread "Signal Dispatcher" daemon [_thread_blocked, id=6992, stack(0x00000076e8200000,0x00000076e8300000)]
  0x000001a09563b800 JavaThread "Attach Listener" daemon [_thread_blocked, id=3992, stack(0x00000076e8300000,0x00000076e8400000)]
  0x000001a09563f800 JavaThread "C2 CompilerThread0" daemon [_thread_in_native, id=6152, stack(0x00000076e8400000,0x00000076e8500000)]
=>0x000001a095644800 JavaThread "C2 CompilerThread1" daemon [_thread_in_native, id=11820, stack(0x00000076e8500000,0x00000076e8600000)]
  0x000001a09600c000 JavaThread "C1 CompilerThread2" daemon [_thread_blocked, id=6780, stack(0x00000076e8600000,0x00000076e8700000)]
  0x000001a096029000 JavaThread "Sweeper thread" daemon [_thread_blocked, id=32, stack(0x00000076e8700000,0x00000076e8800000)]
  0x000001a09622b000 JavaThread "Common-Cleaner" daemon [_thread_blocked, id=11720, stack(0x00000076e8800000,0x00000076e8900000)]
  0x000001a0961bf000 JavaThread "Monitor Ctrl-Break" daemon [_thread_in_native, id=12220, stack(0x00000076e8900000,0x00000076e8a00000)]
  0x000001a09627b800 JavaThread "Service Thread" daemon [_thread_blocked, id=7316, stack(0x00000076e8a00000,0x00000076e8b00000)]
  0x000001a096581000 JavaThread "QuantumRenderer-0" daemon [_thread_blocked, id=9704, stack(0x00000076e8c00000,0x00000076e8d00000)]
  0x000001a0965db800 JavaThread "InvokeLaterDispatcher" daemon [_thread_blocked, id=4404, stack(0x00000076e8d00000,0x00000076e8e00000)]
  0x000001a09669b800 JavaThread "JavaFX Application Thread" [_thread_in_native, id=3356, stack(0x00000076e8e00000,0x00000076e8f00000)]
  0x000001a0965b2000 JavaThread "JavaFX-Launcher" [_thread_blocked, id=11176, stack(0x00000076e9000000,0x00000076e9100000)]
  0x000001a09645d000 JavaThread "Thread-2" daemon [_thread_in_native, id=1680, stack(0x00000076e8f00000,0x00000076e9000000)]
  0x000001a0966e9000 JavaThread "Java2D Disposer" daemon [_thread_blocked, id=3256, stack(0x00000076e9100000,0x00000076e9200000)]

Other Threads:
  0x000001a095618800 VMThread "VM Thread" [stack: 0x00000076e7f00000,0x00000076e8000000] [id=5364]
  0x000001a09627e000 WatcherThread [stack: 0x00000076e8b00000,0x00000076e8c00000] [id=11920]
  0x000001a0f41f5000 GCTaskThread "GC Thread#0" [stack: 0x00000076e7400000,0x00000076e7500000] [id=6796]
  0x000001a0f41f6800 GCTaskThread "GC Thread#1" [stack: 0x00000076e7500000,0x00000076e7600000] [id=12496]
  0x000001a0f41f8000 GCTaskThread "GC Thread#2" [stack: 0x00000076e7600000,0x00000076e7700000] [id=11156]
  0x000001a0f41fc000 GCTaskThread "GC Thread#3" [stack: 0x00000076e7700000,0x00000076e7800000] [id=11876]
  0x000001a0f427b800 ConcurrentGCThread "G1 Main Marker" [stack: 0x00000076e7800000,0x00000076e7900000] [id=6344]
  0x000001a0f427e800 ConcurrentGCThread "G1 Conc#0" [stack: 0x00000076e7900000,0x00000076e7a00000] [id=4808]
  0x000001a09549e800 ConcurrentGCThread "G1 Refine#0" [stack: 0x00000076e7a00000,0x00000076e7b00000] [id=7088]
  0x000001a0954a1800 ConcurrentGCThread "G1 Refine#1" [stack: 0x00000076e7b00000,0x00000076e7c00000] [id=7104]
  0x000001a0954a2800 ConcurrentGCThread "G1 Refine#2" [stack: 0x00000076e7c00000,0x00000076e7d00000] [id=2380]
  0x000001a0954a3800 ConcurrentGCThread "G1 Refine#3" [stack: 0x00000076e7d00000,0x00000076e7e00000] [id=10552]
  0x000001a0954a6800 ConcurrentGCThread "G1 Young RemSet Sampling" [stack: 0x00000076e7e00000,0x00000076e7f00000] [id=8940]

Threads with active compile tasks:
C2 CompilerThread01162       4       java.lang.invoke.MethodType::makeImpl (108 bytes)
C2 CompilerThread11053   !   4       com.sun.javafx.css.ParsedValueImpl::readBinary (688 bytes)

VM state:not at safepoint (normal execution)

VM Mutex/Monitor currently owned by a thread: None

Heap address: 0x0000000081800000, size: 2024 MB, Compressed Oops mode: 32-bit
Narrow klass base: 0x0000000000000000, Narrow klass shift: 3
Compressed class space size: 1073741824 Address: 0x0000000100000000

Heap:
 garbage-first heap   total 131072K, used 9642K [0x0000000081800000, 0x0000000100000000)
  region size 1024K, 8 young (8192K), 2 survivors (2048K)
 Metaspace       used 15860K, capacity 16308K, committed 16640K, reserved 1064960K
  class space    used 1734K, capacity 1956K, committed 2048K, reserved 1048576K
Heap Regions: E=young(eden), S=young(survivor), O=old, HS=humongous(starts), HC=humongous(continues), CS=collection set, F=free, A=archive, TS=gc time stamp, AC=allocation context, TAMS=top-at-mark-start (previous, next)
|   0|0x0000000081800000, 0x0000000081900000, 0x0000000081900000|100%| O|  |TS  1|AC  0|TAMS 0x0000000081800000, 0x0000000081800000|
|   1|0x0000000081900000, 0x0000000081a00000, 0x0000000081a00000|100%| O|  |TS  1|AC  0|TAMS 0x0000000081900000, 0x0000000081900000|
|   2|0x0000000081a00000, 0x0000000081a6a800, 0x0000000081b00000| 41%| O|  |TS  1|AC  0|TAMS 0x0000000081a00000, 0x0000000081a00000|
|   3|0x0000000081b00000, 0x0000000081b00000, 0x0000000081c00000|  0%| F|  |TS  0|AC  0|TAMS 0x0000000081b00000, 0x0000000081b00000|
|   4|0x0000000081c00000, 0x0000000081c00000, 0x0000000081d00000|  0%| F|  |TS  0|AC  0|TAMS 0x0000000081c00000, 0x0000000081c00000|
|   5|0x0000000081d00000, 0x0000000081d00000, 0x0000000081e00000|  0%| F|  |TS  0|AC  0|TAMS 0x0000000081d00000, 0x0000000081d00000|
|   6|0x0000000081e00000, 0x0000000081e00000, 0x0000000081f00000|  0%| F|  |TS  0|AC  0|TAMS 0x0000000081e00000, 0x0000000081e00000|
|   7|0x0000000081f00000, 0x0000000081f00000, 0x0000000082000000|  0%| F|  |TS  0|AC  0|TAMS 0x0000000081f00000, 0x0000000081f00000|
|   8|0x0000000082000000, 0x0000000082000000, 0x0000000082100000|  0%| F|  |TS  0|AC  0|TAMS 0x0000000082000000, 0x0000000082000000|
|   9|0x0000000082100000, 0x0000000082100000, 0x0000000082200000|  0%| F|  |TS  0|AC  0|TAMS 0x0000000082100000, 0x0000000082100000|
|  10|0x0000000082200000, 0x0000000082200000, 0x0000000082300000|  0%| F|  |TS  0|AC  0|TAMS 0x0000000082200000, 0x0000000082200000|
|  11|0x0000000082300000, 0x0000000082300000, 0x0000000082400000|  0%| F|  |TS  0|AC  0|TAMS 0x0000000082300000, 0x0000000082300000|
|  12|0x0000000082400000, 0x0000000082400000, 0x0000000082500000|  0%| F|  |TS  0|AC  0|TAMS 0x0000000082400000, 0x0000000082400000|
|  13|0x0000000082500000, 0x0000000082500000, 0x0000000082600000|  0%| F|  |TS  0|AC  0|TAMS 0x0000000082500000, 0x0000000082500000|
|  14|0x0000000082600000, 0x0000000082600000, 0x0000000082700000|  0%| F|  |TS  0|AC  0|TAMS 0x0000000082600000, 0x0000000082600000|
|  15|0x0000000082700000, 0x0000000082700000, 0x0000000082800000|  0%| F|  |TS  0|AC  0|TAMS 0x0000000082700000, 0x0000000082700000|
|  16|0x0000000082800000, 0x0000000082800000, 0x0000000082900000|  0%| F|  |TS  0|AC  0|TAMS 0x0000000082800000, 0x0000000082800000|
|  17|0x0000000082900000, 0x0000000082900000, 0x0000000082a00000|  0%| F|  |TS  0|AC  0|TAMS 0x0000000082900000, 0x0000000082900000|
|  18|0x0000000082a00000, 0x0000000082a00000, 0x0000000082b00000|  0%| F|  |TS  0|AC  0|TAMS 0x0000000082a00000, 0x0000000082a00000|
|  19|0x0000000082b00000, 0x0000000082b00000, 0x0000000082c00000|  0%| F|  |TS  0|AC  0|TAMS 0x0000000082b00000, 0x0000000082b00000|
|  20|0x0000000082c00000, 0x0000000082c00000, 0x0000000082d00000|  0%| F|  |TS  0|AC  0|TAMS 0x0000000082c00000, 0x0000000082c00000|
|  21|0x0000000082d00000, 0x0000000082d00000, 0x0000000082e00000|  0%| F|  |TS  0|AC  0|TAMS 0x0000000082d00000, 0x0000000082d00000|
|  22|0x0000000082e00000, 0x0000000082e00000, 0x0000000082f00000|  0%| F|  |TS  0|AC  0|TAMS 0x0000000082e00000, 0x0000000082e00000|
|  23|0x0000000082f00000, 0x0000000082f00000, 0x0000000083000000|  0%| F|  |TS  0|AC  0|TAMS 0x0000000082f00000, 0x0000000082f00000|
|  24|0x0000000083000000, 0x0000000083000000, 0x0000000083100000|  0%| F|  |TS  0|AC  0|TAMS 0x0000000083000000, 0x0000000083000000|
|  25|0x0000000083100000, 0x0000000083100000, 0x0000000083200000|  0%| F|  |TS  0|AC  0|TAMS 0x0000000083100000, 0x0000000083100000|
|  26|0x0000000083200000, 0x0000000083200000, 0x0000000083300000|  0%| F|  |TS  0|AC  0|TAMS 0x0000000083200000, 0x0000000083200000|
|  27|0x0000000083300000, 0x0000000083300000, 0x0000000083400000|  0%| F|  |TS  0|AC  0|TAMS 0x0000000083300000, 0x0000000083300000|
|  28|0x0000000083400000, 0x0000000083400000, 0x0000000083500000|  0%| F|  |TS  0|AC  0|TAMS 0x0000000083400000, 0x0000000083400000|
|  29|0x0000000083500000, 0x0000000083500000, 0x0000000083600000|  0%| F|  |TS  0|AC  0|TAMS 0x0000000083500000, 0x0000000083500000|
|  30|0x0000000083600000, 0x0000000083600000, 0x0000000083700000|  0%| F|  |TS  0|AC  0|TAMS 0x0000000083600000, 0x0000000083600000|
|  31|0x0000000083700000, 0x0000000083700000, 0x0000000083800000|  0%| F|  |TS  0|AC  0|TAMS 0x0000000083700000, 0x0000000083700000|
|  32|0x0000000083800000, 0x0000000083800000, 0x0000000083900000|  0%| F|  |TS  0|AC  0|TAMS 0x0000000083800000, 0x0000000083800000|
|  33|0x0000000083900000, 0x0000000083900000, 0x0000000083a00000|  0%| F|  |TS  0|AC  0|TAMS 0x0000000083900000, 0x0000000083900000|
|  34|0x0000000083a00000, 0x0000000083a00000, 0x0000000083b00000|  0%| F|  |TS  0|AC  0|TAMS 0x0000000083a00000, 0x0000000083a00000|
|  35|0x0000000083b00000, 0x0000000083b00000, 0x0000000083c00000|  0%| F|  |TS  0|AC  0|TAMS 0x0000000083b00000, 0x0000000083b00000|
|  36|0x0000000083c00000, 0x0000000083c00000, 0x0000000083d00000|  0%| F|  |TS  0|AC  0|TAMS 0x0000000083c00000, 0x0000000083c00000|
|  37|0x0000000083d00000, 0x0000000083d00000, 0x0000000083e00000|  0%| F|  |TS  0|AC  0|TAMS 0x0000000083d00000, 0x0000000083d00000|
|  38|0x0000000083e00000, 0x0000000083e00000, 0x0000000083f00000|  0%| F|  |TS  0|AC  0|TAMS 0x0000000083e00000, 0x0000000083e00000|
|  39|0x0000000083f00000, 0x0000000083f00000, 0x0000000084000000|  0%| F|  |TS  0|AC  0|TAMS 0x0000000083f00000, 0x0000000083f00000|
|  40|0x0000000084000000, 0x0000000084000000, 0x0000000084100000|  0%| F|  |TS  0|AC  0|TAMS 0x0000000084000000, 0x0000000084000000|
|  41|0x0000000084100000, 0x0000000084100000, 0x0000000084200000|  0%| F|  |TS  0|AC  0|TAMS 0x0000000084100000, 0x0000000084100000|
|  42|0x0000000084200000, 0x0000000084200000, 0x0000000084300000|  0%| F|  |TS  0|AC  0|TAMS 0x0000000084200000, 0x0000000084200000|
|  43|0x0000000084300000, 0x0000000084300000, 0x0000000084400000|  0%| F|  |TS  0|AC  0|TAMS 0x0000000084300000, 0x0000000084300000|
|  44|0x0000000084400000, 0x0000000084400000, 0x0000000084500000|  0%| F|  |TS  0|AC  0|TAMS 0x0000000084400000, 0x0000000084400000|
|  45|0x0000000084500000, 0x0000000084500000, 0x0000000084600000|  0%| F|  |TS  0|AC  0|TAMS 0x0000000084500000, 0x0000000084500000|
|  46|0x0000000084600000, 0x0000000084600000, 0x0000000084700000|  0%| F|  |TS  0|AC  0|TAMS 0x0000000084600000, 0x0000000084600000|
|  47|0x0000000084700000, 0x0000000084700000, 0x0000000084800000|  0%| F|  |TS  0|AC  0|TAMS 0x0000000084700000, 0x0000000084700000|
|  48|0x0000000084800000, 0x0000000084800000, 0x0000000084900000|  0%| F|  |TS  0|AC  0|TAMS 0x0000000084800000, 0x0000000084800000|
|  49|0x0000000084900000, 0x0000000084900000, 0x0000000084a00000|  0%| F|  |TS  0|AC  0|TAMS 0x0000000084900000, 0x0000000084900000|
|  50|0x0000000084a00000, 0x0000000084a00000, 0x0000000084b00000|  0%| F|  |TS  0|AC  0|TAMS 0x0000000084a00000, 0x0000000084a00000|
|  51|0x0000000084b00000, 0x0000000084b00000, 0x0000000084c00000|  0%| F|  |TS  0|AC  0|TAMS 0x0000000084b00000, 0x0000000084b00000|
|  52|0x0000000084c00000, 0x0000000084c00000, 0x0000000084d00000|  0%| F|  |TS  0|AC  0|TAMS 0x0000000084c00000, 0x0000000084c00000|
|  53|0x0000000084d00000, 0x0000000084d00000, 0x0000000084e00000|  0%| F|  |TS  0|AC  0|TAMS 0x0000000084d00000, 0x0000000084d00000|
|  54|0x0000000084e00000, 0x0000000084e00000, 0x0000000084f00000|  0%| F|  |TS  0|AC  0|TAMS 0x0000000084e00000, 0x0000000084e00000|
|  55|0x0000000084f00000, 0x0000000084f00000, 0x0000000085000000|  0%| F|  |TS  0|AC  0|TAMS 0x0000000084f00000, 0x0000000084f00000|
|  56|0x0000000085000000, 0x0000000085000000, 0x0000000085100000|  0%| F|  |TS  0|AC  0|TAMS 0x0000000085000000, 0x0000000085000000|
|  57|0x0000000085100000, 0x0000000085100000, 0x0000000085200000|  0%| F|  |TS  0|AC  0|TAMS 0x0000000085100000, 0x0000000085100000|
|  58|0x0000000085200000, 0x0000000085200000, 0x0000000085300000|  0%| F|  |TS  0|AC  0|TAMS 0x0000000085200000, 0x0000000085200000|
|  59|0x0000000085300000, 0x0000000085300000, 0x0000000085400000|  0%| F|  |TS  0|AC  0|TAMS 0x0000000085300000, 0x0000000085300000|
|  60|0x0000000085400000, 0x0000000085400000, 0x0000000085500000|  0%| F|  |TS  0|AC  0|TAMS 0x0000000085400000, 0x0000000085400000|
|  61|0x0000000085500000, 0x0000000085500000, 0x0000000085600000|  0%| F|  |TS  0|AC  0|TAMS 0x0000000085500000, 0x0000000085500000|
|  62|0x0000000085600000, 0x0000000085600000, 0x0000000085700000|  0%| F|  |TS  0|AC  0|TAMS 0x0000000085600000, 0x0000000085600000|
|  63|0x0000000085700000, 0x0000000085700000, 0x0000000085800000|  0%| F|  |TS  0|AC  0|TAMS 0x0000000085700000, 0x0000000085700000|
|  64|0x0000000085800000, 0x0000000085800000, 0x0000000085900000|  0%| F|  |TS  0|AC  0|TAMS 0x0000000085800000, 0x0000000085800000|
|  65|0x0000000085900000, 0x0000000085900000, 0x0000000085a00000|  0%| F|  |TS  0|AC  0|TAMS 0x0000000085900000, 0x0000000085900000|
|  66|0x0000000085a00000, 0x0000000085a00000, 0x0000000085b00000|  0%| F|  |TS  0|AC  0|TAMS 0x0000000085a00000, 0x0000000085a00000|
|  67|0x0000000085b00000, 0x0000000085b00000, 0x0000000085c00000|  0%| F|  |TS  0|AC  0|TAMS 0x0000000085b00000, 0x0000000085b00000|
|  68|0x0000000085c00000, 0x0000000085c00000, 0x0000000085d00000|  0%| F|  |TS  0|AC  0|TAMS 0x0000000085c00000, 0x0000000085c00000|
|  69|0x0000000085d00000, 0x0000000085d00000, 0x0000000085e00000|  0%| F|  |TS  0|AC  0|TAMS 0x0000000085d00000, 0x0000000085d00000|
|  70|0x0000000085e00000, 0x0000000085e00000, 0x0000000085f00000|  0%| F|  |TS  0|AC  0|TAMS 0x0000000085e00000, 0x0000000085e00000|
|  71|0x0000000085f00000, 0x0000000085f00000, 0x0000000086000000|  0%| F|  |TS  0|AC  0|TAMS 0x0000000085f00000, 0x0000000085f00000|
|  72|0x0000000086000000, 0x0000000086000000, 0x0000000086100000|  0%| F|  |TS  0|AC  0|TAMS 0x0000000086000000, 0x0000000086000000|
|  73|0x0000000086100000, 0x0000000086100000, 0x0000000086200000|  0%| F|  |TS  0|AC  0|TAMS 0x0000000086100000, 0x0000000086100000|
|  74|0x0000000086200000, 0x0000000086200000, 0x0000000086300000|  0%| F|  |TS  0|AC  0|TAMS 0x0000000086200000, 0x0000000086200000|
|  75|0x0000000086300000, 0x0000000086300000, 0x0000000086400000|  0%| F|  |TS  0|AC  0|TAMS 0x0000000086300000, 0x0000000086300000|
|  76|0x0000000086400000, 0x0000000086400000, 0x0000000086500000|  0%| F|  |TS  0|AC  0|TAMS 0x0000000086400000, 0x0000000086400000|
|  77|0x0000000086500000, 0x0000000086500000, 0x0000000086600000|  0%| F|  |TS  0|AC  0|TAMS 0x0000000086500000, 0x0000000086500000|
|  78|0x0000000086600000, 0x0000000086600000, 0x0000000086700000|  0%| F|  |TS  0|AC  0|TAMS 0x0000000086600000, 0x0000000086600000|
|  79|0x0000000086700000, 0x0000000086700000, 0x0000000086800000|  0%| F|  |TS  0|AC  0|TAMS 0x0000000086700000, 0x0000000086700000|
|  80|0x0000000086800000, 0x0000000086800000, 0x0000000086900000|  0%| F|  |TS  0|AC  0|TAMS 0x0000000086800000, 0x0000000086800000|
|  81|0x0000000086900000, 0x0000000086900000, 0x0000000086a00000|  0%| F|  |TS  0|AC  0|TAMS 0x0000000086900000, 0x0000000086900000|
|  82|0x0000000086a00000, 0x0000000086a00000, 0x0000000086b00000|  0%| F|  |TS  0|AC  0|TAMS 0x0000000086a00000, 0x0000000086a00000|
|  83|0x0000000086b00000, 0x0000000086b00000, 0x0000000086c00000|  0%| F|  |TS  0|AC  0|TAMS 0x0000000086b00000, 0x0000000086b00000|
|  84|0x0000000086c00000, 0x0000000086c00000, 0x0000000086d00000|  0%| F|  |TS  0|AC  0|TAMS 0x0000000086c00000, 0x0000000086c00000|
|  85|0x0000000086d00000, 0x0000000086d00000, 0x0000000086e00000|  0%| F|  |TS  0|AC  0|TAMS 0x0000000086d00000, 0x0000000086d00000|
|  86|0x0000000086e00000, 0x0000000086e00000, 0x0000000086f00000|  0%| F|  |TS  0|AC  0|TAMS 0x0000000086e00000, 0x0000000086e00000|
|  87|0x0000000086f00000, 0x0000000086f00000, 0x0000000087000000|  0%| F|  |TS  0|AC  0|TAMS 0x0000000086f00000, 0x0000000086f00000|
|  88|0x0000000087000000, 0x0000000087000000, 0x0000000087100000|  0%| F|  |TS  0|AC  0|TAMS 0x0000000087000000, 0x0000000087000000|
|  89|0x0000000087100000, 0x0000000087100000, 0x0000000087200000|  0%| F|  |TS  0|AC  0|TAMS 0x0000000087100000, 0x0000000087100000|
|  90|0x0000000087200000, 0x0000000087200000, 0x0000000087300000|  0%| F|  |TS  0|AC  0|TAMS 0x0000000087200000, 0x0000000087200000|
|  91|0x0000000087300000, 0x0000000087300000, 0x0000000087400000|  0%| F|  |TS  0|AC  0|TAMS 0x0000000087300000, 0x0000000087300000|
|  92|0x0000000087400000, 0x0000000087400000, 0x0000000087500000|  0%| F|  |TS  0|AC  0|TAMS 0x0000000087400000, 0x0000000087400000|
|  93|0x0000000087500000, 0x0000000087500000, 0x0000000087600000|  0%| F|  |TS  0|AC  0|TAMS 0x0000000087500000, 0x0000000087500000|
|  94|0x0000000087600000, 0x0000000087600000, 0x0000000087700000|  0%| F|  |TS  0|AC  0|TAMS 0x0000000087600000, 0x0000000087600000|
|  95|0x0000000087700000, 0x0000000087700000, 0x0000000087800000|  0%| F|  |TS  0|AC  0|TAMS 0x0000000087700000, 0x0000000087700000|
|  96|0x0000000087800000, 0x0000000087800000, 0x0000000087900000|  0%| F|  |TS  0|AC  0|TAMS 0x0000000087800000, 0x0000000087800000|
|  97|0x0000000087900000, 0x0000000087900000, 0x0000000087a00000|  0%| F|  |TS  0|AC  0|TAMS 0x0000000087900000, 0x0000000087900000|
|  98|0x0000000087a00000, 0x0000000087a00000, 0x0000000087b00000|  0%| F|  |TS  0|AC  0|TAMS 0x0000000087a00000, 0x0000000087a00000|
|  99|0x0000000087b00000, 0x0000000087b00000, 0x0000000087c00000|  0%| F|  |TS  0|AC  0|TAMS 0x0000000087b00000, 0x0000000087b00000|
| 100|0x0000000087c00000, 0x0000000087c00000, 0x0000000087d00000|  0%| F|  |TS  0|AC  0|TAMS 0x0000000087c00000, 0x0000000087c00000|
| 101|0x0000000087d00000, 0x0000000087d00000, 0x0000000087e00000|  0%| F|  |TS  0|AC  0|TAMS 0x0000000087d00000, 0x0000000087d00000|
| 102|0x0000000087e00000, 0x0000000087e00000, 0x0000000087f00000|  0%| F|  |TS  0|AC  0|TAMS 0x0000000087e00000, 0x0000000087e00000|
| 103|0x0000000087f00000, 0x0000000087f00000, 0x0000000088000000|  0%| F|  |TS  0|AC  0|TAMS 0x0000000087f00000, 0x0000000087f00000|
| 104|0x0000000088000000, 0x0000000088000000, 0x0000000088100000|  0%| F|  |TS  0|AC  0|TAMS 0x0000000088000000, 0x0000000088000000|
| 105|0x0000000088100000, 0x0000000088100000, 0x0000000088200000|  0%| F|  |TS  0|AC  0|TAMS 0x0000000088100000, 0x0000000088100000|
| 106|0x0000000088200000, 0x0000000088200000, 0x0000000088300000|  0%| F|  |TS  0|AC  0|TAMS 0x0000000088200000, 0x0000000088200000|
| 107|0x0000000088300000, 0x0000000088300000, 0x0000000088400000|  0%| F|  |TS  0|AC  0|TAMS 0x0000000088300000, 0x0000000088300000|
| 108|0x0000000088400000, 0x0000000088400000, 0x0000000088500000|  0%| F|  |TS  0|AC  0|TAMS 0x0000000088400000, 0x0000000088400000|
| 109|0x0000000088500000, 0x0000000088500000, 0x0000000088600000|  0%| F|  |TS  0|AC  0|TAMS 0x0000000088500000, 0x0000000088500000|
| 110|0x0000000088600000, 0x0000000088600000, 0x0000000088700000|  0%| F|  |TS  0|AC  0|TAMS 0x0000000088600000, 0x0000000088600000|
| 111|0x0000000088700000, 0x0000000088700000, 0x0000000088800000|  0%| F|  |TS  0|AC  0|TAMS 0x0000000088700000, 0x0000000088700000|
| 112|0x0000000088800000, 0x0000000088900000, 0x0000000088900000|100%| S|CS|TS  1|AC  0|TAMS 0x0000000088800000, 0x0000000088800000|
| 113|0x0000000088900000, 0x0000000088a00000, 0x0000000088a00000|100%| S|CS|TS  1|AC  0|TAMS 0x0000000088900000, 0x0000000088900000|
| 114|0x0000000088a00000, 0x0000000088a00000, 0x0000000088b00000|  0%| F|  |TS  1|AC  0|TAMS 0x0000000088a00000, 0x0000000088a00000|
| 115|0x0000000088b00000, 0x0000000088b00000, 0x0000000088c00000|  0%| F|  |TS  1|AC  0|TAMS 0x0000000088b00000, 0x0000000088b00000|
| 116|0x0000000088c00000, 0x0000000088c00000, 0x0000000088d00000|  0%| F|  |TS  1|AC  0|TAMS 0x0000000088c00000, 0x0000000088c00000|
| 117|0x0000000088d00000, 0x0000000088d00000, 0x0000000088e00000|  0%| F|  |TS  1|AC  0|TAMS 0x0000000088d00000, 0x0000000088d00000|
| 118|0x0000000088e00000, 0x0000000088e00000, 0x0000000088f00000|  0%| F|  |TS  1|AC  0|TAMS 0x0000000088e00000, 0x0000000088e00000|
| 119|0x0000000088f00000, 0x0000000088f00000, 0x0000000089000000|  0%| F|  |TS  1|AC  0|TAMS 0x0000000088f00000, 0x0000000088f00000|
| 120|0x0000000089000000, 0x0000000089000000, 0x0000000089100000|  0%| F|  |TS  1|AC  0|TAMS 0x0000000089000000, 0x0000000089000000|
| 121|0x0000000089100000, 0x0000000089100000, 0x0000000089200000|  0%| F|  |TS  1|AC  0|TAMS 0x0000000089100000, 0x0000000089100000|
| 122|0x0000000089200000, 0x0000000089280800, 0x0000000089300000| 50%| E|  |TS  1|AC  0|TAMS 0x0000000089200000, 0x0000000089200000|
| 123|0x0000000089300000, 0x0000000089400000, 0x0000000089400000|100%| E|CS|TS  1|AC  0|TAMS 0x0000000089300000, 0x0000000089300000|
| 124|0x0000000089400000, 0x0000000089500000, 0x0000000089500000|100%| E|CS|TS  1|AC  0|TAMS 0x0000000089400000, 0x0000000089400000|
| 125|0x0000000089500000, 0x0000000089600000, 0x0000000089600000|100%| E|CS|TS  1|AC  0|TAMS 0x0000000089500000, 0x0000000089500000|
| 126|0x0000000089600000, 0x0000000089700000, 0x0000000089700000|100%| E|CS|TS  1|AC  0|TAMS 0x0000000089600000, 0x0000000089600000|
| 127|0x0000000089700000, 0x0000000089800000, 0x0000000089800000|100%| E|CS|TS  1|AC  0|TAMS 0x0000000089700000, 0x0000000089700000|

Card table byte_map: [0x000001a0ff960000,0x000001a0ffd60000] byte_map_base: 0x000001a0ff554000

Marking Bits (Prev, Next): (CMBitMap*) 0x000001a0f427ab50, (CMBitMap*) 0x000001a0f427ab88
 Prev Bits: [0x000001a08f400000, 0x000001a0913a0000)
 Next Bits: [0x000001a0913a0000, 0x000001a093340000)

Polling page: 0x000001a0f2110000

CodeHeap 'non-profiled nmethods': size=120064Kb used=460Kb max_used=460Kb free=119603Kb
 bounds [0x000001a087ac0000, 0x000001a087d30000, 0x000001a08f000000]
CodeHeap 'profiled nmethods': size=120000Kb used=2087Kb max_used=2087Kb free=117912Kb
 bounds [0x000001a080590000, 0x000001a080800000, 0x000001a087ac0000]
CodeHeap 'non-nmethods': size=5696Kb used=1176Kb max_used=1186Kb free=4519Kb
 bounds [0x000001a080000000, 0x000001a080270000, 0x000001a080590000]
 total_blobs=2027 nmethods=1213 adapters=442
 compilation: enabled

Compilation events (10 events):
Event: 1.573 Thread 0x000001a09600c000 1139       3       java.lang.StringConcatHelper::checkOverflow (16 bytes)
Event: 1.573 Thread 0x000001a09600c000 nmethod 1139 0x000001a080777210 code [0x000001a0807773e0, 0x000001a080777630]
Event: 1.573 Thread 0x000001a09600c000 1140       1       java.util.Spliterators$ArraySpliterator::characteristics (5 bytes)
Event: 1.573 Thread 0x000001a09600c000 nmethod 1140 0x000001a087b2ef90 code [0x000001a087b2f140, 0x000001a087b2f258]
Event: 1.573 Thread 0x000001a09563f800 1141  s    4       java.io.ByteArrayOutputStream::write (32 bytes)
Event: 1.575 Thread 0x000001a09563f800 nmethod 1141 0x000001a087b2f810 code [0x000001a087b2f9c0, 0x000001a087b2fd48]
Event: 1.576 Thread 0x000001a09600c000 1143       3       java.lang.Long::<init> (10 bytes)
Event: 1.576 Thread 0x000001a09600c000 nmethod 1143 0x000001a080777710 code [0x000001a0807778c0, 0x000001a080777ad8]
Event: 1.576 Thread 0x000001a09600c000 1144       3       java.util.Arrays::hashCode (56 bytes)
Event: 1.576 Thread 0x000001a09600c000 nmethod 1144 0x000001a080777b90 code [0x000001a080777d60, 0x000001a0807780f0]

GC Heap History (2 events):
Event: 1.455 GC heap before
{Heap before GC invocations=0 (full 0):
 garbage-first heap   total 131072K, used 14336K [0x0000000081800000, 0x0000000100000000)
  region size 1024K, 14 young (14336K), 0 survivors (0K)
 Metaspace       used 13430K, capacity 13841K, committed 14208K, reserved 1062912K
  class space    used 1408K, capacity 1576K, committed 1664K, reserved 1048576K
}
Event: 1.460 GC heap after
{Heap after GC invocations=1 (full 0):
 garbage-first heap   total 131072K, used 4522K [0x0000000081800000, 0x0000000100000000)
  region size 1024K, 2 young (2048K), 2 survivors (2048K)
 Metaspace       used 13430K, capacity 13841K, committed 14208K, reserved 1062912K
  class space    used 1408K, capacity 1576K, committed 1664K, reserved 1048576K
}

Deoptimization events (10 events):
Event: 1.469 Thread 0x000001a09669b800 Uncommon trap: reason=class_check action=maybe_recompile pc=0x000001a087b1f7f8 method=java.io.DataInputStream.readShort()S @ 4 c2
Event: 1.471 Thread 0x000001a09669b800 Uncommon trap: reason=class_check action=maybe_recompile pc=0x000001a087b1f7f8 method=java.io.DataInputStream.readShort()S @ 4 c2
Event: 1.475 Thread 0x000001a09669b800 Uncommon trap: reason=class_check action=maybe_recompile pc=0x000001a087b1f7f8 method=java.io.DataInputStream.readShort()S @ 4 c2
Event: 1.475 Thread 0x000001a09669b800 Uncommon trap: reason=class_check action=maybe_recompile pc=0x000001a087b1f7f8 method=java.io.DataInputStream.readShort()S @ 4 c2
Event: 1.479 Thread 0x000001a09669b800 Uncommon trap: reason=unstable_if action=reinterpret pc=0x000001a087b216c4 method=java.util.HashMap.getNode(ILjava/lang/Object;)Ljava/util/HashMap$Node; @ 84 c2
Event: 1.480 Thread 0x000001a09669b800 Uncommon trap: reason=unstable_if action=reinterpret pc=0x000001a087b1ddc0 method=java.util.HashMap.getNode(ILjava/lang/Object;)Ljava/util/HashMap$Node; @ 84 c2
Event: 1.481 Thread 0x000001a09669b800 Uncommon trap: reason=unstable_if action=reinterpret pc=0x000001a087ad05f8 method=java.util.HashMap.resize()[Ljava/util/HashMap$Node; @ 203 c2
Event: 1.492 Thread 0x000001a09669b800 Uncommon trap: reason=unstable_if action=reinterpret pc=0x000001a087b265f4 method=java.lang.String.startsWith(Ljava/lang/String;I)Z @ 14 c2
Event: 1.544 Thread 0x000001a09669b800 Uncommon trap: reason=unstable_if action=reinterpret pc=0x000001a087b007ac method=jdk.internal.org.objectweb.asm.Frame.execute(IILjdk/internal/org/objectweb/asm/ClassWriter;Ljdk/internal/org/objectweb/asm/Item;)V @ 2219 c2
Event: 1.574 Thread 0x000001a09669b800 Uncommon trap: reason=intrinsic_or_type_checked_inlining action=make_not_entrant pc=0x000001a087b1e8f0 method=java.util.Arrays.copyOf([Ljava/lang/Object;ILjava/lang/Class;)[Ljava/lang/Object; @ 35 c2

Classes redefined (0 events):
No events

Internal exceptions (10 events):
Event: 1.259 Thread 0x000001a09669b800 Exception <a 'java/lang/NoSuchMethodError'{0x0000000088dc2040}: method resolution failed> (0x0000000088dc2040) thrown at [t:/workspace/open/src/hotspot/share/prims/methodHandles.cpp, line 1226]
Event: 1.333 Thread 0x000001a09669b800 Exception <a 'java/lang/NoSuchMethodError'{0x0000000088cb23d0}: java.lang.invoke.DirectMethodHandle$Holder.invokeStaticInit(Ljava/lang/Object;Ljava/lang/Object;Ljava/lang/Object;Ljava/lang/Object;)Ljava/lang/Object;> (0x0000000088cb23d0) thrown at [t:/wor
Event: 1.334 Thread 0x000001a09669b800 Exception <a 'java/lang/NullPointerException'{0x0000000088cbafa8}> (0x0000000088cbafa8) thrown at [t:/workspace/open/src/hotspot/share/interpreter/linkResolver.cpp, line 1324]
Event: 1.334 Thread 0x000001a09669b800 Exception <a 'java/lang/NullPointerException'{0x0000000088cbafa8}> (0x0000000088cbafa8) thrown at [t:/workspace/open/src/hotspot/share/prims/jvm.cpp, line 1349]
Event: 1.353 Thread 0x000001a09669b800 Exception <a 'java/lang/NoSuchMethodError'{0x0000000088ce81e0}: java.lang.invoke.DirectMethodHandle$Holder.invokeSpecial(Ljava/lang/Object;Ljava/lang/Object;Ljava/lang/Object;Ljava/lang/Object;Ljava/lang/Object;)V> (0x0000000088ce81e0) thrown at [t:/works
Event: 1.497 Thread 0x000001a09669b800 Exception <a 'java/lang/NoSuchMethodError'{0x00000000896c0650}: java.lang.invoke.DirectMethodHandle$Holder.invokeStaticInit(Ljava/lang/Object;Ljava/lang/Object;)V> (0x00000000896c0650) thrown at [t:/workspace/open/src/hotspot/share/interpreter/linkResolve
Event: 1.523 Thread 0x000001a09669b800 Exception <a 'java/lang/NoSuchMethodError'{0x000000008941dc10}: java.lang.invoke.DelegatingMethodHandle$Holder.reinvoke_L(Ljava/lang/Object;Ljava/lang/Object;ILjava/lang/Object;)Ljava/lang/Object;> (0x000000008941dc10) thrown at [t:/workspace/open/src/hot
Event: 1.539 Thread 0x000001a09669b800 Exception <a 'java/lang/NoSuchMethodError'{0x0000000089466e80}: java.lang.invoke.DirectMethodHandle$Holder.invokeInterface(Ljava/lang/Object;Ljava/lang/Object;Ljava/lang/Object;)I> (0x0000000089466e80) thrown at [t:/workspace/open/src/hotspot/share/interp
Event: 1.541 Thread 0x000001a09669b800 Exception <a 'java/lang/NoSuchMethodError'{0x0000000089472600}: java.lang.invoke.DirectMethodHandle$Holder.invokeStatic(Ljava/lang/Object;Ljava/lang/Object;)I> (0x0000000089472600) thrown at [t:/workspace/open/src/hotspot/share/interpreter/linkResolver.cp
Event: 1.543 Thread 0x000001a09669b800 Exception <a 'java/lang/NoSuchMethodError'{0x000000008947f8d8}: java.lang.Object.of([Ljava/lang/Object;)Ljava/util/stream/Stream;> (0x000000008947f8d8) thrown at [t:/workspace/open/src/hotspot/share/interpreter/linkResolver.cpp, line 741]

Events (10 events):
Event: 1.556 loading class java/util/LinkedHashMap$LinkedEntryIterator done
Event: 1.561 loading class jdk/internal/reflect/UnsafeObjectFieldAccessorImpl
Event: 1.561 loading class jdk/internal/reflect/UnsafeObjectFieldAccessorImpl done
Event: 1.574 Thread 0x000001a09669b800 Uncommon trap: trap_request=0xffffffcc fr.pc=0x000001a087b1e8f0 relative=0x00000000000002b0
Event: 1.574 Thread 0x000001a09669b800 DEOPT PACKING pc=0x000001a087b1e8f0 sp=0x00000076e8efc240
Event: 1.574 Thread 0x000001a09669b800 DEOPT UNPACKING pc=0x000001a080028a2f sp=0x00000076e8efc1e8 mode 2
Event: 1.575 loading class java/lang/Long$LongCache
Event: 1.576 loading class java/lang/Long$LongCache done
Event: 1.576 loading class java/lang/Character$CharacterCache
Event: 1.576 loading class java/lang/Character$CharacterCache done


Dynamic libraries:
0x00007ff71cb10000 - 0x00007ff71cb4e000 	C:\Program Files\Java\jdk-10.0.2\bin\java.exe
0x00007ff95de00000 - 0x00007ff95dfe1000 	C:\WINDOWS\SYSTEM32\ntdll.dll
0x00007ff9236d0000 - 0x00007ff9236e2000 	C:\Program Files\AVAST Software\Avast\aswhook.dll
0x00007ff95d9e0000 - 0x00007ff95da92000 	C:\WINDOWS\System32\KERNEL32.DLL
0x00007ff95a690000 - 0x00007ff95a903000 	C:\WINDOWS\System32\KERNELBASE.dll
0x00007ff95b870000 - 0x00007ff95b911000 	C:\WINDOWS\System32\ADVAPI32.dll
0x00007ff95b4e0000 - 0x00007ff95b57e000 	C:\WINDOWS\System32\msvcrt.dll
0x00007ff95c190000 - 0x00007ff95c1eb000 	C:\WINDOWS\System32\sechost.dll
0x00007ff95b740000 - 0x00007ff95b864000 	C:\WINDOWS\System32\RPCRT4.dll
0x00007ff95c2e0000 - 0x00007ff95c470000 	C:\WINDOWS\System32\USER32.dll
0x00007ff95b120000 - 0x00007ff95b140000 	C:\WINDOWS\System32\win32u.dll
0x00007ff95b6e0000 - 0x00007ff95b708000 	C:\WINDOWS\System32\GDI32.dll
0x00007ff95a250000 - 0x00007ff95a3e2000 	C:\WINDOWS\System32\gdi32full.dll
0x00007ff95b140000 - 0x00007ff95b1df000 	C:\WINDOWS\System32\msvcp_win.dll
0x00007ff95b020000 - 0x00007ff95b118000 	C:\WINDOWS\System32\ucrtbase.dll
0x00007ff93dc60000 - 0x00007ff93dec9000 	C:\WINDOWS\WinSxS\amd64_microsoft.windows.common-controls_6595b64144ccf1df_6.0.17134.648_none_fb45a0e93062a6d2\COMCTL32.dll
0x00007ff95daa0000 - 0x00007ff95ddc2000 	C:\WINDOWS\System32\combase.dll
0x00007ff95a1d0000 - 0x00007ff95a24a000 	C:\WINDOWS\System32\bcryptPrimitives.dll
0x00007ff94e350000 - 0x00007ff94e35a000 	C:\WINDOWS\SYSTEM32\VERSION.dll
0x00007ff95b710000 - 0x00007ff95b73d000 	C:\WINDOWS\System32\IMM32.DLL
0x00007ff8fe280000 - 0x00007ff8fe36f000 	C:\Program Files\Java\jdk-10.0.2\bin\msvcr120.dll
0x00007ff8fe0c0000 - 0x00007ff8fe166000 	C:\Program Files\Java\jdk-10.0.2\bin\msvcp120.dll
0x0000000053110000 - 0x0000000053b80000 	C:\Program Files\Java\jdk-10.0.2\bin\server\jvm.dll
0x00007ff95d960000 - 0x00007ff95d968000 	C:\WINDOWS\System32\PSAPI.DLL
0x00007ff948500000 - 0x00007ff948509000 	C:\WINDOWS\SYSTEM32\WSOCK32.dll
0x00007ff95d970000 - 0x00007ff95d9dc000 	C:\WINDOWS\System32\WS2_32.dll
0x00007ff958360000 - 0x00007ff958383000 	C:\WINDOWS\SYSTEM32\WINMM.dll
0x00007ff958330000 - 0x00007ff95835a000 	C:\WINDOWS\SYSTEM32\WINMMBASE.dll
0x00007ff95b1e0000 - 0x00007ff95b229000 	C:\WINDOWS\System32\cfgmgr32.dll
0x00007ff93c6a0000 - 0x00007ff93c6af000 	C:\Program Files\Java\jdk-10.0.2\bin\verify.dll
0x00007ff9464a0000 - 0x00007ff946669000 	C:\WINDOWS\SYSTEM32\DBGHELP.DLL
0x00007ff9462b0000 - 0x00007ff9462d9000 	C:\WINDOWS\SYSTEM32\dbgcore.DLL
0x00007ff926be0000 - 0x00007ff926c07000 	C:\Program Files\Java\jdk-10.0.2\bin\java.dll
0x00007ff8fda50000 - 0x00007ff8fda7a000 	C:\Program Files\Java\jdk-10.0.2\bin\instrument.dll
0x00007ff926b00000 - 0x00007ff926b16000 	C:\Program Files\Java\jdk-10.0.2\bin\zip.dll
0x00007ff93c690000 - 0x00007ff93c69a000 	C:\Program Files\Java\jdk-10.0.2\bin\jimage.dll
0x00007ff95c470000 - 0x00007ff95d8b0000 	C:\WINDOWS\System32\SHELL32.dll
0x00007ff95d8b0000 - 0x00007ff95d959000 	C:\WINDOWS\System32\shcore.dll
0x00007ff95a910000 - 0x00007ff95b01d000 	C:\WINDOWS\System32\windows.storage.dll
0x00007ff95b290000 - 0x00007ff95b2e1000 	C:\WINDOWS\System32\shlwapi.dll
0x00007ff95a140000 - 0x00007ff95a151000 	C:\WINDOWS\System32\kernel.appcore.dll
0x00007ff95a1b0000 - 0x00007ff95a1cf000 	C:\WINDOWS\System32\profapi.dll
0x00007ff95a160000 - 0x00007ff95a1ac000 	C:\WINDOWS\System32\powrprof.dll
0x00007ff95a110000 - 0x00007ff95a11a000 	C:\WINDOWS\System32\FLTLIB.DLL
0x00007ff926ae0000 - 0x00007ff926afa000 	C:\Program Files\Java\jdk-10.0.2\bin\net.dll
0x00007ff955630000 - 0x00007ff95570d000 	C:\WINDOWS\SYSTEM32\WINHTTP.dll
0x00007ff9598e0000 - 0x00007ff959946000 	C:\WINDOWS\system32\mswsock.dll
0x00007ff926ac0000 - 0x00007ff926ad1000 	C:\Program Files\Java\jdk-10.0.2\bin\nio.dll
0x00007ff8fe240000 - 0x00007ff8fe25a000 	C:\Program Files\JetBrains\IntelliJ IDEA 2018.1.4\bin\breakgen64.dll
0x000001a0f40e0000 - 0x000001a0f40e3000 	C:\Program Files\Java\jdk-10.0.2\bin\api-ms-win-core-console-l1-1-0.dll
0x000001a0f40f0000 - 0x000001a0f40f3000 	C:\Program Files\Java\jdk-10.0.2\bin\api-ms-win-core-datetime-l1-1-0.dll
0x000001a0f4100000 - 0x000001a0f4103000 	C:\Program Files\Java\jdk-10.0.2\bin\api-ms-win-core-debug-l1-1-0.dll
0x000001a0f4110000 - 0x000001a0f4113000 	C:\Program Files\Java\jdk-10.0.2\bin\api-ms-win-core-errorhandling-l1-1-0.dll
0x000001a0f4120000 - 0x000001a0f4124000 	C:\Program Files\Java\jdk-10.0.2\bin\api-ms-win-core-file-l1-1-0.dll
0x000001a0f4130000 - 0x000001a0f4133000 	C:\Program Files\Java\jdk-10.0.2\bin\api-ms-win-core-file-l1-2-0.dll
0x000001a0f4140000 - 0x000001a0f4143000 	C:\Program Files\Java\jdk-10.0.2\bin\api-ms-win-core-file-l2-1-0.dll
0x000001a0f4150000 - 0x000001a0f4153000 	C:\Program Files\Java\jdk-10.0.2\bin\api-ms-win-core-handle-l1-1-0.dll
0x000001a0f4160000 - 0x000001a0f4163000 	C:\Program Files\Java\jdk-10.0.2\bin\api-ms-win-core-heap-l1-1-0.dll
0x000001a0f4170000 - 0x000001a0f4173000 	C:\Program Files\Java\jdk-10.0.2\bin\api-ms-win-core-interlocked-l1-1-0.dll
0x000001a0f4180000 - 0x000001a0f4183000 	C:\Program Files\Java\jdk-10.0.2\bin\api-ms-win-core-libraryloader-l1-1-0.dll
0x000001a0f4190000 - 0x000001a0f4193000 	C:\Program Files\Java\jdk-10.0.2\bin\api-ms-win-core-localization-l1-2-0.dll
0x000001a0f41a0000 - 0x000001a0f41a3000 	C:\Program Files\Java\jdk-10.0.2\bin\api-ms-win-core-memory-l1-1-0.dll
0x000001a0fff90000 - 0x000001a0fff93000 	C:\Program Files\Java\jdk-10.0.2\bin\api-ms-win-core-namedpipe-l1-1-0.dll
0x000001a0fffa0000 - 0x000001a0fffa3000 	C:\Program Files\Java\jdk-10.0.2\bin\api-ms-win-core-processenvironment-l1-1-0.dll
0x000001a0fffb0000 - 0x000001a0fffb3000 	C:\Program Files\Java\jdk-10.0.2\bin\api-ms-win-core-processthreads-l1-1-0.dll
0x000001a0fffc0000 - 0x000001a0fffc3000 	C:\Program Files\Java\jdk-10.0.2\bin\api-ms-win-core-processthreads-l1-1-1.dll
0x000001a0fffd0000 - 0x000001a0fffd3000 	C:\Program Files\Java\jdk-10.0.2\bin\api-ms-win-core-profile-l1-1-0.dll
0x000001a0fffe0000 - 0x000001a0fffe3000 	C:\Program Files\Java\jdk-10.0.2\bin\api-ms-win-core-rtlsupport-l1-1-0.dll
0x000001a0ffff0000 - 0x000001a0ffff3000 	C:\Program Files\Java\jdk-10.0.2\bin\api-ms-win-core-string-l1-1-0.dll
0x000001a096b70000 - 0x000001a096b73000 	C:\Program Files\Java\jdk-10.0.2\bin\api-ms-win-core-synch-l1-1-0.dll
0x000001a096b80000 - 0x000001a096b83000 	C:\Program Files\Java\jdk-10.0.2\bin\api-ms-win-core-synch-l1-2-0.dll
0x000001a096b90000 - 0x000001a096b93000 	C:\Program Files\Java\jdk-10.0.2\bin\api-ms-win-core-sysinfo-l1-1-0.dll
0x000001a096ba0000 - 0x000001a096ba3000 	C:\Program Files\Java\jdk-10.0.2\bin\api-ms-win-core-timezone-l1-1-0.dll
0x000001a096bb0000 - 0x000001a096bb3000 	C:\Program Files\Java\jdk-10.0.2\bin\api-ms-win-core-util-l1-1-0.dll
0x000001a096bc0000 - 0x000001a096bc3000 	C:\Program Files\Java\jdk-10.0.2\bin\api-ms-win-crt-conio-l1-1-0.dll
0x000001a096bd0000 - 0x000001a096bd4000 	C:\Program Files\Java\jdk-10.0.2\bin\api-ms-win-crt-convert-l1-1-0.dll
0x000001a096be0000 - 0x000001a096be3000 	C:\Program Files\Java\jdk-10.0.2\bin\api-ms-win-crt-environment-l1-1-0.dll
0x000001a096bf0000 - 0x000001a096bf3000 	C:\Program Files\Java\jdk-10.0.2\bin\api-ms-win-crt-filesystem-l1-1-0.dll
0x000001a096c00000 - 0x000001a096c03000 	C:\Program Files\Java\jdk-10.0.2\bin\api-ms-win-crt-heap-l1-1-0.dll
0x000001a096c10000 - 0x000001a096c13000 	C:\Program Files\Java\jdk-10.0.2\bin\api-ms-win-crt-locale-l1-1-0.dll
0x000001a096c20000 - 0x000001a096c25000 	C:\Program Files\Java\jdk-10.0.2\bin\api-ms-win-crt-math-l1-1-0.dll
0x000001a096c30000 - 0x000001a096c35000 	C:\Program Files\Java\jdk-10.0.2\bin\api-ms-win-crt-multibyte-l1-1-0.dll
0x000001a096c40000 - 0x000001a096c50000 	C:\Program Files\Java\jdk-10.0.2\bin\api-ms-win-crt-private-l1-1-0.dll
0x000001a096c50000 - 0x000001a096c53000 	C:\Program Files\Java\jdk-10.0.2\bin\api-ms-win-crt-process-l1-1-0.dll
0x000001a096c60000 - 0x000001a096c64000 	C:\Program Files\Java\jdk-10.0.2\bin\api-ms-win-crt-runtime-l1-1-0.dll
0x000001a096c70000 - 0x000001a096c74000 	C:\Program Files\Java\jdk-10.0.2\bin\api-ms-win-crt-stdio-l1-1-0.dll
0x000001a096c80000 - 0x000001a096c84000 	C:\Program Files\Java\jdk-10.0.2\bin\api-ms-win-crt-string-l1-1-0.dll
0x000001a096c90000 - 0x000001a096c93000 	C:\Program Files\Java\jdk-10.0.2\bin\api-ms-win-crt-time-l1-1-0.dll
0x000001a096ca0000 - 0x000001a096ca3000 	C:\Program Files\Java\jdk-10.0.2\bin\api-ms-win-crt-utility-l1-1-0.dll
0x00007ff8e3c20000 - 0x00007ff8e3d16000 	C:\Program Files\Java\jdk-10.0.2\bin\ucrtbase.dll
0x00007ff8fda30000 - 0x00007ff8fda46000 	C:\Program Files\Java\jdk-10.0.2\bin\vcruntime140.dll
0x00007ff8fd990000 - 0x00007ff8fda2c000 	C:\Program Files\Java\jdk-10.0.2\bin\msvcp140.dll
0x00007ff8e3bc0000 - 0x00007ff8e3c11000 	C:\Program Files\Java\jdk-10.0.2\bin\concrt140.dll
0x00007ff8fc1d0000 - 0x00007ff8fc1f3000 	C:\Program Files\Java\jdk-10.0.2\bin\prism_d3d.dll
0x00007ff912ff0000 - 0x00007ff913187000 	C:\WINDOWS\system32\d3d9.dll
0x00007ff958860000 - 0x00007ff958889000 	C:\WINDOWS\SYSTEM32\dwmapi.dll
0x00007ff958610000 - 0x00007ff9586a8000 	C:\WINDOWS\system32\uxtheme.dll
0x00007ff9086f0000 - 0x00007ff9088c7000 	C:\WINDOWS\System32\DriverStore\FileRepository\igdlh64.inf_amd64_250db833a1cd577e\igdumdim64.dll
0x00007ff9056f0000 - 0x00007ff9086ed000 	C:\WINDOWS\System32\DriverStore\FileRepository\igdlh64.inf_amd64_250db833a1cd577e\igd9dxva64.dll
0x00007ff95b580000 - 0x00007ff95b6d1000 	C:\WINDOWS\System32\ole32.dll
0x00007ff95c210000 - 0x00007ff95c2d3000 	C:\WINDOWS\System32\OLEAUT32.dll
0x00007ff8e3b70000 - 0x00007ff8e3bba000 	C:\Program Files\Java\jdk-10.0.2\bin\glass.dll
0x00007ff95b2f0000 - 0x00007ff95b3dd000 	C:\WINDOWS\System32\COMDLG32.dll
0x00007ff95b9c0000 - 0x00007ff95bb33000 	C:\WINDOWS\System32\MSCTF.dll
0x00007ff8e3af0000 - 0x00007ff8e3b04000 	C:\Program Files\Java\jdk-10.0.2\bin\javafx_font.dll
0x00007ff8de890000 - 0x00007ff8dea2b000 	C:\Program Files\Java\jdk-10.0.2\bin\awt.dll
0x00007ff957520000 - 0x00007ff957ae7000 	C:\WINDOWS\SYSTEM32\d2d1.dll
0x00007ff958480000 - 0x00007ff95850b000 	C:\WINDOWS\SYSTEM32\apphelp.dll
0x00007ff8deac0000 - 0x00007ff8deb25000 	C:\Program Files\Java\jdk-10.0.2\bin\fontmanager.dll
0x00007ff93d6a0000 - 0x00007ff93d9bc000 	C:\WINDOWS\SYSTEM32\dwrite.dll

dbghelp: loaded successfully - version: 4.0.5 - missing functions: none
symbol engine: initialized successfully - sym options: 0x614 - pdb path: .;C:\Program Files\Java\jdk-10.0.2\bin;C:\WINDOWS\SYSTEM32;C:\Program Files\AVAST Software\Avast;C:\WINDOWS\WinSxS\amd64_microsoft.windows.common-controls_6595b64144ccf1df_6.0.17134.648_none_fb45a0e93062a6d2;C:\Program Files\Java\jdk-10.0.2\bin\server;C:\Program Files\JetBrains\IntelliJ IDEA 2018.1.4\bin;C:\WINDOWS\System32\DriverStore\FileRepository\igdlh64.inf_amd64_250db833a1cd577e

VM Arguments:
jvm_args: -javaagent:C:\Program Files\JetBrains\IntelliJ IDEA 2018.1.4\lib\idea_rt.jar=50488:C:\Program Files\JetBrains\IntelliJ IDEA 2018.1.4\bin -Dfile.encoding=UTF-8 
java_command: inicio
java_class_path (initial): G:\Marzo\out\production\Marzo;C:\Users\izquierda\.IntelliJIdea2018.1\config\plugins\Kotlin\kotlinc\lib\kotlin-stdlib.jar;C:\Users\izquierda\.IntelliJIdea2018.1\config\plugins\Kotlin\kotlinc\lib\kotlin-reflect.jar;C:\Users\izquierda\.IntelliJIdea2018.1\config\plugins\Kotlin\kotlinc\lib\kotlin-test.jar;C:\Users\izquierda\.IntelliJIdea2018.1\config\plugins\Kotlin\kotlinc\lib\kotlin-stdlib-jdk7.jar;C:\Users\izquierda\.IntelliJIdea2018.1\config\plugins\Kotlin\kotlinc\lib\kotlin-stdlib-jdk8.jar;G:\Marzo\lib\mssql-jdbc-7.0.0.jre8.jar;G:\Marzo\lib\commons-beanutils-1.9.0.jar;G:\Marzo\lib\commons-collections-3.2.1.jar;G:\Marzo\lib\commons-digester-2.1.jar;G:\Marzo\lib\commons-logging-1.1.1.jar;G:\Marzo\lib\groovy-all-2.0.1.jar;G:\Marzo\lib\gson-2.8.5.jar;G:\Marzo\lib\itext-1.4.7.jar;G:\Marzo\lib\itext-pdfa-5.5.0.jar;G:\Marzo\lib\itextpdf-5.5.0.jar;G:\Marzo\lib\jasperreports-6.0.0.jar
Launcher Type: SUN_STANDARD

Logging:
Log output configuration:
#0: stdout all=warning uptime,level,tags
#1: stderr all=off uptime,level,tags

Environment Variables:
JAVA_HOME=C:\Program Files\Java\jdk1.8.0_131
CLASSPATH=J:\Basededatos\driver7\sqljdbc_7.0\esn\mssql-jdbc-7.0.0.jre8.jar
PATH=C:\ProgramData\DockerDesktop\version-bin;C:\Program Files\Docker\Docker\Resources\bin;C:\Program Files (x86)\Common Files\Oracle\Java\javapath;C:\ProgramData\Oracle\Java\javapath;C:\Program Files\Microsoft MPI\Bin\;C:\Program Files (x86)\Intel\iCLS Client\;C:\Program Files\Intel\iCLS Client\;C:\WINDOWS\system32;C:\WINDOWS;C:\WINDOWS\System32\Wbem;C:\WINDOWS\System32\WindowsPowerShell\v1.0\;C:\Program Files (x86)\Intel\Intel(R) Management Engine Components\DAL;C:\Program Files\Intel\Intel(R) Management Engine Components\DAL;C:\Program Files (x86)\Intel\Intel(R) Management Engine Components\IPT;C:\Program Files\Intel\Intel(R) Management Engine Components\IPT;C:\Program Files\nodejs\;C:\Program Files\AutoFirma\AutoFirma;E:\Trabajo2017\xampp\php;C:\Program Files\dotnet\;C:\Program Files\Microsoft SQL Server\130\Tools\Binn\;C:\Program Files\Git\cmd;C:\Program Files (x86)\GtkSharp\2.12\bin;C:\Program Files (x86)\Microsoft SQL Server\Client SDK\ODBC\130\Tools\Binn\;C:\Program Files (x86)\Microsoft SQL Server\140\Tools\Binn\;C:\Program Files (x86)\Microsoft SQL Server\140\DTS\Binn\;C:\Program Files (x86)\Microsoft SQL Server\140\Tools\Binn\ManagementStudio\;C:\WINDOWS\System32\OpenSSH\;C:\Program Files (x86)\Microsoft Emulator Manager\1.0\;C:\Program Files (x86)\Windows Kits\10\Windows Performance Toolkit\;C:\Program Files (x86)\Windows Kits\10\Microsoft Application Virtualization\Sequencer\;C:\Users\izquierda\AppData\Roaming\npm;C:\Program Files (x86)\Microsoft VS Code\bin;C:\Users\izquierda\AppData\Local\Microsoft\WindowsApps;C:\Program Files\Java\jdk1.8.0_131\bin;C:\gradle\gradle-4.6\bin
USERNAME=izquierda
OS=Windows_NT
PROCESSOR_IDENTIFIER=Intel64 Family 6 Model 94 Stepping 3, GenuineIntel



---------------  S Y S T E M  ---------------

OS: Windows 10 , 64 bit Build 17134 (10.0.17134.648)

CPU:total 4 (initial active 4) (4 cores per cpu, 1 threads per core) family 6 model 94 stepping 3, cmov, cx8, fxsr, mmx, sse, sse2, sse3, ssse3, sse4.1, sse4.2, popcnt, avx, avx2, aes, clmul, erms, 3dnowpref, lzcnt, tsc, tscinvbit, bmi1, bmi2, adx, fma

Memory: 4k page, physical 8285588k(371772k free), swap 12479892k(1508k free)

vm_info: Java HotSpot(TM) 64-Bit Server VM (10.0.2+13) for windows-amd64 JRE (10.0.2+13), built on Jun 28 2018 01:57:56 by "mach5one" with MS VC++ 12.0 (VS2013)

END.
