#
# There is insufficient memory for the Java Runtime Environment to continue.
# Native memory allocation (malloc) failed to allocate 195936 bytes for Chunk::new
# Possible reasons:
#   The system is out of physical RAM or swap space
#   The process is running with CompressedOops enabled, and the Java Heap may be blocking the growth of the native heap
# Possible solutions:
#   Reduce memory load on the system
#   Increase physical memory or swap space
#   Check if swap backing store is full
#   Decrease Java heap size (-Xmx/-Xms)
#   Decrease number of Java threads
#   Decrease Java thread stack sizes (-Xss)
#   Set larger code cache with -XX:ReservedCodeCacheSize=
#   JVM is running with Unscaled Compressed Oops mode in which the Java heap is
#     placed in the first 4GB address space. The Java Heap base address is the
#     maximum limit for the native heap growth. Please use -XX:HeapBaseMinAddress
#     to set the Java Heap base and to place the Java Heap above 4GB virtual address.
# This output file may be truncated or incomplete.
#
#  Out of Memory Error (t:/workspace/open/src/hotspot/share/memory/arena.cpp:198), pid=11728, tid=9432
#
# JRE version: Java(TM) SE Runtime Environment (10.0.2+13) (build 10.0.2+13)
# Java VM: Java HotSpot(TM) 64-Bit Server VM (10.0.2+13, mixed mode, tiered, compressed oops, g1 gc, windows-amd64)
# No core dump will be written. Minidumps are not enabled by default on client versions of Windows
#

---------------  S U M M A R Y ------------

Command Line: -javaagent:C:\Program Files\JetBrains\IntelliJ IDEA 2018.1.4\lib\idea_rt.jar=50499:C:\Program Files\JetBrains\IntelliJ IDEA 2018.1.4\bin -Dfile.encoding=UTF-8 inicio

Host: Intel(R) Core(TM) i5-6400 CPU @ 2.70GHz, 4 cores, 7G,  Windows 10 , 64 bit Build 17134 (10.0.17134.648)
Time: Fri Mar 29 19:50:30 2019 Hora estándar romance elapsed time: 0 seconds (0d 0h 0m 0s)

---------------  T H R E A D  ---------------

Current thread (0x00000126302a8800):  JavaThread "C2 CompilerThread0" daemon [_thread_in_native, id=9432, stack(0x0000001c7e700000,0x0000001c7e800000)]


Current CompileTask:
C2:    624  758       4       jdk.internal.org.objectweb.asm.ClassWriter::newUTF8 (70 bytes)

Stack: [0x0000001c7e700000,0x0000001c7e800000]
Native frames: (J=compiled Java code, j=interpreted, Vv=VM code, C=native code)
V  [jvm.dll+0x5a01a9]
V  [jvm.dll+0x6bcf31]
V  [jvm.dll+0x6be126]
V  [jvm.dll+0x6be7b3]
V  [jvm.dll+0x234978]
V  [jvm.dll+0xbb69c]
V  [jvm.dll+0xbbbac]
V  [jvm.dll+0x2a68e4]
V  [jvm.dll+0x4bf92a]
V  [jvm.dll+0x2011b0]
V  [jvm.dll+0x1ff0a1]
V  [jvm.dll+0x17c94b]
V  [jvm.dll+0x20c8dd]
V  [jvm.dll+0x20b6a6]
V  [jvm.dll+0x68b7ff]
V  [jvm.dll+0x59f4b0]
C  [msvcr120.dll+0x24f7f]
C  [msvcr120.dll+0x25126]
C  [KERNEL32.DLL+0x13dc4]
C  [ntdll.dll+0x73691]


---------------  P R O C E S S  ---------------

Threads class SMR info:
_java_thread_list=0x0000012630b8ecd0, length=16, elements={
0x000001260e64a800, 0x0000012630248800, 0x0000012630249000, 0x00000126302a2800,
0x00000126302a4800, 0x00000126302a8800, 0x000001262d70c800, 0x000001262d70d800,
0x000001262d70e800, 0x0000012630491000, 0x00000126307aa000, 0x00000126307e1800,
0x0000012630987000, 0x0000012630a09800, 0x0000012630a0a800, 0x0000012630b13800
}

Java Threads: ( => current thread )
  0x000001260e64a800 JavaThread "main" [_thread_blocked, id=7804, stack(0x0000001c7d600000,0x0000001c7d700000)]
  0x0000012630248800 JavaThread "Reference Handler" daemon [_thread_blocked, id=4512, stack(0x0000001c7e300000,0x0000001c7e400000)]
  0x0000012630249000 JavaThread "Finalizer" daemon [_thread_blocked, id=9516, stack(0x0000001c7e400000,0x0000001c7e500000)]
  0x00000126302a2800 JavaThread "Signal Dispatcher" daemon [_thread_blocked, id=8396, stack(0x0000001c7e500000,0x0000001c7e600000)]
  0x00000126302a4800 JavaThread "Attach Listener" daemon [_thread_blocked, id=5428, stack(0x0000001c7e600000,0x0000001c7e700000)]
=>0x00000126302a8800 JavaThread "C2 CompilerThread0" daemon [_thread_in_native, id=9432, stack(0x0000001c7e700000,0x0000001c7e800000)]
  0x000001262d70c800 JavaThread "C2 CompilerThread1" daemon [_thread_in_native, id=6548, stack(0x0000001c7e800000,0x0000001c7e900000)]
  0x000001262d70d800 JavaThread "C1 CompilerThread2" daemon [_thread_in_native, id=2348, stack(0x0000001c7e900000,0x0000001c7ea00000)]
  0x000001262d70e800 JavaThread "Sweeper thread" daemon [_thread_blocked, id=3300, stack(0x0000001c7ea00000,0x0000001c7eb00000)]
  0x0000012630491000 JavaThread "Common-Cleaner" daemon [_thread_blocked, id=11428, stack(0x0000001c7eb00000,0x0000001c7ec00000)]
  0x00000126307aa000 JavaThread "Monitor Ctrl-Break" daemon [_thread_in_native, id=7432, stack(0x0000001c7ec00000,0x0000001c7ed00000)]
  0x00000126307e1800 JavaThread "Service Thread" daemon [_thread_blocked, id=4944, stack(0x0000001c7ed00000,0x0000001c7ee00000)]
  0x0000012630987000 JavaThread "QuantumRenderer-0" daemon [_thread_blocked, id=6760, stack(0x0000001c7ef00000,0x0000001c7f000000)]
  0x0000012630a09800 JavaThread "InvokeLaterDispatcher" daemon [_thread_blocked, id=10696, stack(0x0000001c7f000000,0x0000001c7f100000)]
  0x0000012630a0a800 JavaThread "JavaFX Application Thread" [_thread_in_Java, id=3764, stack(0x0000001c7f100000,0x0000001c7f200000)]
  0x0000012630b13800 JavaThread "JavaFX-Launcher" [_thread_blocked, id=7560, stack(0x0000001c7f400000,0x0000001c7f500000)]

Other Threads:
  0x0000012630244800 VMThread "VM Thread" [stack: 0x0000001c7e200000,0x0000001c7e300000] [id=13252]
  0x0000012630861000 WatcherThread [stack: 0x0000001c7ee00000,0x0000001c7ef00000] [id=11064]
  0x000001260e665000 GCTaskThread "GC Thread#0" [stack: 0x0000001c7d700000,0x0000001c7d800000] [id=7400]
  0x000001260e666800 GCTaskThread "GC Thread#1" [stack: 0x0000001c7d800000,0x0000001c7d900000] [id=12628]
  0x000001260e668000 GCTaskThread "GC Thread#2" [stack: 0x0000001c7d900000,0x0000001c7da00000] [id=5304]
  0x000001260e66a800 GCTaskThread "GC Thread#3" [stack: 0x0000001c7da00000,0x0000001c7db00000] [id=5080]
  0x000001260e71a800 ConcurrentGCThread "G1 Main Marker" [stack: 0x0000001c7db00000,0x0000001c7dc00000] [id=8208]
  0x000001260e71d800 ConcurrentGCThread "G1 Conc#0" [stack: 0x0000001c7dc00000,0x0000001c7dd00000] [id=2168]
  0x000001262d593000 ConcurrentGCThread "G1 Refine#0" [stack: 0x0000001c7dd00000,0x0000001c7de00000] [id=7340]
  0x000001262d599000 ConcurrentGCThread "G1 Refine#1" [stack: 0x0000001c7de00000,0x0000001c7df00000] [id=9536]
  0x000001262d59a800 ConcurrentGCThread "G1 Refine#2" [stack: 0x0000001c7df00000,0x0000001c7e000000] [id=11436]
  0x000001262d59c000 ConcurrentGCThread "G1 Refine#3" [stack: 0x0000001c7e000000,0x0000001c7e100000] [id=7012]
  0x000001262d59f800 ConcurrentGCThread "G1 Young RemSet Sampling" [stack: 0x0000001c7e100000,0x0000001c7e200000] [id=5796]

Threads with active compile tasks:
C2 CompilerThread0 758       4       jdk.internal.org.objectweb.asm.ClassWriter::newUTF8 (70 bytes)
C2 CompilerThread1 798       4       java.lang.invoke.LambdaForm$Name::replaceNames (174 bytes)
C1 CompilerThread2 819       3       jdk.internal.org.objectweb.asm.MethodWriter::visitMaxs (1144 bytes)

VM state:not at safepoint (normal execution)

VM Mutex/Monitor currently owned by a thread: None

Heap address: 0x0000000081800000, size: 2024 MB, Compressed Oops mode: 32-bit
Narrow klass base: 0x0000000000000000, Narrow klass shift: 3
Compressed class space size: 1073741824 Address: 0x0000000100000000

Heap:
 garbage-first heap   total 131072K, used 11264K [0x0000000081800000, 0x0000000100000000)
  region size 1024K, 12 young (12288K), 0 survivors (0K)
 Metaspace       used 10639K, capacity 10887K, committed 11136K, reserved 1058816K
  class space    used 1043K, capacity 1149K, committed 1152K, reserved 1048576K
Heap Regions: E=young(eden), S=young(survivor), O=old, HS=humongous(starts), HC=humongous(continues), CS=collection set, F=free, A=archive, TS=gc time stamp, AC=allocation context, TAMS=top-at-mark-start (previous, next)
|   0|0x0000000081800000, 0x0000000081800000, 0x0000000081900000|  0%| F|  |TS  0|AC  0|TAMS 0x0000000081800000, 0x0000000081800000|
|   1|0x0000000081900000, 0x0000000081900000, 0x0000000081a00000|  0%| F|  |TS  0|AC  0|TAMS 0x0000000081900000, 0x0000000081900000|
|   2|0x0000000081a00000, 0x0000000081a00000, 0x0000000081b00000|  0%| F|  |TS  0|AC  0|TAMS 0x0000000081a00000, 0x0000000081a00000|
|   3|0x0000000081b00000, 0x0000000081b00000, 0x0000000081c00000|  0%| F|  |TS  0|AC  0|TAMS 0x0000000081b00000, 0x0000000081b00000|
|   4|0x0000000081c00000, 0x0000000081c00000, 0x0000000081d00000|  0%| F|  |TS  0|AC  0|TAMS 0x0000000081c00000, 0x0000000081c00000|
|   5|0x0000000081d00000, 0x0000000081d00000, 0x0000000081e00000|  0%| F|  |TS  0|AC  0|TAMS 0x0000000081d00000, 0x0000000081d00000|
|   6|0x0000000081e00000, 0x0000000081e00000, 0x0000000081f00000|  0%| F|  |TS  0|AC  0|TAMS 0x0000000081e00000, 0x0000000081e00000|
|   7|0x0000000081f00000, 0x0000000081f00000, 0x0000000082000000|  0%| F|  |TS  0|AC  0|TAMS 0x0000000081f00000, 0x0000000081f00000|
|   8|0x0000000082000000, 0x0000000082000000, 0x0000000082100000|  0%| F|  |TS  0|AC  0|TAMS 0x0000000082000000, 0x0000000082000000|
|   9|0x0000000082100000, 0x0000000082100000, 0x0000000082200000|  0%| F|  |TS  0|AC  0|TAMS 0x0000000082100000, 0x0000000082100000|
|  10|0x0000000082200000, 0x0000000082200000, 0x0000000082300000|  0%| F|  |TS  0|AC  0|TAMS 0x0000000082200000, 0x0000000082200000|
|  11|0x0000000082300000, 0x0000000082300000, 0x0000000082400000|  0%| F|  |TS  0|AC  0|TAMS 0x0000000082300000, 0x0000000082300000|
|  12|0x0000000082400000, 0x0000000082400000, 0x0000000082500000|  0%| F|  |TS  0|AC  0|TAMS 0x0000000082400000, 0x0000000082400000|
|  13|0x0000000082500000, 0x0000000082500000, 0x0000000082600000|  0%| F|  |TS  0|AC  0|TAMS 0x0000000082500000, 0x0000000082500000|
|  14|0x0000000082600000, 0x0000000082600000, 0x0000000082700000|  0%| F|  |TS  0|AC  0|TAMS 0x0000000082600000, 0x0000000082600000|
|  15|0x0000000082700000, 0x0000000082700000, 0x0000000082800000|  0%| F|  |TS  0|AC  0|TAMS 0x0000000082700000, 0x0000000082700000|
|  16|0x0000000082800000, 0x0000000082800000, 0x0000000082900000|  0%| F|  |TS  0|AC  0|TAMS 0x0000000082800000, 0x0000000082800000|
|  17|0x0000000082900000, 0x0000000082900000, 0x0000000082a00000|  0%| F|  |TS  0|AC  0|TAMS 0x0000000082900000, 0x0000000082900000|
|  18|0x0000000082a00000, 0x0000000082a00000, 0x0000000082b00000|  0%| F|  |TS  0|AC  0|TAMS 0x0000000082a00000, 0x0000000082a00000|
|  19|0x0000000082b00000, 0x0000000082b00000, 0x0000000082c00000|  0%| F|  |TS  0|AC  0|TAMS 0x0000000082b00000, 0x0000000082b00000|
|  20|0x0000000082c00000, 0x0000000082c00000, 0x0000000082d00000|  0%| F|  |TS  0|AC  0|TAMS 0x0000000082c00000, 0x0000000082c00000|
|  21|0x0000000082d00000, 0x0000000082d00000, 0x0000000082e00000|  0%| F|  |TS  0|AC  0|TAMS 0x0000000082d00000, 0x0000000082d00000|
|  22|0x0000000082e00000, 0x0000000082e00000, 0x0000000082f00000|  0%| F|  |TS  0|AC  0|TAMS 0x0000000082e00000, 0x0000000082e00000|
|  23|0x0000000082f00000, 0x0000000082f00000, 0x0000000083000000|  0%| F|  |TS  0|AC  0|TAMS 0x0000000082f00000, 0x0000000082f00000|
|  24|0x0000000083000000, 0x0000000083000000, 0x0000000083100000|  0%| F|  |TS  0|AC  0|TAMS 0x0000000083000000, 0x0000000083000000|
|  25|0x0000000083100000, 0x0000000083100000, 0x0000000083200000|  0%| F|  |TS  0|AC  0|TAMS 0x0000000083100000, 0x0000000083100000|
|  26|0x0000000083200000, 0x0000000083200000, 0x0000000083300000|  0%| F|  |TS  0|AC  0|TAMS 0x0000000083200000, 0x0000000083200000|
|  27|0x0000000083300000, 0x0000000083300000, 0x0000000083400000|  0%| F|  |TS  0|AC  0|TAMS 0x0000000083300000, 0x0000000083300000|
|  28|0x0000000083400000, 0x0000000083400000, 0x0000000083500000|  0%| F|  |TS  0|AC  0|TAMS 0x0000000083400000, 0x0000000083400000|
|  29|0x0000000083500000, 0x0000000083500000, 0x0000000083600000|  0%| F|  |TS  0|AC  0|TAMS 0x0000000083500000, 0x0000000083500000|
|  30|0x0000000083600000, 0x0000000083600000, 0x0000000083700000|  0%| F|  |TS  0|AC  0|TAMS 0x0000000083600000, 0x0000000083600000|
|  31|0x0000000083700000, 0x0000000083700000, 0x0000000083800000|  0%| F|  |TS  0|AC  0|TAMS 0x0000000083700000, 0x0000000083700000|
|  32|0x0000000083800000, 0x0000000083800000, 0x0000000083900000|  0%| F|  |TS  0|AC  0|TAMS 0x0000000083800000, 0x0000000083800000|
|  33|0x0000000083900000, 0x0000000083900000, 0x0000000083a00000|  0%| F|  |TS  0|AC  0|TAMS 0x0000000083900000, 0x0000000083900000|
|  34|0x0000000083a00000, 0x0000000083a00000, 0x0000000083b00000|  0%| F|  |TS  0|AC  0|TAMS 0x0000000083a00000, 0x0000000083a00000|
|  35|0x0000000083b00000, 0x0000000083b00000, 0x0000000083c00000|  0%| F|  |TS  0|AC  0|TAMS 0x0000000083b00000, 0x0000000083b00000|
|  36|0x0000000083c00000, 0x0000000083c00000, 0x0000000083d00000|  0%| F|  |TS  0|AC  0|TAMS 0x0000000083c00000, 0x0000000083c00000|
|  37|0x0000000083d00000, 0x0000000083d00000, 0x0000000083e00000|  0%| F|  |TS  0|AC  0|TAMS 0x0000000083d00000, 0x0000000083d00000|
|  38|0x0000000083e00000, 0x0000000083e00000, 0x0000000083f00000|  0%| F|  |TS  0|AC  0|TAMS 0x0000000083e00000, 0x0000000083e00000|
|  39|0x0000000083f00000, 0x0000000083f00000, 0x0000000084000000|  0%| F|  |TS  0|AC  0|TAMS 0x0000000083f00000, 0x0000000083f00000|
|  40|0x0000000084000000, 0x0000000084000000, 0x0000000084100000|  0%| F|  |TS  0|AC  0|TAMS 0x0000000084000000, 0x0000000084000000|
|  41|0x0000000084100000, 0x0000000084100000, 0x0000000084200000|  0%| F|  |TS  0|AC  0|TAMS 0x0000000084100000, 0x0000000084100000|
|  42|0x0000000084200000, 0x0000000084200000, 0x0000000084300000|  0%| F|  |TS  0|AC  0|TAMS 0x0000000084200000, 0x0000000084200000|
|  43|0x0000000084300000, 0x0000000084300000, 0x0000000084400000|  0%| F|  |TS  0|AC  0|TAMS 0x0000000084300000, 0x0000000084300000|
|  44|0x0000000084400000, 0x0000000084400000, 0x0000000084500000|  0%| F|  |TS  0|AC  0|TAMS 0x0000000084400000, 0x0000000084400000|
|  45|0x0000000084500000, 0x0000000084500000, 0x0000000084600000|  0%| F|  |TS  0|AC  0|TAMS 0x0000000084500000, 0x0000000084500000|
|  46|0x0000000084600000, 0x0000000084600000, 0x0000000084700000|  0%| F|  |TS  0|AC  0|TAMS 0x0000000084600000, 0x0000000084600000|
|  47|0x0000000084700000, 0x0000000084700000, 0x0000000084800000|  0%| F|  |TS  0|AC  0|TAMS 0x0000000084700000, 0x0000000084700000|
|  48|0x0000000084800000, 0x0000000084800000, 0x0000000084900000|  0%| F|  |TS  0|AC  0|TAMS 0x0000000084800000, 0x0000000084800000|
|  49|0x0000000084900000, 0x0000000084900000, 0x0000000084a00000|  0%| F|  |TS  0|AC  0|TAMS 0x0000000084900000, 0x0000000084900000|
|  50|0x0000000084a00000, 0x0000000084a00000, 0x0000000084b00000|  0%| F|  |TS  0|AC  0|TAMS 0x0000000084a00000, 0x0000000084a00000|
|  51|0x0000000084b00000, 0x0000000084b00000, 0x0000000084c00000|  0%| F|  |TS  0|AC  0|TAMS 0x0000000084b00000, 0x0000000084b00000|
|  52|0x0000000084c00000, 0x0000000084c00000, 0x0000000084d00000|  0%| F|  |TS  0|AC  0|TAMS 0x0000000084c00000, 0x0000000084c00000|
|  53|0x0000000084d00000, 0x0000000084d00000, 0x0000000084e00000|  0%| F|  |TS  0|AC  0|TAMS 0x0000000084d00000, 0x0000000084d00000|
|  54|0x0000000084e00000, 0x0000000084e00000, 0x0000000084f00000|  0%| F|  |TS  0|AC  0|TAMS 0x0000000084e00000, 0x0000000084e00000|
|  55|0x0000000084f00000, 0x0000000084f00000, 0x0000000085000000|  0%| F|  |TS  0|AC  0|TAMS 0x0000000084f00000, 0x0000000084f00000|
|  56|0x0000000085000000, 0x0000000085000000, 0x0000000085100000|  0%| F|  |TS  0|AC  0|TAMS 0x0000000085000000, 0x0000000085000000|
|  57|0x0000000085100000, 0x0000000085100000, 0x0000000085200000|  0%| F|  |TS  0|AC  0|TAMS 0x0000000085100000, 0x0000000085100000|
|  58|0x0000000085200000, 0x0000000085200000, 0x0000000085300000|  0%| F|  |TS  0|AC  0|TAMS 0x0000000085200000, 0x0000000085200000|
|  59|0x0000000085300000, 0x0000000085300000, 0x0000000085400000|  0%| F|  |TS  0|AC  0|TAMS 0x0000000085300000, 0x0000000085300000|
|  60|0x0000000085400000, 0x0000000085400000, 0x0000000085500000|  0%| F|  |TS  0|AC  0|TAMS 0x0000000085400000, 0x0000000085400000|
|  61|0x0000000085500000, 0x0000000085500000, 0x0000000085600000|  0%| F|  |TS  0|AC  0|TAMS 0x0000000085500000, 0x0000000085500000|
|  62|0x0000000085600000, 0x0000000085600000, 0x0000000085700000|  0%| F|  |TS  0|AC  0|TAMS 0x0000000085600000, 0x0000000085600000|
|  63|0x0000000085700000, 0x0000000085700000, 0x0000000085800000|  0%| F|  |TS  0|AC  0|TAMS 0x0000000085700000, 0x0000000085700000|
|  64|0x0000000085800000, 0x0000000085800000, 0x0000000085900000|  0%| F|  |TS  0|AC  0|TAMS 0x0000000085800000, 0x0000000085800000|
|  65|0x0000000085900000, 0x0000000085900000, 0x0000000085a00000|  0%| F|  |TS  0|AC  0|TAMS 0x0000000085900000, 0x0000000085900000|
|  66|0x0000000085a00000, 0x0000000085a00000, 0x0000000085b00000|  0%| F|  |TS  0|AC  0|TAMS 0x0000000085a00000, 0x0000000085a00000|
|  67|0x0000000085b00000, 0x0000000085b00000, 0x0000000085c00000|  0%| F|  |TS  0|AC  0|TAMS 0x0000000085b00000, 0x0000000085b00000|
|  68|0x0000000085c00000, 0x0000000085c00000, 0x0000000085d00000|  0%| F|  |TS  0|AC  0|TAMS 0x0000000085c00000, 0x0000000085c00000|
|  69|0x0000000085d00000, 0x0000000085d00000, 0x0000000085e00000|  0%| F|  |TS  0|AC  0|TAMS 0x0000000085d00000, 0x0000000085d00000|
|  70|0x0000000085e00000, 0x0000000085e00000, 0x0000000085f00000|  0%| F|  |TS  0|AC  0|TAMS 0x0000000085e00000, 0x0000000085e00000|
|  71|0x0000000085f00000, 0x0000000085f00000, 0x0000000086000000|  0%| F|  |TS  0|AC  0|TAMS 0x0000000085f00000, 0x0000000085f00000|
|  72|0x0000000086000000, 0x0000000086000000, 0x0000000086100000|  0%| F|  |TS  0|AC  0|TAMS 0x0000000086000000, 0x0000000086000000|
|  73|0x0000000086100000, 0x0000000086100000, 0x0000000086200000|  0%| F|  |TS  0|AC  0|TAMS 0x0000000086100000, 0x0000000086100000|
|  74|0x0000000086200000, 0x0000000086200000, 0x0000000086300000|  0%| F|  |TS  0|AC  0|TAMS 0x0000000086200000, 0x0000000086200000|
|  75|0x0000000086300000, 0x0000000086300000, 0x0000000086400000|  0%| F|  |TS  0|AC  0|TAMS 0x0000000086300000, 0x0000000086300000|
|  76|0x0000000086400000, 0x0000000086400000, 0x0000000086500000|  0%| F|  |TS  0|AC  0|TAMS 0x0000000086400000, 0x0000000086400000|
|  77|0x0000000086500000, 0x0000000086500000, 0x0000000086600000|  0%| F|  |TS  0|AC  0|TAMS 0x0000000086500000, 0x0000000086500000|
|  78|0x0000000086600000, 0x0000000086600000, 0x0000000086700000|  0%| F|  |TS  0|AC  0|TAMS 0x0000000086600000, 0x0000000086600000|
|  79|0x0000000086700000, 0x0000000086700000, 0x0000000086800000|  0%| F|  |TS  0|AC  0|TAMS 0x0000000086700000, 0x0000000086700000|
|  80|0x0000000086800000, 0x0000000086800000, 0x0000000086900000|  0%| F|  |TS  0|AC  0|TAMS 0x0000000086800000, 0x0000000086800000|
|  81|0x0000000086900000, 0x0000000086900000, 0x0000000086a00000|  0%| F|  |TS  0|AC  0|TAMS 0x0000000086900000, 0x0000000086900000|
|  82|0x0000000086a00000, 0x0000000086a00000, 0x0000000086b00000|  0%| F|  |TS  0|AC  0|TAMS 0x0000000086a00000, 0x0000000086a00000|
|  83|0x0000000086b00000, 0x0000000086b00000, 0x0000000086c00000|  0%| F|  |TS  0|AC  0|TAMS 0x0000000086b00000, 0x0000000086b00000|
|  84|0x0000000086c00000, 0x0000000086c00000, 0x0000000086d00000|  0%| F|  |TS  0|AC  0|TAMS 0x0000000086c00000, 0x0000000086c00000|
|  85|0x0000000086d00000, 0x0000000086d00000, 0x0000000086e00000|  0%| F|  |TS  0|AC  0|TAMS 0x0000000086d00000, 0x0000000086d00000|
|  86|0x0000000086e00000, 0x0000000086e00000, 0x0000000086f00000|  0%| F|  |TS  0|AC  0|TAMS 0x0000000086e00000, 0x0000000086e00000|
|  87|0x0000000086f00000, 0x0000000086f00000, 0x0000000087000000|  0%| F|  |TS  0|AC  0|TAMS 0x0000000086f00000, 0x0000000086f00000|
|  88|0x0000000087000000, 0x0000000087000000, 0x0000000087100000|  0%| F|  |TS  0|AC  0|TAMS 0x0000000087000000, 0x0000000087000000|
|  89|0x0000000087100000, 0x0000000087100000, 0x0000000087200000|  0%| F|  |TS  0|AC  0|TAMS 0x0000000087100000, 0x0000000087100000|
|  90|0x0000000087200000, 0x0000000087200000, 0x0000000087300000|  0%| F|  |TS  0|AC  0|TAMS 0x0000000087200000, 0x0000000087200000|
|  91|0x0000000087300000, 0x0000000087300000, 0x0000000087400000|  0%| F|  |TS  0|AC  0|TAMS 0x0000000087300000, 0x0000000087300000|
|  92|0x0000000087400000, 0x0000000087400000, 0x0000000087500000|  0%| F|  |TS  0|AC  0|TAMS 0x0000000087400000, 0x0000000087400000|
|  93|0x0000000087500000, 0x0000000087500000, 0x0000000087600000|  0%| F|  |TS  0|AC  0|TAMS 0x0000000087500000, 0x0000000087500000|
|  94|0x0000000087600000, 0x0000000087600000, 0x0000000087700000|  0%| F|  |TS  0|AC  0|TAMS 0x0000000087600000, 0x0000000087600000|
|  95|0x0000000087700000, 0x0000000087700000, 0x0000000087800000|  0%| F|  |TS  0|AC  0|TAMS 0x0000000087700000, 0x0000000087700000|
|  96|0x0000000087800000, 0x0000000087800000, 0x0000000087900000|  0%| F|  |TS  0|AC  0|TAMS 0x0000000087800000, 0x0000000087800000|
|  97|0x0000000087900000, 0x0000000087900000, 0x0000000087a00000|  0%| F|  |TS  0|AC  0|TAMS 0x0000000087900000, 0x0000000087900000|
|  98|0x0000000087a00000, 0x0000000087a00000, 0x0000000087b00000|  0%| F|  |TS  0|AC  0|TAMS 0x0000000087a00000, 0x0000000087a00000|
|  99|0x0000000087b00000, 0x0000000087b00000, 0x0000000087c00000|  0%| F|  |TS  0|AC  0|TAMS 0x0000000087b00000, 0x0000000087b00000|
| 100|0x0000000087c00000, 0x0000000087c00000, 0x0000000087d00000|  0%| F|  |TS  0|AC  0|TAMS 0x0000000087c00000, 0x0000000087c00000|
| 101|0x0000000087d00000, 0x0000000087d00000, 0x0000000087e00000|  0%| F|  |TS  0|AC  0|TAMS 0x0000000087d00000, 0x0000000087d00000|
| 102|0x0000000087e00000, 0x0000000087e00000, 0x0000000087f00000|  0%| F|  |TS  0|AC  0|TAMS 0x0000000087e00000, 0x0000000087e00000|
| 103|0x0000000087f00000, 0x0000000087f00000, 0x0000000088000000|  0%| F|  |TS  0|AC  0|TAMS 0x0000000087f00000, 0x0000000087f00000|
| 104|0x0000000088000000, 0x0000000088000000, 0x0000000088100000|  0%| F|  |TS  0|AC  0|TAMS 0x0000000088000000, 0x0000000088000000|
| 105|0x0000000088100000, 0x0000000088100000, 0x0000000088200000|  0%| F|  |TS  0|AC  0|TAMS 0x0000000088100000, 0x0000000088100000|
| 106|0x0000000088200000, 0x0000000088200000, 0x0000000088300000|  0%| F|  |TS  0|AC  0|TAMS 0x0000000088200000, 0x0000000088200000|
| 107|0x0000000088300000, 0x0000000088300000, 0x0000000088400000|  0%| F|  |TS  0|AC  0|TAMS 0x0000000088300000, 0x0000000088300000|
| 108|0x0000000088400000, 0x0000000088400000, 0x0000000088500000|  0%| F|  |TS  0|AC  0|TAMS 0x0000000088400000, 0x0000000088400000|
| 109|0x0000000088500000, 0x0000000088500000, 0x0000000088600000|  0%| F|  |TS  0|AC  0|TAMS 0x0000000088500000, 0x0000000088500000|
| 110|0x0000000088600000, 0x0000000088600000, 0x0000000088700000|  0%| F|  |TS  0|AC  0|TAMS 0x0000000088600000, 0x0000000088600000|
| 111|0x0000000088700000, 0x0000000088700000, 0x0000000088800000|  0%| F|  |TS  0|AC  0|TAMS 0x0000000088700000, 0x0000000088700000|
| 112|0x0000000088800000, 0x0000000088800000, 0x0000000088900000|  0%| F|  |TS  0|AC  0|TAMS 0x0000000088800000, 0x0000000088800000|
| 113|0x0000000088900000, 0x0000000088900000, 0x0000000088a00000|  0%| F|  |TS  0|AC  0|TAMS 0x0000000088900000, 0x0000000088900000|
| 114|0x0000000088a00000, 0x0000000088a00000, 0x0000000088b00000|  0%| F|  |TS  0|AC  0|TAMS 0x0000000088a00000, 0x0000000088a00000|
| 115|0x0000000088b00000, 0x0000000088b00000, 0x0000000088c00000|  0%| F|  |TS  0|AC  0|TAMS 0x0000000088b00000, 0x0000000088b00000|
| 116|0x0000000088c00000, 0x0000000088c492f0, 0x0000000088d00000| 28%| E|  |TS  0|AC  0|TAMS 0x0000000088c00000, 0x0000000088c00000|
| 117|0x0000000088d00000, 0x0000000088e00000, 0x0000000088e00000|100%| E|CS|TS  0|AC  0|TAMS 0x0000000088d00000, 0x0000000088d00000|
| 118|0x0000000088e00000, 0x0000000088f00000, 0x0000000088f00000|100%| E|CS|TS  0|AC  0|TAMS 0x0000000088e00000, 0x0000000088e00000|
| 119|0x0000000088f00000, 0x0000000089000000, 0x0000000089000000|100%| E|CS|TS  0|AC  0|TAMS 0x0000000088f00000, 0x0000000088f00000|
| 120|0x0000000089000000, 0x0000000089100000, 0x0000000089100000|100%| E|CS|TS  0|AC  0|TAMS 0x0000000089000000, 0x0000000089000000|
| 121|0x0000000089100000, 0x0000000089200000, 0x0000000089200000|100%| E|CS|TS  0|AC  0|TAMS 0x0000000089100000, 0x0000000089100000|
| 122|0x0000000089200000, 0x0000000089300000, 0x0000000089300000|100%| E|CS|TS  0|AC  0|TAMS 0x0000000089200000, 0x0000000089200000|
| 123|0x0000000089300000, 0x0000000089400000, 0x0000000089400000|100%| E|CS|TS  0|AC  0|TAMS 0x0000000089300000, 0x0000000089300000|
| 124|0x0000000089400000, 0x0000000089500000, 0x0000000089500000|100%| E|CS|TS  0|AC  0|TAMS 0x0000000089400000, 0x0000000089400000|
| 125|0x0000000089500000, 0x0000000089600000, 0x0000000089600000|100%| E|CS|TS  0|AC  0|TAMS 0x0000000089500000, 0x0000000089500000|
| 126|0x0000000089600000, 0x0000000089700000, 0x0000000089700000|100%| E|CS|TS  0|AC  0|TAMS 0x0000000089600000, 0x0000000089600000|
| 127|0x0000000089700000, 0x0000000089800000, 0x0000000089800000|100%| E|CS|TS  0|AC  0|TAMS 0x0000000089700000, 0x0000000089700000|

Card table byte_map: [0x0000012628dd0000,0x00000126291d0000] byte_map_base: 0x00000126289c4000

Marking Bits (Prev, Next): (CMBitMap*) 0x000001260e71a150, (CMBitMap*) 0x000001260e71a188
 Prev Bits: [0x00000126295d0000, 0x000001262b570000)
 Next Bits: [0x000001262b570000, 0x000001262d510000)

Polling page: 0x000001260c520000

CodeHeap 'non-profiled nmethods': size=120064Kb used=269Kb max_used=269Kb free=119794Kb
 bounds [0x0000012621490000, 0x0000012621700000, 0x00000126289d0000]
CodeHeap 'profiled nmethods': size=120000Kb used=1287Kb max_used=1287Kb free=118712Kb
 bounds [0x0000012619f60000, 0x000001261a1d0000, 0x0000012621490000]
CodeHeap 'non-nmethods': size=5696Kb used=1136Kb max_used=1149Kb free=4559Kb
 bounds [0x00000126199d0000, 0x0000012619c40000, 0x0000012619f60000]
 total_blobs=1464 nmethods=815 adapters=380
 compilation: enabled

Compilation events (10 events):
Event: 0.600 Thread 0x000001262d70d800 nmethod 754 0x000001261a084290 code [0x000001261a084480, 0x000001261a084700]
Event: 0.600 Thread 0x000001262d70d800  755       3       jdk.internal.jimage.ImageReader::getResourceBuffer (13 bytes)
Event: 0.600 Thread 0x000001262d70d800 nmethod 755 0x000001261a084810 code [0x000001261a084a00, 0x000001261a084da0]
Event: 0.602 Thread 0x000001262d70d800  756       3       java.util.HashSet::add (20 bytes)
Event: 0.602 Thread 0x000001262d70d800 nmethod 756 0x000001261a084f10 code [0x000001261a0850e0, 0x000001261a085370]
Event: 0.602 Thread 0x000001262d70d800  757       3       java.util.HashSet::contains (9 bytes)
Event: 0.602 Thread 0x000001262d70d800 nmethod 757 0x000001261a085410 code [0x000001261a0855e0, 0x000001261a085810]
Event: 0.602 Thread 0x00000126302a8800  758       4       jdk.internal.org.objectweb.asm.ClassWriter::newUTF8 (70 bytes)
Event: 0.602 Thread 0x000001262d70d800  759       1       java.lang.invoke.InnerClassLambdaMetafactory::access$300 (5 bytes)
Event: 0.603 Thread 0x000001262d70d800 nmethod 759 0x00000126214cd490 code [0x00000126214cd640, 0x00000126214cd738]

GC Heap History (0 events):
No events

Deoptimization events (6 events):
Event: 0.149 Thread 0x000001260e64a800 Uncommon trap: reason=unstable_if action=reinterpret pc=0x000001262149e1d8 method=java.util.HashMap.putVal(ILjava/lang/Object;Ljava/lang/Object;ZZ)Ljava/lang/Object; @ 69 c2
Event: 0.149 Thread 0x000001260e64a800 Uncommon trap: reason=unstable_if action=reinterpret pc=0x000001262149aa74 method=java.util.HashMap.putVal(ILjava/lang/Object;Ljava/lang/Object;ZZ)Ljava/lang/Object; @ 69 c2
Event: 0.158 Thread 0x000001260e64a800 Uncommon trap: reason=unstable_if action=reinterpret pc=0x0000012621493d70 method=java.lang.String.hashCode()I @ 14 c2
Event: 0.184 Thread 0x000001260e64a800 Uncommon trap: reason=unstable_if action=reinterpret pc=0x0000012621492478 method=java.lang.String.isLatin1()Z @ 10 c2
Event: 0.250 Thread 0x000001260e64a800 Uncommon trap: reason=unstable_if action=reinterpret pc=0x00000126214a1898 method=java.lang.String.charAt(I)C @ 4 c2
Event: 0.603 Thread 0x0000012630a0a800 Uncommon trap: reason=unstable_if action=reinterpret pc=0x00000126214b7b94 method=java.lang.StringLatin1.indexOf([BI[BII)I @ 27 c2

Classes redefined (0 events):
No events

Internal exceptions (10 events):
Event: 0.442 Thread 0x000001260e64a800 Exception <a 'java/lang/NoSuchMethodError'{0x000000008900b530}: java.lang.invoke.DirectMethodHandle$Holder.invokeStatic(Ljava/lang/Object;Ljava/lang/Object;Ljava/lang/Object;)V> (0x000000008900b530) thrown at [t:/workspace/open/src/hotspot/share/interpret
Event: 0.481 Thread 0x000001260e64a800 Exception <a 'java/lang/NoSuchMethodError'{0x0000000089015a08}: method resolution failed> (0x0000000089015a08) thrown at [t:/workspace/open/src/hotspot/share/prims/methodHandles.cpp, line 1226]
Event: 0.481 Thread 0x000001260e64a800 Exception <a 'java/lang/NoSuchMethodError'{0x0000000089018b50}: java.lang.invoke.DirectMethodHandle$Holder.invokeStaticInit(Ljava/lang/Object;Ljava/lang/Object;Ljava/lang/Object;)I> (0x0000000089018b50) thrown at [t:/workspace/open/src/hotspot/share/inter
Event: 0.483 Thread 0x000001260e64a800 Exception <a 'java/lang/NoSuchMethodError'{0x0000000089024798}: java.lang.invoke.DirectMethodHandle$Holder.invokeSpecial(Ljava/lang/Object;Ljava/lang/Object;)V> (0x0000000089024798) thrown at [t:/workspace/open/src/hotspot/share/interpreter/linkResolver.c
Event: 0.507 Thread 0x000001260e64a800 Exception <a 'java/lang/NoSuchMethodError'{0x0000000088f04298}: method resolution failed> (0x0000000088f04298) thrown at [t:/workspace/open/src/hotspot/share/prims/methodHandles.cpp, line 1226]
Event: 0.508 Thread 0x000001260e64a800 Exception <a 'java/lang/NoSuchMethodError'{0x0000000088f0ac18}: java.lang.invoke.DirectMethodHandle$Holder.invokeStatic(Ljava/lang/Object;Ljava/lang/Object;ILjava/lang/Object;)Ljava/lang/Object;> (0x0000000088f0ac18) thrown at [t:/workspace/open/src/hotsp
Event: 0.508 Thread 0x000001260e64a800 Exception <a 'java/lang/NoSuchMethodError'{0x0000000088f0e1a8}: method resolution failed> (0x0000000088f0e1a8) thrown at [t:/workspace/open/src/hotspot/share/prims/methodHandles.cpp, line 1226]
Event: 0.509 Thread 0x000001260e64a800 Exception <a 'java/lang/NoSuchMethodError'{0x0000000088f143d0}: method resolution failed> (0x0000000088f143d0) thrown at [t:/workspace/open/src/hotspot/share/prims/methodHandles.cpp, line 1226]
Event: 0.582 Thread 0x0000012630a0a800 Exception <a 'java/lang/NoSuchMethodError'{0x0000000088fb3420}: java.lang.invoke.DirectMethodHandle$Holder.invokeStaticInit(Ljava/lang/Object;)V> (0x0000000088fb3420) thrown at [t:/workspace/open/src/hotspot/share/interpreter/linkResolver.cpp, line 741]
Event: 0.590 Thread 0x000001260e64a800 Exception <a 'java/lang/NoSuchMethodError'{0x0000000088f1ab88}: method resolution failed> (0x0000000088f1ab88) thrown at [t:/workspace/open/src/hotspot/share/prims/methodHandles.cpp, line 1226]

Events (10 events):
Event: 0.603 loading class inicio$Companion done
Event: 0.603 Thread 0x0000012630a0a800 Uncommon trap: trap_request=0xffffff55 fr.pc=0x00000126214b7b94 relative=0x0000000000000354
Event: 0.603 Thread 0x0000012630a0a800 DEOPT PACKING pc=0x00000126214b7b94 sp=0x0000001c7f1fb2e0
Event: 0.603 Thread 0x0000012630a0a800 DEOPT UNPACKING pc=0x00000126199f8a2f sp=0x0000001c7f1fb268 mode 2
Event: 0.604 Executing VM operation: RevokeBias
Event: 0.604 Executing VM operation: RevokeBias done
Event: 0.604 Executing VM operation: RevokeBias
Event: 0.604 Executing VM operation: RevokeBias done
Event: 0.604 Executing VM operation: RevokeBias
Event: 0.604 Executing VM operation: RevokeBias done


Dynamic libraries:
0x00007ff71cb10000 - 0x00007ff71cb4e000 	C:\Program Files\Java\jdk-10.0.2\bin\java.exe
0x00007ff95de00000 - 0x00007ff95dfe1000 	C:\WINDOWS\SYSTEM32\ntdll.dll
0x00007ff9236d0000 - 0x00007ff9236e2000 	C:\Program Files\AVAST Software\Avast\aswhook.dll
0x00007ff95d9e0000 - 0x00007ff95da92000 	C:\WINDOWS\System32\KERNEL32.DLL
0x00007ff95a690000 - 0x00007ff95a903000 	C:\WINDOWS\System32\KERNELBASE.dll
0x00007ff95b870000 - 0x00007ff95b911000 	C:\WINDOWS\System32\ADVAPI32.dll
0x00007ff95b4e0000 - 0x00007ff95b57e000 	C:\WINDOWS\System32\msvcrt.dll
0x00007ff95c190000 - 0x00007ff95c1eb000 	C:\WINDOWS\System32\sechost.dll
0x00007ff95b740000 - 0x00007ff95b864000 	C:\WINDOWS\System32\RPCRT4.dll
0x00007ff95c2e0000 - 0x00007ff95c470000 	C:\WINDOWS\System32\USER32.dll
0x00007ff95b120000 - 0x00007ff95b140000 	C:\WINDOWS\System32\win32u.dll
0x00007ff95b6e0000 - 0x00007ff95b708000 	C:\WINDOWS\System32\GDI32.dll
0x00007ff95a250000 - 0x00007ff95a3e2000 	C:\WINDOWS\System32\gdi32full.dll
0x00007ff95b140000 - 0x00007ff95b1df000 	C:\WINDOWS\System32\msvcp_win.dll
0x00007ff95b020000 - 0x00007ff95b118000 	C:\WINDOWS\System32\ucrtbase.dll
0x00007ff93dc60000 - 0x00007ff93dec9000 	C:\WINDOWS\WinSxS\amd64_microsoft.windows.common-controls_6595b64144ccf1df_6.0.17134.648_none_fb45a0e93062a6d2\COMCTL32.dll
0x00007ff95daa0000 - 0x00007ff95ddc2000 	C:\WINDOWS\System32\combase.dll
0x00007ff95a1d0000 - 0x00007ff95a24a000 	C:\WINDOWS\System32\bcryptPrimitives.dll
0x00007ff94e350000 - 0x00007ff94e35a000 	C:\WINDOWS\SYSTEM32\VERSION.dll
0x00007ff95b710000 - 0x00007ff95b73d000 	C:\WINDOWS\System32\IMM32.DLL
0x00007ff8fe280000 - 0x00007ff8fe36f000 	C:\Program Files\Java\jdk-10.0.2\bin\msvcr120.dll
0x00007ff8fe0c0000 - 0x00007ff8fe166000 	C:\Program Files\Java\jdk-10.0.2\bin\msvcp120.dll
0x0000000053110000 - 0x0000000053b80000 	C:\Program Files\Java\jdk-10.0.2\bin\server\jvm.dll
0x00007ff95d960000 - 0x00007ff95d968000 	C:\WINDOWS\System32\PSAPI.DLL
0x00007ff948500000 - 0x00007ff948509000 	C:\WINDOWS\SYSTEM32\WSOCK32.dll
0x00007ff95d970000 - 0x00007ff95d9dc000 	C:\WINDOWS\System32\WS2_32.dll
0x00007ff958360000 - 0x00007ff958383000 	C:\WINDOWS\SYSTEM32\WINMM.dll
0x00007ff958330000 - 0x00007ff95835a000 	C:\WINDOWS\SYSTEM32\WINMMBASE.dll
0x00007ff95b1e0000 - 0x00007ff95b229000 	C:\WINDOWS\System32\cfgmgr32.dll
0x00007ff93c6a0000 - 0x00007ff93c6af000 	C:\Program Files\Java\jdk-10.0.2\bin\verify.dll
0x00007ff9464a0000 - 0x00007ff946669000 	C:\WINDOWS\SYSTEM32\DBGHELP.DLL
0x00007ff9462b0000 - 0x00007ff9462d9000 	C:\WINDOWS\SYSTEM32\dbgcore.DLL
0x00007ff926be0000 - 0x00007ff926c07000 	C:\Program Files\Java\jdk-10.0.2\bin\java.dll
0x00007ff8fda50000 - 0x00007ff8fda7a000 	C:\Program Files\Java\jdk-10.0.2\bin\instrument.dll
0x00007ff926b00000 - 0x00007ff926b16000 	C:\Program Files\Java\jdk-10.0.2\bin\zip.dll
0x00007ff93c690000 - 0x00007ff93c69a000 	C:\Program Files\Java\jdk-10.0.2\bin\jimage.dll
0x00007ff95c470000 - 0x00007ff95d8b0000 	C:\WINDOWS\System32\SHELL32.dll
0x00007ff95d8b0000 - 0x00007ff95d959000 	C:\WINDOWS\System32\shcore.dll
0x00007ff95a910000 - 0x00007ff95b01d000 	C:\WINDOWS\System32\windows.storage.dll
0x00007ff95b290000 - 0x00007ff95b2e1000 	C:\WINDOWS\System32\shlwapi.dll
0x00007ff95a140000 - 0x00007ff95a151000 	C:\WINDOWS\System32\kernel.appcore.dll
0x00007ff95a1b0000 - 0x00007ff95a1cf000 	C:\WINDOWS\System32\profapi.dll
0x00007ff95a160000 - 0x00007ff95a1ac000 	C:\WINDOWS\System32\powrprof.dll
0x00007ff95a110000 - 0x00007ff95a11a000 	C:\WINDOWS\System32\FLTLIB.DLL
0x00007ff926ae0000 - 0x00007ff926afa000 	C:\Program Files\Java\jdk-10.0.2\bin\net.dll
0x00007ff955630000 - 0x00007ff95570d000 	C:\WINDOWS\SYSTEM32\WINHTTP.dll
0x00007ff9598e0000 - 0x00007ff959946000 	C:\WINDOWS\system32\mswsock.dll
0x00007ff926ac0000 - 0x00007ff926ad1000 	C:\Program Files\Java\jdk-10.0.2\bin\nio.dll
0x00007ff8fe240000 - 0x00007ff8fe25a000 	C:\Program Files\JetBrains\IntelliJ IDEA 2018.1.4\bin\breakgen64.dll
0x000001260e600000 - 0x000001260e603000 	C:\Program Files\Java\jdk-10.0.2\bin\api-ms-win-core-console-l1-1-0.dll
0x000001260e610000 - 0x000001260e613000 	C:\Program Files\Java\jdk-10.0.2\bin\api-ms-win-core-datetime-l1-1-0.dll
0x0000012630f60000 - 0x0000012630f63000 	C:\Program Files\Java\jdk-10.0.2\bin\api-ms-win-core-debug-l1-1-0.dll
0x0000012630f70000 - 0x0000012630f73000 	C:\Program Files\Java\jdk-10.0.2\bin\api-ms-win-core-errorhandling-l1-1-0.dll
0x0000012630f80000 - 0x0000012630f84000 	C:\Program Files\Java\jdk-10.0.2\bin\api-ms-win-core-file-l1-1-0.dll
0x0000012630f90000 - 0x0000012630f93000 	C:\Program Files\Java\jdk-10.0.2\bin\api-ms-win-core-file-l1-2-0.dll
0x0000012630fa0000 - 0x0000012630fa3000 	C:\Program Files\Java\jdk-10.0.2\bin\api-ms-win-core-file-l2-1-0.dll
0x0000012630fb0000 - 0x0000012630fb3000 	C:\Program Files\Java\jdk-10.0.2\bin\api-ms-win-core-handle-l1-1-0.dll
0x0000012630fc0000 - 0x0000012630fc3000 	C:\Program Files\Java\jdk-10.0.2\bin\api-ms-win-core-heap-l1-1-0.dll
0x0000012630fd0000 - 0x0000012630fd3000 	C:\Program Files\Java\jdk-10.0.2\bin\api-ms-win-core-interlocked-l1-1-0.dll
0x0000012630fe0000 - 0x0000012630fe3000 	C:\Program Files\Java\jdk-10.0.2\bin\api-ms-win-core-libraryloader-l1-1-0.dll
0x0000012630ff0000 - 0x0000012630ff3000 	C:\Program Files\Java\jdk-10.0.2\bin\api-ms-win-core-localization-l1-2-0.dll
0x0000012631000000 - 0x0000012631003000 	C:\Program Files\Java\jdk-10.0.2\bin\api-ms-win-core-memory-l1-1-0.dll
0x0000012631010000 - 0x0000012631013000 	C:\Program Files\Java\jdk-10.0.2\bin\api-ms-win-core-namedpipe-l1-1-0.dll
0x0000012631020000 - 0x0000012631023000 	C:\Program Files\Java\jdk-10.0.2\bin\api-ms-win-core-processenvironment-l1-1-0.dll
0x0000012631030000 - 0x0000012631033000 	C:\Program Files\Java\jdk-10.0.2\bin\api-ms-win-core-processthreads-l1-1-0.dll
0x0000012631040000 - 0x0000012631043000 	C:\Program Files\Java\jdk-10.0.2\bin\api-ms-win-core-processthreads-l1-1-1.dll
0x0000012631050000 - 0x0000012631053000 	C:\Program Files\Java\jdk-10.0.2\bin\api-ms-win-core-profile-l1-1-0.dll
0x0000012631060000 - 0x0000012631063000 	C:\Program Files\Java\jdk-10.0.2\bin\api-ms-win-core-rtlsupport-l1-1-0.dll
0x0000012631070000 - 0x0000012631073000 	C:\Program Files\Java\jdk-10.0.2\bin\api-ms-win-core-string-l1-1-0.dll
0x0000012631080000 - 0x0000012631083000 	C:\Program Files\Java\jdk-10.0.2\bin\api-ms-win-core-synch-l1-1-0.dll
0x0000012631090000 - 0x0000012631093000 	C:\Program Files\Java\jdk-10.0.2\bin\api-ms-win-core-synch-l1-2-0.dll
0x00000126310a0000 - 0x00000126310a3000 	C:\Program Files\Java\jdk-10.0.2\bin\api-ms-win-core-sysinfo-l1-1-0.dll
0x00000126310b0000 - 0x00000126310b3000 	C:\Program Files\Java\jdk-10.0.2\bin\api-ms-win-core-timezone-l1-1-0.dll
0x00000126310c0000 - 0x00000126310c3000 	C:\Program Files\Java\jdk-10.0.2\bin\api-ms-win-core-util-l1-1-0.dll
0x00000126310d0000 - 0x00000126310d3000 	C:\Program Files\Java\jdk-10.0.2\bin\api-ms-win-crt-conio-l1-1-0.dll
0x00000126310e0000 - 0x00000126310e4000 	C:\Program Files\Java\jdk-10.0.2\bin\api-ms-win-crt-convert-l1-1-0.dll
0x00000126310f0000 - 0x00000126310f3000 	C:\Program Files\Java\jdk-10.0.2\bin\api-ms-win-crt-environment-l1-1-0.dll
0x0000012631100000 - 0x0000012631103000 	C:\Program Files\Java\jdk-10.0.2\bin\api-ms-win-crt-filesystem-l1-1-0.dll
0x0000012631110000 - 0x0000012631113000 	C:\Program Files\Java\jdk-10.0.2\bin\api-ms-win-crt-heap-l1-1-0.dll
0x0000012631120000 - 0x0000012631123000 	C:\Program Files\Java\jdk-10.0.2\bin\api-ms-win-crt-locale-l1-1-0.dll
0x0000012631130000 - 0x0000012631135000 	C:\Program Files\Java\jdk-10.0.2\bin\api-ms-win-crt-math-l1-1-0.dll
0x0000012631140000 - 0x0000012631145000 	C:\Program Files\Java\jdk-10.0.2\bin\api-ms-win-crt-multibyte-l1-1-0.dll
0x0000012631150000 - 0x0000012631160000 	C:\Program Files\Java\jdk-10.0.2\bin\api-ms-win-crt-private-l1-1-0.dll
0x0000012631160000 - 0x0000012631163000 	C:\Program Files\Java\jdk-10.0.2\bin\api-ms-win-crt-process-l1-1-0.dll
0x0000012631170000 - 0x0000012631174000 	C:\Program Files\Java\jdk-10.0.2\bin\api-ms-win-crt-runtime-l1-1-0.dll
0x0000012631180000 - 0x0000012631184000 	C:\Program Files\Java\jdk-10.0.2\bin\api-ms-win-crt-stdio-l1-1-0.dll
0x0000012631190000 - 0x0000012631194000 	C:\Program Files\Java\jdk-10.0.2\bin\api-ms-win-crt-string-l1-1-0.dll
0x00000126311a0000 - 0x00000126311a3000 	C:\Program Files\Java\jdk-10.0.2\bin\api-ms-win-crt-time-l1-1-0.dll
0x00000126311b0000 - 0x00000126311b3000 	C:\Program Files\Java\jdk-10.0.2\bin\api-ms-win-crt-utility-l1-1-0.dll
0x00007ff8e3c20000 - 0x00007ff8e3d16000 	C:\Program Files\Java\jdk-10.0.2\bin\ucrtbase.dll
0x00007ff8fda30000 - 0x00007ff8fda46000 	C:\Program Files\Java\jdk-10.0.2\bin\vcruntime140.dll
0x00007ff8fd990000 - 0x00007ff8fda2c000 	C:\Program Files\Java\jdk-10.0.2\bin\msvcp140.dll
0x00007ff8e3bc0000 - 0x00007ff8e3c11000 	C:\Program Files\Java\jdk-10.0.2\bin\concrt140.dll
0x00007ff8fc1d0000 - 0x00007ff8fc1f3000 	C:\Program Files\Java\jdk-10.0.2\bin\prism_d3d.dll
0x00007ff912ff0000 - 0x00007ff913187000 	C:\WINDOWS\system32\d3d9.dll
0x00007ff958860000 - 0x00007ff958889000 	C:\WINDOWS\SYSTEM32\dwmapi.dll
0x00007ff958610000 - 0x00007ff9586a8000 	C:\WINDOWS\system32\uxtheme.dll
0x00007ff9086f0000 - 0x00007ff9088c7000 	C:\WINDOWS\System32\DriverStore\FileRepository\igdlh64.inf_amd64_250db833a1cd577e\igdumdim64.dll
0x00007ff9056f0000 - 0x00007ff9086ed000 	C:\WINDOWS\System32\DriverStore\FileRepository\igdlh64.inf_amd64_250db833a1cd577e\igd9dxva64.dll
0x00007ff95b580000 - 0x00007ff95b6d1000 	C:\WINDOWS\System32\ole32.dll
0x00007ff95c210000 - 0x00007ff95c2d3000 	C:\WINDOWS\System32\OLEAUT32.dll
0x00007ff8e3b70000 - 0x00007ff8e3bba000 	C:\Program Files\Java\jdk-10.0.2\bin\glass.dll
0x00007ff95b2f0000 - 0x00007ff95b3dd000 	C:\WINDOWS\System32\COMDLG32.dll
0x00007ff95b9c0000 - 0x00007ff95bb33000 	C:\WINDOWS\System32\MSCTF.dll
0x00007ff950250000 - 0x00007ff951fe5000 	C:\WINDOWS\System32\DriverStore\FileRepository\igdlh64.inf_amd64_250db833a1cd577e\igc64.dll

dbghelp: loaded successfully - version: 4.0.5 - missing functions: none
symbol engine: initialized successfully - sym options: 0x614 - pdb path: (cannot be retrieved)

VM Arguments:
jvm_args: -javaagent:C:\Program Files\JetBrains\IntelliJ IDEA 2018.1.4\lib\idea_rt.jar=50499:C:\Program Files\JetBrains\IntelliJ IDEA 2018.1.4\bin -Dfile.encoding=UTF-8 
java_command: inicio
java_class_path (initial): G:\Marzo\out\production\Marzo;C:\Users\izquierda\.IntelliJIdea2018.1\config\plugins\Kotlin\kotlinc\lib\kotlin-stdlib.jar;C:\Users\izquierda\.IntelliJIdea2018.1\config\plugins\Kotlin\kotlinc\lib\kotlin-reflect.jar;C:\Users\izquierda\.IntelliJIdea2018.1\config\plugins\Kotlin\kotlinc\lib\kotlin-test.jar;C:\Users\izquierda\.IntelliJIdea2018.1\config\plugins\Kotlin\kotlinc\lib\kotlin-stdlib-jdk7.jar;C:\Users\izquierda\.IntelliJIdea2018.1\config\plugins\Kotlin\kotlinc\lib\kotlin-stdlib-jdk8.jar;G:\Marzo\lib\mssql-jdbc-7.0.0.jre8.jar;G:\Marzo\lib\commons-beanutils-1.9.0.jar;G:\Marzo\lib\commons-collections-3.2.1.jar;G:\Marzo\lib\commons-digester-2.1.jar;G:\Marzo\lib\commons-logging-1.1.1.jar;G:\Marzo\lib\groovy-all-2.0.1.jar;G:\Marzo\lib\gson-2.8.5.jar;G:\Marzo\lib\itext-1.4.7.jar;G:\Marzo\lib\itext-pdfa-5.5.0.jar;G:\Marzo\lib\itextpdf-5.5.0.jar;G:\Marzo\lib\jasperreports-6.0.0.jar
Launcher Type: SUN_STANDARD

Logging:
Log output configuration:
#0: stdout all=warning uptime,level,tags
#1: stderr all=off uptime,level,tags

Environment Variables:
JAVA_HOME=C:\Program Files\Java\jdk1.8.0_131
CLASSPATH=J:\Basededatos\driver7\sqljdbc_7.0\esn\mssql-jdbc-7.0.0.jre8.jar
PATH=C:\ProgramData\DockerDesktop\version-bin;C:\Program Files\Docker\Docker\Resources\bin;C:\Program Files (x86)\Common Files\Oracle\Java\javapath;C:\ProgramData\Oracle\Java\javapath;C:\Program Files\Microsoft MPI\Bin\;C:\Program Files (x86)\Intel\iCLS Client\;C:\Program Files\Intel\iCLS Client\;C:\WINDOWS\system32;C:\WINDOWS;C:\WINDOWS\System32\Wbem;C:\WINDOWS\System32\WindowsPowerShell\v1.0\;C:\Program Files (x86)\Intel\Intel(R) Management Engine Components\DAL;C:\Program Files\Intel\Intel(R) Management Engine Components\DAL;C:\Program Files (x86)\Intel\Intel(R) Management Engine Components\IPT;C:\Program Files\Intel\Intel(R) Management Engine Components\IPT;C:\Program Files\nodejs\;C:\Program Files\AutoFirma\AutoFirma;E:\Trabajo2017\xampp\php;C:\Program Files\dotnet\;C:\Program Files\Microsoft SQL Server\130\Tools\Binn\;C:\Program Files\Git\cmd;C:\Program Files (x86)\GtkSharp\2.12\bin;C:\Program Files (x86)\Microsoft SQL Server\Client SDK\ODBC\130\Tools\Binn\;C:\Program Files (x86)\Microsoft SQL Server\140\Tools\Binn\;C:\Program Files (x86)\Microsoft SQL Server\140\DTS\Binn\;C:\Program Files (x86)\Microsoft SQL Server\140\Tools\Binn\ManagementStudio\;C:\WINDOWS\System32\OpenSSH\;C:\Program Files (x86)\Microsoft Emulator Manager\1.0\;C:\Program Files (x86)\Windows Kits\10\Windows Performance Toolkit\;C:\Program Files (x86)\Windows Kits\10\Microsoft Application Virtualization\Sequencer\;C:\Users\izquierda\AppData\Roaming\npm;C:\Program Files (x86)\Microsoft VS Code\bin;C:\Users\izquierda\AppData\Local\Microsoft\WindowsApps;C:\Program Files\Java\jdk1.8.0_131\bin;C:\gradle\gradle-4.6\bin
USERNAME=izquierda
OS=Windows_NT
PROCESSOR_IDENTIFIER=Intel64 Family 6 Model 94 Stepping 3, GenuineIntel



---------------  S Y S T E M  ---------------

OS: Windows 10 , 64 bit Build 17134 (10.0.17134.648)

CPU:total 4 (initial active 4) (4 cores per cpu, 1 threads per core) family 6 model 94 stepping 3, cmov, cx8, fxsr, mmx, sse, sse2, sse3, ssse3, sse4.1, sse4.2, popcnt, avx, avx2, aes, clmul, erms, 3dnowpref, lzcnt, tsc, tscinvbit, bmi1, bmi2, adx, fma

Memory: 4k page, physical 8285588k(490024k free), swap 12479892k(1116k free)

vm_info: Java HotSpot(TM) 64-Bit Server VM (10.0.2+13) for windows-amd64 JRE (10.0.2+13), built on Jun 28 2018 01:57:56 by "mach5one" with MS VC++ 12.0 (VS2013)

END.
