#
# There is insufficient memory for the Java Runtime Environment to continue.
# Native memory allocation (malloc) failed to allocate 349296 bytes for Chunk::new
# Possible reasons:
#   The system is out of physical RAM or swap space
#   The process is running with CompressedOops enabled, and the Java Heap may be blocking the growth of the native heap
# Possible solutions:
#   Reduce memory load on the system
#   Increase physical memory or swap space
#   Check if swap backing store is full
#   Decrease Java heap size (-Xmx/-Xms)
#   Decrease number of Java threads
#   Decrease Java thread stack sizes (-Xss)
#   Set larger code cache with -XX:ReservedCodeCacheSize=
#   JVM is running with Unscaled Compressed Oops mode in which the Java heap is
#     placed in the first 4GB address space. The Java Heap base address is the
#     maximum limit for the native heap growth. Please use -XX:HeapBaseMinAddress
#     to set the Java Heap base and to place the Java Heap above 4GB virtual address.
# This output file may be truncated or incomplete.
#
#  Out of Memory Error (t:/workspace/open/src/hotspot/share/memory/arena.cpp:198), pid=12648, tid=17428
#
# JRE version: Java(TM) SE Runtime Environment (10.0.2+13) (build 10.0.2+13)
# Java VM: Java HotSpot(TM) 64-Bit Server VM (10.0.2+13, mixed mode, tiered, compressed oops, g1 gc, windows-amd64)
# No core dump will be written. Minidumps are not enabled by default on client versions of Windows
#

---------------  S U M M A R Y ------------

Command Line: -javaagent:C:\Program Files\JetBrains\IntelliJ IDEA 2018.1.4\lib\idea_rt.jar=52923:C:\Program Files\JetBrains\IntelliJ IDEA 2018.1.4\bin -Dfile.encoding=UTF-8 MateriasPrimasImagenes.inicioMpImagenes

Host: Intel(R) Core(TM) i5-6400 CPU @ 2.70GHz, 4 cores, 7G,  Windows 10 , 64 bit Build 17134 (10.0.17134.706)
Time: Wed May 01 19:01:24 2019 Hora de verano romance elapsed time: 23 seconds (0d 0h 0m 23s)

---------------  T H R E A D  ---------------

Current thread (0x00000261d9ec1800):  JavaThread "C2 CompilerThread1" daemon [_thread_in_native, id=17428, stack(0x000000a831e00000,0x000000a831f00000)]


Current CompileTask:
C2:  23274 3970       4       java.lang.invoke.MethodType::makeImpl (108 bytes)

Stack: [0x000000a831e00000,0x000000a831f00000]
Native frames: (J=compiled Java code, j=interpreted, Vv=VM code, C=native code)
V  [jvm.dll+0x5a01a9]
V  [jvm.dll+0x6bcf31]
V  [jvm.dll+0x6be126]
V  [jvm.dll+0x6be7b3]
V  [jvm.dll+0x234978]
V  [jvm.dll+0xbb69c]
V  [jvm.dll+0xbbbac]
V  [jvm.dll+0x4a839b]
V  [jvm.dll+0x3110d9]
V  [jvm.dll+0x31063a]
V  [jvm.dll+0x1ffe91]
V  [jvm.dll+0x1ff116]
V  [jvm.dll+0x17c94b]
V  [jvm.dll+0x20c8dd]
V  [jvm.dll+0x20b6a6]
V  [jvm.dll+0x68b7ff]
V  [jvm.dll+0x59f4b0]
C  [msvcr120.dll+0x24f7f]
C  [msvcr120.dll+0x25126]
C  [KERNEL32.DLL+0x14034]
C  [ntdll.dll+0x73691]


---------------  P R O C E S S  ---------------

Threads class SMR info:
_java_thread_list=0x00000261db0915d0, length=20, elements={
0x00000261b8aea800, 0x00000261d9ea2800, 0x00000261d9eac800, 0x00000261da833800,
0x00000261d9ebb800, 0x00000261d9ebe800, 0x00000261d9ec1800, 0x00000261d9ecd800,
0x00000261d9ece000, 0x00000261dab4b800, 0x00000261dab72000, 0x00000261dac15000,
0x00000261dae4b000, 0x00000261dadee800, 0x00000261dadf1000, 0x00000261daff0800,
0x00000261daff3800, 0x00000261db047800, 0x00000261e24b7000, 0x00000261e2df6000
}

Java Threads: ( => current thread )
  0x00000261b8aea800 JavaThread "main" [_thread_blocked, id=7672, stack(0x000000a830c00000,0x000000a830d00000)]
  0x00000261d9ea2800 JavaThread "Reference Handler" daemon [_thread_blocked, id=20352, stack(0x000000a831900000,0x000000a831a00000)]
  0x00000261d9eac800 JavaThread "Finalizer" daemon [_thread_blocked, id=20548, stack(0x000000a831a00000,0x000000a831b00000)]
  0x00000261da833800 JavaThread "Signal Dispatcher" daemon [_thread_blocked, id=8000, stack(0x000000a831b00000,0x000000a831c00000)]
  0x00000261d9ebb800 JavaThread "Attach Listener" daemon [_thread_blocked, id=11212, stack(0x000000a831c00000,0x000000a831d00000)]
  0x00000261d9ebe800 JavaThread "C2 CompilerThread0" daemon [_thread_blocked, id=14524, stack(0x000000a831d00000,0x000000a831e00000)]
=>0x00000261d9ec1800 JavaThread "C2 CompilerThread1" daemon [_thread_in_native, id=17428, stack(0x000000a831e00000,0x000000a831f00000)]
  0x00000261d9ecd800 JavaThread "C1 CompilerThread2" daemon [_thread_blocked, id=17432, stack(0x000000a831f00000,0x000000a832000000)]
  0x00000261d9ece000 JavaThread "Sweeper thread" daemon [_thread_blocked, id=19708, stack(0x000000a832000000,0x000000a832100000)]
  0x00000261dab4b800 JavaThread "Common-Cleaner" daemon [_thread_blocked, id=3964, stack(0x000000a832100000,0x000000a832200000)]
  0x00000261dab72000 JavaThread "Monitor Ctrl-Break" daemon [_thread_in_native, id=16748, stack(0x000000a832200000,0x000000a832300000)]
  0x00000261dac15000 JavaThread "Service Thread" daemon [_thread_blocked, id=19580, stack(0x000000a832300000,0x000000a832400000)]
  0x00000261dae4b000 JavaThread "QuantumRenderer-0" daemon [_thread_blocked, id=8024, stack(0x000000a832500000,0x000000a832600000)]
  0x00000261dadee800 JavaThread "InvokeLaterDispatcher" daemon [_thread_blocked, id=21468, stack(0x000000a832600000,0x000000a832700000)]
  0x00000261dadf1000 JavaThread "JavaFX Application Thread" [_thread_in_native, id=20788, stack(0x000000a832700000,0x000000a832800000)]
  0x00000261daff0800 JavaThread "Thread-1" daemon [_thread_in_native, id=21064, stack(0x000000a832b00000,0x000000a832c00000)]
  0x00000261daff3800 JavaThread "JavaFX-Launcher" [_thread_blocked, id=18616, stack(0x000000a832c00000,0x000000a832d00000)]
  0x00000261db047800 JavaThread "Java2D Disposer" daemon [_thread_blocked, id=5368, stack(0x000000a832d00000,0x000000a832e00000)]
  0x00000261e24b7000 JavaThread "Prism Font Disposer" daemon [_thread_blocked, id=8612, stack(0x000000a833100000,0x000000a833200000)]
  0x00000261e2df6000 JavaThread "Cleaner-0" daemon [_thread_blocked, id=7976, stack(0x000000a833200000,0x000000a833300000)]

Other Threads:
  0x00000261d9ea1000 VMThread "VM Thread" [stack: 0x000000a831800000,0x000000a831900000] [id=4700]
  0x00000261dabdb800 WatcherThread [stack: 0x000000a832400000,0x000000a832500000] [id=20924]
  0x00000261b8b06800 GCTaskThread "GC Thread#0" [stack: 0x000000a830d00000,0x000000a830e00000] [id=20492]
  0x00000261b8b07800 GCTaskThread "GC Thread#1" [stack: 0x000000a830e00000,0x000000a830f00000] [id=19476]
  0x00000261b8b09800 GCTaskThread "GC Thread#2" [stack: 0x000000a830f00000,0x000000a831000000] [id=6288]
  0x00000261b8b0c800 GCTaskThread "GC Thread#3" [stack: 0x000000a831000000,0x000000a831100000] [id=7628]
  0x00000261b8b80000 ConcurrentGCThread "G1 Main Marker" [stack: 0x000000a831100000,0x000000a831200000] [id=20656]
  0x00000261b8b83000 ConcurrentGCThread "G1 Conc#0" [stack: 0x000000a831200000,0x000000a831300000] [id=8004]
  0x00000261d9d23800 ConcurrentGCThread "G1 Refine#0" [stack: 0x000000a831300000,0x000000a831400000] [id=20768]
  0x00000261d9d24000 ConcurrentGCThread "G1 Refine#1" [stack: 0x000000a831400000,0x000000a831500000] [id=4316]
  0x00000261d9d26000 ConcurrentGCThread "G1 Refine#2" [stack: 0x000000a831500000,0x000000a831600000] [id=20404]
  0x00000261d9d2f000 ConcurrentGCThread "G1 Refine#3" [stack: 0x000000a831600000,0x000000a831700000] [id=7100]
  0x00000261d9d32000 ConcurrentGCThread "G1 Young RemSet Sampling" [stack: 0x000000a831700000,0x000000a831800000] [id=2860]

Threads with active compile tasks:
C2 CompilerThread13970       4       java.lang.invoke.MethodType::makeImpl (108 bytes)

VM state:not at safepoint (normal execution)

VM Mutex/Monitor currently owned by a thread: None

Heap address: 0x0000000081800000, size: 2024 MB, Compressed Oops mode: 32-bit
Narrow klass base: 0x0000000000000000, Narrow klass shift: 3
Compressed class space size: 1073741824 Address: 0x0000000100000000

Heap:
 garbage-first heap   total 150528K, used 133566K [0x0000000081800000, 0x0000000100000000)
  region size 1024K, 2 young (2048K), 1 survivors (1024K)
 Metaspace       used 32690K, capacity 33787K, committed 34176K, reserved 1079296K
  class space    used 3905K, capacity 4408K, committed 4480K, reserved 1048576K
Heap Regions: E=young(eden), S=young(survivor), O=old, HS=humongous(starts), HC=humongous(continues), CS=collection set, F=free, A=archive, TS=gc time stamp, AC=allocation context, TAMS=top-at-mark-start (previous, next)
|   0|0x0000000081800000, 0x0000000081900000, 0x0000000081900000|100%| O|  |TS  0|AC  0|TAMS 0x0000000081900000, 0x0000000081900000|
|   1|0x0000000081900000, 0x0000000081a00000, 0x0000000081a00000|100%| O|  |TS  0|AC  0|TAMS 0x0000000081a00000, 0x0000000081a00000|
|   2|0x0000000081a00000, 0x0000000081b00000, 0x0000000081b00000|100%| O|  |TS  0|AC  0|TAMS 0x0000000081b00000, 0x0000000081b00000|
|   3|0x0000000081b00000, 0x0000000081c00000, 0x0000000081c00000|100%|HS|  |TS  0|AC  0|TAMS 0x0000000081c00000, 0x0000000081c00000|
|   4|0x0000000081c00000, 0x0000000081d00000, 0x0000000081d00000|100%| O|  |TS  0|AC  0|TAMS 0x0000000081d00000, 0x0000000081d00000|
|   5|0x0000000081d00000, 0x0000000081e00000, 0x0000000081e00000|100%| O|  |TS  0|AC  0|TAMS 0x0000000081e00000, 0x0000000081e00000|
|   6|0x0000000081e00000, 0x0000000081f00000, 0x0000000081f00000|100%| O|  |TS  0|AC  0|TAMS 0x0000000081f00000, 0x0000000081f00000|
|   7|0x0000000081f00000, 0x0000000082000000, 0x0000000082000000|100%|HS|  |TS  0|AC  0|TAMS 0x0000000082000000, 0x0000000082000000|
|   8|0x0000000082000000, 0x0000000082100000, 0x0000000082100000|100%| O|  |TS  0|AC  0|TAMS 0x0000000082100000, 0x0000000082100000|
|   9|0x0000000082100000, 0x0000000082100000, 0x0000000082200000|  0%| F|  |TS  0|AC  0|TAMS 0x0000000082100000, 0x0000000082100000|
|  10|0x0000000082200000, 0x0000000082200000, 0x0000000082300000|  0%| F|  |TS  0|AC  0|TAMS 0x0000000082200000, 0x0000000082200000|
|  11|0x0000000082300000, 0x0000000082400000, 0x0000000082400000|100%|HS|  |TS  0|AC  0|TAMS 0x0000000082400000, 0x0000000082400000|
|  12|0x0000000082400000, 0x0000000082500000, 0x0000000082500000|100%|HC|  |TS  0|AC  0|TAMS 0x0000000082500000, 0x0000000082500000|
|  13|0x0000000082500000, 0x0000000082600000, 0x0000000082600000|100%|HC|  |TS  0|AC  0|TAMS 0x0000000082600000, 0x0000000082600000|
|  14|0x0000000082600000, 0x0000000082700000, 0x0000000082700000|100%|HC|  |TS  0|AC  0|TAMS 0x0000000082700000, 0x0000000082700000|
|  15|0x0000000082700000, 0x0000000082800000, 0x0000000082800000|100%|HC|  |TS  0|AC  0|TAMS 0x0000000082800000, 0x0000000082800000|
|  16|0x0000000082800000, 0x0000000082900000, 0x0000000082900000|100%|HC|  |TS  0|AC  0|TAMS 0x0000000082900000, 0x0000000082900000|
|  17|0x0000000082900000, 0x0000000082a00000, 0x0000000082a00000|100%|HS|  |TS  0|AC  0|TAMS 0x0000000082a00000, 0x0000000082a00000|
|  18|0x0000000082a00000, 0x0000000082b00000, 0x0000000082b00000|100%|HC|  |TS  0|AC  0|TAMS 0x0000000082b00000, 0x0000000082b00000|
|  19|0x0000000082b00000, 0x0000000082c00000, 0x0000000082c00000|100%|HC|  |TS  0|AC  0|TAMS 0x0000000082c00000, 0x0000000082c00000|
|  20|0x0000000082c00000, 0x0000000082d00000, 0x0000000082d00000|100%|HC|  |TS  0|AC  0|TAMS 0x0000000082d00000, 0x0000000082d00000|
|  21|0x0000000082d00000, 0x0000000082e00000, 0x0000000082e00000|100%|HC|  |TS  0|AC  0|TAMS 0x0000000082e00000, 0x0000000082e00000|
|  22|0x0000000082e00000, 0x0000000082f00000, 0x0000000082f00000|100%|HC|  |TS  0|AC  0|TAMS 0x0000000082f00000, 0x0000000082f00000|
|  23|0x0000000082f00000, 0x0000000083000000, 0x0000000083000000|100%|HS|  |TS  0|AC  0|TAMS 0x0000000083000000, 0x0000000083000000|
|  24|0x0000000083000000, 0x0000000083100000, 0x0000000083100000|100%|HC|  |TS  0|AC  0|TAMS 0x0000000083100000, 0x0000000083100000|
|  25|0x0000000083100000, 0x0000000083200000, 0x0000000083200000|100%|HC|  |TS  0|AC  0|TAMS 0x0000000083200000, 0x0000000083200000|
|  26|0x0000000083200000, 0x0000000083300000, 0x0000000083300000|100%|HC|  |TS  0|AC  0|TAMS 0x0000000083300000, 0x0000000083300000|
|  27|0x0000000083300000, 0x0000000083400000, 0x0000000083400000|100%|HC|  |TS  0|AC  0|TAMS 0x0000000083400000, 0x0000000083400000|
|  28|0x0000000083400000, 0x0000000083500000, 0x0000000083500000|100%|HC|  |TS  0|AC  0|TAMS 0x0000000083500000, 0x0000000083500000|
|  29|0x0000000083500000, 0x0000000083600000, 0x0000000083600000|100%|HS|  |TS  0|AC  0|TAMS 0x0000000083600000, 0x0000000083600000|
|  30|0x0000000083600000, 0x0000000083700000, 0x0000000083700000|100%|HC|  |TS  0|AC  0|TAMS 0x0000000083700000, 0x0000000083700000|
|  31|0x0000000083700000, 0x0000000083800000, 0x0000000083800000|100%|HC|  |TS  0|AC  0|TAMS 0x0000000083800000, 0x0000000083800000|
|  32|0x0000000083800000, 0x0000000083900000, 0x0000000083900000|100%|HC|  |TS  0|AC  0|TAMS 0x0000000083900000, 0x0000000083900000|
|  33|0x0000000083900000, 0x0000000083a00000, 0x0000000083a00000|100%|HC|  |TS  0|AC  0|TAMS 0x0000000083a00000, 0x0000000083a00000|
|  34|0x0000000083a00000, 0x0000000083b00000, 0x0000000083b00000|100%|HC|  |TS  0|AC  0|TAMS 0x0000000083b00000, 0x0000000083b00000|
|  35|0x0000000083b00000, 0x0000000083c00000, 0x0000000083c00000|100%|HS|  |TS  0|AC  0|TAMS 0x0000000083c00000, 0x0000000083c00000|
|  36|0x0000000083c00000, 0x0000000083d00000, 0x0000000083d00000|100%|HC|  |TS  0|AC  0|TAMS 0x0000000083d00000, 0x0000000083d00000|
|  37|0x0000000083d00000, 0x0000000083e00000, 0x0000000083e00000|100%|HC|  |TS  0|AC  0|TAMS 0x0000000083e00000, 0x0000000083e00000|
|  38|0x0000000083e00000, 0x0000000083f00000, 0x0000000083f00000|100%|HC|  |TS  0|AC  0|TAMS 0x0000000083f00000, 0x0000000083f00000|
|  39|0x0000000083f00000, 0x0000000084000000, 0x0000000084000000|100%|HC|  |TS  0|AC  0|TAMS 0x0000000084000000, 0x0000000084000000|
|  40|0x0000000084000000, 0x0000000084100000, 0x0000000084100000|100%|HC|  |TS  0|AC  0|TAMS 0x0000000084100000, 0x0000000084100000|
|  41|0x0000000084100000, 0x0000000084200000, 0x0000000084200000|100%|HS|  |TS  0|AC  0|TAMS 0x0000000084200000, 0x0000000084200000|
|  42|0x0000000084200000, 0x0000000084300000, 0x0000000084300000|100%|HC|  |TS  0|AC  0|TAMS 0x0000000084300000, 0x0000000084300000|
|  43|0x0000000084300000, 0x0000000084400000, 0x0000000084400000|100%|HC|  |TS  0|AC  0|TAMS 0x0000000084400000, 0x0000000084400000|
|  44|0x0000000084400000, 0x0000000084500000, 0x0000000084500000|100%|HC|  |TS  0|AC  0|TAMS 0x0000000084500000, 0x0000000084500000|
|  45|0x0000000084500000, 0x0000000084600000, 0x0000000084600000|100%|HC|  |TS  0|AC  0|TAMS 0x0000000084600000, 0x0000000084600000|
|  46|0x0000000084600000, 0x0000000084700000, 0x0000000084700000|100%|HC|  |TS  0|AC  0|TAMS 0x0000000084700000, 0x0000000084700000|
|  47|0x0000000084700000, 0x0000000084800000, 0x0000000084800000|100%|HS|  |TS  0|AC  0|TAMS 0x0000000084800000, 0x0000000084800000|
|  48|0x0000000084800000, 0x0000000084900000, 0x0000000084900000|100%|HC|  |TS  0|AC  0|TAMS 0x0000000084900000, 0x0000000084900000|
|  49|0x0000000084900000, 0x0000000084a00000, 0x0000000084a00000|100%|HC|  |TS  0|AC  0|TAMS 0x0000000084a00000, 0x0000000084a00000|
|  50|0x0000000084a00000, 0x0000000084b00000, 0x0000000084b00000|100%|HC|  |TS  0|AC  0|TAMS 0x0000000084b00000, 0x0000000084b00000|
|  51|0x0000000084b00000, 0x0000000084c00000, 0x0000000084c00000|100%|HC|  |TS  0|AC  0|TAMS 0x0000000084c00000, 0x0000000084c00000|
|  52|0x0000000084c00000, 0x0000000084d00000, 0x0000000084d00000|100%|HC|  |TS  0|AC  0|TAMS 0x0000000084d00000, 0x0000000084d00000|
|  53|0x0000000084d00000, 0x0000000084e00000, 0x0000000084e00000|100%| O|  |TS  0|AC  0|TAMS 0x0000000084e00000, 0x0000000084e00000|
|  54|0x0000000084e00000, 0x0000000084f00000, 0x0000000084f00000|100%| O|  |TS  0|AC  0|TAMS 0x0000000084f00000, 0x0000000084f00000|
|  55|0x0000000084f00000, 0x0000000085000000, 0x0000000085000000|100%| O|  |TS  0|AC  0|TAMS 0x0000000085000000, 0x0000000085000000|
|  56|0x0000000085000000, 0x0000000085100000, 0x0000000085100000|100%| O|  |TS  0|AC  0|TAMS 0x0000000085100000, 0x0000000085100000|
|  57|0x0000000085100000, 0x0000000085200000, 0x0000000085200000|100%| O|  |TS  0|AC  0|TAMS 0x0000000085200000, 0x0000000085200000|
|  58|0x0000000085200000, 0x0000000085300000, 0x0000000085300000|100%| O|  |TS  0|AC  0|TAMS 0x0000000085300000, 0x0000000085300000|
|  59|0x0000000085300000, 0x0000000085400000, 0x0000000085400000|100%| O|  |TS  0|AC  0|TAMS 0x0000000085400000, 0x0000000085400000|
|  60|0x0000000085400000, 0x0000000085500000, 0x0000000085500000|100%| O|  |TS  0|AC  0|TAMS 0x0000000085500000, 0x0000000085500000|
|  61|0x0000000085500000, 0x0000000085600000, 0x0000000085600000|100%| O|  |TS  0|AC  0|TAMS 0x0000000085600000, 0x0000000085600000|
|  62|0x0000000085600000, 0x0000000085700000, 0x0000000085700000|100%| O|  |TS  0|AC  0|TAMS 0x0000000085700000, 0x0000000085700000|
|  63|0x0000000085700000, 0x0000000085800000, 0x0000000085800000|100%| O|  |TS  0|AC  0|TAMS 0x0000000085800000, 0x0000000085800000|
|  64|0x0000000085800000, 0x0000000085900000, 0x0000000085900000|100%| O|  |TS  0|AC  0|TAMS 0x0000000085900000, 0x0000000085900000|
|  65|0x0000000085900000, 0x0000000085a00000, 0x0000000085a00000|100%| O|  |TS  0|AC  0|TAMS 0x0000000085a00000, 0x0000000085a00000|
|  66|0x0000000085a00000, 0x0000000085b00000, 0x0000000085b00000|100%|HS|  |TS  0|AC  0|TAMS 0x0000000085b00000, 0x0000000085b00000|
|  67|0x0000000085b00000, 0x0000000085c00000, 0x0000000085c00000|100%|HC|  |TS  0|AC  0|TAMS 0x0000000085c00000, 0x0000000085c00000|
|  68|0x0000000085c00000, 0x0000000085d00000, 0x0000000085d00000|100%|HC|  |TS  0|AC  0|TAMS 0x0000000085d00000, 0x0000000085d00000|
|  69|0x0000000085d00000, 0x0000000085e00000, 0x0000000085e00000|100%|HC|  |TS  0|AC  0|TAMS 0x0000000085e00000, 0x0000000085e00000|
|  70|0x0000000085e00000, 0x0000000085f00000, 0x0000000085f00000|100%|HC|  |TS  0|AC  0|TAMS 0x0000000085f00000, 0x0000000085f00000|
|  71|0x0000000085f00000, 0x0000000086000000, 0x0000000086000000|100%|HC|  |TS  0|AC  0|TAMS 0x0000000086000000, 0x0000000086000000|
|  72|0x0000000086000000, 0x0000000086100000, 0x0000000086100000|100%|HS|  |TS  0|AC  0|TAMS 0x0000000086100000, 0x0000000086100000|
|  73|0x0000000086100000, 0x0000000086200000, 0x0000000086200000|100%|HC|  |TS  0|AC  0|TAMS 0x0000000086200000, 0x0000000086200000|
|  74|0x0000000086200000, 0x0000000086300000, 0x0000000086300000|100%|HC|  |TS  0|AC  0|TAMS 0x0000000086300000, 0x0000000086300000|
|  75|0x0000000086300000, 0x0000000086400000, 0x0000000086400000|100%|HC|  |TS  0|AC  0|TAMS 0x0000000086400000, 0x0000000086400000|
|  76|0x0000000086400000, 0x0000000086500000, 0x0000000086500000|100%|HC|  |TS  0|AC  0|TAMS 0x0000000086500000, 0x0000000086500000|
|  77|0x0000000086500000, 0x0000000086600000, 0x0000000086600000|100%|HC|  |TS  0|AC  0|TAMS 0x0000000086600000, 0x0000000086600000|
|  78|0x0000000086600000, 0x0000000086600000, 0x0000000086700000|  0%| F|  |TS  0|AC  0|TAMS 0x0000000086600000, 0x0000000086600000|
|  79|0x0000000086700000, 0x0000000086700000, 0x0000000086800000|  0%| F|  |TS  0|AC  0|TAMS 0x0000000086700000, 0x0000000086700000|
|  80|0x0000000086800000, 0x0000000086800000, 0x0000000086900000|  0%| F|  |TS  0|AC  0|TAMS 0x0000000086800000, 0x0000000086800000|
|  81|0x0000000086900000, 0x0000000086a00000, 0x0000000086a00000|100%| O|  |TS  0|AC  0|TAMS 0x0000000086a00000, 0x0000000086a00000|
|  82|0x0000000086a00000, 0x0000000086b00000, 0x0000000086b00000|100%|HS|  |TS  0|AC  0|TAMS 0x0000000086b00000, 0x0000000086b00000|
|  83|0x0000000086b00000, 0x0000000086c00000, 0x0000000086c00000|100%|HC|  |TS  0|AC  0|TAMS 0x0000000086c00000, 0x0000000086c00000|
|  84|0x0000000086c00000, 0x0000000086d00000, 0x0000000086d00000|100%|HC|  |TS  0|AC  0|TAMS 0x0000000086d00000, 0x0000000086d00000|
|  85|0x0000000086d00000, 0x0000000086e00000, 0x0000000086e00000|100%|HC|  |TS  0|AC  0|TAMS 0x0000000086e00000, 0x0000000086e00000|
|  86|0x0000000086e00000, 0x0000000086f00000, 0x0000000086f00000|100%|HC|  |TS  0|AC  0|TAMS 0x0000000086f00000, 0x0000000086f00000|
|  87|0x0000000086f00000, 0x0000000087000000, 0x0000000087000000|100%|HC|  |TS  0|AC  0|TAMS 0x0000000087000000, 0x0000000087000000|
|  88|0x0000000087000000, 0x0000000087100000, 0x0000000087100000|100%|HS|  |TS  0|AC  0|TAMS 0x0000000087100000, 0x0000000087100000|
|  89|0x0000000087100000, 0x0000000087200000, 0x0000000087200000|100%|HC|  |TS  0|AC  0|TAMS 0x0000000087200000, 0x0000000087200000|
|  90|0x0000000087200000, 0x0000000087300000, 0x0000000087300000|100%|HC|  |TS  0|AC  0|TAMS 0x0000000087300000, 0x0000000087300000|
|  91|0x0000000087300000, 0x0000000087400000, 0x0000000087400000|100%|HC|  |TS  0|AC  0|TAMS 0x0000000087400000, 0x0000000087400000|
|  92|0x0000000087400000, 0x0000000087500000, 0x0000000087500000|100%|HC|  |TS  0|AC  0|TAMS 0x0000000087500000, 0x0000000087500000|
|  93|0x0000000087500000, 0x0000000087600000, 0x0000000087600000|100%|HC|  |TS  0|AC  0|TAMS 0x0000000087600000, 0x0000000087600000|
|  94|0x0000000087600000, 0x0000000087700000, 0x0000000087700000|100%| O|  |TS  0|AC  0|TAMS 0x0000000087700000, 0x0000000087700000|
|  95|0x0000000087700000, 0x0000000087800000, 0x0000000087800000|100%|HS|  |TS  0|AC  0|TAMS 0x0000000087800000, 0x0000000087800000|
|  96|0x0000000087800000, 0x0000000087900000, 0x0000000087900000|100%|HC|  |TS  0|AC  0|TAMS 0x0000000087900000, 0x0000000087900000|
|  97|0x0000000087900000, 0x0000000087a00000, 0x0000000087a00000|100%| O|  |TS  0|AC  0|TAMS 0x0000000087a00000, 0x0000000087a00000|
|  98|0x0000000087a00000, 0x0000000087b00000, 0x0000000087b00000|100%|HS|  |TS  0|AC  0|TAMS 0x0000000087b00000, 0x0000000087b00000|
|  99|0x0000000087b00000, 0x0000000087c00000, 0x0000000087c00000|100%|HC|  |TS  0|AC  0|TAMS 0x0000000087c00000, 0x0000000087c00000|
| 100|0x0000000087c00000, 0x0000000087d00000, 0x0000000087d00000|100%|HC|  |TS  0|AC  0|TAMS 0x0000000087d00000, 0x0000000087d00000|
| 101|0x0000000087d00000, 0x0000000087e00000, 0x0000000087e00000|100%|HC|  |TS  0|AC  0|TAMS 0x0000000087e00000, 0x0000000087e00000|
| 102|0x0000000087e00000, 0x0000000087f00000, 0x0000000087f00000|100%|HC|  |TS  0|AC  0|TAMS 0x0000000087f00000, 0x0000000087f00000|
| 103|0x0000000087f00000, 0x0000000088000000, 0x0000000088000000|100%|HC|  |TS  0|AC  0|TAMS 0x0000000088000000, 0x0000000088000000|
| 104|0x0000000088000000, 0x0000000088000000, 0x0000000088100000|  0%| F|  |TS  0|AC  0|TAMS 0x0000000088000000, 0x0000000088000000|
| 105|0x0000000088100000, 0x0000000088100000, 0x0000000088200000|  0%| F|  |TS  0|AC  0|TAMS 0x0000000088100000, 0x0000000088100000|
| 106|0x0000000088200000, 0x0000000088300000, 0x0000000088300000|100%| O|  |TS  0|AC  0|TAMS 0x0000000088300000, 0x0000000088300000|
| 107|0x0000000088300000, 0x0000000088300000, 0x0000000088400000|  0%| F|  |TS  0|AC  0|TAMS 0x0000000088300000, 0x0000000088300000|
| 108|0x0000000088400000, 0x0000000088400000, 0x0000000088500000|  0%| F|  |TS  0|AC  0|TAMS 0x0000000088400000, 0x0000000088400000|
| 109|0x0000000088500000, 0x0000000088500000, 0x0000000088600000|  0%| F|  |TS  0|AC  0|TAMS 0x0000000088500000, 0x0000000088500000|
| 110|0x0000000088600000, 0x0000000088700000, 0x0000000088700000|100%| O|  |TS  0|AC  0|TAMS 0x0000000088700000, 0x0000000088700000|
| 111|0x0000000088700000, 0x0000000088800000, 0x0000000088800000|100%|HS|  |TS  0|AC  0|TAMS 0x0000000088800000, 0x0000000088800000|
| 112|0x0000000088800000, 0x0000000088900000, 0x0000000088900000|100%|HC|  |TS  0|AC  0|TAMS 0x0000000088900000, 0x0000000088900000|
| 113|0x0000000088900000, 0x0000000088a00000, 0x0000000088a00000|100%|HC|  |TS  0|AC  0|TAMS 0x0000000088a00000, 0x0000000088a00000|
| 114|0x0000000088a00000, 0x0000000088b00000, 0x0000000088b00000|100%|HC|  |TS  0|AC  0|TAMS 0x0000000088b00000, 0x0000000088b00000|
| 115|0x0000000088b00000, 0x0000000088c00000, 0x0000000088c00000|100%|HC|  |TS  0|AC  0|TAMS 0x0000000088c00000, 0x0000000088c00000|
| 116|0x0000000088c00000, 0x0000000088d00000, 0x0000000088d00000|100%|HC|  |TS  0|AC  0|TAMS 0x0000000088d00000, 0x0000000088d00000|
| 117|0x0000000088d00000, 0x0000000088e00000, 0x0000000088e00000|100%| O|  |TS  0|AC  0|TAMS 0x0000000088e00000, 0x0000000088e00000|
| 118|0x0000000088e00000, 0x0000000088f00000, 0x0000000088f00000|100%| O|  |TS  0|AC  0|TAMS 0x0000000088f00000, 0x0000000088f00000|
| 119|0x0000000088f00000, 0x0000000089000000, 0x0000000089000000|100%| O|  |TS  0|AC  0|TAMS 0x0000000089000000, 0x0000000089000000|
| 120|0x0000000089000000, 0x0000000089100000, 0x0000000089100000|100%| O|  |TS  0|AC  0|TAMS 0x0000000089100000, 0x0000000089100000|
| 121|0x0000000089100000, 0x0000000089100000, 0x0000000089200000|  0%| F|  |TS  0|AC  0|TAMS 0x0000000089100000, 0x0000000089100000|
| 122|0x0000000089200000, 0x0000000089300000, 0x0000000089300000|100%| S|CS|TS  0|AC  0|TAMS 0x0000000089200000, 0x0000000089200000|
| 123|0x0000000089300000, 0x0000000089300000, 0x0000000089400000|  0%| F|  |TS  0|AC  0|TAMS 0x0000000089300000, 0x0000000089300000|
| 124|0x0000000089400000, 0x0000000089400000, 0x0000000089500000|  0%| F|  |TS  0|AC  0|TAMS 0x0000000089400000, 0x0000000089400000|
| 125|0x0000000089500000, 0x0000000089500000, 0x0000000089600000|  0%| F|  |TS  0|AC  0|TAMS 0x0000000089500000, 0x0000000089500000|
| 126|0x0000000089600000, 0x0000000089600000, 0x0000000089700000|  0%| F|  |TS  0|AC  0|TAMS 0x0000000089600000, 0x0000000089600000|
| 127|0x0000000089700000, 0x00000000897a0900, 0x0000000089800000| 62%| E|  |TS  0|AC  0|TAMS 0x0000000089700000, 0x0000000089700000|
| 128|0x0000000089800000, 0x0000000089900000, 0x0000000089900000|100%|HS|  |TS  0|AC  0|TAMS 0x0000000089900000, 0x0000000089900000|
| 129|0x0000000089900000, 0x0000000089a00000, 0x0000000089a00000|100%|HC|  |TS  0|AC  0|TAMS 0x0000000089a00000, 0x0000000089a00000|
| 130|0x0000000089a00000, 0x0000000089b00000, 0x0000000089b00000|100%|HC|  |TS  0|AC  0|TAMS 0x0000000089b00000, 0x0000000089b00000|
| 131|0x0000000089b00000, 0x0000000089c00000, 0x0000000089c00000|100%|HC|  |TS  0|AC  0|TAMS 0x0000000089c00000, 0x0000000089c00000|
| 132|0x0000000089c00000, 0x0000000089d00000, 0x0000000089d00000|100%|HC|  |TS  0|AC  0|TAMS 0x0000000089d00000, 0x0000000089d00000|
| 133|0x0000000089d00000, 0x0000000089e00000, 0x0000000089e00000|100%|HC|  |TS  0|AC  0|TAMS 0x0000000089e00000, 0x0000000089e00000|
| 134|0x0000000089e00000, 0x0000000089e6fa00, 0x0000000089f00000| 43%| O|  |TS  0|AC  0|TAMS 0x0000000089e6fa00, 0x0000000089e6fa00|
| 135|0x0000000089f00000, 0x000000008a000000, 0x000000008a000000|100%|HS|  |TS  0|AC  0|TAMS 0x0000000089f00000, 0x0000000089f00000|
| 136|0x000000008a000000, 0x000000008a100000, 0x000000008a100000|100%|HC|  |TS  0|AC  0|TAMS 0x000000008a000000, 0x000000008a000000|
| 137|0x000000008a100000, 0x000000008a200000, 0x000000008a200000|100%|HC|  |TS  0|AC  0|TAMS 0x000000008a100000, 0x000000008a100000|
| 138|0x000000008a200000, 0x000000008a300000, 0x000000008a300000|100%|HC|  |TS  0|AC  0|TAMS 0x000000008a200000, 0x000000008a200000|
| 139|0x000000008a300000, 0x000000008a400000, 0x000000008a400000|100%|HC|  |TS  0|AC  0|TAMS 0x000000008a300000, 0x000000008a300000|
| 140|0x000000008a400000, 0x000000008a500000, 0x000000008a500000|100%|HC|  |TS  0|AC  0|TAMS 0x000000008a400000, 0x000000008a400000|
| 141|0x000000008a500000, 0x000000008a600000, 0x000000008a600000|100%|HS|  |TS  0|AC  0|TAMS 0x000000008a500000, 0x000000008a500000|
| 142|0x000000008a600000, 0x000000008a700000, 0x000000008a700000|100%|HC|  |TS  0|AC  0|TAMS 0x000000008a600000, 0x000000008a600000|
| 143|0x000000008a700000, 0x000000008a800000, 0x000000008a800000|100%|HC|  |TS  0|AC  0|TAMS 0x000000008a700000, 0x000000008a700000|
| 144|0x000000008a800000, 0x000000008a900000, 0x000000008a900000|100%|HC|  |TS  0|AC  0|TAMS 0x000000008a800000, 0x000000008a800000|
| 145|0x000000008a900000, 0x000000008aa00000, 0x000000008aa00000|100%|HC|  |TS  0|AC  0|TAMS 0x000000008a900000, 0x000000008a900000|
| 146|0x000000008aa00000, 0x000000008ab00000, 0x000000008ab00000|100%|HC|  |TS  0|AC  0|TAMS 0x000000008aa00000, 0x000000008aa00000|

Card table byte_map: [0x00000261d3260000,0x00000261d3660000] byte_map_base: 0x00000261d2e54000

Marking Bits (Prev, Next): (CMBitMap*) 0x00000261b8b7f490, (CMBitMap*) 0x00000261b8b7f4c8
 Prev Bits: [0x00000261d3a60000, 0x00000261d5a00000)
 Next Bits: [0x00000261d5a00000, 0x00000261d79a0000)

Polling page: 0x00000261b6ae0000

CodeHeap 'non-profiled nmethods': size=120064Kb used=1839Kb max_used=1839Kb free=118224Kb
 bounds [0x00000261cb920000, 0x00000261cbb90000, 0x00000261d2e60000]
CodeHeap 'profiled nmethods': size=120000Kb used=7861Kb max_used=7861Kb free=112138Kb
 bounds [0x00000261c43f0000, 0x00000261c4ba0000, 0x00000261cb920000]
CodeHeap 'non-nmethods': size=5696Kb used=1393Kb max_used=1425Kb free=4302Kb
 bounds [0x00000261c3e60000, 0x00000261c40d0000, 0x00000261c43f0000]
 total_blobs=5588 nmethods=3971 adapters=756
 compilation: enabled

Compilation events (10 events):
Event: 22.898 Thread 0x00000261d9ecd800 nmethod 3959 0x00000261c4b9a010 code [0x00000261c4b9a340, 0x00000261c4b9b940]
Event: 22.898 Thread 0x00000261d9ecd800 3960       3       com.sun.glass.ui.Window::handleMouseEvent (26 bytes)
Event: 22.898 Thread 0x00000261d9ecd800 nmethod 3960 0x00000261c4b9bf90 code [0x00000261c4b9c160, 0x00000261c4b9c350]
Event: 22.898 Thread 0x00000261d9ecd800 3961       3       java.util.EnumMap::values (26 bytes)
Event: 22.899 Thread 0x00000261d9ecd800 nmethod 3961 0x00000261c4b9c410 code [0x00000261c4b9c5e0, 0x00000261c4b9ca18]
Event: 23.169 Thread 0x00000261d9ec1800 3970       4       java.lang.invoke.MethodType::makeImpl (108 bytes)
Event: 23.169 Thread 0x00000261d9ebe800 3971       4       java.lang.invoke.MethodType$ConcurrentWeakInternSet::get (54 bytes)
Event: 23.216 Thread 0x00000261d9ebe800 nmethod 3971 0x00000261cbae9210 code [0x00000261cbae9480, 0x00000261cbaeb240]
Event: 23.246 Thread 0x00000261d9ecd800 3972       3       javafx.scene.Node::pseudoClassStateChanged (59 bytes)
Event: 23.247 Thread 0x00000261d9ecd800 nmethod 3972 0x00000261c4b9cb90 code [0x00000261c4b9cda0, 0x00000261c4b9d300]

GC Heap History (10 events):
Event: 15.564 GC heap before
{Heap before GC invocations=12 (full 0):
 garbage-first heap   total 131072K, used 112526K [0x0000000081800000, 0x0000000100000000)
  region size 1024K, 6 young (6144K), 2 survivors (2048K)
 Metaspace       used 32464K, capacity 33509K, committed 33920K, reserved 1079296K
  class space    used 3899K, capacity 4398K, committed 4480K, reserved 1048576K
}
Event: 15.565 GC heap after
{Heap after GC invocations=13 (full 0):
 garbage-first heap   total 131072K, used 109350K [0x0000000081800000, 0x0000000100000000)
  region size 1024K, 1 young (1024K), 1 survivors (1024K)
 Metaspace       used 32464K, capacity 33509K, committed 33920K, reserved 1079296K
  class space    used 3899K, capacity 4398K, committed 4480K, reserved 1048576K
}
Event: 15.597 GC heap before
{Heap before GC invocations=13 (full 0):
 garbage-first heap   total 131072K, used 113446K [0x0000000081800000, 0x0000000100000000)
  region size 1024K, 6 young (6144K), 1 survivors (1024K)
 Metaspace       used 32468K, capacity 33509K, committed 33920K, reserved 1079296K
  class space    used 3899K, capacity 4398K, committed 4480K, reserved 1048576K
}
Event: 15.600 GC heap after
{Heap after GC invocations=14 (full 0):
 garbage-first heap   total 131072K, used 113711K [0x0000000081800000, 0x0000000100000000)
  region size 1024K, 1 young (1024K), 1 survivors (1024K)
 Metaspace       used 32468K, capacity 33509K, committed 33920K, reserved 1079296K
  class space    used 3899K, capacity 4398K, committed 4480K, reserved 1048576K
}
Event: 15.786 GC heap before
{Heap before GC invocations=15 (full 0):
 garbage-first heap   total 131072K, used 118831K [0x0000000081800000, 0x0000000100000000)
  region size 1024K, 6 young (6144K), 1 survivors (1024K)
 Metaspace       used 32479K, capacity 33573K, committed 33920K, reserved 1079296K
  class space    used 3899K, capacity 4398K, committed 4480K, reserved 1048576K
}
Event: 15.788 GC heap after
{Heap after GC invocations=16 (full 0):
 garbage-first heap   total 131072K, used 118723K [0x0000000081800000, 0x0000000100000000)
  region size 1024K, 1 young (1024K), 1 survivors (1024K)
 Metaspace       used 32479K, capacity 33573K, committed 33920K, reserved 1079296K
  class space    used 3899K, capacity 4398K, committed 4480K, reserved 1048576K
}
Event: 16.682 GC heap before
{Heap before GC invocations=16 (full 0):
 garbage-first heap   total 137216K, used 132035K [0x0000000081800000, 0x0000000100000000)
  region size 1024K, 6 young (6144K), 1 survivors (1024K)
 Metaspace       used 32524K, capacity 33573K, committed 33920K, reserved 1079296K
  class space    used 3899K, capacity 4398K, committed 4480K, reserved 1048576K
}
Event: 16.685 GC heap after
{Heap after GC invocations=17 (full 0):
 garbage-first heap   total 137216K, used 126952K [0x0000000081800000, 0x0000000100000000)
  region size 1024K, 1 young (1024K), 1 survivors (1024K)
 Metaspace       used 32524K, capacity 33573K, committed 33920K, reserved 1079296K
  class space    used 3899K, capacity 4398K, committed 4480K, reserved 1048576K
}
Event: 19.851 GC heap before
{Heap before GC invocations=17 (full 0):
 garbage-first heap   total 137216K, used 132072K [0x0000000081800000, 0x0000000100000000)
  region size 1024K, 6 young (6144K), 1 survivors (1024K)
 Metaspace       used 32625K, capacity 33701K, committed 34176K, reserved 1079296K
  class space    used 3900K, capacity 4398K, committed 4480K, reserved 1048576K
}
Event: 19.854 GC heap after
{Heap after GC invocations=18 (full 0):
 garbage-first heap   total 138240K, used 131518K [0x0000000081800000, 0x0000000100000000)
  region size 1024K, 1 young (1024K), 1 survivors (1024K)
 Metaspace       used 32625K, capacity 33701K, committed 34176K, reserved 1079296K
  class space    used 3900K, capacity 4398K, committed 4480K, reserved 1048576K
}

Deoptimization events (10 events):
Event: 5.363 Thread 0x00000261dadf1000 Uncommon trap: reason=array_check action=maybe_recompile pc=0x00000261cba2d318 method=javafx.css.SimpleSelector.applies(Ljavafx/css/Styleable;[Ljava/util/Set;I)Z @ 37 c2
Event: 5.363 Thread 0x00000261dadf1000 Uncommon trap: reason=array_check action=maybe_recompile pc=0x00000261cba2d318 method=javafx.css.SimpleSelector.applies(Ljavafx/css/Styleable;[Ljava/util/Set;I)Z @ 37 c2
Event: 5.363 Thread 0x00000261dadf1000 Uncommon trap: reason=array_check action=maybe_recompile pc=0x00000261cba2d318 method=javafx.css.SimpleSelector.applies(Ljavafx/css/Styleable;[Ljava/util/Set;I)Z @ 37 c2
Event: 5.495 Thread 0x00000261dadf1000 Uncommon trap: reason=unstable_if action=reinterpret pc=0x00000261cb978d24 method=jdk.internal.org.objectweb.asm.Type.getArgumentsAndReturnSizes(Ljava/lang/String;)I @ 47 c2
Event: 14.965 Thread 0x00000261dadf1000 Uncommon trap: reason=unstable_if action=reinterpret pc=0x00000261cbaaea60 method=com.microsoft.sqlserver.jdbc.TDSReader.ensurePayload()Z @ 18 c2
Event: 16.227 Thread 0x00000261dadf1000 Uncommon trap: reason=unstable_if action=reinterpret pc=0x00000261cbabf758 method=java.util.WeakHashMap.expungeStaleEntries()V @ 9 c2
Event: 16.710 Thread 0x00000261dadf1000 Uncommon trap: reason=unstable_if action=reinterpret pc=0x00000261cbab5fc8 method=com.microsoft.sqlserver.jdbc.SimpleInputStream.read([BII)I @ 122 c2
Event: 16.711 Thread 0x00000261dadf1000 Uncommon trap: reason=unstable_if action=reinterpret pc=0x00000261cba53438 method=java.util.WeakHashMap.expungeStaleEntries()V @ 9 c2
Event: 17.426 Thread 0x00000261dadf1000 Uncommon trap: reason=bimorphic_or_optimized_type_check action=maybe_recompile pc=0x00000261cbad5f94 method=java.util.Collections$UnmodifiableList.get(I)Ljava/lang/Object; @ 5 c2
Event: 17.427 Thread 0x00000261dadf1000 Uncommon trap: reason=bimorphic_or_optimized_type_check action=maybe_recompile pc=0x00000261cbad5f94 method=java.util.Collections$UnmodifiableList.get(I)Ljava/lang/Object; @ 5 c2

Classes redefined (0 events):
No events

Internal exceptions (10 events):
Event: 5.495 Thread 0x00000261dadf1000 Exception <a 'java/lang/NoSuchMethodError'{0x0000000087ade958}: java.lang.invoke.DirectMethodHandle$Holder.invokeStaticInit(Ljava/lang/Object;Ljava/lang/Object;Ljava/lang/Object;)J> (0x0000000087ade958) thrown at [t:/workspace/open/src/hotspot/share/inter
Event: 5.496 Thread 0x00000261dadf1000 Exception <a 'java/lang/NoSuchMethodError'{0x0000000087964160}: method resolution failed> (0x0000000087964160) thrown at [t:/workspace/open/src/hotspot/share/prims/methodHandles.cpp, line 1226]
Event: 5.497 Thread 0x00000261dadf1000 Exception <a 'java/lang/NoSuchMethodError'{0x000000008796a010}: java.lang.invoke.DirectMethodHandle$Holder.invokeStatic(Ljava/lang/Object;Ljava/lang/Object;J)Ljava/lang/Object;> (0x000000008796a010) thrown at [t:/workspace/open/src/hotspot/share/interpret
Event: 5.497 Thread 0x00000261dadf1000 Exception <a 'java/lang/NoSuchMethodError'{0x000000008796d490}: method resolution failed> (0x000000008796d490) thrown at [t:/workspace/open/src/hotspot/share/prims/methodHandles.cpp, line 1226]
Event: 23.167 Thread 0x00000261dadf1000 Exception <a 'java/lang/NoSuchMethodError'{0x0000000089765478}: method resolution failed> (0x0000000089765478) thrown at [t:/workspace/open/src/hotspot/share/prims/methodHandles.cpp, line 1226]
Event: 23.168 Thread 0x00000261dadf1000 Exception <a 'java/lang/NoSuchMethodError'{0x000000008976c768}: java.lang.invoke.DirectMethodHandle$Holder.invokeStatic(Ljava/lang/Object;Ljava/lang/Object;IIIIILjava/lang/Object;)Ljava/lang/Object;> (0x000000008976c768) thrown at [t:/workspace/open/src/h
Event: 23.168 Thread 0x00000261dadf1000 Exception <a 'java/lang/NoSuchMethodError'{0x0000000089771a20}: method resolution failed> (0x0000000089771a20) thrown at [t:/workspace/open/src/hotspot/share/prims/methodHandles.cpp, line 1226]
Event: 23.169 Thread 0x00000261dadf1000 Exception <a 'java/lang/NoSuchMethodError'{0x0000000089778308}: method resolution failed> (0x0000000089778308) thrown at [t:/workspace/open/src/hotspot/share/prims/methodHandles.cpp, line 1226]
Event: 23.169 Thread 0x00000261dadf1000 Exception <a 'java/lang/NoSuchMethodError'{0x000000008977f9d0}: java.lang.invoke.DirectMethodHandle$Holder.invokeStatic(Ljava/lang/Object;Ljava/lang/Object;Ljava/lang/Object;IIIII)Ljava/lang/Object;> (0x000000008977f9d0) thrown at [t:/workspace/open/src/h
Event: 23.169 Thread 0x00000261dadf1000 Exception <a 'java/lang/NoSuchMethodError'{0x0000000089783170}: method resolution failed> (0x0000000089783170) thrown at [t:/workspace/open/src/hotspot/share/prims/methodHandles.cpp, line 1226]

Events (10 events):
Event: 19.889 Executing VM operation: CGC_Operation
Event: 19.890 Executing VM operation: CGC_Operation done
Event: 23.167 loading class com/sun/glass/ui/ClipboardAssistance
Event: 23.167 loading class com/sun/glass/ui/ClipboardAssistance done
Event: 23.168 loading class com/sun/javafx/tk/quantum/GlassViewEventHandler
Event: 23.168 loading class com/sun/javafx/tk/quantum/GlassViewEventHandler done
Event: 23.169 loading class com/sun/glass/ui/ClipboardAssistance
Event: 23.169 loading class com/sun/glass/ui/ClipboardAssistance done
Event: 23.169 loading class com/sun/javafx/tk/quantum/GlassSceneDnDEventHandler
Event: 23.169 loading class com/sun/javafx/tk/quantum/GlassSceneDnDEventHandler done


Dynamic libraries:
0x00007ff64be20000 - 0x00007ff64be5e000 	C:\Program Files\Java\jdk-10.0.2\bin\java.exe
0x00007ffd7aa50000 - 0x00007ffd7ac31000 	C:\WINDOWS\SYSTEM32\ntdll.dll
0x00007ffd65dc0000 - 0x00007ffd65dd2000 	C:\Program Files\AVAST Software\Avast\aswhook.dll
0x00007ffd78130000 - 0x00007ffd781e1000 	C:\WINDOWS\System32\KERNEL32.DLL
0x00007ffd77090000 - 0x00007ffd77303000 	C:\WINDOWS\System32\KERNELBASE.dll
0x00007ffd77ee0000 - 0x00007ffd77f81000 	C:\WINDOWS\System32\ADVAPI32.dll
0x00007ffd7a800000 - 0x00007ffd7a89e000 	C:\WINDOWS\System32\msvcrt.dll
0x00007ffd78060000 - 0x00007ffd780bb000 	C:\WINDOWS\System32\sechost.dll
0x00007ffd78d10000 - 0x00007ffd78e34000 	C:\WINDOWS\System32\RPCRT4.dll
0x00007ffd7a670000 - 0x00007ffd7a800000 	C:\WINDOWS\System32\USER32.dll
0x00007ffd77360000 - 0x00007ffd77380000 	C:\WINDOWS\System32\win32u.dll
0x00007ffd78380000 - 0x00007ffd783a8000 	C:\WINDOWS\System32\GDI32.dll
0x00007ffd775d0000 - 0x00007ffd77762000 	C:\WINDOWS\System32\gdi32full.dll
0x00007ffd77480000 - 0x00007ffd7751f000 	C:\WINDOWS\System32\msvcp_win.dll
0x00007ffd77380000 - 0x00007ffd77478000 	C:\WINDOWS\System32\ucrtbase.dll
0x00007ffd68390000 - 0x00007ffd685f9000 	C:\WINDOWS\WinSxS\amd64_microsoft.windows.common-controls_6595b64144ccf1df_6.0.17134.706_none_fb43a2cb30647007\COMCTL32.dll
0x00007ffd7a2a0000 - 0x00007ffd7a5c2000 	C:\WINDOWS\System32\combase.dll
0x00007ffd76e20000 - 0x00007ffd76e9a000 	C:\WINDOWS\System32\bcryptPrimitives.dll
0x00007ffd65db0000 - 0x00007ffd65dba000 	C:\WINDOWS\SYSTEM32\VERSION.dll
0x00007ffd781f0000 - 0x00007ffd7821d000 	C:\WINDOWS\System32\IMM32.DLL
0x00007ffd48c90000 - 0x00007ffd48d7f000 	C:\Program Files\Java\jdk-10.0.2\bin\msvcr120.dll
0x00007ffd411c0000 - 0x00007ffd41266000 	C:\Program Files\Java\jdk-10.0.2\bin\msvcp120.dll
0x000000006c9f0000 - 0x000000006d460000 	C:\Program Files\Java\jdk-10.0.2\bin\server\jvm.dll
0x00007ffd7a8a0000 - 0x00007ffd7a8a8000 	C:\WINDOWS\System32\PSAPI.DLL
0x00007ffd68a50000 - 0x00007ffd68a59000 	C:\WINDOWS\SYSTEM32\WSOCK32.dll
0x00007ffd78460000 - 0x00007ffd784cc000 	C:\WINDOWS\System32\WS2_32.dll
0x00007ffd74fb0000 - 0x00007ffd74fd3000 	C:\WINDOWS\SYSTEM32\WINMM.dll
0x00007ffd74f80000 - 0x00007ffd74faa000 	C:\WINDOWS\SYSTEM32\WINMMBASE.dll
0x00007ffd77310000 - 0x00007ffd77359000 	C:\WINDOWS\System32\cfgmgr32.dll
0x00007ffd73770000 - 0x00007ffd7377f000 	C:\Program Files\Java\jdk-10.0.2\bin\verify.dll
0x00007ffd64810000 - 0x00007ffd649d9000 	C:\WINDOWS\SYSTEM32\DBGHELP.DLL
0x00007ffd64720000 - 0x00007ffd64749000 	C:\WINDOWS\SYSTEM32\dbgcore.DLL
0x00007ffd70a70000 - 0x00007ffd70a97000 	C:\Program Files\Java\jdk-10.0.2\bin\java.dll
0x00007ffd71450000 - 0x00007ffd7147a000 	C:\Program Files\Java\jdk-10.0.2\bin\instrument.dll
0x00007ffd6d0a0000 - 0x00007ffd6d0b6000 	C:\Program Files\Java\jdk-10.0.2\bin\zip.dll
0x00007ffd736e0000 - 0x00007ffd736ea000 	C:\Program Files\Java\jdk-10.0.2\bin\jimage.dll
0x00007ffd78e60000 - 0x00007ffd7a2a0000 	C:\WINDOWS\System32\SHELL32.dll
0x00007ffd783b0000 - 0x00007ffd78459000 	C:\WINDOWS\System32\shcore.dll
0x00007ffd77770000 - 0x00007ffd77e7d000 	C:\WINDOWS\System32\windows.storage.dll
0x00007ffd786c0000 - 0x00007ffd78711000 	C:\WINDOWS\System32\shlwapi.dll
0x00007ffd76e00000 - 0x00007ffd76e11000 	C:\WINDOWS\System32\kernel.appcore.dll
0x00007ffd76de0000 - 0x00007ffd76dff000 	C:\WINDOWS\System32\profapi.dll
0x00007ffd76d60000 - 0x00007ffd76dac000 	C:\WINDOWS\System32\powrprof.dll
0x00007ffd76db0000 - 0x00007ffd76dba000 	C:\WINDOWS\System32\FLTLIB.DLL
0x00007ffd6d040000 - 0x00007ffd6d05a000 	C:\Program Files\Java\jdk-10.0.2\bin\net.dll
0x00007ffd71e50000 - 0x00007ffd71f2d000 	C:\WINDOWS\SYSTEM32\WINHTTP.dll
0x00007ffd76530000 - 0x00007ffd76596000 	C:\WINDOWS\system32\mswsock.dll
0x00007ffd6ab70000 - 0x00007ffd6ab81000 	C:\Program Files\Java\jdk-10.0.2\bin\nio.dll
0x00007ffd75070000 - 0x00007ffd7508a000 	C:\Program Files\JetBrains\IntelliJ IDEA 2018.1.4\bin\breakgen64.dll
0x00000261db3f0000 - 0x00000261db3f3000 	C:\Program Files\Java\jdk-10.0.2\bin\api-ms-win-core-console-l1-1-0.dll
0x00000261db400000 - 0x00000261db403000 	C:\Program Files\Java\jdk-10.0.2\bin\api-ms-win-core-datetime-l1-1-0.dll
0x00000261db410000 - 0x00000261db413000 	C:\Program Files\Java\jdk-10.0.2\bin\api-ms-win-core-debug-l1-1-0.dll
0x00000261db420000 - 0x00000261db423000 	C:\Program Files\Java\jdk-10.0.2\bin\api-ms-win-core-errorhandling-l1-1-0.dll
0x00000261db430000 - 0x00000261db434000 	C:\Program Files\Java\jdk-10.0.2\bin\api-ms-win-core-file-l1-1-0.dll
0x00000261db440000 - 0x00000261db443000 	C:\Program Files\Java\jdk-10.0.2\bin\api-ms-win-core-file-l1-2-0.dll
0x00000261db450000 - 0x00000261db453000 	C:\Program Files\Java\jdk-10.0.2\bin\api-ms-win-core-file-l2-1-0.dll
0x00000261db460000 - 0x00000261db463000 	C:\Program Files\Java\jdk-10.0.2\bin\api-ms-win-core-handle-l1-1-0.dll
0x00000261db470000 - 0x00000261db473000 	C:\Program Files\Java\jdk-10.0.2\bin\api-ms-win-core-heap-l1-1-0.dll
0x00000261db480000 - 0x00000261db483000 	C:\Program Files\Java\jdk-10.0.2\bin\api-ms-win-core-interlocked-l1-1-0.dll
0x00000261db490000 - 0x00000261db493000 	C:\Program Files\Java\jdk-10.0.2\bin\api-ms-win-core-libraryloader-l1-1-0.dll
0x00000261db4a0000 - 0x00000261db4a3000 	C:\Program Files\Java\jdk-10.0.2\bin\api-ms-win-core-localization-l1-2-0.dll
0x00000261db4b0000 - 0x00000261db4b3000 	C:\Program Files\Java\jdk-10.0.2\bin\api-ms-win-core-memory-l1-1-0.dll
0x00000261db4c0000 - 0x00000261db4c3000 	C:\Program Files\Java\jdk-10.0.2\bin\api-ms-win-core-namedpipe-l1-1-0.dll
0x00000261db4d0000 - 0x00000261db4d3000 	C:\Program Files\Java\jdk-10.0.2\bin\api-ms-win-core-processenvironment-l1-1-0.dll
0x00000261db4e0000 - 0x00000261db4e3000 	C:\Program Files\Java\jdk-10.0.2\bin\api-ms-win-core-processthreads-l1-1-0.dll
0x00000261db4f0000 - 0x00000261db4f3000 	C:\Program Files\Java\jdk-10.0.2\bin\api-ms-win-core-processthreads-l1-1-1.dll
0x00000261db500000 - 0x00000261db503000 	C:\Program Files\Java\jdk-10.0.2\bin\api-ms-win-core-profile-l1-1-0.dll
0x00000261db510000 - 0x00000261db513000 	C:\Program Files\Java\jdk-10.0.2\bin\api-ms-win-core-rtlsupport-l1-1-0.dll
0x00000261db520000 - 0x00000261db523000 	C:\Program Files\Java\jdk-10.0.2\bin\api-ms-win-core-string-l1-1-0.dll
0x00000261db530000 - 0x00000261db533000 	C:\Program Files\Java\jdk-10.0.2\bin\api-ms-win-core-synch-l1-1-0.dll
0x00000261db540000 - 0x00000261db543000 	C:\Program Files\Java\jdk-10.0.2\bin\api-ms-win-core-synch-l1-2-0.dll
0x00000261db550000 - 0x00000261db553000 	C:\Program Files\Java\jdk-10.0.2\bin\api-ms-win-core-sysinfo-l1-1-0.dll
0x00000261db560000 - 0x00000261db563000 	C:\Program Files\Java\jdk-10.0.2\bin\api-ms-win-core-timezone-l1-1-0.dll
0x00000261db570000 - 0x00000261db573000 	C:\Program Files\Java\jdk-10.0.2\bin\api-ms-win-core-util-l1-1-0.dll
0x00000261db580000 - 0x00000261db583000 	C:\Program Files\Java\jdk-10.0.2\bin\api-ms-win-crt-conio-l1-1-0.dll
0x00000261db590000 - 0x00000261db594000 	C:\Program Files\Java\jdk-10.0.2\bin\api-ms-win-crt-convert-l1-1-0.dll
0x00000261db5a0000 - 0x00000261db5a3000 	C:\Program Files\Java\jdk-10.0.2\bin\api-ms-win-crt-environment-l1-1-0.dll
0x00000261db5b0000 - 0x00000261db5b3000 	C:\Program Files\Java\jdk-10.0.2\bin\api-ms-win-crt-filesystem-l1-1-0.dll
0x00000261db5c0000 - 0x00000261db5c3000 	C:\Program Files\Java\jdk-10.0.2\bin\api-ms-win-crt-heap-l1-1-0.dll
0x00000261db5d0000 - 0x00000261db5d3000 	C:\Program Files\Java\jdk-10.0.2\bin\api-ms-win-crt-locale-l1-1-0.dll
0x00000261db5e0000 - 0x00000261db5e5000 	C:\Program Files\Java\jdk-10.0.2\bin\api-ms-win-crt-math-l1-1-0.dll
0x00000261db5f0000 - 0x00000261db5f5000 	C:\Program Files\Java\jdk-10.0.2\bin\api-ms-win-crt-multibyte-l1-1-0.dll
0x00000261db600000 - 0x00000261db610000 	C:\Program Files\Java\jdk-10.0.2\bin\api-ms-win-crt-private-l1-1-0.dll
0x00000261db610000 - 0x00000261db613000 	C:\Program Files\Java\jdk-10.0.2\bin\api-ms-win-crt-process-l1-1-0.dll
0x00000261db620000 - 0x00000261db624000 	C:\Program Files\Java\jdk-10.0.2\bin\api-ms-win-crt-runtime-l1-1-0.dll
0x00000261db630000 - 0x00000261db634000 	C:\Program Files\Java\jdk-10.0.2\bin\api-ms-win-crt-stdio-l1-1-0.dll
0x00000261db640000 - 0x00000261db644000 	C:\Program Files\Java\jdk-10.0.2\bin\api-ms-win-crt-string-l1-1-0.dll
0x00000261db650000 - 0x00000261db653000 	C:\Program Files\Java\jdk-10.0.2\bin\api-ms-win-crt-time-l1-1-0.dll
0x00000261db660000 - 0x00000261db663000 	C:\Program Files\Java\jdk-10.0.2\bin\api-ms-win-crt-utility-l1-1-0.dll
0x00007ffd68dd0000 - 0x00007ffd68ec6000 	C:\Program Files\Java\jdk-10.0.2\bin\ucrtbase.dll
0x00007ffd73710000 - 0x00007ffd73726000 	C:\Program Files\Java\jdk-10.0.2\bin\vcruntime140.dll
0x00007ffd68d30000 - 0x00007ffd68dcc000 	C:\Program Files\Java\jdk-10.0.2\bin\msvcp140.dll
0x00007ffd68cd0000 - 0x00007ffd68d21000 	C:\Program Files\Java\jdk-10.0.2\bin\concrt140.dll
0x00007ffd6a9a0000 - 0x00007ffd6a9c3000 	C:\Program Files\Java\jdk-10.0.2\bin\prism_d3d.dll
0x00007ffd2f290000 - 0x00007ffd2f427000 	C:\WINDOWS\system32\d3d9.dll
0x00007ffd754b0000 - 0x00007ffd754d9000 	C:\WINDOWS\SYSTEM32\dwmapi.dll
0x00007ffd75260000 - 0x00007ffd752f8000 	C:\WINDOWS\system32\uxtheme.dll
0x00007ffd24c10000 - 0x00007ffd24de7000 	C:\WINDOWS\System32\DriverStore\FileRepository\igdlh64.inf_amd64_250db833a1cd577e\igdumdim64.dll
0x00007ffd0ad10000 - 0x00007ffd0dd0d000 	C:\WINDOWS\System32\DriverStore\FileRepository\igdlh64.inf_amd64_250db833a1cd577e\igd9dxva64.dll
0x00007ffd78220000 - 0x00007ffd78371000 	C:\WINDOWS\System32\ole32.dll
0x00007ffd77f90000 - 0x00007ffd78052000 	C:\WINDOWS\System32\OLEAUT32.dll
0x00007ffd68c80000 - 0x00007ffd68cca000 	C:\Program Files\Java\jdk-10.0.2\bin\glass.dll
0x00007ffd7a8b0000 - 0x00007ffd7a99d000 	C:\WINDOWS\System32\COMDLG32.dll
0x00007ffd784e0000 - 0x00007ffd78653000 	C:\WINDOWS\System32\MSCTF.dll
0x00007ffd6dcc0000 - 0x00007ffd6fa55000 	C:\WINDOWS\System32\DriverStore\FileRepository\igdlh64.inf_amd64_250db833a1cd577e\igc64.dll
0x00007ffd6d170000 - 0x00007ffd6d184000 	C:\Program Files\Java\jdk-10.0.2\bin\javafx_font.dll
0x00007ffd4bd40000 - 0x00007ffd4bedb000 	C:\Program Files\Java\jdk-10.0.2\bin\awt.dll
0x00007ffd74170000 - 0x00007ffd74737000 	C:\WINDOWS\SYSTEM32\d2d1.dll
0x00007ffd750b0000 - 0x00007ffd7513b000 	C:\WINDOWS\SYSTEM32\apphelp.dll
0x00007ffd68c10000 - 0x00007ffd68c75000 	C:\Program Files\Java\jdk-10.0.2\bin\fontmanager.dll
0x00007ffd6b9f0000 - 0x00007ffd6bd0c000 	C:\WINDOWS\SYSTEM32\dwrite.dll
0x00007ffd68640000 - 0x00007ffd68656000 	C:\WINDOWS\system32\napinsp.dll
0x00007ffd68600000 - 0x00007ffd6861a000 	C:\WINDOWS\system32\pnrpnsp.dll
0x00007ffd73540000 - 0x00007ffd73559000 	C:\WINDOWS\system32\NLAapi.dll
0x00007ffd76310000 - 0x00007ffd763ce000 	C:\WINDOWS\SYSTEM32\DNSAPI.dll
0x00007ffd78120000 - 0x00007ffd78128000 	C:\WINDOWS\System32\NSI.dll
0x00007ffd762c0000 - 0x00007ffd762f8000 	C:\WINDOWS\SYSTEM32\IPHLPAPI.DLL
0x00007ffd68b00000 - 0x00007ffd68b0e000 	C:\WINDOWS\System32\winrnr.dll
0x00007ffd6a360000 - 0x00007ffd6a36a000 	C:\Windows\System32\rasadhlp.dll
0x00007ffd6b630000 - 0x00007ffd6b6a2000 	C:\WINDOWS\System32\fwpuclnt.dll
0x00007ffd76ab0000 - 0x00007ffd76ad5000 	C:\WINDOWS\SYSTEM32\bcrypt.dll
0x00007ffd76a90000 - 0x00007ffd76aa7000 	C:\WINDOWS\SYSTEM32\CRYPTSP.dll
0x00007ffd76120000 - 0x00007ffd76153000 	C:\WINDOWS\system32\rsaenh.dll
0x00007ffd76c60000 - 0x00007ffd76c88000 	C:\WINDOWS\SYSTEM32\USERENV.dll
0x00007ffd76690000 - 0x00007ffd7669b000 	C:\WINDOWS\SYSTEM32\CRYPTBASE.dll
0x00007ffd6fd10000 - 0x00007ffd6fd26000 	C:\WINDOWS\SYSTEM32\dhcpcsvc6.DLL
0x00007ffd6fc80000 - 0x00007ffd6fc9a000 	C:\WINDOWS\SYSTEM32\dhcpcsvc.DLL
0x00007ffd75040000 - 0x00007ffd7504b000 	C:\Program Files\Java\jdk-10.0.2\bin\sunmscapi.dll

dbghelp: loaded successfully - version: 4.0.5 - missing functions: none
symbol engine: initialized successfully - sym options: 0x614 - pdb path: .;C:\Program Files\Java\jdk-10.0.2\bin;C:\WINDOWS\SYSTEM32;C:\Program Files\AVAST Software\Avast;C:\WINDOWS\WinSxS\amd64_microsoft.windows.common-controls_6595b64144ccf1df_6.0.17134.706_none_fb43a2cb30647007;C:\Program Files\Java\jdk-10.0.2\bin\server;C:\Program Files\JetBrains\IntelliJ IDEA 2018.1.4\bin;C:\WINDOWS\System32\DriverStore\FileRepository\igdlh64.inf_amd64_250db833a1cd577e;C:\Program Files\Common Files\Microsoft Shared\Ink

VM Arguments:
jvm_args: -javaagent:C:\Program Files\JetBrains\IntelliJ IDEA 2018.1.4\lib\idea_rt.jar=52923:C:\Program Files\JetBrains\IntelliJ IDEA 2018.1.4\bin -Dfile.encoding=UTF-8 
java_command: MateriasPrimasImagenes.inicioMpImagenes
java_class_path (initial): N:\Marzo\out\production\Marzo;C:\Users\izquierda\.IntelliJIdea2018.1\config\plugins\Kotlin\kotlinc\lib\kotlin-stdlib.jar;C:\Users\izquierda\.IntelliJIdea2018.1\config\plugins\Kotlin\kotlinc\lib\kotlin-reflect.jar;C:\Users\izquierda\.IntelliJIdea2018.1\config\plugins\Kotlin\kotlinc\lib\kotlin-test.jar;C:\Users\izquierda\.IntelliJIdea2018.1\config\plugins\Kotlin\kotlinc\lib\kotlin-stdlib-jdk7.jar;C:\Users\izquierda\.IntelliJIdea2018.1\config\plugins\Kotlin\kotlinc\lib\kotlin-stdlib-jdk8.jar;N:\Marzo\lib\mssql-jdbc-7.0.0.jre8.jar;N:\Marzo\lib\commons-beanutils-1.9.0.jar;N:\Marzo\lib\commons-collections-3.2.1.jar;N:\Marzo\lib\commons-digester-2.1.jar;N:\Marzo\lib\commons-logging-1.1.1.jar;N:\Marzo\lib\groovy-all-2.0.1.jar;N:\Marzo\lib\gson-2.8.5.jar;N:\Marzo\lib\itext-1.4.7.jar;N:\Marzo\lib\itext-pdfa-5.5.0.jar;N:\Marzo\lib\itextpdf-5.5.0.jar;N:\Marzo\lib\jasperreports-6.0.0.jar
Launcher Type: SUN_STANDARD

Logging:
Log output configuration:
#0: stdout all=warning uptime,level,tags
#1: stderr all=off uptime,level,tags

Environment Variables:
JAVA_HOME=C:\Program Files\Java\jdk1.8.0_131
CLASSPATH=J:\Basededatos\driver7\sqljdbc_7.0\esn\mssql-jdbc-7.0.0.jre8.jar
PATH=C:\ProgramData\DockerDesktop\version-bin;C:\Program Files\Docker\Docker\Resources\bin;C:\Program Files (x86)\Common Files\Oracle\Java\javapath;C:\ProgramData\Oracle\Java\javapath;C:\Program Files\Microsoft MPI\Bin\;C:\Program Files (x86)\Intel\iCLS Client\;C:\Program Files\Intel\iCLS Client\;C:\WINDOWS\system32;C:\WINDOWS;C:\WINDOWS\System32\Wbem;C:\WINDOWS\System32\WindowsPowerShell\v1.0\;C:\Program Files (x86)\Intel\Intel(R) Management Engine Components\DAL;C:\Program Files\Intel\Intel(R) Management Engine Components\DAL;C:\Program Files (x86)\Intel\Intel(R) Management Engine Components\IPT;C:\Program Files\Intel\Intel(R) Management Engine Components\IPT;C:\Program Files\nodejs\;C:\Program Files\AutoFirma\AutoFirma;E:\Trabajo2017\xampp\php;C:\Program Files\dotnet\;C:\Program Files\Microsoft SQL Server\130\Tools\Binn\;C:\Program Files\Git\cmd;C:\Program Files (x86)\GtkSharp\2.12\bin;C:\Program Files (x86)\Microsoft SQL Server\Client SDK\ODBC\130\Tools\Binn\;C:\Program Files (x86)\Microsoft SQL Server\140\Tools\Binn\;C:\Program Files (x86)\Microsoft SQL Server\140\DTS\Binn\;C:\Program Files (x86)\Microsoft SQL Server\140\Tools\Binn\ManagementStudio\;C:\WINDOWS\System32\OpenSSH\;C:\Program Files (x86)\Microsoft Emulator Manager\1.0\;C:\Program Files (x86)\Windows Kits\10\Windows Performance Toolkit\;C:\Program Files (x86)\Windows Kits\10\Microsoft Application Virtualization\Sequencer\;C:\Users\izquierda\AppData\Roaming\npm;C:\Program Files (x86)\Microsoft VS Code\bin;C:\Users\izquierda\AppData\Local\Microsoft\WindowsApps;C:\Program Files\Java\jdk1.8.0_131\bin;C:\gradle\gradle-4.6\bin
USERNAME=izquierda
OS=Windows_NT
PROCESSOR_IDENTIFIER=Intel64 Family 6 Model 94 Stepping 3, GenuineIntel



---------------  S Y S T E M  ---------------

OS: Windows 10 , 64 bit Build 17134 (10.0.17134.706)

CPU:total 4 (initial active 4) (4 cores per cpu, 1 threads per core) family 6 model 94 stepping 3, cmov, cx8, fxsr, mmx, sse, sse2, sse3, ssse3, sse4.1, sse4.2, popcnt, avx, avx2, aes, clmul, erms, 3dnowpref, lzcnt, tsc, tscinvbit, bmi1, bmi2, adx, fma

Memory: 4k page, physical 8285588k(1059844k free), swap 12479892k(4424k free)

vm_info: Java HotSpot(TM) 64-Bit Server VM (10.0.2+13) for windows-amd64 JRE (10.0.2+13), built on Jun 28 2018 01:57:56 by "mach5one" with MS VC++ 12.0 (VS2013)

END.
