#
# There is insufficient memory for the Java Runtime Environment to continue.
# Native memory allocation (mmap) failed to map 1048576 bytes for Failed to commit area from 0x000000008a900000 to 0x000000008aa00000 of length 1048576.
# Possible reasons:
#   The system is out of physical RAM or swap space
#   The process is running with CompressedOops enabled, and the Java Heap may be blocking the growth of the native heap
# Possible solutions:
#   Reduce memory load on the system
#   Increase physical memory or swap space
#   Check if swap backing store is full
#   Decrease Java heap size (-Xmx/-Xms)
#   Decrease number of Java threads
#   Decrease Java thread stack sizes (-Xss)
#   Set larger code cache with -XX:ReservedCodeCacheSize=
#   JVM is running with Unscaled Compressed Oops mode in which the Java heap is
#     placed in the first 4GB address space. The Java Heap base address is the
#     maximum limit for the native heap growth. Please use -XX:HeapBaseMinAddress
#     to set the Java Heap base and to place the Java Heap above 4GB virtual address.
# This output file may be truncated or incomplete.
#
#  Out of Memory Error (t:/workspace/open/src/hotspot/os/windows/os_windows.cpp:3221), pid=1252, tid=5840
#
# JRE version: Java(TM) SE Runtime Environment (10.0.2+13) (build 10.0.2+13)
# Java VM: Java HotSpot(TM) 64-Bit Server VM (10.0.2+13, mixed mode, tiered, compressed oops, g1 gc, windows-amd64)
# No core dump will be written. Minidumps are not enabled by default on client versions of Windows
#

---------------  S U M M A R Y ------------

Command Line: -javaagent:C:\Program Files\JetBrains\IntelliJ IDEA 2018.1.4\lib\idea_rt.jar=52799:C:\Program Files\JetBrains\IntelliJ IDEA 2018.1.4\bin -Dfile.encoding=UTF-8 MateriasPrimasImagenes.inicioMpImagenes

Host: Intel(R) Core(TM) i5-6400 CPU @ 2.70GHz, 4 cores, 7G,  Windows 10 , 64 bit Build 17134 (10.0.17134.706)
Time: Wed May 01 18:55:25 2019 Hora de verano romance elapsed time: 14 seconds (0d 0h 0m 14s)

---------------  T H R E A D  ---------------

Current thread (0x0000027727c37800):  GCTaskThread "GC Thread#1" [stack: 0x000000f2c6f00000,0x000000f2c7000000] [id=5840]

Stack: [0x000000f2c6f00000,0x000000f2c7000000]
[error occurred during error reporting (printing stack bounds), id 0xe0000002]

Native frames: (J=compiled Java code, j=interpreted, Vv=VM code, C=native code)
V  [jvm.dll+0x5a01a9]
V  [jvm.dll+0x6bcf31]
V  [jvm.dll+0x6be126]
V  [jvm.dll+0x6be715]
V  [jvm.dll+0x6be6cb]
V  [jvm.dll+0x59f993]
V  [jvm.dll+0x59fda8]
C  [ntdll.dll+0x9f7dd]
C  [ntdll.dll+0xd856]
C  [ntdll.dll+0x9e70e]
C  0x0000027734780ead


---------------  P R O C E S S  ---------------

Threads class SMR info:
_java_thread_list=0x00000277554726d0, length=20, elements={
0x0000027727c1a000, 0x000002774af9b000, 0x000002774b7b8800, 0x000002774b7be000,
0x000002774afa8800, 0x000002774b7c9000, 0x000002774b7cc000, 0x000002774b7d8000,
0x000002774b7e1000, 0x000002774ba33800, 0x000002774bb78800, 0x000002774bb79800,
0x000002774bf98800, 0x000002774ccbb000, 0x000002774d11e800, 0x000002774c115800,
0x000002774c0fe800, 0x000002774d150800, 0x0000027756b6c000, 0x000002774d249800
}

Java Threads: ( => current thread )
  0x0000027727c1a000 JavaThread "main" [_thread_blocked, id=7048, stack(0x000000f2c6d00000,0x000000f2c6e00000)]
  0x000002774af9b000 JavaThread "Reference Handler" daemon [_thread_blocked, id=11224, stack(0x000000f2c7a00000,0x000000f2c7b00000)]
  0x000002774b7b8800 JavaThread "Finalizer" daemon [_thread_blocked, id=12156, stack(0x000000f2c7b00000,0x000000f2c7c00000)]
  0x000002774b7be000 JavaThread "Signal Dispatcher" daemon [_thread_blocked, id=16104, stack(0x000000f2c7c00000,0x000000f2c7d00000)]
  0x000002774afa8800 JavaThread "Attach Listener" daemon [_thread_blocked, id=880, stack(0x000000f2c7d00000,0x000000f2c7e00000)]
  0x000002774b7c9000 JavaThread "C2 CompilerThread0" daemon [_thread_blocked, id=20636, stack(0x000000f2c7e00000,0x000000f2c7f00000)]
  0x000002774b7cc000 JavaThread "C2 CompilerThread1" daemon [_thread_blocked, id=8612, stack(0x000000f2c7f00000,0x000000f2c8000000)]
  0x000002774b7d8000 JavaThread "C1 CompilerThread2" daemon [_thread_blocked, id=18856, stack(0x000000f2c8000000,0x000000f2c8100000)]
  0x000002774b7e1000 JavaThread "Sweeper thread" daemon [_thread_blocked, id=17836, stack(0x000000f2c8100000,0x000000f2c8200000)]
  0x000002774ba33800 JavaThread "Common-Cleaner" daemon [_thread_blocked, id=17552, stack(0x000000f2c8200000,0x000000f2c8300000)]
  0x000002774bb78800 JavaThread "Monitor Ctrl-Break" daemon [_thread_in_native, id=19708, stack(0x000000f2c8300000,0x000000f2c8400000)]
  0x000002774bb79800 JavaThread "Service Thread" daemon [_thread_blocked, id=10216, stack(0x000000f2c8400000,0x000000f2c8500000)]
  0x000002774bf98800 JavaThread "QuantumRenderer-0" daemon [_thread_blocked, id=19596, stack(0x000000f2c8600000,0x000000f2c8700000)]
  0x000002774ccbb000 JavaThread "InvokeLaterDispatcher" daemon [_thread_blocked, id=21424, stack(0x000000f2c8700000,0x000000f2c8800000)]
  0x000002774d11e800 JavaThread "JavaFX Application Thread" [_thread_blocked, id=7404, stack(0x000000f2c8800000,0x000000f2c8900000)]
  0x000002774c115800 JavaThread "JavaFX-Launcher" [_thread_blocked, id=20348, stack(0x000000f2c8d00000,0x000000f2c8e00000)]
  0x000002774c0fe800 JavaThread "Thread-2" daemon [_thread_blocked, id=19260, stack(0x000000f2c8c00000,0x000000f2c8d00000)]
  0x000002774d150800 JavaThread "Java2D Disposer" daemon [_thread_blocked, id=6172, stack(0x000000f2c8e00000,0x000000f2c8f00000)]
  0x0000027756b6c000 JavaThread "Prism Font Disposer" daemon [_thread_blocked, id=19040, stack(0x000000f2c9200000,0x000000f2c9300000)]
  0x000002774d249800 JavaThread "Cleaner-0" daemon [_thread_blocked, id=5368, stack(0x000000f2c9300000,0x000000f2c9400000)]

Other Threads:
  0x000002774af99800 VMThread "VM Thread" [stack: 0x000000f2c7900000,0x000000f2c7a00000] [id=10464]
  0x000002774bb93800 WatcherThread [stack: 0x000000f2c8500000,0x000000f2c8600000] [id=1224]
  0x0000027727c36000 GCTaskThread "GC Thread#0" [stack: 0x000000f2c6e00000,0x000000f2c6f00000] [id=21012]
=>0x0000027727c37800 GCTaskThread "GC Thread#1" [stack: 0x000000f2c6f00000,0x000000f2c7000000] [id=5840]
  0x0000027727c39000 GCTaskThread "GC Thread#2" [stack: 0x000000f2c7000000,0x000000f2c7100000] [id=21440]
  0x0000027727c3d800 GCTaskThread "GC Thread#3" [stack: 0x000000f2c7100000,0x000000f2c7200000] [id=1272]
  0x0000027727cae800 ConcurrentGCThread "G1 Main Marker" [stack: 0x000000f2c7200000,0x000000f2c7300000] [id=21204]
  0x0000027727cb5800 ConcurrentGCThread "G1 Conc#0" [stack: 0x000000f2c7300000,0x000000f2c7400000] [id=21264]
  0x000002774adfa800 ConcurrentGCThread "G1 Refine#0" [stack: 0x000000f2c7400000,0x000000f2c7500000] [id=20248]
  0x000002774adfb000 ConcurrentGCThread "G1 Refine#1" [stack: 0x000000f2c7500000,0x000000f2c7600000] [id=9736]
  0x000002774adfd000 ConcurrentGCThread "G1 Refine#2" [stack: 0x000000f2c7600000,0x000000f2c7700000] [id=8936]
  0x000002774adff000 ConcurrentGCThread "G1 Refine#3" [stack: 0x000000f2c7700000,0x000000f2c7800000] [id=14360]
  0x000002774ae02000 ConcurrentGCThread "G1 Young RemSet Sampling" [stack: 0x000000f2c7800000,0x000000f2c7900000] [id=21412]

Threads with active compile tasks:

VM state:at safepoint (normal execution)

VM Mutex/Monitor currently owned by a thread:  ([mutex/lock_event])
[0x0000027727c16ea0] FreeList_lock - owner thread: 0x0000027727c37800
[0x0000027727c19970] Threads_lock - owner thread: 0x000002774af99800
[0x0000027727c192b0] Heap_lock - owner thread: 0x000002774d11e800

Heap address: 0x0000000081800000, size: 2024 MB, Compressed Oops mode: 32-bit
Narrow klass base: 0x0000000000000000, Narrow klass shift: 3
Compressed class space size: 1073741824 Address: 0x0000000100000000

Heap:
 garbage-first heap   total 149504K, used 142336K [0x0000000081800000, 0x0000000100000000)
  region size 1024K, 7 young (7168K), 1 survivors (1024K)
 Metaspace       used 32510K, capacity 33586K, committed 33920K, reserved 1079296K
  class space    used 3903K, capacity 4407K, committed 4480K, reserved 1048576K
Heap Regions: E=young(eden), S=young(survivor), O=old, HS=humongous(starts), HC=humongous(continues), CS=collection set, F=free, A=archive, TS=gc time stamp, AC=allocation context, TAMS=top-at-mark-start (previous, next)
|   0|0x0000000081800000, 0x0000000081900000, 0x0000000081900000|100%| O|  |TS  0|AC  0|TAMS 0x0000000081900000, 0x0000000081900000|
|   1|0x0000000081900000, 0x0000000081a00000, 0x0000000081a00000|100%| O|  |TS  0|AC  0|TAMS 0x0000000081a00000, 0x0000000081a00000|
|   2|0x0000000081a00000, 0x0000000081b00000, 0x0000000081b00000|100%| O|  |TS  0|AC  0|TAMS 0x0000000081b00000, 0x0000000081b00000|
|   3|0x0000000081b00000, 0x0000000081c00000, 0x0000000081c00000|100%|HS|  |TS  0|AC  0|TAMS 0x0000000081c00000, 0x0000000081c00000|
|   4|0x0000000081c00000, 0x0000000081d00000, 0x0000000081d00000|100%| O|  |TS  0|AC  0|TAMS 0x0000000081d00000, 0x0000000081d00000|
|   5|0x0000000081d00000, 0x0000000081e00000, 0x0000000081e00000|100%| O|  |TS  0|AC  0|TAMS 0x0000000081e00000, 0x0000000081e00000|
|   6|0x0000000081e00000, 0x0000000081f00000, 0x0000000081f00000|100%| O|  |TS  0|AC  0|TAMS 0x0000000081f00000, 0x0000000081f00000|
|   7|0x0000000081f00000, 0x0000000082000000, 0x0000000082000000|100%| O|  |TS  0|AC  0|TAMS 0x0000000082000000, 0x0000000082000000|
|   8|0x0000000082000000, 0x0000000082100000, 0x0000000082100000|100%| O|  |TS  0|AC  0|TAMS 0x0000000082100000, 0x0000000082100000|
|   9|0x0000000082100000, 0x0000000082200000, 0x0000000082200000|100%|HS|  |TS  0|AC  0|TAMS 0x0000000082200000, 0x0000000082200000|
|  10|0x0000000082200000, 0x0000000082300000, 0x0000000082300000|100%|HC|  |TS  0|AC  0|TAMS 0x0000000082300000, 0x0000000082300000|
|  11|0x0000000082300000, 0x0000000082400000, 0x0000000082400000|100%|HC|  |TS  0|AC  0|TAMS 0x0000000082400000, 0x0000000082400000|
|  12|0x0000000082400000, 0x0000000082500000, 0x0000000082500000|100%|HC|  |TS  0|AC  0|TAMS 0x0000000082500000, 0x0000000082500000|
|  13|0x0000000082500000, 0x0000000082600000, 0x0000000082600000|100%|HC|  |TS  0|AC  0|TAMS 0x0000000082600000, 0x0000000082600000|
|  14|0x0000000082600000, 0x0000000082700000, 0x0000000082700000|100%|HC|  |TS  0|AC  0|TAMS 0x0000000082700000, 0x0000000082700000|
|  15|0x0000000082700000, 0x0000000082800000, 0x0000000082800000|100%|HS|  |TS  0|AC  0|TAMS 0x0000000082800000, 0x0000000082800000|
|  16|0x0000000082800000, 0x0000000082900000, 0x0000000082900000|100%| O|  |TS  0|AC  0|TAMS 0x0000000082900000, 0x0000000082900000|
|  17|0x0000000082900000, 0x0000000082a00000, 0x0000000082a00000|100%|HS|  |TS  0|AC  0|TAMS 0x0000000082a00000, 0x0000000082a00000|
|  18|0x0000000082a00000, 0x0000000082b00000, 0x0000000082b00000|100%|HC|  |TS  0|AC  0|TAMS 0x0000000082b00000, 0x0000000082b00000|
|  19|0x0000000082b00000, 0x0000000082c00000, 0x0000000082c00000|100%| O|  |TS  0|AC  0|TAMS 0x0000000082c00000, 0x0000000082c00000|
|  20|0x0000000082c00000, 0x0000000082d00000, 0x0000000082d00000|100%| O|  |TS  0|AC  0|TAMS 0x0000000082d00000, 0x0000000082d00000|
|  21|0x0000000082d00000, 0x0000000082e00000, 0x0000000082e00000|100%| O|  |TS  0|AC  0|TAMS 0x0000000082e00000, 0x0000000082e00000|
|  22|0x0000000082e00000, 0x0000000082f00000, 0x0000000082f00000|100%| O|  |TS  3|AC  0|TAMS 0x0000000082e00000, 0x0000000082f00000|
|  23|0x0000000082f00000, 0x0000000083000000, 0x0000000083000000|100%| O|  |TS  0|AC  0|TAMS 0x0000000083000000, 0x0000000083000000|
|  24|0x0000000083000000, 0x0000000083100000, 0x0000000083100000|100%| O|  |TS  0|AC  0|TAMS 0x0000000083100000, 0x0000000083100000|
|  25|0x0000000083100000, 0x0000000083200000, 0x0000000083200000|100%| O|  |TS  3|AC  0|TAMS 0x0000000083100000, 0x0000000083200000|
|  26|0x0000000083200000, 0x0000000083300000, 0x0000000083300000|100%| O|  |TS  2|AC  0|TAMS 0x0000000083200000, 0x0000000083300000|
|  27|0x0000000083300000, 0x0000000083400000, 0x0000000083400000|100%| O|  |TS  3|AC  0|TAMS 0x0000000083300000, 0x0000000083400000|
|  28|0x0000000083400000, 0x0000000083500000, 0x0000000083500000|100%|HS|  |TS  0|AC  0|TAMS 0x0000000083500000, 0x0000000083500000|
|  29|0x0000000083500000, 0x0000000083600000, 0x0000000083600000|100%|HC|  |TS  0|AC  0|TAMS 0x0000000083600000, 0x0000000083600000|
|  30|0x0000000083600000, 0x0000000083700000, 0x0000000083700000|100%|HC|  |TS  0|AC  0|TAMS 0x0000000083700000, 0x0000000083700000|
|  31|0x0000000083700000, 0x0000000083800000, 0x0000000083800000|100%|HC|  |TS  0|AC  0|TAMS 0x0000000083800000, 0x0000000083800000|
|  32|0x0000000083800000, 0x0000000083900000, 0x0000000083900000|100%|HC|  |TS  0|AC  0|TAMS 0x0000000083900000, 0x0000000083900000|
|  33|0x0000000083900000, 0x0000000083a00000, 0x0000000083a00000|100%|HC|  |TS  0|AC  0|TAMS 0x0000000083a00000, 0x0000000083a00000|
|  34|0x0000000083a00000, 0x0000000083b00000, 0x0000000083b00000|100%|HS|  |TS  0|AC  0|TAMS 0x0000000083b00000, 0x0000000083b00000|
|  35|0x0000000083b00000, 0x0000000083c00000, 0x0000000083c00000|100%|HC|  |TS  0|AC  0|TAMS 0x0000000083c00000, 0x0000000083c00000|
|  36|0x0000000083c00000, 0x0000000083d00000, 0x0000000083d00000|100%|HC|  |TS  0|AC  0|TAMS 0x0000000083d00000, 0x0000000083d00000|
|  37|0x0000000083d00000, 0x0000000083e00000, 0x0000000083e00000|100%|HC|  |TS  0|AC  0|TAMS 0x0000000083e00000, 0x0000000083e00000|
|  38|0x0000000083e00000, 0x0000000083f00000, 0x0000000083f00000|100%|HC|  |TS  0|AC  0|TAMS 0x0000000083f00000, 0x0000000083f00000|
|  39|0x0000000083f00000, 0x0000000084000000, 0x0000000084000000|100%|HC|  |TS  0|AC  0|TAMS 0x0000000084000000, 0x0000000084000000|
|  40|0x0000000084000000, 0x0000000084100000, 0x0000000084100000|100%|HS|  |TS  0|AC  0|TAMS 0x0000000084100000, 0x0000000084100000|
|  41|0x0000000084100000, 0x0000000084200000, 0x0000000084200000|100%|HC|  |TS  0|AC  0|TAMS 0x0000000084200000, 0x0000000084200000|
|  42|0x0000000084200000, 0x0000000084300000, 0x0000000084300000|100%|HC|  |TS  0|AC  0|TAMS 0x0000000084300000, 0x0000000084300000|
|  43|0x0000000084300000, 0x0000000084400000, 0x0000000084400000|100%|HC|  |TS  0|AC  0|TAMS 0x0000000084400000, 0x0000000084400000|
|  44|0x0000000084400000, 0x0000000084500000, 0x0000000084500000|100%|HC|  |TS  0|AC  0|TAMS 0x0000000084500000, 0x0000000084500000|
|  45|0x0000000084500000, 0x0000000084600000, 0x0000000084600000|100%|HC|  |TS  0|AC  0|TAMS 0x0000000084600000, 0x0000000084600000|
|  46|0x0000000084600000, 0x0000000084700000, 0x0000000084700000|100%|HS|  |TS  0|AC  0|TAMS 0x0000000084700000, 0x0000000084700000|
|  47|0x0000000084700000, 0x0000000084800000, 0x0000000084800000|100%|HC|  |TS  0|AC  0|TAMS 0x0000000084800000, 0x0000000084800000|
|  48|0x0000000084800000, 0x0000000084900000, 0x0000000084900000|100%|HC|  |TS  0|AC  0|TAMS 0x0000000084900000, 0x0000000084900000|
|  49|0x0000000084900000, 0x0000000084a00000, 0x0000000084a00000|100%|HC|  |TS  0|AC  0|TAMS 0x0000000084a00000, 0x0000000084a00000|
|  50|0x0000000084a00000, 0x0000000084b00000, 0x0000000084b00000|100%|HC|  |TS  0|AC  0|TAMS 0x0000000084b00000, 0x0000000084b00000|
|  51|0x0000000084b00000, 0x0000000084c00000, 0x0000000084c00000|100%|HC|  |TS  0|AC  0|TAMS 0x0000000084c00000, 0x0000000084c00000|
|  52|0x0000000084c00000, 0x0000000084d00000, 0x0000000084d00000|100%|HS|  |TS  0|AC  0|TAMS 0x0000000084d00000, 0x0000000084d00000|
|  53|0x0000000084d00000, 0x0000000084e00000, 0x0000000084e00000|100%|HC|  |TS  0|AC  0|TAMS 0x0000000084e00000, 0x0000000084e00000|
|  54|0x0000000084e00000, 0x0000000084f00000, 0x0000000084f00000|100%|HC|  |TS  0|AC  0|TAMS 0x0000000084f00000, 0x0000000084f00000|
|  55|0x0000000084f00000, 0x0000000085000000, 0x0000000085000000|100%|HC|  |TS  0|AC  0|TAMS 0x0000000085000000, 0x0000000085000000|
|  56|0x0000000085000000, 0x0000000085100000, 0x0000000085100000|100%|HC|  |TS  0|AC  0|TAMS 0x0000000085100000, 0x0000000085100000|
|  57|0x0000000085100000, 0x0000000085200000, 0x0000000085200000|100%|HC|  |TS  0|AC  0|TAMS 0x0000000085200000, 0x0000000085200000|
|  58|0x0000000085200000, 0x0000000085300000, 0x0000000085300000|100%| O|  |TS  0|AC  0|TAMS 0x0000000085300000, 0x0000000085300000|
|  59|0x0000000085300000, 0x0000000085400000, 0x0000000085400000|100%| O|  |TS  0|AC  0|TAMS 0x0000000085400000, 0x0000000085400000|
|  60|0x0000000085400000, 0x0000000085500000, 0x0000000085500000|100%| O|  |TS  0|AC  0|TAMS 0x0000000085500000, 0x0000000085500000|
|  61|0x0000000085500000, 0x0000000085600000, 0x0000000085600000|100%| O|  |TS  0|AC  0|TAMS 0x0000000085600000, 0x0000000085600000|
|  62|0x0000000085600000, 0x0000000085700000, 0x0000000085700000|100%| O|  |TS  0|AC  0|TAMS 0x0000000085700000, 0x0000000085700000|
|  63|0x0000000085700000, 0x0000000085800000, 0x0000000085800000|100%| O|  |TS  0|AC  0|TAMS 0x0000000085800000, 0x0000000085800000|
|  64|0x0000000085800000, 0x0000000085900000, 0x0000000085900000|100%| O|  |TS  0|AC  0|TAMS 0x0000000085900000, 0x0000000085900000|
|  65|0x0000000085900000, 0x0000000085a00000, 0x0000000085a00000|100%| O|  |TS  0|AC  0|TAMS 0x0000000085a00000, 0x0000000085a00000|
|  66|0x0000000085a00000, 0x0000000085b00000, 0x0000000085b00000|100%| O|  |TS  0|AC  0|TAMS 0x0000000085b00000, 0x0000000085b00000|
|  67|0x0000000085b00000, 0x0000000085c00000, 0x0000000085c00000|100%|HS|  |TS  0|AC  0|TAMS 0x0000000085b00000, 0x0000000085c00000|
|  68|0x0000000085c00000, 0x0000000085d00000, 0x0000000085d00000|100%|HC|  |TS  0|AC  0|TAMS 0x0000000085c00000, 0x0000000085d00000|
|  69|0x0000000085d00000, 0x0000000085e00000, 0x0000000085e00000|100%|HC|  |TS  0|AC  0|TAMS 0x0000000085d00000, 0x0000000085e00000|
|  70|0x0000000085e00000, 0x0000000085f00000, 0x0000000085f00000|100%|HC|  |TS  0|AC  0|TAMS 0x0000000085e00000, 0x0000000085f00000|
|  71|0x0000000085f00000, 0x0000000086000000, 0x0000000086000000|100%|HC|  |TS  0|AC  0|TAMS 0x0000000085f00000, 0x0000000086000000|
|  72|0x0000000086000000, 0x0000000086100000, 0x0000000086100000|100%|HC|  |TS  0|AC  0|TAMS 0x0000000086000000, 0x0000000086100000|
|  73|0x0000000086100000, 0x0000000086200000, 0x0000000086200000|100%|HS|  |TS  0|AC  0|TAMS 0x0000000086100000, 0x0000000086200000|
|  74|0x0000000086200000, 0x0000000086300000, 0x0000000086300000|100%|HC|  |TS  0|AC  0|TAMS 0x0000000086200000, 0x0000000086300000|
|  75|0x0000000086300000, 0x0000000086400000, 0x0000000086400000|100%|HC|  |TS  0|AC  0|TAMS 0x0000000086300000, 0x0000000086400000|
|  76|0x0000000086400000, 0x0000000086500000, 0x0000000086500000|100%|HC|  |TS  0|AC  0|TAMS 0x0000000086400000, 0x0000000086500000|
|  77|0x0000000086500000, 0x0000000086600000, 0x0000000086600000|100%|HC|  |TS  0|AC  0|TAMS 0x0000000086500000, 0x0000000086600000|
|  78|0x0000000086600000, 0x0000000086700000, 0x0000000086700000|100%|HC|  |TS  0|AC  0|TAMS 0x0000000086600000, 0x0000000086700000|
|  79|0x0000000086700000, 0x0000000086800000, 0x0000000086800000|100%|HS|  |TS  0|AC  0|TAMS 0x0000000086700000, 0x0000000086800000|
|  80|0x0000000086800000, 0x0000000086900000, 0x0000000086900000|100%|HC|  |TS  0|AC  0|TAMS 0x0000000086800000, 0x0000000086900000|
|  81|0x0000000086900000, 0x0000000086a00000, 0x0000000086a00000|100%|HC|  |TS  0|AC  0|TAMS 0x0000000086900000, 0x0000000086a00000|
|  82|0x0000000086a00000, 0x0000000086b00000, 0x0000000086b00000|100%|HC|  |TS  0|AC  0|TAMS 0x0000000086a00000, 0x0000000086b00000|
|  83|0x0000000086b00000, 0x0000000086c00000, 0x0000000086c00000|100%|HC|  |TS  0|AC  0|TAMS 0x0000000086b00000, 0x0000000086c00000|
|  84|0x0000000086c00000, 0x0000000086d00000, 0x0000000086d00000|100%|HC|  |TS  0|AC  0|TAMS 0x0000000086c00000, 0x0000000086d00000|
|  85|0x0000000086d00000, 0x0000000086e00000, 0x0000000086e00000|100%|HS|  |TS  0|AC  0|TAMS 0x0000000086d00000, 0x0000000086e00000|
|  86|0x0000000086e00000, 0x0000000086f00000, 0x0000000086f00000|100%|HC|  |TS  0|AC  0|TAMS 0x0000000086e00000, 0x0000000086f00000|
|  87|0x0000000086f00000, 0x0000000087000000, 0x0000000087000000|100%|HC|  |TS  0|AC  0|TAMS 0x0000000086f00000, 0x0000000087000000|
|  88|0x0000000087000000, 0x0000000087100000, 0x0000000087100000|100%|HC|  |TS  0|AC  0|TAMS 0x0000000087000000, 0x0000000087100000|
|  89|0x0000000087100000, 0x0000000087200000, 0x0000000087200000|100%|HC|  |TS  0|AC  0|TAMS 0x0000000087100000, 0x0000000087200000|
|  90|0x0000000087200000, 0x0000000087300000, 0x0000000087300000|100%|HC|  |TS  0|AC  0|TAMS 0x0000000087200000, 0x0000000087300000|
|  91|0x0000000087300000, 0x0000000087400000, 0x0000000087400000|100%|HS|  |TS  0|AC  0|TAMS 0x0000000087300000, 0x0000000087400000|
|  92|0x0000000087400000, 0x0000000087500000, 0x0000000087500000|100%|HC|  |TS  0|AC  0|TAMS 0x0000000087400000, 0x0000000087500000|
|  93|0x0000000087500000, 0x0000000087600000, 0x0000000087600000|100%|HC|  |TS  0|AC  0|TAMS 0x0000000087500000, 0x0000000087600000|
|  94|0x0000000087600000, 0x0000000087700000, 0x0000000087700000|100%|HC|  |TS  0|AC  0|TAMS 0x0000000087600000, 0x0000000087700000|
|  95|0x0000000087700000, 0x0000000087800000, 0x0000000087800000|100%|HC|  |TS  0|AC  0|TAMS 0x0000000087700000, 0x0000000087800000|
|  96|0x0000000087800000, 0x0000000087900000, 0x0000000087900000|100%|HC|  |TS  0|AC  0|TAMS 0x0000000087800000, 0x0000000087900000|
|  97|0x0000000087900000, 0x0000000087a00000, 0x0000000087a00000|100%|HS|  |TS  0|AC  0|TAMS 0x0000000087900000, 0x0000000087a00000|
|  98|0x0000000087a00000, 0x0000000087b00000, 0x0000000087b00000|100%|HC|  |TS  0|AC  0|TAMS 0x0000000087a00000, 0x0000000087b00000|
|  99|0x0000000087b00000, 0x0000000087c00000, 0x0000000087c00000|100%|HC|  |TS  0|AC  0|TAMS 0x0000000087b00000, 0x0000000087c00000|
| 100|0x0000000087c00000, 0x0000000087d00000, 0x0000000087d00000|100%|HC|  |TS  0|AC  0|TAMS 0x0000000087c00000, 0x0000000087d00000|
| 101|0x0000000087d00000, 0x0000000087e00000, 0x0000000087e00000|100%|HC|  |TS  0|AC  0|TAMS 0x0000000087d00000, 0x0000000087e00000|
| 102|0x0000000087e00000, 0x0000000087f00000, 0x0000000087f00000|100%|HC|  |TS  0|AC  0|TAMS 0x0000000087e00000, 0x0000000087f00000|
| 103|0x0000000087f00000, 0x0000000088000000, 0x0000000088000000|100%|HS|  |TS  0|AC  0|TAMS 0x0000000087f00000, 0x0000000088000000|
| 104|0x0000000088000000, 0x0000000088100000, 0x0000000088100000|100%|HC|  |TS  0|AC  0|TAMS 0x0000000088000000, 0x0000000088100000|
| 105|0x0000000088100000, 0x0000000088200000, 0x0000000088200000|100%|HC|  |TS  0|AC  0|TAMS 0x0000000088100000, 0x0000000088200000|
| 106|0x0000000088200000, 0x0000000088300000, 0x0000000088300000|100%|HC|  |TS  0|AC  0|TAMS 0x0000000088200000, 0x0000000088300000|
| 107|0x0000000088300000, 0x0000000088400000, 0x0000000088400000|100%|HC|  |TS  0|AC  0|TAMS 0x0000000088300000, 0x0000000088400000|
| 108|0x0000000088400000, 0x0000000088500000, 0x0000000088500000|100%|HC|  |TS  0|AC  0|TAMS 0x0000000088400000, 0x0000000088500000|
| 109|0x0000000088500000, 0x0000000088600000, 0x0000000088600000|100%|HS|  |TS  1|AC  0|TAMS 0x0000000088500000, 0x0000000088600000|
| 110|0x0000000088600000, 0x0000000088700000, 0x0000000088700000|100%|HC|  |TS  1|AC  0|TAMS 0x0000000088600000, 0x0000000088700000|
| 111|0x0000000088700000, 0x0000000088800000, 0x0000000088800000|100%|HC|  |TS  1|AC  0|TAMS 0x0000000088700000, 0x0000000088800000|
| 112|0x0000000088800000, 0x0000000088900000, 0x0000000088900000|100%|HC|  |TS  1|AC  0|TAMS 0x0000000088800000, 0x0000000088900000|
| 113|0x0000000088900000, 0x0000000088a00000, 0x0000000088a00000|100%|HC|  |TS  1|AC  0|TAMS 0x0000000088900000, 0x0000000088a00000|
| 114|0x0000000088a00000, 0x0000000088b00000, 0x0000000088b00000|100%|HC|  |TS  1|AC  0|TAMS 0x0000000088a00000, 0x0000000088b00000|
| 115|0x0000000088b00000, 0x0000000088c00000, 0x0000000088c00000|100%|HS|  |TS  0|AC  0|TAMS 0x0000000088b00000, 0x0000000088c00000|
| 116|0x0000000088c00000, 0x0000000088d00000, 0x0000000088d00000|100%|HC|  |TS  0|AC  0|TAMS 0x0000000088c00000, 0x0000000088d00000|
| 117|0x0000000088d00000, 0x0000000088e00000, 0x0000000088e00000|100%|HC|  |TS  0|AC  0|TAMS 0x0000000088d00000, 0x0000000088e00000|
| 118|0x0000000088e00000, 0x0000000088f00000, 0x0000000088f00000|100%|HC|  |TS  0|AC  0|TAMS 0x0000000088e00000, 0x0000000088f00000|
| 119|0x0000000088f00000, 0x0000000089000000, 0x0000000089000000|100%|HC|  |TS  0|AC  0|TAMS 0x0000000088f00000, 0x0000000089000000|
| 120|0x0000000089000000, 0x0000000089100000, 0x0000000089100000|100%|HC|  |TS  0|AC  0|TAMS 0x0000000089000000, 0x0000000089100000|
| 121|0x0000000089100000, 0x0000000089200000, 0x0000000089200000|100%| O|  |TS  2|AC  0|TAMS 0x0000000089100000, 0x0000000089200000|
| 122|0x0000000089200000, 0x0000000089300000, 0x0000000089300000|100%| O|  |TS  2|AC  0|TAMS 0x0000000089200000, 0x0000000089300000|
| 123|0x0000000089300000, 0x0000000089400000, 0x0000000089400000|100%| E|CS|TS  2|AC  0|TAMS 0x0000000089300000, 0x0000000089400000|
| 124|0x0000000089400000, 0x0000000089500000, 0x0000000089500000|100%| S|  |TS  3|AC  0|TAMS 0x0000000089400000, 0x0000000089400000|
| 125|0x0000000089500000, 0x0000000089600000, 0x0000000089600000|100%| E|CS|TS  2|AC  0|TAMS 0x0000000089500000, 0x0000000089600000|
| 126|0x0000000089600000, 0x0000000089700000, 0x0000000089700000|100%| E|CS|TS  2|AC  0|TAMS 0x0000000089600000, 0x0000000089700000|
| 127|0x0000000089700000, 0x0000000089800000, 0x0000000089800000|100%| E|CS|TS  2|AC  0|TAMS 0x0000000089700000, 0x0000000089800000|
| 128|0x0000000089800000, 0x0000000089900000, 0x0000000089900000|100%| E|CS|TS  2|AC  0|TAMS 0x0000000089800000, 0x0000000089900000|
| 129|0x0000000089900000, 0x0000000089a00000, 0x0000000089a00000|100%| O|  |TS  1|AC  0|TAMS 0x0000000089900000, 0x0000000089a00000|
| 130|0x0000000089a00000, 0x0000000089b00000, 0x0000000089b00000|100%| O|  |TS  1|AC  0|TAMS 0x0000000089a00000, 0x0000000089b00000|
| 131|0x0000000089b00000, 0x0000000089c00000, 0x0000000089c00000|100%| E|CS|TS  2|AC  0|TAMS 0x0000000089b00000, 0x0000000089c00000|
| 132|0x0000000089c00000, 0x0000000089d00000, 0x0000000089d00000|100%| O|  |TS  1|AC  0|TAMS 0x0000000089c00000, 0x0000000089d00000|
| 133|0x0000000089d00000, 0x0000000089e00000, 0x0000000089e00000|100%| E|CS|TS  2|AC  0|TAMS 0x0000000089d00000, 0x0000000089e00000|
| 134|0x0000000089e00000, 0x0000000089f00000, 0x0000000089f00000|100%| O|  |TS  1|AC  0|TAMS 0x0000000089e00000, 0x0000000089f00000|
| 135|0x0000000089f00000, 0x000000008a000000, 0x000000008a000000|100%| O|  |TS  1|AC  0|TAMS 0x0000000089f00000, 0x000000008a000000|
| 136|0x000000008a000000, 0x000000008a100000, 0x000000008a100000|100%| O|  |TS  1|AC  0|TAMS 0x000000008a000000, 0x000000008a100000|
| 137|0x000000008a100000, 0x000000008a200000, 0x000000008a200000|100%| O|  |TS  1|AC  0|TAMS 0x000000008a100000, 0x000000008a200000|
| 138|0x000000008a200000, 0x000000008a300000, 0x000000008a300000|100%| O|  |TS  1|AC  0|TAMS 0x000000008a200000, 0x000000008a300000|
| 139|0x000000008a300000, 0x000000008a400000, 0x000000008a400000|100%| O|  |TS  1|AC  0|TAMS 0x000000008a300000, 0x000000008a400000|
| 140|0x000000008a400000, 0x000000008a500000, 0x000000008a500000|100%| O|  |TS  1|AC  0|TAMS 0x000000008a400000, 0x000000008a500000|
| 141|0x000000008a500000, 0x000000008a600000, 0x000000008a600000|100%| O|  |TS  2|AC  0|TAMS 0x000000008a500000, 0x000000008a600000|
| 142|0x000000008a600000, 0x000000008a700000, 0x000000008a700000|100%| O|  |TS  2|AC  0|TAMS 0x000000008a600000, 0x000000008a700000|
| 143|0x000000008a700000, 0x000000008a800000, 0x000000008a800000|100%| O|  |TS  3|AC  0|TAMS 0x000000008a700000, 0x000000008a800000|
| 144|0x000000008a800000, 0x000000008a900000, 0x000000008a900000|100%| O|  |TS  3|AC  0|TAMS 0x000000008a800000, 0x000000008a900000|

Card table byte_map: [0x00000277441a0000,0x00000277445a0000] byte_map_base: 0x0000027743d94000

Marking Bits (Prev, Next): (CMBitMap*) 0x0000027727cade60, (CMBitMap*) 0x0000027727cade98
 Prev Bits: [0x00000277449a0000, 0x0000027746940000)
 Next Bits: [0x0000027746940000, 0x00000277488e0000)

Polling page: 0x0000027727ad0000

CodeHeap 'non-profiled nmethods': size=120064Kb used=1805Kb max_used=1805Kb free=118258Kb
 bounds [0x000002773c240000, 0x000002773c4b0000, 0x0000027743780000]
CodeHeap 'profiled nmethods': size=120000Kb used=7261Kb max_used=7261Kb free=112738Kb
 bounds [0x0000027734d10000, 0x0000027735430000, 0x000002773c240000]
CodeHeap 'non-nmethods': size=5696Kb used=1391Kb max_used=1433Kb free=4304Kb
 bounds [0x0000027734780000, 0x00000277349f0000, 0x0000027734d10000]
 total_blobs=5312 nmethods=3717 adapters=756
 compilation: enabled

Compilation events (10 events):
Event: 14.010 Thread 0x000002774b7d8000 3717       3       jdk.internal.misc.Unsafe::convEndian (16 bytes)
Event: 14.010 Thread 0x000002774b7d8000 nmethod 3717 0x0000027735426890 code [0x0000027735426a40, 0x0000027735426c58]
Event: 14.010 Thread 0x000002774b7d8000 3716       1       com.microsoft.sqlserver.jdbc.SQLServerResultSet::access$900 (5 bytes)
Event: 14.010 Thread 0x000002774b7d8000 nmethod 3716 0x000002773c400c90 code [0x000002773c400e40, 0x000002773c400f38]
Event: 14.010 Thread 0x000002774b7d8000 3714       3       com.sun.glass.ui.Window::handleMouseEvent (26 bytes)
Event: 14.010 Thread 0x000002774b7d8000 nmethod 3714 0x0000027735426d10 code [0x0000027735426ee0, 0x00000277354270d0]
Event: 14.010 Thread 0x000002774b7d8000 3715       3       com.sun.javafx.tk.quantum.GlassViewEventHandler$$Lambda$698/1903390128::get$Lambda (9 bytes)
Event: 14.011 Thread 0x000002774b7d8000 nmethod 3715 0x0000027735427190 code [0x0000027735427360, 0x0000027735427618]
Event: 14.062 Thread 0x000002774b7c9000 3718  s    4       com.microsoft.sqlserver.jdbc.TDSReader::readPacket (685 bytes)
Event: 14.085 Thread 0x000002774b7c9000 nmethod 3718 0x000002773c401010 code [0x000002773c401320, 0x000002773c4027b8]

GC Heap History (10 events):
Event: 1.760 GC heap after
{Heap after GC invocations=3 (full 0):
 garbage-first heap   total 131072K, used 9595K [0x0000000081800000, 0x0000000100000000)
  region size 1024K, 2 young (2048K), 2 survivors (2048K)
 Metaspace       used 20665K, capacity 21175K, committed 21248K, reserved 1069056K
  class space    used 2252K, capacity 2526K, committed 2560K, reserved 1048576K
}
Event: 6.229 GC heap before
{Heap before GC invocations=4 (full 0):
 garbage-first heap   total 131072K, used 51579K [0x0000000081800000, 0x0000000100000000)
  region size 1024K, 33 young (33792K), 2 survivors (2048K)
 Metaspace       used 31798K, capacity 32816K, committed 33152K, reserved 1077248K
  class space    used 3886K, capacity 4362K, committed 4480K, reserved 1048576K
}
Event: 6.240 GC heap after
{Heap after GC invocations=5 (full 0):
 garbage-first heap   total 131072K, used 32762K [0x0000000081800000, 0x0000000100000000)
  region size 1024K, 5 young (5120K), 5 survivors (5120K)
 Metaspace       used 31798K, capacity 32816K, committed 33152K, reserved 1077248K
  class space    used 3886K, capacity 4362K, committed 4480K, reserved 1048576K
}
Event: 12.534 GC heap before
{Heap before GC invocations=5 (full 0):
 garbage-first heap   total 131072K, used 75770K [0x0000000081800000, 0x0000000100000000)
  region size 1024K, 18 young (18432K), 5 survivors (5120K)
 Metaspace       used 32293K, capacity 33391K, committed 33664K, reserved 1079296K
  class space    used 3902K, capacity 4406K, committed 4480K, reserved 1048576K
}
Event: 12.542 GC heap after
{Heap after GC invocations=6 (full 0):
 garbage-first heap   total 131072K, used 74752K [0x0000000081800000, 0x0000000100000000)
  region size 1024K, 6 young (6144K), 6 survivors (6144K)
 Metaspace       used 32293K, capacity 33391K, committed 33664K, reserved 1079296K
  class space    used 3902K, capacity 4406K, committed 4480K, reserved 1048576K
}
Event: 13.926 GC heap before
{Heap before GC invocations=7 (full 0):
 garbage-first heap   total 131072K, used 131072K [0x0000000081800000, 0x0000000100000000)
  region size 1024K, 14 young (14336K), 6 survivors (6144K)
 Metaspace       used 32488K, capacity 33585K, committed 33920K, reserved 1079296K
  class space    used 3903K, capacity 4407K, committed 4480K, reserved 1048576K
}
Event: 13.931 GC heap after
{Heap after GC invocations=8 (full 0):
 garbage-first heap   total 145408K, used 130485K [0x0000000081800000, 0x0000000100000000)
  region size 1024K, 3 young (3072K), 3 survivors (3072K)
 Metaspace       used 32488K, capacity 33585K, committed 33920K, reserved 1079296K
  class space    used 3903K, capacity 4407K, committed 4480K, reserved 1048576K
}
Event: 14.030 GC heap before
{Heap before GC invocations=8 (full 0):
 garbage-first heap   total 145408K, used 140725K [0x0000000081800000, 0x0000000100000000)
  region size 1024K, 7 young (7168K), 3 survivors (3072K)
 Metaspace       used 32510K, capacity 33586K, committed 33920K, reserved 1079296K
  class space    used 3903K, capacity 4407K, committed 4480K, reserved 1048576K
}
Event: 14.033 GC heap after
{Heap after GC invocations=9 (full 0):
 garbage-first heap   total 146432K, used 136192K [0x0000000081800000, 0x0000000100000000)
  region size 1024K, 1 young (1024K), 1 survivors (1024K)
 Metaspace       used 32510K, capacity 33586K, committed 33920K, reserved 1079296K
  class space    used 3903K, capacity 4407K, committed 4480K, reserved 1048576K
}
Event: 14.094 GC heap before
{Heap before GC invocations=9 (full 0):
 garbage-first heap   total 146432K, used 142336K [0x0000000081800000, 0x0000000100000000)
  region size 1024K, 7 young (7168K), 1 survivors (1024K)
 Metaspace       used 32510K, capacity 33586K, committed 33920K, reserved 1079296K
  class space    used 3903K, capacity 4407K, committed 4480K, reserved 1048576K
}

Deoptimization events (10 events):
Event: 5.693 Thread 0x000002774d11e800 Uncommon trap: reason=class_check action=maybe_recompile pc=0x000002773c248658 method=java.lang.String.equals(Ljava/lang/Object;)Z @ 8 c2
Event: 5.760 Thread 0x000002774d11e800 Uncommon trap: reason=unstable_if action=reinterpret pc=0x000002773c340500 method=javafx.beans.property.ObjectPropertyBase.get()Ljava/lang/Object; @ 9 c2
Event: 5.988 Thread 0x000002774d11e800 Uncommon trap: reason=array_check action=maybe_recompile pc=0x000002773c366f20 method=javafx.css.SimpleSelector.applies(Ljavafx/css/Styleable;[Ljava/util/Set;I)Z @ 37 c2
Event: 5.988 Thread 0x000002774d11e800 Uncommon trap: reason=array_check action=maybe_recompile pc=0x000002773c366f20 method=javafx.css.SimpleSelector.applies(Ljavafx/css/Styleable;[Ljava/util/Set;I)Z @ 37 c2
Event: 5.988 Thread 0x000002774d11e800 Uncommon trap: reason=array_check action=maybe_recompile pc=0x000002773c366f20 method=javafx.css.SimpleSelector.applies(Ljavafx/css/Styleable;[Ljava/util/Set;I)Z @ 37 c2
Event: 5.988 Thread 0x000002774d11e800 Uncommon trap: reason=array_check action=maybe_recompile pc=0x000002773c366f20 method=javafx.css.SimpleSelector.applies(Ljavafx/css/Styleable;[Ljava/util/Set;I)Z @ 37 c2
Event: 6.087 Thread 0x000002774d11e800 Uncommon trap: reason=unstable_if action=reinterpret pc=0x000002773c298824 method=jdk.internal.org.objectweb.asm.Type.getArgumentsAndReturnSizes(Ljava/lang/String;)I @ 47 c2
Event: 6.095 Thread 0x000002774bf98800 Uncommon trap: reason=unstable_if action=reinterpret pc=0x000002773c32fda8 method=java.io.BufferedInputStream.fill()V @ 222 c2
Event: 6.155 Thread 0x000002774bf98800 Uncommon trap: reason=unstable_if action=reinterpret pc=0x000002773c37f0c8 method=java.util.WeakHashMap.eq(Ljava/lang/Object;Ljava/lang/Object;)Z @ 2 c2
Event: 6.996 Thread 0x000002774d11e800 Uncommon trap: reason=unstable_if action=reinterpret pc=0x000002773c382eb8 method=java.util.WeakHashMap.expungeStaleEntries()V @ 9 c2

Classes redefined (0 events):
No events

Internal exceptions (10 events):
Event: 6.087 Thread 0x000002774d11e800 Exception <a 'java/lang/NoSuchMethodError'{0x00000000878405d8}: java.lang.invoke.DirectMethodHandle$Holder.invokeStaticInit(Ljava/lang/Object;Ljava/lang/Object;Ljava/lang/Object;)J> (0x00000000878405d8) thrown at [t:/workspace/open/src/hotspot/share/inter
Event: 6.088 Thread 0x000002774d11e800 Exception <a 'java/lang/NoSuchMethodError'{0x0000000087853480}: method resolution failed> (0x0000000087853480) thrown at [t:/workspace/open/src/hotspot/share/prims/methodHandles.cpp, line 1226]
Event: 6.089 Thread 0x000002774d11e800 Exception <a 'java/lang/NoSuchMethodError'{0x0000000087859330}: java.lang.invoke.DirectMethodHandle$Holder.invokeStatic(Ljava/lang/Object;Ljava/lang/Object;J)Ljava/lang/Object;> (0x0000000087859330) thrown at [t:/workspace/open/src/hotspot/share/interpret
Event: 6.089 Thread 0x000002774d11e800 Exception <a 'java/lang/NoSuchMethodError'{0x000000008785c7b0}: method resolution failed> (0x000000008785c7b0) thrown at [t:/workspace/open/src/hotspot/share/prims/methodHandles.cpp, line 1226]
Event: 7.365 Thread 0x000002774d11e800 Exception <a 'java/lang/NoSuchMethodError'{0x0000000089740780}: method resolution failed> (0x0000000089740780) thrown at [t:/workspace/open/src/hotspot/share/prims/methodHandles.cpp, line 1226]
Event: 7.365 Thread 0x000002774d11e800 Exception <a 'java/lang/NoSuchMethodError'{0x0000000089747a70}: java.lang.invoke.DirectMethodHandle$Holder.invokeStatic(Ljava/lang/Object;Ljava/lang/Object;IIIIILjava/lang/Object;)Ljava/lang/Object;> (0x0000000089747a70) thrown at [t:/workspace/open/src/h
Event: 7.366 Thread 0x000002774d11e800 Exception <a 'java/lang/NoSuchMethodError'{0x000000008974b308}: method resolution failed> (0x000000008974b308) thrown at [t:/workspace/open/src/hotspot/share/prims/methodHandles.cpp, line 1226]
Event: 7.367 Thread 0x000002774d11e800 Exception <a 'java/lang/NoSuchMethodError'{0x0000000089751bf0}: method resolution failed> (0x0000000089751bf0) thrown at [t:/workspace/open/src/hotspot/share/prims/methodHandles.cpp, line 1226]
Event: 7.367 Thread 0x000002774d11e800 Exception <a 'java/lang/NoSuchMethodError'{0x00000000897592b8}: java.lang.invoke.DirectMethodHandle$Holder.invokeStatic(Ljava/lang/Object;Ljava/lang/Object;Ljava/lang/Object;IIIII)Ljava/lang/Object;> (0x00000000897592b8) thrown at [t:/workspace/open/src/h
Event: 7.367 Thread 0x000002774d11e800 Exception <a 'java/lang/NoSuchMethodError'{0x000000008975ca58}: method resolution failed> (0x000000008975ca58) thrown at [t:/workspace/open/src/hotspot/share/prims/methodHandles.cpp, line 1226]

Events (10 events):
Event: 12.571 Executing VM operation: CGC_Operation done
Event: 12.896 loading class com/sun/prism/impl/ManagedResource
Event: 12.896 loading class com/sun/prism/impl/ManagedResource done
Event: 12.896 loading class com/sun/prism/impl/BaseResourcePool$Predicate
Event: 12.896 loading class com/sun/prism/impl/BaseResourcePool$Predicate done
Event: 13.925 Executing VM operation: G1IncCollectionPause
Event: 13.931 Executing VM operation: G1IncCollectionPause done
Event: 14.030 Executing VM operation: G1IncCollectionPause
Event: 14.033 Executing VM operation: G1IncCollectionPause done
Event: 14.094 Executing VM operation: G1IncCollectionPause


Dynamic libraries:
0x00007ff64be20000 - 0x00007ff64be5e000 	C:\Program Files\Java\jdk-10.0.2\bin\java.exe
0x00007ffd7aa50000 - 0x00007ffd7ac31000 	C:\WINDOWS\SYSTEM32\ntdll.dll
0x00007ffd65dc0000 - 0x00007ffd65dd2000 	C:\Program Files\AVAST Software\Avast\aswhook.dll
0x00007ffd78130000 - 0x00007ffd781e1000 	C:\WINDOWS\System32\KERNEL32.DLL
0x00007ffd77090000 - 0x00007ffd77303000 	C:\WINDOWS\System32\KERNELBASE.dll
0x00007ffd77ee0000 - 0x00007ffd77f81000 	C:\WINDOWS\System32\ADVAPI32.dll
0x00007ffd7a800000 - 0x00007ffd7a89e000 	C:\WINDOWS\System32\msvcrt.dll
0x00007ffd78060000 - 0x00007ffd780bb000 	C:\WINDOWS\System32\sechost.dll
0x00007ffd78d10000 - 0x00007ffd78e34000 	C:\WINDOWS\System32\RPCRT4.dll
0x00007ffd7a670000 - 0x00007ffd7a800000 	C:\WINDOWS\System32\USER32.dll
0x00007ffd77360000 - 0x00007ffd77380000 	C:\WINDOWS\System32\win32u.dll
0x00007ffd78380000 - 0x00007ffd783a8000 	C:\WINDOWS\System32\GDI32.dll
0x00007ffd775d0000 - 0x00007ffd77762000 	C:\WINDOWS\System32\gdi32full.dll
0x00007ffd77480000 - 0x00007ffd7751f000 	C:\WINDOWS\System32\msvcp_win.dll
0x00007ffd77380000 - 0x00007ffd77478000 	C:\WINDOWS\System32\ucrtbase.dll
0x00007ffd68390000 - 0x00007ffd685f9000 	C:\WINDOWS\WinSxS\amd64_microsoft.windows.common-controls_6595b64144ccf1df_6.0.17134.706_none_fb43a2cb30647007\COMCTL32.dll
0x00007ffd7a2a0000 - 0x00007ffd7a5c2000 	C:\WINDOWS\System32\combase.dll
0x00007ffd76e20000 - 0x00007ffd76e9a000 	C:\WINDOWS\System32\bcryptPrimitives.dll
0x00007ffd65db0000 - 0x00007ffd65dba000 	C:\WINDOWS\SYSTEM32\VERSION.dll
0x00007ffd781f0000 - 0x00007ffd7821d000 	C:\WINDOWS\System32\IMM32.DLL
0x00007ffd48c90000 - 0x00007ffd48d7f000 	C:\Program Files\Java\jdk-10.0.2\bin\msvcr120.dll
0x00007ffd411c0000 - 0x00007ffd41266000 	C:\Program Files\Java\jdk-10.0.2\bin\msvcp120.dll
0x000000006c9f0000 - 0x000000006d460000 	C:\Program Files\Java\jdk-10.0.2\bin\server\jvm.dll
0x00007ffd7a8a0000 - 0x00007ffd7a8a8000 	C:\WINDOWS\System32\PSAPI.DLL
0x00007ffd68a50000 - 0x00007ffd68a59000 	C:\WINDOWS\SYSTEM32\WSOCK32.dll
0x00007ffd78460000 - 0x00007ffd784cc000 	C:\WINDOWS\System32\WS2_32.dll
0x00007ffd74fb0000 - 0x00007ffd74fd3000 	C:\WINDOWS\SYSTEM32\WINMM.dll
0x00007ffd74f80000 - 0x00007ffd74faa000 	C:\WINDOWS\SYSTEM32\WINMMBASE.dll
0x00007ffd77310000 - 0x00007ffd77359000 	C:\WINDOWS\System32\cfgmgr32.dll
0x00007ffd73770000 - 0x00007ffd7377f000 	C:\Program Files\Java\jdk-10.0.2\bin\verify.dll
0x00007ffd64810000 - 0x00007ffd649d9000 	C:\WINDOWS\SYSTEM32\DBGHELP.DLL
0x00007ffd64720000 - 0x00007ffd64749000 	C:\WINDOWS\SYSTEM32\dbgcore.DLL
0x00007ffd70a70000 - 0x00007ffd70a97000 	C:\Program Files\Java\jdk-10.0.2\bin\java.dll
0x00007ffd71450000 - 0x00007ffd7147a000 	C:\Program Files\Java\jdk-10.0.2\bin\instrument.dll
0x00007ffd6d0a0000 - 0x00007ffd6d0b6000 	C:\Program Files\Java\jdk-10.0.2\bin\zip.dll
0x00007ffd736e0000 - 0x00007ffd736ea000 	C:\Program Files\Java\jdk-10.0.2\bin\jimage.dll
0x00007ffd78e60000 - 0x00007ffd7a2a0000 	C:\WINDOWS\System32\SHELL32.dll
0x00007ffd783b0000 - 0x00007ffd78459000 	C:\WINDOWS\System32\shcore.dll
0x00007ffd77770000 - 0x00007ffd77e7d000 	C:\WINDOWS\System32\windows.storage.dll
0x00007ffd786c0000 - 0x00007ffd78711000 	C:\WINDOWS\System32\shlwapi.dll
0x00007ffd76e00000 - 0x00007ffd76e11000 	C:\WINDOWS\System32\kernel.appcore.dll
0x00007ffd76de0000 - 0x00007ffd76dff000 	C:\WINDOWS\System32\profapi.dll
0x00007ffd76d60000 - 0x00007ffd76dac000 	C:\WINDOWS\System32\powrprof.dll
0x00007ffd76db0000 - 0x00007ffd76dba000 	C:\WINDOWS\System32\FLTLIB.DLL
0x00007ffd6d040000 - 0x00007ffd6d05a000 	C:\Program Files\Java\jdk-10.0.2\bin\net.dll
0x00007ffd71e50000 - 0x00007ffd71f2d000 	C:\WINDOWS\SYSTEM32\WINHTTP.dll
0x00007ffd76530000 - 0x00007ffd76596000 	C:\WINDOWS\system32\mswsock.dll
0x00007ffd6ab70000 - 0x00007ffd6ab81000 	C:\Program Files\Java\jdk-10.0.2\bin\nio.dll
0x00007ffd73710000 - 0x00007ffd7372a000 	C:\Program Files\JetBrains\IntelliJ IDEA 2018.1.4\bin\breakgen64.dll
0x000002774c4f0000 - 0x000002774c4f3000 	C:\Program Files\Java\jdk-10.0.2\bin\api-ms-win-core-console-l1-1-0.dll
0x000002774c500000 - 0x000002774c503000 	C:\Program Files\Java\jdk-10.0.2\bin\api-ms-win-core-datetime-l1-1-0.dll
0x000002774c510000 - 0x000002774c513000 	C:\Program Files\Java\jdk-10.0.2\bin\api-ms-win-core-debug-l1-1-0.dll
0x000002774c520000 - 0x000002774c523000 	C:\Program Files\Java\jdk-10.0.2\bin\api-ms-win-core-errorhandling-l1-1-0.dll
0x000002774c530000 - 0x000002774c534000 	C:\Program Files\Java\jdk-10.0.2\bin\api-ms-win-core-file-l1-1-0.dll
0x000002774c540000 - 0x000002774c543000 	C:\Program Files\Java\jdk-10.0.2\bin\api-ms-win-core-file-l1-2-0.dll
0x000002774c550000 - 0x000002774c553000 	C:\Program Files\Java\jdk-10.0.2\bin\api-ms-win-core-file-l2-1-0.dll
0x000002774c560000 - 0x000002774c563000 	C:\Program Files\Java\jdk-10.0.2\bin\api-ms-win-core-handle-l1-1-0.dll
0x000002774c570000 - 0x000002774c573000 	C:\Program Files\Java\jdk-10.0.2\bin\api-ms-win-core-heap-l1-1-0.dll
0x000002774c580000 - 0x000002774c583000 	C:\Program Files\Java\jdk-10.0.2\bin\api-ms-win-core-interlocked-l1-1-0.dll
0x000002774c590000 - 0x000002774c593000 	C:\Program Files\Java\jdk-10.0.2\bin\api-ms-win-core-libraryloader-l1-1-0.dll
0x000002774c5a0000 - 0x000002774c5a3000 	C:\Program Files\Java\jdk-10.0.2\bin\api-ms-win-core-localization-l1-2-0.dll
0x000002774c5b0000 - 0x000002774c5b3000 	C:\Program Files\Java\jdk-10.0.2\bin\api-ms-win-core-memory-l1-1-0.dll
0x000002774c5c0000 - 0x000002774c5c3000 	C:\Program Files\Java\jdk-10.0.2\bin\api-ms-win-core-namedpipe-l1-1-0.dll
0x000002774c5d0000 - 0x000002774c5d3000 	C:\Program Files\Java\jdk-10.0.2\bin\api-ms-win-core-processenvironment-l1-1-0.dll
0x000002774c5e0000 - 0x000002774c5e3000 	C:\Program Files\Java\jdk-10.0.2\bin\api-ms-win-core-processthreads-l1-1-0.dll
0x000002774c5f0000 - 0x000002774c5f3000 	C:\Program Files\Java\jdk-10.0.2\bin\api-ms-win-core-processthreads-l1-1-1.dll
0x000002774c600000 - 0x000002774c603000 	C:\Program Files\Java\jdk-10.0.2\bin\api-ms-win-core-profile-l1-1-0.dll
0x000002774c610000 - 0x000002774c613000 	C:\Program Files\Java\jdk-10.0.2\bin\api-ms-win-core-rtlsupport-l1-1-0.dll
0x000002774c620000 - 0x000002774c623000 	C:\Program Files\Java\jdk-10.0.2\bin\api-ms-win-core-string-l1-1-0.dll
0x000002774c630000 - 0x000002774c633000 	C:\Program Files\Java\jdk-10.0.2\bin\api-ms-win-core-synch-l1-1-0.dll
0x000002774c640000 - 0x000002774c643000 	C:\Program Files\Java\jdk-10.0.2\bin\api-ms-win-core-synch-l1-2-0.dll
0x000002774c650000 - 0x000002774c653000 	C:\Program Files\Java\jdk-10.0.2\bin\api-ms-win-core-sysinfo-l1-1-0.dll
0x000002774c660000 - 0x000002774c663000 	C:\Program Files\Java\jdk-10.0.2\bin\api-ms-win-core-timezone-l1-1-0.dll
0x000002774c670000 - 0x000002774c673000 	C:\Program Files\Java\jdk-10.0.2\bin\api-ms-win-core-util-l1-1-0.dll
0x000002774c680000 - 0x000002774c683000 	C:\Program Files\Java\jdk-10.0.2\bin\api-ms-win-crt-conio-l1-1-0.dll
0x000002774c690000 - 0x000002774c694000 	C:\Program Files\Java\jdk-10.0.2\bin\api-ms-win-crt-convert-l1-1-0.dll
0x000002774c6a0000 - 0x000002774c6a3000 	C:\Program Files\Java\jdk-10.0.2\bin\api-ms-win-crt-environment-l1-1-0.dll
0x000002774c6b0000 - 0x000002774c6b3000 	C:\Program Files\Java\jdk-10.0.2\bin\api-ms-win-crt-filesystem-l1-1-0.dll
0x000002774c6c0000 - 0x000002774c6c3000 	C:\Program Files\Java\jdk-10.0.2\bin\api-ms-win-crt-heap-l1-1-0.dll
0x000002774c6d0000 - 0x000002774c6d3000 	C:\Program Files\Java\jdk-10.0.2\bin\api-ms-win-crt-locale-l1-1-0.dll
0x000002774c6e0000 - 0x000002774c6e5000 	C:\Program Files\Java\jdk-10.0.2\bin\api-ms-win-crt-math-l1-1-0.dll
0x000002774c6f0000 - 0x000002774c6f5000 	C:\Program Files\Java\jdk-10.0.2\bin\api-ms-win-crt-multibyte-l1-1-0.dll
0x000002774c700000 - 0x000002774c710000 	C:\Program Files\Java\jdk-10.0.2\bin\api-ms-win-crt-private-l1-1-0.dll
0x000002774c710000 - 0x000002774c713000 	C:\Program Files\Java\jdk-10.0.2\bin\api-ms-win-crt-process-l1-1-0.dll
0x000002774c720000 - 0x000002774c724000 	C:\Program Files\Java\jdk-10.0.2\bin\api-ms-win-crt-runtime-l1-1-0.dll
0x000002774c730000 - 0x000002774c734000 	C:\Program Files\Java\jdk-10.0.2\bin\api-ms-win-crt-stdio-l1-1-0.dll
0x000002774c740000 - 0x000002774c744000 	C:\Program Files\Java\jdk-10.0.2\bin\api-ms-win-crt-string-l1-1-0.dll
0x000002774c750000 - 0x000002774c753000 	C:\Program Files\Java\jdk-10.0.2\bin\api-ms-win-crt-time-l1-1-0.dll
0x000002774c760000 - 0x000002774c763000 	C:\Program Files\Java\jdk-10.0.2\bin\api-ms-win-crt-utility-l1-1-0.dll
0x00007ffd68dd0000 - 0x00007ffd68ec6000 	C:\Program Files\Java\jdk-10.0.2\bin\ucrtbase.dll
0x00007ffd6d170000 - 0x00007ffd6d186000 	C:\Program Files\Java\jdk-10.0.2\bin\vcruntime140.dll
0x00007ffd68d30000 - 0x00007ffd68dcc000 	C:\Program Files\Java\jdk-10.0.2\bin\msvcp140.dll
0x00007ffd68cd0000 - 0x00007ffd68d21000 	C:\Program Files\Java\jdk-10.0.2\bin\concrt140.dll
0x00007ffd6a9a0000 - 0x00007ffd6a9c3000 	C:\Program Files\Java\jdk-10.0.2\bin\prism_d3d.dll
0x00007ffd2f290000 - 0x00007ffd2f427000 	C:\WINDOWS\system32\d3d9.dll
0x00007ffd754b0000 - 0x00007ffd754d9000 	C:\WINDOWS\SYSTEM32\dwmapi.dll
0x00007ffd75260000 - 0x00007ffd752f8000 	C:\WINDOWS\system32\uxtheme.dll
0x00007ffd24c10000 - 0x00007ffd24de7000 	C:\WINDOWS\System32\DriverStore\FileRepository\igdlh64.inf_amd64_250db833a1cd577e\igdumdim64.dll
0x00007ffd0ad10000 - 0x00007ffd0dd0d000 	C:\WINDOWS\System32\DriverStore\FileRepository\igdlh64.inf_amd64_250db833a1cd577e\igd9dxva64.dll
0x00007ffd78220000 - 0x00007ffd78371000 	C:\WINDOWS\System32\ole32.dll
0x00007ffd77f90000 - 0x00007ffd78052000 	C:\WINDOWS\System32\OLEAUT32.dll
0x00007ffd68c80000 - 0x00007ffd68cca000 	C:\Program Files\Java\jdk-10.0.2\bin\glass.dll
0x00007ffd7a8b0000 - 0x00007ffd7a99d000 	C:\WINDOWS\System32\COMDLG32.dll
0x00007ffd784e0000 - 0x00007ffd78653000 	C:\WINDOWS\System32\MSCTF.dll
0x00007ffd6dcc0000 - 0x00007ffd6fa55000 	C:\WINDOWS\System32\DriverStore\FileRepository\igdlh64.inf_amd64_250db833a1cd577e\igc64.dll
0x00007ffd6a2c0000 - 0x00007ffd6a2d4000 	C:\Program Files\Java\jdk-10.0.2\bin\javafx_font.dll
0x00007ffd4bd40000 - 0x00007ffd4bedb000 	C:\Program Files\Java\jdk-10.0.2\bin\awt.dll
0x00007ffd74170000 - 0x00007ffd74737000 	C:\WINDOWS\SYSTEM32\d2d1.dll
0x00007ffd750b0000 - 0x00007ffd7513b000 	C:\WINDOWS\SYSTEM32\apphelp.dll
0x00007ffd68c10000 - 0x00007ffd68c75000 	C:\Program Files\Java\jdk-10.0.2\bin\fontmanager.dll
0x00007ffd6b9f0000 - 0x00007ffd6bd0c000 	C:\WINDOWS\SYSTEM32\dwrite.dll
0x00007ffd68640000 - 0x00007ffd68656000 	C:\WINDOWS\system32\napinsp.dll
0x00007ffd68600000 - 0x00007ffd6861a000 	C:\WINDOWS\system32\pnrpnsp.dll
0x00007ffd73540000 - 0x00007ffd73559000 	C:\WINDOWS\system32\NLAapi.dll
0x00007ffd76310000 - 0x00007ffd763ce000 	C:\WINDOWS\SYSTEM32\DNSAPI.dll
0x00007ffd78120000 - 0x00007ffd78128000 	C:\WINDOWS\System32\NSI.dll
0x00007ffd762c0000 - 0x00007ffd762f8000 	C:\WINDOWS\SYSTEM32\IPHLPAPI.DLL
0x00007ffd68b00000 - 0x00007ffd68b0e000 	C:\WINDOWS\System32\winrnr.dll
0x00007ffd6a360000 - 0x00007ffd6a36a000 	C:\Windows\System32\rasadhlp.dll
0x00007ffd6b630000 - 0x00007ffd6b6a2000 	C:\WINDOWS\System32\fwpuclnt.dll
0x00007ffd76ab0000 - 0x00007ffd76ad5000 	C:\WINDOWS\SYSTEM32\bcrypt.dll
0x00007ffd76a90000 - 0x00007ffd76aa7000 	C:\WINDOWS\SYSTEM32\CRYPTSP.dll
0x00007ffd76120000 - 0x00007ffd76153000 	C:\WINDOWS\system32\rsaenh.dll
0x00007ffd76c60000 - 0x00007ffd76c88000 	C:\WINDOWS\SYSTEM32\USERENV.dll
0x00007ffd76690000 - 0x00007ffd7669b000 	C:\WINDOWS\SYSTEM32\CRYPTBASE.dll
0x00007ffd6fd10000 - 0x00007ffd6fd26000 	C:\WINDOWS\SYSTEM32\dhcpcsvc6.DLL
0x00007ffd6fc80000 - 0x00007ffd6fc9a000 	C:\WINDOWS\SYSTEM32\dhcpcsvc.DLL
0x00007ffd75040000 - 0x00007ffd7504b000 	C:\Program Files\Java\jdk-10.0.2\bin\sunmscapi.dll

dbghelp: loaded successfully - version: 4.0.5 - missing functions: none
symbol engine: initialized successfully - sym options: 0x614 - pdb path: .;C:\Program Files\Java\jdk-10.0.2\bin;C:\WINDOWS\SYSTEM32;C:\Program Files\AVAST Software\Avast;C:\WINDOWS\WinSxS\amd64_microsoft.windows.common-controls_6595b64144ccf1df_6.0.17134.706_none_fb43a2cb30647007;C:\Program Files\Java\jdk-10.0.2\bin\server;C:\Program Files\JetBrains\IntelliJ IDEA 2018.1.4\bin;C:\WINDOWS\System32\DriverStore\FileRepository\igdlh64.inf_amd64_250db833a1cd577e;C:\Program Files\Common Files\Microsoft Shared\Ink

VM Arguments:
jvm_args: -javaagent:C:\Program Files\JetBrains\IntelliJ IDEA 2018.1.4\lib\idea_rt.jar=52799:C:\Program Files\JetBrains\IntelliJ IDEA 2018.1.4\bin -Dfile.encoding=UTF-8 
java_command: MateriasPrimasImagenes.inicioMpImagenes
java_class_path (initial): N:\Marzo\out\production\Marzo;C:\Users\izquierda\.IntelliJIdea2018.1\config\plugins\Kotlin\kotlinc\lib\kotlin-stdlib.jar;C:\Users\izquierda\.IntelliJIdea2018.1\config\plugins\Kotlin\kotlinc\lib\kotlin-reflect.jar;C:\Users\izquierda\.IntelliJIdea2018.1\config\plugins\Kotlin\kotlinc\lib\kotlin-test.jar;C:\Users\izquierda\.IntelliJIdea2018.1\config\plugins\Kotlin\kotlinc\lib\kotlin-stdlib-jdk7.jar;C:\Users\izquierda\.IntelliJIdea2018.1\config\plugins\Kotlin\kotlinc\lib\kotlin-stdlib-jdk8.jar;N:\Marzo\lib\mssql-jdbc-7.0.0.jre8.jar;N:\Marzo\lib\commons-beanutils-1.9.0.jar;N:\Marzo\lib\commons-collections-3.2.1.jar;N:\Marzo\lib\commons-digester-2.1.jar;N:\Marzo\lib\commons-logging-1.1.1.jar;N:\Marzo\lib\groovy-all-2.0.1.jar;N:\Marzo\lib\gson-2.8.5.jar;N:\Marzo\lib\itext-1.4.7.jar;N:\Marzo\lib\itext-pdfa-5.5.0.jar;N:\Marzo\lib\itextpdf-5.5.0.jar;N:\Marzo\lib\jasperreports-6.0.0.jar
Launcher Type: SUN_STANDARD

Logging:
Log output configuration:
#0: stdout all=warning uptime,level,tags
#1: stderr all=off uptime,level,tags

Environment Variables:
JAVA_HOME=C:\Program Files\Java\jdk1.8.0_131
CLASSPATH=J:\Basededatos\driver7\sqljdbc_7.0\esn\mssql-jdbc-7.0.0.jre8.jar
PATH=C:\ProgramData\DockerDesktop\version-bin;C:\Program Files\Docker\Docker\Resources\bin;C:\Program Files (x86)\Common Files\Oracle\Java\javapath;C:\ProgramData\Oracle\Java\javapath;C:\Program Files\Microsoft MPI\Bin\;C:\Program Files (x86)\Intel\iCLS Client\;C:\Program Files\Intel\iCLS Client\;C:\WINDOWS\system32;C:\WINDOWS;C:\WINDOWS\System32\Wbem;C:\WINDOWS\System32\WindowsPowerShell\v1.0\;C:\Program Files (x86)\Intel\Intel(R) Management Engine Components\DAL;C:\Program Files\Intel\Intel(R) Management Engine Components\DAL;C:\Program Files (x86)\Intel\Intel(R) Management Engine Components\IPT;C:\Program Files\Intel\Intel(R) Management Engine Components\IPT;C:\Program Files\nodejs\;C:\Program Files\AutoFirma\AutoFirma;E:\Trabajo2017\xampp\php;C:\Program Files\dotnet\;C:\Program Files\Microsoft SQL Server\130\Tools\Binn\;C:\Program Files\Git\cmd;C:\Program Files (x86)\GtkSharp\2.12\bin;C:\Program Files (x86)\Microsoft SQL Server\Client SDK\ODBC\130\Tools\Binn\;C:\Program Files (x86)\Microsoft SQL Server\140\Tools\Binn\;C:\Program Files (x86)\Microsoft SQL Server\140\DTS\Binn\;C:\Program Files (x86)\Microsoft SQL Server\140\Tools\Binn\ManagementStudio\;C:\WINDOWS\System32\OpenSSH\;C:\Program Files (x86)\Microsoft Emulator Manager\1.0\;C:\Program Files (x86)\Windows Kits\10\Windows Performance Toolkit\;C:\Program Files (x86)\Windows Kits\10\Microsoft Application Virtualization\Sequencer\;C:\Users\izquierda\AppData\Roaming\npm;C:\Program Files (x86)\Microsoft VS Code\bin;C:\Users\izquierda\AppData\Local\Microsoft\WindowsApps;C:\Program Files\Java\jdk1.8.0_131\bin;C:\gradle\gradle-4.6\bin
USERNAME=izquierda
OS=Windows_NT
PROCESSOR_IDENTIFIER=Intel64 Family 6 Model 94 Stepping 3, GenuineIntel



---------------  S Y S T E M  ---------------

OS: Windows 10 , 64 bit Build 17134 (10.0.17134.706)

CPU:total 4 (initial active 4) (4 cores per cpu, 1 threads per core) family 6 model 94 stepping 3, cmov, cx8, fxsr, mmx, sse, sse2, sse3, ssse3, sse4.1, sse4.2, popcnt, avx, avx2, aes, clmul, erms, 3dnowpref, lzcnt, tsc, tscinvbit, bmi1, bmi2, adx, fma

Memory: 4k page, physical 8285588k(1063192k free), swap 12479892k(5304k free)

vm_info: Java HotSpot(TM) 64-Bit Server VM (10.0.2+13) for windows-amd64 JRE (10.0.2+13), built on Jun 28 2018 01:57:56 by "mach5one" with MS VC++ 12.0 (VS2013)

END.
